<?xml version="1.0" encoding="UTF-8" standalone="yes"?>
<ns2:test-suite start="1597136605430" stop="1597136620534" version="1.5.4" xmlns:ns2="urn:model.allure.qatools.yandex.ru">
    <name>All Test Suite : F:/Workspace/FitCrowd/src/test/java/com/fit/loginPage/LoginPageTests.java</name>
    <title>All Test Suite : F:/Workspace/FitCrowd/src/test/java/com/fit/loginPage/LoginPageTests.java</title>
    <test-cases>
        <test-case start="1597136611445" stop="1597136613424" status="passed">
            <name>validCredentials</name>
            <steps>
                <step start="1597136611477" stop="1597136612016" status="passed">
                    <name>checkPage</name>
                    <title>Check page</title>
                    <attachments>
                        <attachment title="Screenshot" source="1cec68b7-d5fb-4223-927c-01f54f482801-attachment.png" type="image/png"/>
                    </attachments>
                    <steps/>
                </step>
                <step start="1597136612018" stop="1597136612534" status="passed">
                    <name>setEmail[iuriet.denis@gmail.com]</name>
                    <title>Set Email</title>
                    <attachments>
                        <attachment title="Screenshot" source="e48205ce-4dde-48b8-aa86-ec356a04496d-attachment.png" type="image/png"/>
                    </attachments>
                    <steps/>
                </step>
                <step start="1597136612535" stop="1597136612966" status="passed">
                    <name>setPassword[abcd1234]</name>
                    <title>Set Password</title>
                    <attachments>
                        <attachment title="Screenshot" source="524a46d6-f611-4852-bfc7-3f42782e8ee2-attachment.png" type="image/png"/>
                    </attachments>
                    <steps/>
                </step>
                <step start="1597136612966" stop="1597136613417" status="passed">
                    <name>successfulLogin</name>
                    <title>Check successful login</title>
                    <attachments>
                        <attachment title="Screenshot" source="55e3269f-2f28-4733-8e28-a6b90cf2d9a5-attachment.png" type="image/png"/>
                    </attachments>
                    <steps/>
                </step>
            </steps>
            <attachments/>
            <labels>
                <label name="testSuite" value="All Test Suite"/>
                <label name="testGroup" value="F:/Workspace/FitCrowd/src/test/java/com/fit/loginPage/LoginPageTests.java"/>
                <label name="testClass" value="com.fit.loginPage.LoginPageTests"/>
                <label name="testMethod" value="validCredentials"/>
                <label name="host" value="DESKTOP-OH5VSFP"/>
                <label name="thread" value="7160@DESKTOP-OH5VSFP.main(1)"/>
            </labels>
        </test-case>
        <test-case start="1597136613729" stop="1597136614514" status="broken">
            <name>changeLocation</name>
            <failure>
                <message>NoSuchElementException: no such element: Unable to locate element: {"method":"css selector","selector":".css\-1wa3eu0\-placeholder"}
  (Session info: chrome=84.0.4147.125)
For documentation on this error, please visit: https://www.seleniumhq.org/exceptions/no_such_element.html
Build info: version: '3.141.59', revision: 'e82be7d358', time: '2018-11-14T08:17:03'
System info: host: 'DESKTOP-OH5VSFP', ip: '192.168.0.161', os.name: 'Windows 10', os.arch: 'amd64', os.version: '10.0', java.version: '1.8.0_261'
Driver info: org.openqa.selenium.remote.RemoteWebDriver
Capabilities {acceptInsecureCerts: false, browserName: chrome, browserVersion: 84.0.4147.125, chrome: {chromedriverVersion: 84.0.4147.30 (48b3e868b4cc0..., userDataDir: C:\Users\iurie\AppData\Loca...}, goog:chromeOptions: {debuggerAddress: localhost:59098}, javascriptEnabled: true, networkConnectionEnabled: false, pageLoadStrategy: normal, platform: WINDOWS, platformName: WINDOWS, proxy: Proxy(), setWindowRect: true, strictFileInteractability: false, timeouts: {implicit: 0, pageLoad: 300000, script: 30000}, unhandledPromptBehavior: dismiss and notify, webauthn:virtualAuthenticators: true, webdriver.remote.sessionid: f4f00834dfbf04a9af8de80a406...}
Session ID: f4f00834dfbf04a9af8de80a406d4172
*** Element info: {Using=class name, value=css-1wa3eu0-placeholder}</message>
                <stack-trace>org.openqa.selenium.NoSuchElementException: no such element: Unable to locate element: {"method":"css selector","selector":".css\-1wa3eu0\-placeholder"}
  (Session info: chrome=84.0.4147.125)
For documentation on this error, please visit: https://www.seleniumhq.org/exceptions/no_such_element.html
Build info: version: '3.141.59', revision: 'e82be7d358', time: '2018-11-14T08:17:03'
System info: host: 'DESKTOP-OH5VSFP', ip: '192.168.0.161', os.name: 'Windows 10', os.arch: 'amd64', os.version: '10.0', java.version: '1.8.0_261'
Driver info: org.openqa.selenium.remote.RemoteWebDriver
Capabilities {acceptInsecureCerts: false, browserName: chrome, browserVersion: 84.0.4147.125, chrome: {chromedriverVersion: 84.0.4147.30 (48b3e868b4cc0..., userDataDir: C:\Users\iurie\AppData\Loca...}, goog:chromeOptions: {debuggerAddress: localhost:59098}, javascriptEnabled: true, networkConnectionEnabled: false, pageLoadStrategy: normal, platform: WINDOWS, platformName: WINDOWS, proxy: Proxy(), setWindowRect: true, strictFileInteractability: false, timeouts: {implicit: 0, pageLoad: 300000, script: 30000}, unhandledPromptBehavior: dismiss and notify, webauthn:virtualAuthenticators: true, webdriver.remote.sessionid: f4f00834dfbf04a9af8de80a406...}
Session ID: f4f00834dfbf04a9af8de80a406d4172
*** Element info: {Using=class name, value=css-1wa3eu0-placeholder}
	at sun.reflect.NativeConstructorAccessorImpl.newInstance0(Native Method)
	at sun.reflect.NativeConstructorAccessorImpl.newInstance(NativeConstructorAccessorImpl.java:62)
	at sun.reflect.DelegatingConstructorAccessorImpl.newInstance(DelegatingConstructorAccessorImpl.java:45)
	at java.lang.reflect.Constructor.newInstance(Constructor.java:423)
	at org.openqa.selenium.remote.http.W3CHttpResponseCodec.createException(W3CHttpResponseCodec.java:187)
	at org.openqa.selenium.remote.http.W3CHttpResponseCodec.decode(W3CHttpResponseCodec.java:122)
	at org.openqa.selenium.remote.http.W3CHttpResponseCodec.decode(W3CHttpResponseCodec.java:49)
	at org.openqa.selenium.remote.HttpCommandExecutor.execute(HttpCommandExecutor.java:158)
	at org.openqa.selenium.remote.RemoteWebDriver.execute(RemoteWebDriver.java:552)
	at org.openqa.selenium.remote.RemoteWebDriver.findElement(RemoteWebDriver.java:323)
	at org.openqa.selenium.remote.RemoteWebDriver.findElementByClassName(RemoteWebDriver.java:412)
	at org.openqa.selenium.By$ByClassName.findElement(By.java:389)
	at org.openqa.selenium.remote.RemoteWebDriver.findElement(RemoteWebDriver.java:315)
	at com.fit.classesPage.ClassesPage.clickClassLocation(ClassesPage.java:100)
	at com.fit.classesPage.ClassesPage.changeLocation(ClassesPage.java:248)
	at com.fit.classesPage.ClassesPageTests.changeLocation(ClassesPageTests.java:122)
	at sun.reflect.NativeMethodAccessorImpl.invoke0(Native Method)
	at sun.reflect.NativeMethodAccessorImpl.invoke(NativeMethodAccessorImpl.java:62)
	at sun.reflect.DelegatingMethodAccessorImpl.invoke(DelegatingMethodAccessorImpl.java:43)
	at java.lang.reflect.Method.invoke(Method.java:498)
	at org.testng.internal.MethodInvocationHelper.invokeMethod(MethodInvocationHelper.java:85)
	at org.testng.internal.Invoker.invokeMethod(Invoker.java:696)
	at org.testng.internal.Invoker.invokeTestMethod(Invoker.java:882)
	at org.testng.internal.Invoker.invokeTestMethods(Invoker.java:1189)
	at org.testng.internal.TestMethodWorker.invokeTestMethods(TestMethodWorker.java:124)
	at org.testng.internal.TestMethodWorker.run(TestMethodWorker.java:108)
	at org.testng.TestRunner.privateRun(TestRunner.java:767)
	at org.testng.TestRunner.run(TestRunner.java:617)
	at org.testng.SuiteRunner.runTest(SuiteRunner.java:348)
	at org.testng.SuiteRunner.runSequentially(SuiteRunner.java:343)
	at org.testng.SuiteRunner.privateRun(SuiteRunner.java:305)
	at org.testng.SuiteRunner.run(SuiteRunner.java:254)
	at org.testng.SuiteRunnerWorker.runSuite(SuiteRunnerWorker.java:52)
	at org.testng.SuiteRunnerWorker.run(SuiteRunnerWorker.java:86)
	at org.testng.TestNG.runSuitesSequentially(TestNG.java:1224)
	at org.testng.TestNG.runSuitesLocally(TestNG.java:1149)
	at org.testng.TestNG.run(TestNG.java:1057)
	at com.intellij.rt.testng.IDEARemoteTestNG.run(IDEARemoteTestNG.java:66)
	at com.intellij.rt.testng.RemoteTestNGStarter.main(RemoteTestNGStarter.java:110)
</stack-trace>
            </failure>
            <steps>
                <step start="1597136613507" stop="1597136613507" status="passed">
                    <name>setFile</name>
                </step>
                <step start="1597136613731" stop="1597136614457" status="passed">
                    <name>checkPage</name>
                    <title>Check Page</title>
                    <attachments>
                        <attachment title="Screenshot" source="6edc466d-acf5-40eb-9b92-a4e0eb4fe15c-attachment.png" type="image/png"/>
                    </attachments>
                </step>
                <step start="1597136614457" stop="1597136614492" status="broken">
                    <name>changeLocation</name>
                    <title>Change location</title>
                    <steps>
                        <step start="1597136614458" stop="1597136614492" status="broken">
                            <name>clickClassLocation</name>
                            <title>Click Class Location</title>
                        </step>
                    </steps>
                </step>
            </steps>
            <attachments/>
            <labels>
                <label name="testSuite" value="All Test Suite"/>
                <label name="testGroup" value="F:/Workspace/FitCrowd/src/test/java/com/fit/loginPage/LoginPageTests.java"/>
                <label name="testClass" value="com.fit.classesPage.ClassesPageTests"/>
                <label name="testMethod" value="changeLocation"/>
                <label name="host" value="DESKTOP-OH5VSFP"/>
                <label name="thread" value="7160@DESKTOP-OH5VSFP.main(1)"/>
            </labels>
        </test-case>
        <test-case start="1597136614516" stop="1597136616282" status="passed">
            <name>editClass</name>
            <steps>
                <step start="1597136614518" stop="1597136614874" status="passed">
                    <name>checkPage</name>
                    <title>Check Page</title>
                    <attachments>
                        <attachment title="Screenshot" source="2d1547d4-a538-4a1a-ab5f-cecb9ec1c9fb-attachment.png" type="image/png"/>
                    </attachments>
                    <steps/>
                </step>
                <step start="1597136614875" stop="1597136615497" status="passed">
                    <name>editClass[Test01]</name>
                    <title>Open Edit Window</title>
                    <attachments/>
                    <steps/>
                </step>
                <step start="1597136615498" stop="1597136616281" status="passed">
                    <name>editClassName[Test02]</name>
                    <title>Edit className</title>
                    <attachments/>
                    <steps>
                        <step start="1597136615498" stop="1597136615564" status="passed">
                            <name>clearField[By.cssSelector: input[name=name]]</name>
                            <title>Clear field</title>
                            <attachments/>
                            <steps/>
                        </step>
                        <step start="1597136615566" stop="1597136616281" status="passed">
                            <name>setClassName[Test02]</name>
                            <title>Set Class Name</title>
                            <attachments>
                                <attachment title="Screenshot" source="92f973cc-e584-4b31-8d9d-a70c775c6c06-attachment.png" type="image/png"/>
                            </attachments>
                            <steps/>
                        </step>
                    </steps>
                </step>
            </steps>
            <attachments/>
            <labels>
                <label name="testSuite" value="All Test Suite"/>
                <label name="testGroup" value="F:/Workspace/FitCrowd/src/test/java/com/fit/loginPage/LoginPageTests.java"/>
                <label name="testClass" value="com.fit.classesPage.ClassesPageTests"/>
                <label name="testMethod" value="editClass"/>
                <label name="host" value="DESKTOP-OH5VSFP"/>
                <label name="thread" value="7160@DESKTOP-OH5VSFP.main(1)"/>
            </labels>
        </test-case>
        <test-case start="1597136616283" stop="1597136617380" status="passed">
            <name>editClassDuration</name>
            <steps>
                <step start="1597136616283" stop="1597136616713" status="passed">
                    <name>checkPage</name>
                    <title>Check Page</title>
                    <attachments>
                        <attachment title="Screenshot" source="a7b1085c-3493-4477-bd9d-48c93c6c22b1-attachment.png" type="image/png"/>
                    </attachments>
                    <steps/>
                </step>
                <step start="1597136616714" stop="1597136617380" status="passed">
                    <name>editDuration[45]</name>
                    <title>Edit duration</title>
                    <attachments/>
                    <steps>
                        <step start="1597136616714" stop="1597136616771" status="passed">
                            <name>clearField[By.cssSelector: input[name=duration]]</name>
                            <title>Clear field</title>
                            <attachments/>
                            <steps/>
                        </step>
                        <step start="1597136616772" stop="1597136617380" status="passed">
                            <name>setDuration[45]</name>
                            <title>Set duration</title>
                            <attachments>
                                <attachment title="Screenshot" source="18aeac83-c70a-4178-b51d-19ca919c0793-attachment.png" type="image/png"/>
                            </attachments>
                            <steps/>
                        </step>
                    </steps>
                </step>
            </steps>
            <attachments/>
            <labels>
                <label name="testSuite" value="All Test Suite"/>
                <label name="testGroup" value="F:/Workspace/FitCrowd/src/test/java/com/fit/loginPage/LoginPageTests.java"/>
                <label name="testClass" value="com.fit.classesPage.ClassesPageTests"/>
                <label name="testMethod" value="editClassDuration"/>
                <label name="host" value="DESKTOP-OH5VSFP"/>
                <label name="thread" value="7160@DESKTOP-OH5VSFP.main(1)"/>
            </labels>
        </test-case>
        <test-case start="1597136617382" stop="1597136618419" status="passed">
            <name>editClassParticipants</name>
            <steps>
                <step start="1597136617383" stop="1597136617795" status="passed">
                    <name>checkPage</name>
                    <title>Check Page</title>
                    <attachments>
                        <attachment title="Screenshot" source="a96c1329-49f1-465a-bc39-5b87c5ddd5df-attachment.png" type="image/png"/>
                    </attachments>
                    <steps/>
                </step>
                <step start="1597136617796" stop="1597136618419" status="passed">
                    <name>editParticipants[15]</name>
                    <title>Edit Participants No.</title>
                    <attachments/>
                    <steps>
                        <step start="1597136617796" stop="1597136617858" status="passed">
                            <name>clearField[By.cssSelector: input[name=participants]]</name>
                            <title>Clear field</title>
                            <attachments/>
                            <steps/>
                        </step>
                        <step start="1597136617860" stop="1597136618419" status="passed">
                            <name>setParticipants[15]</name>
                            <title>Set Participants</title>
                            <attachments>
                                <attachment title="Screenshot" source="d802fb20-3b06-4568-a295-78aaf912d2cb-attachment.png" type="image/png"/>
                            </attachments>
                            <steps/>
                        </step>
                    </steps>
                </step>
            </steps>
            <attachments/>
            <labels>
                <label name="testSuite" value="All Test Suite"/>
                <label name="testGroup" value="F:/Workspace/FitCrowd/src/test/java/com/fit/loginPage/LoginPageTests.java"/>
                <label name="testClass" value="com.fit.classesPage.ClassesPageTests"/>
                <label name="testMethod" value="editClassParticipants"/>
                <label name="host" value="DESKTOP-OH5VSFP"/>
                <label name="thread" value="7160@DESKTOP-OH5VSFP.main(1)"/>
            </labels>
        </test-case>
        <test-case start="1597136618420" stop="1597136619476" status="passed">
            <name>editCloseRegistration</name>
            <steps>
                <step start="1597136618420" stop="1597136618846" status="passed">
                    <name>checkPage</name>
                    <title>Check Page</title>
                    <attachments>
                        <attachment title="Screenshot" source="243051c9-2ab3-449b-bbe6-213610867130-attachment.png" type="image/png"/>
                    </attachments>
                    <steps/>
                </step>
                <step start="1597136618847" stop="1597136619476" status="passed">
                    <name>editCloseRegistration[5]</name>
                    <title>Edit Close Registration</title>
                    <attachments/>
                    <steps>
                        <step start="1597136618847" stop="1597136618908" status="passed">
                            <name>clearField[By.cssSelector: input[name=closeForAttendees]]</name>
                            <title>Clear field</title>
                            <attachments/>
                            <steps/>
                        </step>
                        <step start="1597136618909" stop="1597136619476" status="passed">
                            <name>setCloseRegistration[5]</name>
                            <title>Set Close Registration</title>
                            <attachments>
                                <attachment title="Screenshot" source="960bd793-03ef-460d-a460-6ce2cfb3847e-attachment.png" type="image/png"/>
                            </attachments>
                            <steps/>
                        </step>
                    </steps>
                </step>
            </steps>
            <attachments/>
            <labels>
                <label name="testSuite" value="All Test Suite"/>
                <label name="testGroup" value="F:/Workspace/FitCrowd/src/test/java/com/fit/loginPage/LoginPageTests.java"/>
                <label name="testClass" value="com.fit.classesPage.ClassesPageTests"/>
                <label name="testMethod" value="editCloseRegistration"/>
                <label name="host" value="DESKTOP-OH5VSFP"/>
                <label name="thread" value="7160@DESKTOP-OH5VSFP.main(1)"/>
            </labels>
        </test-case>
        <test-case start="1597136619477" stop="1597136620532" status="passed">
            <name>editOpenRegistration</name>
            <steps>
                <step start="1597136619478" stop="1597136619914" status="passed">
                    <name>checkPage</name>
                    <title>Check Page</title>
                    <attachments>
                        <attachment title="Screenshot" source="850d1d5f-9911-4ea0-ad97-04578b4414fe-attachment.png" type="image/png"/>
                    </attachments>
                    <steps/>
                </step>
                <step start="1597136619914" stop="1597136620532" status="passed">
                    <name>editOpenRegistration[10]</name>
                    <title>Edit Open Registration</title>
                    <attachments/>
                    <steps>
                        <step start="1597136619915" stop="1597136619978" status="passed">
                            <name>clearField[By.cssSelector: body &gt; div:nth-child(7) &gt; div &gt; div &gt; div.modal-body &gt; form &gt; div.row.form-content &gt; div.inpu...]</name>
                            <title>Clear field</title>
                            <attachments/>
                            <steps/>
                        </step>
                        <step start="1597136619979" stop="1597136620532" status="passed">
                            <name>setOpenRegistration[10]</name>
                            <title>Set Open Registration</title>
                            <attachments>
                                <attachment title="Screenshot" source="29c4eb3e-40a0-4888-825c-c900b9d3e633-attachment.png" type="image/png"/>
                            </attachments>
                            <steps/>
                        </step>
                    </steps>
                </step>
            </steps>
            <attachments/>
            <labels>
                <label name="testSuite" value="All Test Suite"/>
                <label name="testGroup" value="F:/Workspace/FitCrowd/src/test/java/com/fit/loginPage/LoginPageTests.java"/>
                <label name="testClass" value="com.fit.classesPage.ClassesPageTests"/>
                <label name="testMethod" value="editOpenRegistration"/>
                <label name="host" value="DESKTOP-OH5VSFP"/>
                <label name="thread" value="7160@DESKTOP-OH5VSFP.main(1)"/>
            </labels>
        </test-case>
    </test-cases>
    <labels>
        <label name="framework" value="TestNG"/>
        <label name="language" value="JAVA"/>
    </labels>
</ns2:test-suite>
