<?xml version="1.0" encoding="UTF-8" standalone="yes"?>
<ns2:test-suite start="1598208324703" stop="1598208338336" version="1.5.4" xmlns:ns2="urn:model.allure.qatools.yandex.ru">
    <name>All Test Suite : F:/Workspace/FitCrowd/src/test/java/com/fit/loginPage/LoginPageTests.java</name>
    <title>All Test Suite : F:/Workspace/FitCrowd/src/test/java/com/fit/loginPage/LoginPageTests.java</title>
    <test-cases>
        <test-case start="1598208331013" stop="1598208333491" status="passed">
            <name>validGymCode</name>
            <steps>
                <step start="1598208331054" stop="1598208331701" status="passed">
                    <name>checkPage</name>
                    <title>Check Page</title>
                    <attachments>
                        <attachment title="Screenshot" source="bf4272ba-530e-4ca4-acdd-c4e9ce0d827f-attachment.png" type="image/png"/>
                    </attachments>
                    <steps/>
                </step>
                <step start="1598208331701" stop="1598208331842" status="passed">
                    <name>setGymCode[18GYM]</name>
                    <title>Set Gym Code</title>
                    <attachments/>
                    <steps/>
                </step>
                <step start="1598208331843" stop="1598208333487" status="passed">
                    <name>successfulLogin</name>
                    <title>Successful login</title>
                    <attachments/>
                    <steps/>
                </step>
            </steps>
            <attachments/>
            <labels>
                <label name="testSuite" value="All Test Suite"/>
                <label name="testGroup" value="F:/Workspace/FitCrowd/src/test/java/com/fit/loginPage/LoginPageTests.java"/>
                <label name="testClass" value="com.fit.client.verifyGym.VerifyGymTests"/>
                <label name="testMethod" value="validGymCode"/>
                <label name="host" value="DESKTOP-OH5VSFP"/>
                <label name="thread" value="15784@DESKTOP-OH5VSFP.main(1)"/>
            </labels>
        </test-case>
        <test-case start="1598208333899" stop="1598208335109" status="passed">
            <name>validCredentials</name>
            <steps>
                <step start="1598208333902" stop="1598208334307" status="passed">
                    <name>checkPage</name>
                    <title>Check page</title>
                    <attachments>
                        <attachment title="Screenshot" source="8c7ac187-02dc-4781-88ba-005bdc449f1c-attachment.png" type="image/png"/>
                    </attachments>
                    <steps/>
                </step>
                <step start="1598208334309" stop="1598208334447" status="passed">
                    <name>setEmail[denis.yonutz98@gmail.com]</name>
                    <title>Set Email</title>
                    <attachments/>
                    <steps/>
                </step>
                <step start="1598208334448" stop="1598208334534" status="passed">
                    <name>setPassword[abcd4321]</name>
                    <title>Set Password</title>
                    <attachments/>
                    <steps/>
                </step>
                <step start="1598208334534" stop="1598208335108" status="passed">
                    <name>successfulLogin</name>
                    <title>Successful Login</title>
                    <attachments/>
                    <steps/>
                </step>
            </steps>
            <attachments/>
            <labels>
                <label name="testSuite" value="All Test Suite"/>
                <label name="testGroup" value="F:/Workspace/FitCrowd/src/test/java/com/fit/loginPage/LoginPageTests.java"/>
                <label name="testClass" value="com.fit.client.login.LoginPageTests"/>
                <label name="testMethod" value="validCredentials"/>
                <label name="host" value="DESKTOP-OH5VSFP"/>
                <label name="thread" value="15784@DESKTOP-OH5VSFP.main(1)"/>
            </labels>
        </test-case>
        <test-case start="1598208335571" stop="1598208337464" status="broken">
            <name>selectDate</name>
            <failure>
                <message>ElementClickInterceptedException: element click intercepted: Element &lt;button type="button"&gt;...&lt;/button&gt; is not clickable at point (580, 184). Other element would receive the click: &lt;div class="loading-page"&gt;...&lt;/div&gt;
  (Session info: chrome=84.0.4147.135)
Build info: version: '3.141.59', revision: 'e82be7d358', time: '2018-11-14T08:17:03'
System info: host: 'DESKTOP-OH5VSFP', ip: '192.168.0.161', os.name: 'Windows 10', os.arch: 'amd64', os.version: '10.0', java.version: '1.8.0_261'
Driver info: org.openqa.selenium.remote.RemoteWebDriver
Capabilities {acceptInsecureCerts: false, browserName: chrome, browserVersion: 84.0.4147.135, chrome: {chromedriverVersion: 84.0.4147.30 (48b3e868b4cc0..., userDataDir: C:\Users\iurie\AppData\Loca...}, goog:chromeOptions: {debuggerAddress: localhost:56232}, javascriptEnabled: true, networkConnectionEnabled: false, pageLoadStrategy: normal, platform: WINDOWS, platformName: WINDOWS, proxy: Proxy(), setWindowRect: true, strictFileInteractability: false, timeouts: {implicit: 0, pageLoad: 300000, script: 30000}, unhandledPromptBehavior: dismiss and notify, webauthn:virtualAuthenticators: true, webdriver.remote.sessionid: 6c3a67e7bef66809ede5fae0b96...}
Session ID: 6c3a67e7bef66809ede5fae0b9659fab</message>
                <stack-trace>org.openqa.selenium.ElementClickInterceptedException: element click intercepted: Element &lt;button type="button"&gt;...&lt;/button&gt; is not clickable at point (580, 184). Other element would receive the click: &lt;div class="loading-page"&gt;...&lt;/div&gt;
  (Session info: chrome=84.0.4147.135)
Build info: version: '3.141.59', revision: 'e82be7d358', time: '2018-11-14T08:17:03'
System info: host: 'DESKTOP-OH5VSFP', ip: '192.168.0.161', os.name: 'Windows 10', os.arch: 'amd64', os.version: '10.0', java.version: '1.8.0_261'
Driver info: org.openqa.selenium.remote.RemoteWebDriver
Capabilities {acceptInsecureCerts: false, browserName: chrome, browserVersion: 84.0.4147.135, chrome: {chromedriverVersion: 84.0.4147.30 (48b3e868b4cc0..., userDataDir: C:\Users\iurie\AppData\Loca...}, goog:chromeOptions: {debuggerAddress: localhost:56232}, javascriptEnabled: true, networkConnectionEnabled: false, pageLoadStrategy: normal, platform: WINDOWS, platformName: WINDOWS, proxy: Proxy(), setWindowRect: true, strictFileInteractability: false, timeouts: {implicit: 0, pageLoad: 300000, script: 30000}, unhandledPromptBehavior: dismiss and notify, webauthn:virtualAuthenticators: true, webdriver.remote.sessionid: 6c3a67e7bef66809ede5fae0b96...}
Session ID: 6c3a67e7bef66809ede5fae0b9659fab
	at sun.reflect.NativeConstructorAccessorImpl.newInstance0(Native Method)
	at sun.reflect.NativeConstructorAccessorImpl.newInstance(NativeConstructorAccessorImpl.java:62)
	at sun.reflect.DelegatingConstructorAccessorImpl.newInstance(DelegatingConstructorAccessorImpl.java:45)
	at java.lang.reflect.Constructor.newInstance(Constructor.java:423)
	at org.openqa.selenium.remote.http.W3CHttpResponseCodec.createException(W3CHttpResponseCodec.java:187)
	at org.openqa.selenium.remote.http.W3CHttpResponseCodec.decode(W3CHttpResponseCodec.java:122)
	at org.openqa.selenium.remote.http.W3CHttpResponseCodec.decode(W3CHttpResponseCodec.java:49)
	at org.openqa.selenium.remote.HttpCommandExecutor.execute(HttpCommandExecutor.java:158)
	at org.openqa.selenium.remote.RemoteWebDriver.execute(RemoteWebDriver.java:552)
	at org.openqa.selenium.remote.RemoteWebElement.execute(RemoteWebElement.java:285)
	at org.openqa.selenium.remote.RemoteWebElement.click(RemoteWebElement.java:84)
	at com.fit.client.schedule.SchedulePage.selectDate(SchedulePage.java:58)
	at com.fit.client.schedule.SchedulePageTests.selectDate(SchedulePageTests.java:32)
	at sun.reflect.NativeMethodAccessorImpl.invoke0(Native Method)
	at sun.reflect.NativeMethodAccessorImpl.invoke(NativeMethodAccessorImpl.java:62)
	at sun.reflect.DelegatingMethodAccessorImpl.invoke(DelegatingMethodAccessorImpl.java:43)
	at java.lang.reflect.Method.invoke(Method.java:498)
	at org.testng.internal.MethodInvocationHelper.invokeMethod(MethodInvocationHelper.java:85)
	at org.testng.internal.Invoker.invokeMethod(Invoker.java:696)
	at org.testng.internal.Invoker.invokeTestMethod(Invoker.java:882)
	at org.testng.internal.Invoker.invokeTestMethods(Invoker.java:1189)
	at org.testng.internal.TestMethodWorker.invokeTestMethods(TestMethodWorker.java:124)
	at org.testng.internal.TestMethodWorker.run(TestMethodWorker.java:108)
	at org.testng.TestRunner.privateRun(TestRunner.java:767)
	at org.testng.TestRunner.run(TestRunner.java:617)
	at org.testng.SuiteRunner.runTest(SuiteRunner.java:348)
	at org.testng.SuiteRunner.runSequentially(SuiteRunner.java:343)
	at org.testng.SuiteRunner.privateRun(SuiteRunner.java:305)
	at org.testng.SuiteRunner.run(SuiteRunner.java:254)
	at org.testng.SuiteRunnerWorker.runSuite(SuiteRunnerWorker.java:52)
	at org.testng.SuiteRunnerWorker.run(SuiteRunnerWorker.java:86)
	at org.testng.TestNG.runSuitesSequentially(TestNG.java:1224)
	at org.testng.TestNG.runSuitesLocally(TestNG.java:1149)
	at org.testng.TestNG.run(TestNG.java:1057)
	at com.intellij.rt.testng.IDEARemoteTestNG.run(IDEARemoteTestNG.java:66)
	at com.intellij.rt.testng.RemoteTestNGStarter.main(RemoteTestNGStarter.java:110)
</stack-trace>
            </failure>
            <steps>
                <step start="1598208335574" stop="1598208336166" status="passed">
                    <name>checkPage</name>
                    <title>Check Page</title>
                    <attachments>
                        <attachment title="Screenshot" source="3fa2e7a7-d4b4-4d86-b6ae-64c0865a2c08-attachment.png" type="image/png"/>
                    </attachments>
                </step>
                <step start="1598208336167" stop="1598208336286" status="passed">
                    <name>dayView</name>
                    <title>View Classes/Day</title>
                </step>
                <step start="1598208336289" stop="1598208337443" status="broken">
                    <name>selectDate[8, 24]</name>
                    <title>Get calendar date</title>
                </step>
            </steps>
            <attachments/>
            <labels>
                <label name="testSuite" value="All Test Suite"/>
                <label name="testGroup" value="F:/Workspace/FitCrowd/src/test/java/com/fit/loginPage/LoginPageTests.java"/>
                <label name="testClass" value="com.fit.client.schedule.SchedulePageTests"/>
                <label name="testMethod" value="selectDate"/>
                <label name="host" value="DESKTOP-OH5VSFP"/>
                <label name="thread" value="15784@DESKTOP-OH5VSFP.main(1)"/>
            </labels>
        </test-case>
        <test-case start="1598208337465" stop="1598208337887" status="passed">
            <name>bookClass</name>
            <steps>
                <step start="1598208337467" stop="1598208337855" status="passed">
                    <name>checkPage</name>
                    <title>Check Page</title>
                    <attachments>
                        <attachment title="Screenshot" source="dc3db72a-59ab-48ea-ab92-b210b35853b6-attachment.png" type="image/png"/>
                    </attachments>
                    <steps/>
                </step>
                <step start="1598208337856" stop="1598208337886" status="passed">
                    <name>bookClass</name>
                    <title>Select class</title>
                    <attachments/>
                    <steps/>
                </step>
            </steps>
            <attachments/>
            <labels>
                <label name="testSuite" value="All Test Suite"/>
                <label name="testGroup" value="F:/Workspace/FitCrowd/src/test/java/com/fit/loginPage/LoginPageTests.java"/>
                <label name="testClass" value="com.fit.client.schedule.SchedulePageTests"/>
                <label name="testMethod" value="bookClass"/>
                <label name="host" value="DESKTOP-OH5VSFP"/>
                <label name="thread" value="15784@DESKTOP-OH5VSFP.main(1)"/>
            </labels>
        </test-case>
        <test-case start="1598208337889" stop="1598208338333" status="passed">
            <name>attendToOnlineClass</name>
            <steps>
                <step start="1598208337900" stop="1598208338320" status="passed">
                    <name>checkPage</name>
                    <title>Check Page</title>
                    <attachments>
                        <attachment title="Screenshot" source="137accd4-9b25-4c0f-b77f-5a712bc0bac4-attachment.png" type="image/png"/>
                    </attachments>
                    <steps/>
                </step>
                <step start="1598208338320" stop="1598208338333" status="passed">
                    <name>attendToOnlineClass</name>
                    <title>Attend to Online Class</title>
                    <attachments/>
                    <steps/>
                </step>
            </steps>
            <attachments/>
            <labels>
                <label name="testSuite" value="All Test Suite"/>
                <label name="testGroup" value="F:/Workspace/FitCrowd/src/test/java/com/fit/loginPage/LoginPageTests.java"/>
                <label name="testClass" value="com.fit.client.schedule.SchedulePageTests"/>
                <label name="testMethod" value="attendToOnlineClass"/>
                <label name="host" value="DESKTOP-OH5VSFP"/>
                <label name="thread" value="15784@DESKTOP-OH5VSFP.main(1)"/>
            </labels>
        </test-case>
    </test-cases>
    <labels>
        <label name="framework" value="TestNG"/>
        <label name="language" value="JAVA"/>
    </labels>
</ns2:test-suite>
