<?xml version="1.0" encoding="UTF-8" standalone="yes"?>
<ns2:test-suite start="1598195315714" stop="1598195337322" version="1.5.4" xmlns:ns2="urn:model.allure.qatools.yandex.ru">
    <name>All Test Suite : F:/Workspace/FitCrowd/src/test/java/com/fit/loginPage/LoginPageTests.java</name>
    <title>All Test Suite : F:/Workspace/FitCrowd/src/test/java/com/fit/loginPage/LoginPageTests.java</title>
    <test-cases>
        <test-case start="1598195323756" stop="1598195326625" status="passed">
            <name>validCredentials</name>
            <steps>
                <step start="1598195323808" stop="1598195324431" status="passed">
                    <name>checkPage</name>
                    <title>Check page</title>
                    <attachments>
                        <attachment title="Screenshot" source="b5197e15-4a12-45cc-afdb-459fec19ed64-attachment.png" type="image/png"/>
                    </attachments>
                    <steps/>
                </step>
                <step start="1598195324431" stop="1598195325089" status="passed">
                    <name>setEmail[iuriet.denis@gmail.com]</name>
                    <title>Set Email</title>
                    <attachments>
                        <attachment title="Screenshot" source="9d52f571-67c8-4a7c-bc8a-658dfe7e075e-attachment.png" type="image/png"/>
                    </attachments>
                    <steps/>
                </step>
                <step start="1598195325089" stop="1598195325599" status="passed">
                    <name>setPassword[abcd1234]</name>
                    <title>Set Password</title>
                    <attachments>
                        <attachment title="Screenshot" source="fac99d65-6044-4c56-ae6c-d8d2f4056c4b-attachment.png" type="image/png"/>
                    </attachments>
                    <steps/>
                </step>
                <step start="1598195325599" stop="1598195326621" status="passed">
                    <name>successfulLogin</name>
                    <title>Check successful login</title>
                    <attachments>
                        <attachment title="Screenshot" source="fcc8217f-7f4a-4e0f-9d19-284a0ba9383b-attachment.png" type="image/png"/>
                    </attachments>
                    <steps/>
                </step>
            </steps>
            <attachments/>
            <labels>
                <label name="testSuite" value="All Test Suite"/>
                <label name="testGroup" value="F:/Workspace/FitCrowd/src/test/java/com/fit/loginPage/LoginPageTests.java"/>
                <label name="testClass" value="com.fit.admin.loginPage.LoginPageTests"/>
                <label name="testMethod" value="validCredentials"/>
                <label name="host" value="DESKTOP-OH5VSFP"/>
                <label name="thread" value="18400@DESKTOP-OH5VSFP.main(1)"/>
            </labels>
        </test-case>
        <test-case start="1598195327225" stop="1598195328608" status="passed">
            <name>addImage</name>
            <steps>
                <step start="1598195327231" stop="1598195328608" status="passed">
                    <name>addTrainerImage</name>
                    <title>Add Trainer Image</title>
                    <attachments>
                        <attachment title="Screenshot" source="e63d7621-9f2b-4978-90a1-aaa6329eb9d9-attachment.png" type="image/png"/>
                    </attachments>
                    <steps/>
                </step>
            </steps>
            <attachments/>
            <labels>
                <label name="testSuite" value="All Test Suite"/>
                <label name="testGroup" value="F:/Workspace/FitCrowd/src/test/java/com/fit/loginPage/LoginPageTests.java"/>
                <label name="testClass" value="com.fit.admin.trainerProfilePage.TrainerProfileTests"/>
                <label name="testMethod" value="addImage"/>
                <label name="host" value="DESKTOP-OH5VSFP"/>
                <label name="thread" value="18400@DESKTOP-OH5VSFP.main(1)"/>
            </labels>
        </test-case>
        <test-case start="1598195328624" stop="1598195329550" status="passed">
            <name>updateFirstName</name>
            <steps>
                <step start="1598195328624" stop="1598195329355" status="passed">
                    <name>checkPage</name>
                    <title>Check Page</title>
                    <attachments>
                        <attachment title="Screenshot" source="497df667-38a6-4d83-af53-490864ed4e81-attachment.png" type="image/png"/>
                    </attachments>
                    <steps/>
                </step>
                <step start="1598195329355" stop="1598195329549" status="passed">
                    <name>updateFirstName[Denis]</name>
                    <title>Update First Name</title>
                    <attachments/>
                    <steps/>
                </step>
            </steps>
            <attachments/>
            <labels>
                <label name="testSuite" value="All Test Suite"/>
                <label name="testGroup" value="F:/Workspace/FitCrowd/src/test/java/com/fit/loginPage/LoginPageTests.java"/>
                <label name="testClass" value="com.fit.admin.trainerProfilePage.TrainerProfileTests"/>
                <label name="testMethod" value="updateFirstName"/>
                <label name="host" value="DESKTOP-OH5VSFP"/>
                <label name="thread" value="18400@DESKTOP-OH5VSFP.main(1)"/>
            </labels>
        </test-case>
        <test-case start="1598195329551" stop="1598195330108" status="passed">
            <name>updateLastName</name>
            <steps>
                <step start="1598195329552" stop="1598195329926" status="passed">
                    <name>checkPage</name>
                    <title>Check Page</title>
                    <attachments>
                        <attachment title="Screenshot" source="7bbfa03f-ba6a-4253-8f8a-10dc9a82fafb-attachment.png" type="image/png"/>
                    </attachments>
                    <steps/>
                </step>
                <step start="1598195329926" stop="1598195330108" status="passed">
                    <name>updateLastName[Iuriet]</name>
                    <title>Update Last Name</title>
                    <attachments/>
                    <steps/>
                </step>
            </steps>
            <attachments/>
            <labels>
                <label name="testSuite" value="All Test Suite"/>
                <label name="testGroup" value="F:/Workspace/FitCrowd/src/test/java/com/fit/loginPage/LoginPageTests.java"/>
                <label name="testClass" value="com.fit.admin.trainerProfilePage.TrainerProfileTests"/>
                <label name="testMethod" value="updateLastName"/>
                <label name="host" value="DESKTOP-OH5VSFP"/>
                <label name="thread" value="18400@DESKTOP-OH5VSFP.main(1)"/>
            </labels>
        </test-case>
        <test-case start="1598195330109" stop="1598195330794" status="passed">
            <name>updateEmail</name>
            <steps>
                <step start="1598195330110" stop="1598195330514" status="passed">
                    <name>checkPage</name>
                    <title>Check Page</title>
                    <attachments>
                        <attachment title="Screenshot" source="04310a52-dada-46bd-9cab-8d7479836bc5-attachment.png" type="image/png"/>
                    </attachments>
                    <steps/>
                </step>
                <step start="1598195330514" stop="1598195330794" status="passed">
                    <name>updateEmail[denis.yonutz98@gmail.com]</name>
                    <title>Update Email</title>
                    <attachments/>
                    <steps/>
                </step>
            </steps>
            <attachments/>
            <labels>
                <label name="testSuite" value="All Test Suite"/>
                <label name="testGroup" value="F:/Workspace/FitCrowd/src/test/java/com/fit/loginPage/LoginPageTests.java"/>
                <label name="testClass" value="com.fit.admin.trainerProfilePage.TrainerProfileTests"/>
                <label name="testMethod" value="updateEmail"/>
                <label name="host" value="DESKTOP-OH5VSFP"/>
                <label name="thread" value="18400@DESKTOP-OH5VSFP.main(1)"/>
            </labels>
        </test-case>
        <test-case start="1598195330795" stop="1598195331356" status="passed">
            <name>updatePhoneNo</name>
            <steps>
                <step start="1598195330796" stop="1598195331195" status="passed">
                    <name>checkPage</name>
                    <title>Check Page</title>
                    <attachments>
                        <attachment title="Screenshot" source="c881b476-c94b-4535-ae27-b91c905b0b7f-attachment.png" type="image/png"/>
                    </attachments>
                    <steps/>
                </step>
                <step start="1598195331196" stop="1598195331356" status="passed">
                    <name>updatePhoneNo[123456789]</name>
                    <title>Update Phone No.</title>
                    <attachments/>
                    <steps/>
                </step>
            </steps>
            <attachments/>
            <labels>
                <label name="testSuite" value="All Test Suite"/>
                <label name="testGroup" value="F:/Workspace/FitCrowd/src/test/java/com/fit/loginPage/LoginPageTests.java"/>
                <label name="testClass" value="com.fit.admin.trainerProfilePage.TrainerProfileTests"/>
                <label name="testMethod" value="updatePhoneNo"/>
                <label name="host" value="DESKTOP-OH5VSFP"/>
                <label name="thread" value="18400@DESKTOP-OH5VSFP.main(1)"/>
            </labels>
        </test-case>
        <test-case start="1598195331358" stop="1598195331942" status="passed">
            <name>updateCountry</name>
            <steps>
                <step start="1598195331358" stop="1598195331758" status="passed">
                    <name>checkPage</name>
                    <title>Check Page</title>
                    <attachments>
                        <attachment title="Screenshot" source="e7681cf0-8f01-4d16-b6d7-6f71a2ceda9a-attachment.png" type="image/png"/>
                    </attachments>
                    <steps/>
                </step>
                <step start="1598195331758" stop="1598195331942" status="passed">
                    <name>updateCountry[TestCountry]</name>
                    <title>Update Country</title>
                    <attachments/>
                    <steps/>
                </step>
            </steps>
            <attachments/>
            <labels>
                <label name="testSuite" value="All Test Suite"/>
                <label name="testGroup" value="F:/Workspace/FitCrowd/src/test/java/com/fit/loginPage/LoginPageTests.java"/>
                <label name="testClass" value="com.fit.admin.trainerProfilePage.TrainerProfileTests"/>
                <label name="testMethod" value="updateCountry"/>
                <label name="host" value="DESKTOP-OH5VSFP"/>
                <label name="thread" value="18400@DESKTOP-OH5VSFP.main(1)"/>
            </labels>
        </test-case>
        <test-case start="1598195331943" stop="1598195332543" status="passed">
            <name>updateCounty</name>
            <steps>
                <step start="1598195331944" stop="1598195332345" status="passed">
                    <name>checkPage</name>
                    <title>Check Page</title>
                    <attachments>
                        <attachment title="Screenshot" source="54e98ef7-d75f-4621-a8f5-4a8824738f81-attachment.png" type="image/png"/>
                    </attachments>
                    <steps/>
                </step>
                <step start="1598195332345" stop="1598195332542" status="passed">
                    <name>updateCounty[TestCounty]</name>
                    <title>Update County</title>
                    <attachments/>
                    <steps/>
                </step>
            </steps>
            <attachments/>
            <labels>
                <label name="testSuite" value="All Test Suite"/>
                <label name="testGroup" value="F:/Workspace/FitCrowd/src/test/java/com/fit/loginPage/LoginPageTests.java"/>
                <label name="testClass" value="com.fit.admin.trainerProfilePage.TrainerProfileTests"/>
                <label name="testMethod" value="updateCounty"/>
                <label name="host" value="DESKTOP-OH5VSFP"/>
                <label name="thread" value="18400@DESKTOP-OH5VSFP.main(1)"/>
            </labels>
        </test-case>
        <test-case start="1598195332544" stop="1598195333218" status="passed">
            <name>updateCity</name>
            <steps>
                <step start="1598195332545" stop="1598195333035" status="passed">
                    <name>checkPage</name>
                    <title>Check Page</title>
                    <attachments>
                        <attachment title="Screenshot" source="7a368235-0fd1-46cc-8a56-db075c643888-attachment.png" type="image/png"/>
                    </attachments>
                    <steps/>
                </step>
                <step start="1598195333035" stop="1598195333217" status="passed">
                    <name>updateCity[TestCity]</name>
                    <title>Update City</title>
                    <attachments/>
                    <steps/>
                </step>
            </steps>
            <attachments/>
            <labels>
                <label name="testSuite" value="All Test Suite"/>
                <label name="testGroup" value="F:/Workspace/FitCrowd/src/test/java/com/fit/loginPage/LoginPageTests.java"/>
                <label name="testClass" value="com.fit.admin.trainerProfilePage.TrainerProfileTests"/>
                <label name="testMethod" value="updateCity"/>
                <label name="host" value="DESKTOP-OH5VSFP"/>
                <label name="thread" value="18400@DESKTOP-OH5VSFP.main(1)"/>
            </labels>
        </test-case>
        <test-case start="1598195333219" stop="1598195333815" status="passed">
            <name>updateStreetName</name>
            <steps>
                <step start="1598195333219" stop="1598195333607" status="passed">
                    <name>checkPage</name>
                    <title>Check Page</title>
                    <attachments>
                        <attachment title="Screenshot" source="2e188255-6b2d-41cc-bdc0-e9c44ad8cbd9-attachment.png" type="image/png"/>
                    </attachments>
                    <steps/>
                </step>
                <step start="1598195333607" stop="1598195333815" status="passed">
                    <name>updateStreetName[TestStreetName]</name>
                    <title>Update Street Name</title>
                    <attachments/>
                    <steps/>
                </step>
            </steps>
            <attachments/>
            <labels>
                <label name="testSuite" value="All Test Suite"/>
                <label name="testGroup" value="F:/Workspace/FitCrowd/src/test/java/com/fit/loginPage/LoginPageTests.java"/>
                <label name="testClass" value="com.fit.admin.trainerProfilePage.TrainerProfileTests"/>
                <label name="testMethod" value="updateStreetName"/>
                <label name="host" value="DESKTOP-OH5VSFP"/>
                <label name="thread" value="18400@DESKTOP-OH5VSFP.main(1)"/>
            </labels>
        </test-case>
        <test-case start="1598195333816" stop="1598195334366" status="passed">
            <name>updateStreetNo</name>
            <steps>
                <step start="1598195333817" stop="1598195334229" status="passed">
                    <name>checkPage</name>
                    <title>Check Page</title>
                    <attachments>
                        <attachment title="Screenshot" source="5be1baa0-321c-4bf6-816f-1a9f16423723-attachment.png" type="image/png"/>
                    </attachments>
                    <steps/>
                </step>
                <step start="1598195334229" stop="1598195334366" status="passed">
                    <name>updateStreetNo[1]</name>
                    <title>Update Street No.</title>
                    <attachments/>
                    <steps/>
                </step>
            </steps>
            <attachments/>
            <labels>
                <label name="testSuite" value="All Test Suite"/>
                <label name="testGroup" value="F:/Workspace/FitCrowd/src/test/java/com/fit/loginPage/LoginPageTests.java"/>
                <label name="testClass" value="com.fit.admin.trainerProfilePage.TrainerProfileTests"/>
                <label name="testMethod" value="updateStreetNo"/>
                <label name="host" value="DESKTOP-OH5VSFP"/>
                <label name="thread" value="18400@DESKTOP-OH5VSFP.main(1)"/>
            </labels>
        </test-case>
        <test-case start="1598195334367" stop="1598195334953" status="passed">
            <name>updateDescription</name>
            <steps>
                <step start="1598195334367" stop="1598195334760" status="passed">
                    <name>checkPage</name>
                    <title>Check Page</title>
                    <attachments>
                        <attachment title="Screenshot" source="8752c3af-432f-4084-a52a-302b2e1b947a-attachment.png" type="image/png"/>
                    </attachments>
                    <steps/>
                </step>
                <step start="1598195334760" stop="1598195334953" status="passed">
                    <name>updateDescription[TestDescription]</name>
                    <title>Update Description</title>
                    <attachments/>
                    <steps/>
                </step>
            </steps>
            <attachments/>
            <labels>
                <label name="testSuite" value="All Test Suite"/>
                <label name="testGroup" value="F:/Workspace/FitCrowd/src/test/java/com/fit/loginPage/LoginPageTests.java"/>
                <label name="testClass" value="com.fit.admin.trainerProfilePage.TrainerProfileTests"/>
                <label name="testMethod" value="updateDescription"/>
                <label name="host" value="DESKTOP-OH5VSFP"/>
                <label name="thread" value="18400@DESKTOP-OH5VSFP.main(1)"/>
            </labels>
        </test-case>
        <test-case start="1598195334954" stop="1598195335628" status="passed">
            <name>addAccreditation</name>
            <steps>
                <step start="1598195334955" stop="1598195335321" status="passed">
                    <name>checkPage</name>
                    <title>Check Page</title>
                    <attachments>
                        <attachment title="Screenshot" source="6d64b2c7-dab8-4e6a-bfd7-8b6b4e6544e0-attachment.png" type="image/png"/>
                    </attachments>
                    <steps/>
                </step>
                <step start="1598195335336" stop="1598195335559" status="passed">
                    <name>insertAccreditation[TestAccreditation]</name>
                    <title>Insert Accreditation</title>
                    <attachments/>
                    <steps/>
                </step>
                <step start="1598195335560" stop="1598195335628" status="passed">
                    <name>addAccreditation</name>
                    <title>Add Accreditation</title>
                    <attachments/>
                    <steps/>
                </step>
            </steps>
            <attachments/>
            <labels>
                <label name="testSuite" value="All Test Suite"/>
                <label name="testGroup" value="F:/Workspace/FitCrowd/src/test/java/com/fit/loginPage/LoginPageTests.java"/>
                <label name="testClass" value="com.fit.admin.trainerProfilePage.TrainerProfileTests"/>
                <label name="testMethod" value="addAccreditation"/>
                <label name="host" value="DESKTOP-OH5VSFP"/>
                <label name="thread" value="18400@DESKTOP-OH5VSFP.main(1)"/>
            </labels>
        </test-case>
        <test-case start="1598195335630" stop="1598195336709" status="passed">
            <name>updateTrainerProfile</name>
            <steps>
                <step start="1598195335631" stop="1598195336035" status="passed">
                    <name>checkPage</name>
                    <title>Check Page</title>
                    <attachments>
                        <attachment title="Screenshot" source="fb88c460-520e-4b37-b8e7-89fa5d2698f9-attachment.png" type="image/png"/>
                    </attachments>
                    <steps/>
                </step>
                <step start="1598195336036" stop="1598195336115" status="passed">
                    <name>updateTrainerProfile</name>
                    <title>Update Trainer Profile</title>
                    <attachments/>
                    <steps/>
                </step>
                <step start="1598195336116" stop="1598195336706" status="passed">
                    <name>getAlertMessage</name>
                    <title>Get Alert Message</title>
                    <attachments/>
                    <steps/>
                </step>
            </steps>
            <attachments/>
            <labels>
                <label name="testSuite" value="All Test Suite"/>
                <label name="testGroup" value="F:/Workspace/FitCrowd/src/test/java/com/fit/loginPage/LoginPageTests.java"/>
                <label name="testClass" value="com.fit.admin.trainerProfilePage.TrainerProfileTests"/>
                <label name="testMethod" value="updateTrainerProfile"/>
                <label name="host" value="DESKTOP-OH5VSFP"/>
                <label name="thread" value="18400@DESKTOP-OH5VSFP.main(1)"/>
            </labels>
        </test-case>
        <test-case start="1598195336710" stop="1598195337319" status="broken">
            <name>confirmUpdateProfile</name>
            <failure>
                <message>NoSuchElementException: no such element: Unable to locate element: {"method":"css selector","selector":"input[name=firstName]"}
  (Session info: chrome=84.0.4147.135)
For documentation on this error, please visit: https://www.seleniumhq.org/exceptions/no_such_element.html
Build info: version: '3.141.59', revision: 'e82be7d358', time: '2018-11-14T08:17:03'
System info: host: 'DESKTOP-OH5VSFP', ip: '192.168.0.161', os.name: 'Windows 10', os.arch: 'amd64', os.version: '10.0', java.version: '1.8.0_261'
Driver info: org.openqa.selenium.remote.RemoteWebDriver
Capabilities {acceptInsecureCerts: false, browserName: chrome, browserVersion: 84.0.4147.135, chrome: {chromedriverVersion: 84.0.4147.30 (48b3e868b4cc0..., userDataDir: C:\Users\iurie\AppData\Loca...}, goog:chromeOptions: {debuggerAddress: localhost:50821}, javascriptEnabled: true, networkConnectionEnabled: false, pageLoadStrategy: normal, platform: WINDOWS, platformName: WINDOWS, proxy: Proxy(), setWindowRect: true, strictFileInteractability: false, timeouts: {implicit: 0, pageLoad: 300000, script: 30000}, unhandledPromptBehavior: dismiss and notify, webauthn:virtualAuthenticators: true, webdriver.remote.sessionid: b6b896ac01aa48fb03817474d2c...}
Session ID: b6b896ac01aa48fb03817474d2c09f77
*** Element info: {Using=css selector, value=input[name=firstName]}</message>
                <stack-trace>org.openqa.selenium.NoSuchElementException: no such element: Unable to locate element: {"method":"css selector","selector":"input[name=firstName]"}
  (Session info: chrome=84.0.4147.135)
For documentation on this error, please visit: https://www.seleniumhq.org/exceptions/no_such_element.html
Build info: version: '3.141.59', revision: 'e82be7d358', time: '2018-11-14T08:17:03'
System info: host: 'DESKTOP-OH5VSFP', ip: '192.168.0.161', os.name: 'Windows 10', os.arch: 'amd64', os.version: '10.0', java.version: '1.8.0_261'
Driver info: org.openqa.selenium.remote.RemoteWebDriver
Capabilities {acceptInsecureCerts: false, browserName: chrome, browserVersion: 84.0.4147.135, chrome: {chromedriverVersion: 84.0.4147.30 (48b3e868b4cc0..., userDataDir: C:\Users\iurie\AppData\Loca...}, goog:chromeOptions: {debuggerAddress: localhost:50821}, javascriptEnabled: true, networkConnectionEnabled: false, pageLoadStrategy: normal, platform: WINDOWS, platformName: WINDOWS, proxy: Proxy(), setWindowRect: true, strictFileInteractability: false, timeouts: {implicit: 0, pageLoad: 300000, script: 30000}, unhandledPromptBehavior: dismiss and notify, webauthn:virtualAuthenticators: true, webdriver.remote.sessionid: b6b896ac01aa48fb03817474d2c...}
Session ID: b6b896ac01aa48fb03817474d2c09f77
*** Element info: {Using=css selector, value=input[name=firstName]}
	at sun.reflect.NativeConstructorAccessorImpl.newInstance0(Native Method)
	at sun.reflect.NativeConstructorAccessorImpl.newInstance(NativeConstructorAccessorImpl.java:62)
	at sun.reflect.DelegatingConstructorAccessorImpl.newInstance(DelegatingConstructorAccessorImpl.java:45)
	at java.lang.reflect.Constructor.newInstance(Constructor.java:423)
	at org.openqa.selenium.remote.http.W3CHttpResponseCodec.createException(W3CHttpResponseCodec.java:187)
	at org.openqa.selenium.remote.http.W3CHttpResponseCodec.decode(W3CHttpResponseCodec.java:122)
	at org.openqa.selenium.remote.http.W3CHttpResponseCodec.decode(W3CHttpResponseCodec.java:49)
	at org.openqa.selenium.remote.HttpCommandExecutor.execute(HttpCommandExecutor.java:158)
	at org.openqa.selenium.remote.RemoteWebDriver.execute(RemoteWebDriver.java:552)
	at org.openqa.selenium.remote.RemoteWebDriver.findElement(RemoteWebDriver.java:323)
	at org.openqa.selenium.remote.RemoteWebDriver.findElementByCssSelector(RemoteWebDriver.java:420)
	at org.openqa.selenium.By$ByCssSelector.findElement(By.java:431)
	at org.openqa.selenium.remote.RemoteWebDriver.findElement(RemoteWebDriver.java:315)
	at com.fit.admin.trainerProfilePage.TrainerProfile.confirmUpdate(TrainerProfile.java:152)
	at com.fit.admin.trainerProfilePage.TrainerProfileTests.confirmUpdateProfile(TrainerProfileTests.java:110)
	at sun.reflect.NativeMethodAccessorImpl.invoke0(Native Method)
	at sun.reflect.NativeMethodAccessorImpl.invoke(NativeMethodAccessorImpl.java:62)
	at sun.reflect.DelegatingMethodAccessorImpl.invoke(DelegatingMethodAccessorImpl.java:43)
	at java.lang.reflect.Method.invoke(Method.java:498)
	at org.testng.internal.MethodInvocationHelper.invokeMethod(MethodInvocationHelper.java:85)
	at org.testng.internal.Invoker.invokeMethod(Invoker.java:696)
	at org.testng.internal.Invoker.invokeTestMethod(Invoker.java:882)
	at org.testng.internal.Invoker.invokeTestMethods(Invoker.java:1189)
	at org.testng.internal.TestMethodWorker.invokeTestMethods(TestMethodWorker.java:124)
	at org.testng.internal.TestMethodWorker.run(TestMethodWorker.java:108)
	at org.testng.TestRunner.privateRun(TestRunner.java:767)
	at org.testng.TestRunner.run(TestRunner.java:617)
	at org.testng.SuiteRunner.runTest(SuiteRunner.java:348)
	at org.testng.SuiteRunner.runSequentially(SuiteRunner.java:343)
	at org.testng.SuiteRunner.privateRun(SuiteRunner.java:305)
	at org.testng.SuiteRunner.run(SuiteRunner.java:254)
	at org.testng.SuiteRunnerWorker.runSuite(SuiteRunnerWorker.java:52)
	at org.testng.SuiteRunnerWorker.run(SuiteRunnerWorker.java:86)
	at org.testng.TestNG.runSuitesSequentially(TestNG.java:1224)
	at org.testng.TestNG.runSuitesLocally(TestNG.java:1149)
	at org.testng.TestNG.run(TestNG.java:1057)
	at com.intellij.rt.testng.IDEARemoteTestNG.run(IDEARemoteTestNG.java:66)
	at com.intellij.rt.testng.RemoteTestNGStarter.main(RemoteTestNGStarter.java:110)
</stack-trace>
            </failure>
            <steps>
                <step start="1598195336710" stop="1598195337092" status="passed">
                    <name>checkPage</name>
                    <title>Check Page</title>
                    <attachments>
                        <attachment title="Screenshot" source="8f72de25-400d-425b-8f19-346a0027f556-attachment.png" type="image/png"/>
                    </attachments>
                </step>
                <step start="1598195337092" stop="1598195337282" status="broken">
                    <name>confirmUpdate</name>
                </step>
            </steps>
            <attachments/>
            <labels>
                <label name="testSuite" value="All Test Suite"/>
                <label name="testGroup" value="F:/Workspace/FitCrowd/src/test/java/com/fit/loginPage/LoginPageTests.java"/>
                <label name="testClass" value="com.fit.admin.trainerProfilePage.TrainerProfileTests"/>
                <label name="testMethod" value="confirmUpdateProfile"/>
                <label name="host" value="DESKTOP-OH5VSFP"/>
                <label name="thread" value="18400@DESKTOP-OH5VSFP.main(1)"/>
            </labels>
        </test-case>
    </test-cases>
    <labels>
        <label name="framework" value="TestNG"/>
        <label name="language" value="JAVA"/>
    </labels>
</ns2:test-suite>
