<?xml version="1.0" encoding="UTF-8" standalone="yes"?>
<ns2:test-suite start="1597756462150" stop="1597756472718" version="1.5.4" xmlns:ns2="urn:model.allure.qatools.yandex.ru">
    <name>Default Suite : FitCrowd</name>
    <title>Default Suite : FitCrowd</title>
    <test-cases>
        <test-case start="1597756468747" stop="1597756470435" status="passed">
            <name>invalidGymCode</name>
            <steps>
                <step start="1597756468807" stop="1597756469614" status="passed">
                    <name>checkPage</name>
                    <title>Check Page</title>
                    <attachments>
                        <attachment title="Screenshot" source="a4d49785-a8ca-4199-8bfc-95613d976099-attachment.png" type="image/png"/>
                    </attachments>
                    <steps/>
                </step>
                <step start="1597756469616" stop="1597756469794" status="passed">
                    <name>setGymCode[TestGymCode]</name>
                    <title>Set Gym Code</title>
                    <attachments/>
                    <steps/>
                </step>
                <step start="1597756469795" stop="1597756470311" status="passed">
                    <name>failedLogin</name>
                    <title>Failed Login</title>
                    <attachments>
                        <attachment title="Screenshot" source="50c1dac4-2f7a-484e-9bd2-656c2f4ebc62-attachment.png" type="image/png"/>
                    </attachments>
                    <steps/>
                </step>
                <step start="1597756470312" stop="1597756470428" status="passed">
                    <name>getInvalidGymCodeError</name>
                    <title>Get Invalid Gym Code Error</title>
                    <attachments/>
                    <steps/>
                </step>
            </steps>
            <attachments/>
            <labels>
                <label name="testSuite" value="Default Suite"/>
                <label name="testGroup" value="FitCrowd"/>
                <label name="testClass" value="com.fit.client.verifyGym.VerifyGymTests"/>
                <label name="testMethod" value="invalidGymCode"/>
                <label name="host" value="DESKTOP-OH5VSFP"/>
                <label name="thread" value="10504@DESKTOP-OH5VSFP.main(1)"/>
            </labels>
        </test-case>
        <test-case start="1597756470723" stop="1597756471790" status="passed">
            <name>missingGymCode</name>
            <steps>
                <step start="1597756470726" stop="1597756471165" status="passed">
                    <name>checkPage</name>
                    <title>Check Page</title>
                    <attachments>
                        <attachment title="Screenshot" source="c579c502-779f-4a83-9b8a-0098124d46a3-attachment.png" type="image/png"/>
                    </attachments>
                    <steps/>
                </step>
                <step start="1597756471166" stop="1597756471704" status="passed">
                    <name>failedLogin</name>
                    <title>Failed Login</title>
                    <attachments>
                        <attachment title="Screenshot" source="35de07ac-338d-4e2c-bfdb-d49db1857604-attachment.png" type="image/png"/>
                    </attachments>
                    <steps/>
                </step>
                <step start="1597756471705" stop="1597756471790" status="passed">
                    <name>getMissingGymCodeError</name>
                    <title>Get Missing Gym Code Error</title>
                    <attachments/>
                    <steps/>
                </step>
            </steps>
            <attachments/>
            <labels>
                <label name="testSuite" value="Default Suite"/>
                <label name="testGroup" value="FitCrowd"/>
                <label name="testClass" value="com.fit.client.verifyGym.VerifyGymTests"/>
                <label name="testMethod" value="missingGymCode"/>
                <label name="host" value="DESKTOP-OH5VSFP"/>
                <label name="thread" value="10504@DESKTOP-OH5VSFP.main(1)"/>
            </labels>
        </test-case>
        <test-case start="1597756472044" stop="1597756472639" status="failed">
            <name>validGymCode</name>
            <failure>
                <message>AssertionError: expected [https://client-dev.fitcrowd.net/login] but found [https://client-dev.fitcrowd.net/gymVerify]</message>
                <stack-trace>java.lang.AssertionError: expected [https://client-dev.fitcrowd.net/login] but found [https://client-dev.fitcrowd.net/gymVerify]
	at org.testng.Assert.fail(Assert.java:94)
	at org.testng.Assert.failNotEquals(Assert.java:494)
	at org.testng.Assert.assertEquals(Assert.java:123)
	at org.testng.Assert.assertEquals(Assert.java:176)
	at org.testng.Assert.assertEquals(Assert.java:186)
	at com.fit.client.verifyGym.VerifyGymPage.successfulLogin(VerifyGymPage.java:33)
	at com.fit.client.verifyGym.VerifyGymTests.validGymCode(VerifyGymTests.java:48)
	at sun.reflect.NativeMethodAccessorImpl.invoke0(Native Method)
	at sun.reflect.NativeMethodAccessorImpl.invoke(NativeMethodAccessorImpl.java:62)
	at sun.reflect.DelegatingMethodAccessorImpl.invoke(DelegatingMethodAccessorImpl.java:43)
	at java.lang.reflect.Method.invoke(Method.java:498)
	at org.testng.internal.MethodInvocationHelper.invokeMethod(MethodInvocationHelper.java:85)
	at org.testng.internal.Invoker.invokeMethod(Invoker.java:696)
	at org.testng.internal.Invoker.invokeTestMethod(Invoker.java:882)
	at org.testng.internal.Invoker.invokeTestMethods(Invoker.java:1189)
	at org.testng.internal.TestMethodWorker.invokeTestMethods(TestMethodWorker.java:124)
	at org.testng.internal.TestMethodWorker.run(TestMethodWorker.java:108)
	at org.testng.TestRunner.privateRun(TestRunner.java:767)
	at org.testng.TestRunner.run(TestRunner.java:617)
	at org.testng.SuiteRunner.runTest(SuiteRunner.java:348)
	at org.testng.SuiteRunner.runSequentially(SuiteRunner.java:343)
	at org.testng.SuiteRunner.privateRun(SuiteRunner.java:305)
	at org.testng.SuiteRunner.run(SuiteRunner.java:254)
	at org.testng.SuiteRunnerWorker.runSuite(SuiteRunnerWorker.java:52)
	at org.testng.SuiteRunnerWorker.run(SuiteRunnerWorker.java:86)
	at org.testng.TestNG.runSuitesSequentially(TestNG.java:1224)
	at org.testng.TestNG.runSuitesLocally(TestNG.java:1149)
	at org.testng.TestNG.run(TestNG.java:1057)
	at com.intellij.rt.testng.IDEARemoteTestNG.run(IDEARemoteTestNG.java:66)
	at com.intellij.rt.testng.RemoteTestNGStarter.main(RemoteTestNGStarter.java:110)
</stack-trace>
            </failure>
            <steps>
                <step start="1597756472049" stop="1597756472464" status="passed">
                    <name>checkPage</name>
                    <title>Check Page</title>
                    <attachments>
                        <attachment title="Screenshot" source="b2aa1430-1875-472e-9a86-85ad0e00b7cf-attachment.png" type="image/png"/>
                    </attachments>
                </step>
                <step start="1597756472465" stop="1597756472543" status="passed">
                    <name>setGymCode[18GYM]</name>
                    <title>Set Gym Code</title>
                </step>
                <step start="1597756472544" stop="1597756472611" status="failed">
                    <name>successfulLogin</name>
                    <title>Successful login</title>
                </step>
            </steps>
            <attachments/>
            <labels>
                <label name="testSuite" value="Default Suite"/>
                <label name="testGroup" value="FitCrowd"/>
                <label name="testClass" value="com.fit.client.verifyGym.VerifyGymTests"/>
                <label name="testMethod" value="validGymCode"/>
                <label name="host" value="DESKTOP-OH5VSFP"/>
                <label name="thread" value="10504@DESKTOP-OH5VSFP.main(1)"/>
            </labels>
        </test-case>
    </test-cases>
    <labels>
        <label name="framework" value="TestNG"/>
        <label name="language" value="JAVA"/>
    </labels>
</ns2:test-suite>
