<?xml version="1.0" encoding="UTF-8" standalone="yes"?>
<ns2:test-suite start="1597671278379" stop="1597671301669" version="1.5.4" xmlns:ns2="urn:model.allure.qatools.yandex.ru">
    <name>All Test Suite : F:/Workspace/FitCrowd/src/test/java/com/fit/loginPage/LoginPageTests.java</name>
    <title>All Test Suite : F:/Workspace/FitCrowd/src/test/java/com/fit/loginPage/LoginPageTests.java</title>
    <test-cases>
        <test-case start="1597671284611" stop="1597671286738" status="passed">
            <name>validCredentials</name>
            <steps>
                <step start="1597671284650" stop="1597671285233" status="passed">
                    <name>checkPage</name>
                    <title>Check page</title>
                    <attachments>
                        <attachment title="Screenshot" source="d4aa6084-82d5-428b-a33e-8b0ea1afc7b1-attachment.png" type="image/png"/>
                    </attachments>
                    <steps/>
                </step>
                <step start="1597671285234" stop="1597671285787" status="passed">
                    <name>setEmail[iuriet.denis@gmail.com]</name>
                    <title>Set Email</title>
                    <attachments>
                        <attachment title="Screenshot" source="7a4961eb-f2dc-44e0-b161-c00556e5d097-attachment.png" type="image/png"/>
                    </attachments>
                    <steps/>
                </step>
                <step start="1597671285788" stop="1597671286244" status="passed">
                    <name>setPassword[abcd1234]</name>
                    <title>Set Password</title>
                    <attachments>
                        <attachment title="Screenshot" source="886a5b4f-5d3b-4319-ad06-932692f7bf21-attachment.png" type="image/png"/>
                    </attachments>
                    <steps/>
                </step>
                <step start="1597671286245" stop="1597671286734" status="passed">
                    <name>successfulLogin</name>
                    <title>Check successful login</title>
                    <attachments>
                        <attachment title="Screenshot" source="ddeac06f-3fd3-4893-8c5c-29074b426c89-attachment.png" type="image/png"/>
                    </attachments>
                    <steps/>
                </step>
            </steps>
            <attachments/>
            <labels>
                <label name="testSuite" value="All Test Suite"/>
                <label name="testGroup" value="F:/Workspace/FitCrowd/src/test/java/com/fit/loginPage/LoginPageTests.java"/>
                <label name="testClass" value="com.fit.loginPage.LoginPageTests"/>
                <label name="testMethod" value="validCredentials"/>
                <label name="host" value="DESKTOP-OH5VSFP"/>
                <label name="thread" value="9428@DESKTOP-OH5VSFP.main(1)"/>
            </labels>
        </test-case>
        <test-case start="1597671287053" stop="1597671288373" status="passed">
            <name>setClassType</name>
            <steps>
                <step start="1597671286824" stop="1597671286825" status="passed">
                    <name>setFile</name>
                    <attachments/>
                    <steps/>
                </step>
                <step start="1597671287055" stop="1597671287813" status="passed">
                    <name>checkPage</name>
                    <title>Check Page</title>
                    <attachments>
                        <attachment title="Screenshot" source="a74a1fca-63ea-4e27-bf73-e540e0c010bc-attachment.png" type="image/png"/>
                    </attachments>
                    <steps/>
                </step>
                <step start="1597671287814" stop="1597671288003" status="passed">
                    <name>clickCreate</name>
                    <title>Click create button</title>
                    <attachments/>
                    <steps/>
                </step>
                <step start="1597671288007" stop="1597671288373" status="passed">
                    <name>selectClassType</name>
                    <title>Select Class Type</title>
                    <attachments/>
                    <steps/>
                </step>
            </steps>
            <attachments/>
            <labels>
                <label name="testSuite" value="All Test Suite"/>
                <label name="testGroup" value="F:/Workspace/FitCrowd/src/test/java/com/fit/loginPage/LoginPageTests.java"/>
                <label name="testClass" value="com.fit.classesPage.ClassesPageTests"/>
                <label name="testMethod" value="setClassType"/>
                <label name="host" value="DESKTOP-OH5VSFP"/>
                <label name="thread" value="9428@DESKTOP-OH5VSFP.main(1)"/>
            </labels>
        </test-case>
        <test-case start="1597671288374" stop="1597671288725" status="passed">
            <name>setClassLocation</name>
            <steps>
                <step start="1597671288375" stop="1597671288724" status="passed">
                    <name>setClassLocation</name>
                    <title>Set Class Location</title>
                    <attachments/>
                    <steps/>
                </step>
            </steps>
            <attachments/>
            <labels>
                <label name="testSuite" value="All Test Suite"/>
                <label name="testGroup" value="F:/Workspace/FitCrowd/src/test/java/com/fit/loginPage/LoginPageTests.java"/>
                <label name="testClass" value="com.fit.classesPage.ClassesPageTests"/>
                <label name="testMethod" value="setClassLocation"/>
                <label name="host" value="DESKTOP-OH5VSFP"/>
                <label name="thread" value="9428@DESKTOP-OH5VSFP.main(1)"/>
            </labels>
        </test-case>
        <test-case start="1597671288726" stop="1597671289759" status="passed">
            <name>addImage</name>
            <steps>
                <step start="1597671288727" stop="1597671289123" status="passed">
                    <name>checkPage</name>
                    <title>Check Page</title>
                    <attachments>
                        <attachment title="Screenshot" source="381be603-454d-43a8-9a81-05ea6feaa77d-attachment.png" type="image/png"/>
                    </attachments>
                    <steps/>
                </step>
                <step start="1597671289124" stop="1597671289759" status="passed">
                    <name>addImage</name>
                    <title>Add image</title>
                    <attachments>
                        <attachment title="Screenshot" source="8397ba68-0e69-49d1-a232-ca06359633f8-attachment.png" type="image/png"/>
                    </attachments>
                    <steps/>
                </step>
            </steps>
            <attachments/>
            <labels>
                <label name="testSuite" value="All Test Suite"/>
                <label name="testGroup" value="F:/Workspace/FitCrowd/src/test/java/com/fit/loginPage/LoginPageTests.java"/>
                <label name="testClass" value="com.fit.classesPage.ClassesPageTests"/>
                <label name="testMethod" value="addImage"/>
                <label name="host" value="DESKTOP-OH5VSFP"/>
                <label name="thread" value="9428@DESKTOP-OH5VSFP.main(1)"/>
            </labels>
        </test-case>
        <test-case start="1597671289762" stop="1597671290671" status="passed">
            <name>setClassName</name>
            <steps>
                <step start="1597671289763" stop="1597671290671" status="passed">
                    <name>setClassName[Test18]</name>
                    <title>Set Class Name</title>
                    <attachments>
                        <attachment title="Screenshot" source="b0bf68bf-f11a-4786-a7b2-3a68039e873e-attachment.png" type="image/png"/>
                    </attachments>
                    <steps/>
                </step>
            </steps>
            <attachments/>
            <labels>
                <label name="testSuite" value="All Test Suite"/>
                <label name="testGroup" value="F:/Workspace/FitCrowd/src/test/java/com/fit/loginPage/LoginPageTests.java"/>
                <label name="testClass" value="com.fit.classesPage.ClassesPageTests"/>
                <label name="testMethod" value="setClassName"/>
                <label name="host" value="DESKTOP-OH5VSFP"/>
                <label name="thread" value="9428@DESKTOP-OH5VSFP.main(1)"/>
            </labels>
        </test-case>
        <test-case start="1597671290672" stop="1597671291179" status="passed">
            <name>setOpenRegistration</name>
            <steps>
                <step start="1597671290672" stop="1597671291179" status="passed">
                    <name>setOpenRegistration[8]</name>
                    <title>Set Open Registration</title>
                    <attachments>
                        <attachment title="Screenshot" source="99d5378b-43fc-4503-bf9a-8ec04386b135-attachment.png" type="image/png"/>
                    </attachments>
                    <steps/>
                </step>
            </steps>
            <attachments/>
            <labels>
                <label name="testSuite" value="All Test Suite"/>
                <label name="testGroup" value="F:/Workspace/FitCrowd/src/test/java/com/fit/loginPage/LoginPageTests.java"/>
                <label name="testClass" value="com.fit.classesPage.ClassesPageTests"/>
                <label name="testMethod" value="setOpenRegistration"/>
                <label name="host" value="DESKTOP-OH5VSFP"/>
                <label name="thread" value="9428@DESKTOP-OH5VSFP.main(1)"/>
            </labels>
        </test-case>
        <test-case start="1597671291180" stop="1597671291718" status="passed">
            <name>setCloseRegistration</name>
            <steps>
                <step start="1597671291181" stop="1597671291718" status="passed">
                    <name>setCloseRegistration[0]</name>
                    <title>Set Close Registration</title>
                    <attachments>
                        <attachment title="Screenshot" source="645703c1-d149-4397-9052-7f3a33a9fd5a-attachment.png" type="image/png"/>
                    </attachments>
                    <steps/>
                </step>
            </steps>
            <attachments/>
            <labels>
                <label name="testSuite" value="All Test Suite"/>
                <label name="testGroup" value="F:/Workspace/FitCrowd/src/test/java/com/fit/loginPage/LoginPageTests.java"/>
                <label name="testClass" value="com.fit.classesPage.ClassesPageTests"/>
                <label name="testMethod" value="setCloseRegistration"/>
                <label name="host" value="DESKTOP-OH5VSFP"/>
                <label name="thread" value="9428@DESKTOP-OH5VSFP.main(1)"/>
            </labels>
        </test-case>
        <test-case start="1597671291719" stop="1597671292298" status="passed">
            <name>setParticipants</name>
            <steps>
                <step start="1597671291720" stop="1597671292298" status="passed">
                    <name>setParticipants[10]</name>
                    <title>Set Participants</title>
                    <attachments>
                        <attachment title="Screenshot" source="b3656996-2460-4262-803a-32135480fb68-attachment.png" type="image/png"/>
                    </attachments>
                    <steps/>
                </step>
            </steps>
            <attachments/>
            <labels>
                <label name="testSuite" value="All Test Suite"/>
                <label name="testGroup" value="F:/Workspace/FitCrowd/src/test/java/com/fit/loginPage/LoginPageTests.java"/>
                <label name="testClass" value="com.fit.classesPage.ClassesPageTests"/>
                <label name="testMethod" value="setParticipants"/>
                <label name="host" value="DESKTOP-OH5VSFP"/>
                <label name="thread" value="9428@DESKTOP-OH5VSFP.main(1)"/>
            </labels>
        </test-case>
        <test-case start="1597671292299" stop="1597671292845" status="passed">
            <name>setDuration</name>
            <steps>
                <step start="1597671292300" stop="1597671292845" status="passed">
                    <name>setDuration[60]</name>
                    <title>Set duration</title>
                    <attachments>
                        <attachment title="Screenshot" source="224f5db4-6d4d-4a7f-98b6-c8d4d7f99fd5-attachment.png" type="image/png"/>
                    </attachments>
                    <steps/>
                </step>
            </steps>
            <attachments/>
            <labels>
                <label name="testSuite" value="All Test Suite"/>
                <label name="testGroup" value="F:/Workspace/FitCrowd/src/test/java/com/fit/loginPage/LoginPageTests.java"/>
                <label name="testClass" value="com.fit.classesPage.ClassesPageTests"/>
                <label name="testMethod" value="setDuration"/>
                <label name="host" value="DESKTOP-OH5VSFP"/>
                <label name="thread" value="9428@DESKTOP-OH5VSFP.main(1)"/>
            </labels>
        </test-case>
        <test-case start="1597671292847" stop="1597671293616" status="passed">
            <name>setBeginningDate</name>
            <steps>
                <step start="1597671292848" stop="1597671292952" status="passed">
                    <name>clickBeginningDate</name>
                    <title>Click on beginning date</title>
                    <attachments/>
                    <steps/>
                </step>
                <step start="1597671292952" stop="1597671293616" status="passed">
                    <name>setDate[2]</name>
                    <title>Set date</title>
                    <attachments/>
                    <steps/>
                </step>
            </steps>
            <attachments/>
            <labels>
                <label name="testSuite" value="All Test Suite"/>
                <label name="testGroup" value="F:/Workspace/FitCrowd/src/test/java/com/fit/loginPage/LoginPageTests.java"/>
                <label name="testClass" value="com.fit.classesPage.ClassesPageTests"/>
                <label name="testMethod" value="setBeginningDate"/>
                <label name="host" value="DESKTOP-OH5VSFP"/>
                <label name="thread" value="9428@DESKTOP-OH5VSFP.main(1)"/>
            </labels>
        </test-case>
        <test-case start="1597671293617" stop="1597671294405" status="passed">
            <name>setTime</name>
            <steps>
                <step start="1597671293620" stop="1597671294405" status="passed">
                    <name>setTime[, , , ]</name>
                    <title>Set class time</title>
                    <attachments>
                        <attachment title="Screenshot" source="1a271f0d-d5f0-43d9-b2ad-ae2d5769c1fd-attachment.png" type="image/png"/>
                    </attachments>
                    <steps/>
                </step>
            </steps>
            <attachments/>
            <labels>
                <label name="testSuite" value="All Test Suite"/>
                <label name="testGroup" value="F:/Workspace/FitCrowd/src/test/java/com/fit/loginPage/LoginPageTests.java"/>
                <label name="testClass" value="com.fit.classesPage.ClassesPageTests"/>
                <label name="testMethod" value="setTime"/>
                <label name="host" value="DESKTOP-OH5VSFP"/>
                <label name="thread" value="9428@DESKTOP-OH5VSFP.main(1)"/>
            </labels>
        </test-case>
        <test-case start="1597671294406" stop="1597671295129" status="passed">
            <name>setDescription</name>
            <steps>
                <step start="1597671294407" stop="1597671295129" status="passed">
                    <name>setDescription[Class Description]</name>
                    <title>Set class description</title>
                    <attachments>
                        <attachment title="Screenshot" source="4aee97ca-07c5-4942-b577-bcb8353fbf11-attachment.png" type="image/png"/>
                    </attachments>
                    <steps/>
                </step>
            </steps>
            <attachments/>
            <labels>
                <label name="testSuite" value="All Test Suite"/>
                <label name="testGroup" value="F:/Workspace/FitCrowd/src/test/java/com/fit/loginPage/LoginPageTests.java"/>
                <label name="testClass" value="com.fit.classesPage.ClassesPageTests"/>
                <label name="testMethod" value="setDescription"/>
                <label name="host" value="DESKTOP-OH5VSFP"/>
                <label name="thread" value="9428@DESKTOP-OH5VSFP.main(1)"/>
            </labels>
        </test-case>
        <test-case start="1597671295130" stop="1597671295241" status="passed">
            <name>createClass</name>
            <steps>
                <step start="1597671295131" stop="1597671295240" status="passed">
                    <name>createClass</name>
                    <title>Create class</title>
                    <attachments/>
                    <steps/>
                </step>
                <step start="1597671295241" stop="1597671295241" status="passed">
                    <name>closeFile</name>
                    <title>Close file</title>
                    <attachments/>
                    <steps/>
                </step>
            </steps>
            <attachments/>
            <labels>
                <label name="testSuite" value="All Test Suite"/>
                <label name="testGroup" value="F:/Workspace/FitCrowd/src/test/java/com/fit/loginPage/LoginPageTests.java"/>
                <label name="testClass" value="com.fit.classesPage.ClassesPageTests"/>
                <label name="testMethod" value="createClass"/>
                <label name="host" value="DESKTOP-OH5VSFP"/>
                <label name="thread" value="9428@DESKTOP-OH5VSFP.main(1)"/>
            </labels>
        </test-case>
        <test-case start="1597671295242" stop="1597671296178" status="passed">
            <name>confirmClass</name>
            <steps>
                <step start="1597671295244" stop="1597671295831" status="passed">
                    <name>checkPage</name>
                    <title>Check Page</title>
                    <attachments>
                        <attachment title="Screenshot" source="aca24eba-daa7-4612-bb5a-2eabb3a67cd1-attachment.png" type="image/png"/>
                    </attachments>
                    <steps/>
                </step>
                <step start="1597671295831" stop="1597671296178" status="passed">
                    <name>confirmClass</name>
                    <title>Check if class was created</title>
                    <attachments/>
                    <steps/>
                </step>
            </steps>
            <attachments/>
            <labels>
                <label name="testSuite" value="All Test Suite"/>
                <label name="testGroup" value="F:/Workspace/FitCrowd/src/test/java/com/fit/loginPage/LoginPageTests.java"/>
                <label name="testClass" value="com.fit.classesPage.ClassesPageTests"/>
                <label name="testMethod" value="confirmClass"/>
                <label name="host" value="DESKTOP-OH5VSFP"/>
                <label name="thread" value="9428@DESKTOP-OH5VSFP.main(1)"/>
            </labels>
        </test-case>
        <test-case start="1597671296438" stop="1597671297770" status="passed">
            <name>checkClassType</name>
            <steps>
                <step start="1597671296440" stop="1597671297192" status="passed">
                    <name>checkPage</name>
                    <title>Check Page</title>
                    <attachments>
                        <attachment title="Screenshot" source="4168ac6e-0787-4f21-b580-5959d0c5d78d-attachment.png" type="image/png"/>
                    </attachments>
                    <steps/>
                </step>
                <step start="1597671297193" stop="1597671297318" status="passed">
                    <name>selectClass</name>
                    <title>Select Class</title>
                    <attachments/>
                    <steps/>
                </step>
                <step start="1597671297319" stop="1597671297770" status="passed">
                    <name>checkClassType</name>
                    <title>Check Class Type</title>
                    <attachments>
                        <attachment title="Screenshot" source="fe927283-68d1-4143-8d84-ed2c5e328646-attachment.png" type="image/png"/>
                    </attachments>
                    <steps/>
                </step>
            </steps>
            <attachments/>
            <labels>
                <label name="testSuite" value="All Test Suite"/>
                <label name="testGroup" value="F:/Workspace/FitCrowd/src/test/java/com/fit/loginPage/LoginPageTests.java"/>
                <label name="testClass" value="com.fit.schedulePage.SchedulePageTests"/>
                <label name="testMethod" value="checkClassType"/>
                <label name="host" value="DESKTOP-OH5VSFP"/>
                <label name="thread" value="9428@DESKTOP-OH5VSFP.main(1)"/>
            </labels>
        </test-case>
        <test-case start="1597671297771" stop="1597671298211" status="passed">
            <name>checkClassCloseRegistration</name>
            <steps>
                <step start="1597671297772" stop="1597671298178" status="passed">
                    <name>checkPage</name>
                    <title>Check Page</title>
                    <attachments>
                        <attachment title="Screenshot" source="c64ef921-e480-4b39-818a-396d8e5f99cc-attachment.png" type="image/png"/>
                    </attachments>
                    <steps/>
                </step>
                <step start="1597671298179" stop="1597671298211" status="passed">
                    <name>checkCloseRegistration</name>
                    <title>Check Close Registration</title>
                    <attachments/>
                    <steps/>
                </step>
            </steps>
            <attachments/>
            <labels>
                <label name="testSuite" value="All Test Suite"/>
                <label name="testGroup" value="F:/Workspace/FitCrowd/src/test/java/com/fit/loginPage/LoginPageTests.java"/>
                <label name="testClass" value="com.fit.schedulePage.SchedulePageTests"/>
                <label name="testMethod" value="checkClassCloseRegistration"/>
                <label name="host" value="DESKTOP-OH5VSFP"/>
                <label name="thread" value="9428@DESKTOP-OH5VSFP.main(1)"/>
            </labels>
        </test-case>
        <test-case start="1597671298212" stop="1597671298652" status="failed">
            <name>checkClassDate</name>
            <failure>
                <message>AssertionError: expected [2020-08-19] but found [2020-08-12]</message>
                <stack-trace>java.lang.AssertionError: expected [2020-08-19] but found [2020-08-12]
	at org.testng.Assert.fail(Assert.java:94)
	at org.testng.Assert.failNotEquals(Assert.java:494)
	at org.testng.Assert.assertEquals(Assert.java:123)
	at org.testng.Assert.assertEquals(Assert.java:176)
	at org.testng.Assert.assertEquals(Assert.java:186)
	at com.fit.schedulePage.SchedulePage.checkClassDate(SchedulePage.java:81)
	at com.fit.schedulePage.SchedulePageTests.checkClassDate(SchedulePageTests.java:52)
	at sun.reflect.NativeMethodAccessorImpl.invoke0(Native Method)
	at sun.reflect.NativeMethodAccessorImpl.invoke(NativeMethodAccessorImpl.java:62)
	at sun.reflect.DelegatingMethodAccessorImpl.invoke(DelegatingMethodAccessorImpl.java:43)
	at java.lang.reflect.Method.invoke(Method.java:498)
	at org.testng.internal.MethodInvocationHelper.invokeMethod(MethodInvocationHelper.java:85)
	at org.testng.internal.Invoker.invokeMethod(Invoker.java:696)
	at org.testng.internal.Invoker.invokeTestMethod(Invoker.java:882)
	at org.testng.internal.Invoker.invokeTestMethods(Invoker.java:1189)
	at org.testng.internal.TestMethodWorker.invokeTestMethods(TestMethodWorker.java:124)
	at org.testng.internal.TestMethodWorker.run(TestMethodWorker.java:108)
	at org.testng.TestRunner.privateRun(TestRunner.java:767)
	at org.testng.TestRunner.run(TestRunner.java:617)
	at org.testng.SuiteRunner.runTest(SuiteRunner.java:348)
	at org.testng.SuiteRunner.runSequentially(SuiteRunner.java:343)
	at org.testng.SuiteRunner.privateRun(SuiteRunner.java:305)
	at org.testng.SuiteRunner.run(SuiteRunner.java:254)
	at org.testng.SuiteRunnerWorker.runSuite(SuiteRunnerWorker.java:52)
	at org.testng.SuiteRunnerWorker.run(SuiteRunnerWorker.java:86)
	at org.testng.TestNG.runSuitesSequentially(TestNG.java:1224)
	at org.testng.TestNG.runSuitesLocally(TestNG.java:1149)
	at org.testng.TestNG.run(TestNG.java:1057)
	at com.intellij.rt.testng.IDEARemoteTestNG.run(IDEARemoteTestNG.java:66)
	at com.intellij.rt.testng.RemoteTestNGStarter.main(RemoteTestNGStarter.java:110)
</stack-trace>
            </failure>
            <steps>
                <step start="1597671298213" stop="1597671298612" status="passed">
                    <name>checkPage</name>
                    <title>Check Page</title>
                    <attachments>
                        <attachment title="Screenshot" source="7717cc13-21c3-41ae-8623-74ad52b1691c-attachment.png" type="image/png"/>
                    </attachments>
                </step>
                <step start="1597671298613" stop="1597671298639" status="failed">
                    <name>checkClassDate</name>
                    <title>Check Class Date</title>
                </step>
            </steps>
            <attachments/>
            <labels>
                <label name="testSuite" value="All Test Suite"/>
                <label name="testGroup" value="F:/Workspace/FitCrowd/src/test/java/com/fit/loginPage/LoginPageTests.java"/>
                <label name="testClass" value="com.fit.schedulePage.SchedulePageTests"/>
                <label name="testMethod" value="checkClassDate"/>
                <label name="host" value="DESKTOP-OH5VSFP"/>
                <label name="thread" value="9428@DESKTOP-OH5VSFP.main(1)"/>
            </labels>
        </test-case>
        <test-case start="1597671298652" stop="1597671299124" status="passed">
            <name>checkClassDescription</name>
            <steps>
                <step start="1597671298653" stop="1597671299083" status="passed">
                    <name>checkPage</name>
                    <title>Check Page</title>
                    <attachments>
                        <attachment title="Screenshot" source="c67031d7-8a8a-4de7-8e5b-f892be87669a-attachment.png" type="image/png"/>
                    </attachments>
                    <steps/>
                </step>
                <step start="1597671299085" stop="1597671299123" status="passed">
                    <name>checkDescription</name>
                    <title>Check Description</title>
                    <attachments/>
                    <steps/>
                </step>
            </steps>
            <attachments/>
            <labels>
                <label name="testSuite" value="All Test Suite"/>
                <label name="testGroup" value="F:/Workspace/FitCrowd/src/test/java/com/fit/loginPage/LoginPageTests.java"/>
                <label name="testClass" value="com.fit.schedulePage.SchedulePageTests"/>
                <label name="testMethod" value="checkClassDescription"/>
                <label name="host" value="DESKTOP-OH5VSFP"/>
                <label name="thread" value="9428@DESKTOP-OH5VSFP.main(1)"/>
            </labels>
        </test-case>
        <test-case start="1597671299125" stop="1597671299546" status="failed">
            <name>checkClassLocation</name>
            <failure>
                <message>AssertionError: expected [DENIS] but found [18 GYM Gheorgheni]</message>
                <stack-trace>java.lang.AssertionError: expected [DENIS] but found [18 GYM Gheorgheni]
	at org.testng.Assert.fail(Assert.java:94)
	at org.testng.Assert.failNotEquals(Assert.java:494)
	at org.testng.Assert.assertEquals(Assert.java:123)
	at org.testng.Assert.assertEquals(Assert.java:176)
	at org.testng.Assert.assertEquals(Assert.java:186)
	at com.fit.schedulePage.SchedulePage.checkClassLocation(SchedulePage.java:74)
	at com.fit.schedulePage.SchedulePageTests.checkClassLocation(SchedulePageTests.java:46)
	at sun.reflect.NativeMethodAccessorImpl.invoke0(Native Method)
	at sun.reflect.NativeMethodAccessorImpl.invoke(NativeMethodAccessorImpl.java:62)
	at sun.reflect.DelegatingMethodAccessorImpl.invoke(DelegatingMethodAccessorImpl.java:43)
	at java.lang.reflect.Method.invoke(Method.java:498)
	at org.testng.internal.MethodInvocationHelper.invokeMethod(MethodInvocationHelper.java:85)
	at org.testng.internal.Invoker.invokeMethod(Invoker.java:696)
	at org.testng.internal.Invoker.invokeTestMethod(Invoker.java:882)
	at org.testng.internal.Invoker.invokeTestMethods(Invoker.java:1189)
	at org.testng.internal.TestMethodWorker.invokeTestMethods(TestMethodWorker.java:124)
	at org.testng.internal.TestMethodWorker.run(TestMethodWorker.java:108)
	at org.testng.TestRunner.privateRun(TestRunner.java:767)
	at org.testng.TestRunner.run(TestRunner.java:617)
	at org.testng.SuiteRunner.runTest(SuiteRunner.java:348)
	at org.testng.SuiteRunner.runSequentially(SuiteRunner.java:343)
	at org.testng.SuiteRunner.privateRun(SuiteRunner.java:305)
	at org.testng.SuiteRunner.run(SuiteRunner.java:254)
	at org.testng.SuiteRunnerWorker.runSuite(SuiteRunnerWorker.java:52)
	at org.testng.SuiteRunnerWorker.run(SuiteRunnerWorker.java:86)
	at org.testng.TestNG.runSuitesSequentially(TestNG.java:1224)
	at org.testng.TestNG.runSuitesLocally(TestNG.java:1149)
	at org.testng.TestNG.run(TestNG.java:1057)
	at com.intellij.rt.testng.IDEARemoteTestNG.run(IDEARemoteTestNG.java:66)
	at com.intellij.rt.testng.RemoteTestNGStarter.main(RemoteTestNGStarter.java:110)
</stack-trace>
            </failure>
            <steps>
                <step start="1597671299126" stop="1597671299517" status="passed">
                    <name>checkPage</name>
                    <title>Check Page</title>
                    <attachments>
                        <attachment title="Screenshot" source="d6e37fff-a0eb-4e61-9636-edde03402630-attachment.png" type="image/png"/>
                    </attachments>
                </step>
                <step start="1597671299517" stop="1597671299545" status="failed">
                    <name>checkClassLocation</name>
                    <title>Check Class Location</title>
                </step>
            </steps>
            <attachments/>
            <labels>
                <label name="testSuite" value="All Test Suite"/>
                <label name="testGroup" value="F:/Workspace/FitCrowd/src/test/java/com/fit/loginPage/LoginPageTests.java"/>
                <label name="testClass" value="com.fit.schedulePage.SchedulePageTests"/>
                <label name="testMethod" value="checkClassLocation"/>
                <label name="host" value="DESKTOP-OH5VSFP"/>
                <label name="thread" value="9428@DESKTOP-OH5VSFP.main(1)"/>
            </labels>
        </test-case>
        <test-case start="1597671299547" stop="1597671299961" status="failed">
            <name>checkClassName</name>
            <failure>
                <message>AssertionError: expected [Test18] but found [Test15]</message>
                <stack-trace>java.lang.AssertionError: expected [Test18] but found [Test15]
	at org.testng.Assert.fail(Assert.java:94)
	at org.testng.Assert.failNotEquals(Assert.java:494)
	at org.testng.Assert.assertEquals(Assert.java:123)
	at org.testng.Assert.assertEquals(Assert.java:176)
	at org.testng.Assert.assertEquals(Assert.java:186)
	at com.fit.schedulePage.SchedulePage.checkClassName(SchedulePage.java:67)
	at com.fit.schedulePage.SchedulePageTests.checkClassName(SchedulePageTests.java:40)
	at sun.reflect.NativeMethodAccessorImpl.invoke0(Native Method)
	at sun.reflect.NativeMethodAccessorImpl.invoke(NativeMethodAccessorImpl.java:62)
	at sun.reflect.DelegatingMethodAccessorImpl.invoke(DelegatingMethodAccessorImpl.java:43)
	at java.lang.reflect.Method.invoke(Method.java:498)
	at org.testng.internal.MethodInvocationHelper.invokeMethod(MethodInvocationHelper.java:85)
	at org.testng.internal.Invoker.invokeMethod(Invoker.java:696)
	at org.testng.internal.Invoker.invokeTestMethod(Invoker.java:882)
	at org.testng.internal.Invoker.invokeTestMethods(Invoker.java:1189)
	at org.testng.internal.TestMethodWorker.invokeTestMethods(TestMethodWorker.java:124)
	at org.testng.internal.TestMethodWorker.run(TestMethodWorker.java:108)
	at org.testng.TestRunner.privateRun(TestRunner.java:767)
	at org.testng.TestRunner.run(TestRunner.java:617)
	at org.testng.SuiteRunner.runTest(SuiteRunner.java:348)
	at org.testng.SuiteRunner.runSequentially(SuiteRunner.java:343)
	at org.testng.SuiteRunner.privateRun(SuiteRunner.java:305)
	at org.testng.SuiteRunner.run(SuiteRunner.java:254)
	at org.testng.SuiteRunnerWorker.runSuite(SuiteRunnerWorker.java:52)
	at org.testng.SuiteRunnerWorker.run(SuiteRunnerWorker.java:86)
	at org.testng.TestNG.runSuitesSequentially(TestNG.java:1224)
	at org.testng.TestNG.runSuitesLocally(TestNG.java:1149)
	at org.testng.TestNG.run(TestNG.java:1057)
	at com.intellij.rt.testng.IDEARemoteTestNG.run(IDEARemoteTestNG.java:66)
	at com.intellij.rt.testng.RemoteTestNGStarter.main(RemoteTestNGStarter.java:110)
</stack-trace>
            </failure>
            <steps>
                <step start="1597671299547" stop="1597671299939" status="passed">
                    <name>checkPage</name>
                    <title>Check Page</title>
                    <attachments>
                        <attachment title="Screenshot" source="5ee4802b-9153-4437-b341-b3763c425523-attachment.png" type="image/png"/>
                    </attachments>
                </step>
                <step start="1597671299940" stop="1597671299960" status="failed">
                    <name>checkClassName</name>
                    <title>Check Class Name</title>
                </step>
            </steps>
            <attachments/>
            <labels>
                <label name="testSuite" value="All Test Suite"/>
                <label name="testGroup" value="F:/Workspace/FitCrowd/src/test/java/com/fit/loginPage/LoginPageTests.java"/>
                <label name="testClass" value="com.fit.schedulePage.SchedulePageTests"/>
                <label name="testMethod" value="checkClassName"/>
                <label name="host" value="DESKTOP-OH5VSFP"/>
                <label name="thread" value="9428@DESKTOP-OH5VSFP.main(1)"/>
            </labels>
        </test-case>
        <test-case start="1597671299962" stop="1597671300382" status="passed">
            <name>checkClassOpenRegistration</name>
            <steps>
                <step start="1597671299963" stop="1597671300353" status="passed">
                    <name>checkPage</name>
                    <title>Check Page</title>
                    <attachments>
                        <attachment title="Screenshot" source="3ae99999-04f4-439a-9bf2-64aac49926d0-attachment.png" type="image/png"/>
                    </attachments>
                    <steps/>
                </step>
                <step start="1597671300353" stop="1597671300382" status="passed">
                    <name>checkOpenRegistration</name>
                    <title>Check Open Registraion</title>
                    <attachments/>
                    <steps/>
                </step>
            </steps>
            <attachments/>
            <labels>
                <label name="testSuite" value="All Test Suite"/>
                <label name="testGroup" value="F:/Workspace/FitCrowd/src/test/java/com/fit/loginPage/LoginPageTests.java"/>
                <label name="testClass" value="com.fit.schedulePage.SchedulePageTests"/>
                <label name="testMethod" value="checkClassOpenRegistration"/>
                <label name="host" value="DESKTOP-OH5VSFP"/>
                <label name="thread" value="9428@DESKTOP-OH5VSFP.main(1)"/>
            </labels>
        </test-case>
        <test-case start="1597671300384" stop="1597671300799" status="passed">
            <name>checkClassParticipants</name>
            <steps>
                <step start="1597671300384" stop="1597671300768" status="passed">
                    <name>checkPage</name>
                    <title>Check Page</title>
                    <attachments>
                        <attachment title="Screenshot" source="54d1202a-855e-4671-a112-352e8309d158-attachment.png" type="image/png"/>
                    </attachments>
                    <steps/>
                </step>
                <step start="1597671300769" stop="1597671300799" status="passed">
                    <name>checkClassParticipants</name>
                    <title>Check Max No. Of Participants</title>
                    <attachments/>
                    <steps/>
                </step>
            </steps>
            <attachments/>
            <labels>
                <label name="testSuite" value="All Test Suite"/>
                <label name="testGroup" value="F:/Workspace/FitCrowd/src/test/java/com/fit/loginPage/LoginPageTests.java"/>
                <label name="testClass" value="com.fit.schedulePage.SchedulePageTests"/>
                <label name="testMethod" value="checkClassParticipants"/>
                <label name="host" value="DESKTOP-OH5VSFP"/>
                <label name="thread" value="9428@DESKTOP-OH5VSFP.main(1)"/>
            </labels>
        </test-case>
        <test-case start="1597671300800" stop="1597671301242" status="passed">
            <name>checkFinishTime</name>
            <steps>
                <step start="1597671300800" stop="1597671301184" status="passed">
                    <name>checkPage</name>
                    <title>Check Page</title>
                    <attachments>
                        <attachment title="Screenshot" source="29451384-12de-4002-aa4d-5bd437bc26d1-attachment.png" type="image/png"/>
                    </attachments>
                    <steps/>
                </step>
                <step start="1597671301185" stop="1597671301242" status="passed">
                    <name>checkFinishTime</name>
                    <title>Check Finish Time</title>
                    <attachments/>
                    <steps/>
                </step>
            </steps>
            <attachments/>
            <labels>
                <label name="testSuite" value="All Test Suite"/>
                <label name="testGroup" value="F:/Workspace/FitCrowd/src/test/java/com/fit/loginPage/LoginPageTests.java"/>
                <label name="testClass" value="com.fit.schedulePage.SchedulePageTests"/>
                <label name="testMethod" value="checkFinishTime"/>
                <label name="host" value="DESKTOP-OH5VSFP"/>
                <label name="thread" value="9428@DESKTOP-OH5VSFP.main(1)"/>
            </labels>
        </test-case>
        <test-case start="1597671301242" stop="1597671301667" status="failed">
            <name>checkStartTime</name>
            <failure>
                <message>AssertionError: expected [21:16] but found [23:45]</message>
                <stack-trace>java.lang.AssertionError: expected [21:16] but found [23:45]
	at org.testng.Assert.fail(Assert.java:94)
	at org.testng.Assert.failNotEquals(Assert.java:494)
	at org.testng.Assert.assertEquals(Assert.java:123)
	at org.testng.Assert.assertEquals(Assert.java:176)
	at org.testng.Assert.assertEquals(Assert.java:186)
	at com.fit.schedulePage.SchedulePage.checkStartTime(SchedulePage.java:88)
	at com.fit.schedulePage.SchedulePageTests.checkStartTime(SchedulePageTests.java:58)
	at sun.reflect.NativeMethodAccessorImpl.invoke0(Native Method)
	at sun.reflect.NativeMethodAccessorImpl.invoke(NativeMethodAccessorImpl.java:62)
	at sun.reflect.DelegatingMethodAccessorImpl.invoke(DelegatingMethodAccessorImpl.java:43)
	at java.lang.reflect.Method.invoke(Method.java:498)
	at org.testng.internal.MethodInvocationHelper.invokeMethod(MethodInvocationHelper.java:85)
	at org.testng.internal.Invoker.invokeMethod(Invoker.java:696)
	at org.testng.internal.Invoker.invokeTestMethod(Invoker.java:882)
	at org.testng.internal.Invoker.invokeTestMethods(Invoker.java:1189)
	at org.testng.internal.TestMethodWorker.invokeTestMethods(TestMethodWorker.java:124)
	at org.testng.internal.TestMethodWorker.run(TestMethodWorker.java:108)
	at org.testng.TestRunner.privateRun(TestRunner.java:767)
	at org.testng.TestRunner.run(TestRunner.java:617)
	at org.testng.SuiteRunner.runTest(SuiteRunner.java:348)
	at org.testng.SuiteRunner.runSequentially(SuiteRunner.java:343)
	at org.testng.SuiteRunner.privateRun(SuiteRunner.java:305)
	at org.testng.SuiteRunner.run(SuiteRunner.java:254)
	at org.testng.SuiteRunnerWorker.runSuite(SuiteRunnerWorker.java:52)
	at org.testng.SuiteRunnerWorker.run(SuiteRunnerWorker.java:86)
	at org.testng.TestNG.runSuitesSequentially(TestNG.java:1224)
	at org.testng.TestNG.runSuitesLocally(TestNG.java:1149)
	at org.testng.TestNG.run(TestNG.java:1057)
	at com.intellij.rt.testng.IDEARemoteTestNG.run(IDEARemoteTestNG.java:66)
	at com.intellij.rt.testng.RemoteTestNGStarter.main(RemoteTestNGStarter.java:110)
</stack-trace>
            </failure>
            <steps>
                <step start="1597671301243" stop="1597671301647" status="passed">
                    <name>checkPage</name>
                    <title>Check Page</title>
                    <attachments>
                        <attachment title="Screenshot" source="7d4d2fc2-4e88-43f5-b888-c75457488255-attachment.png" type="image/png"/>
                    </attachments>
                </step>
                <step start="1597671301647" stop="1597671301666" status="failed">
                    <name>checkStartTime</name>
                    <title>Check Start Time</title>
                </step>
            </steps>
            <attachments/>
            <labels>
                <label name="testSuite" value="All Test Suite"/>
                <label name="testGroup" value="F:/Workspace/FitCrowd/src/test/java/com/fit/loginPage/LoginPageTests.java"/>
                <label name="testClass" value="com.fit.schedulePage.SchedulePageTests"/>
                <label name="testMethod" value="checkStartTime"/>
                <label name="host" value="DESKTOP-OH5VSFP"/>
                <label name="thread" value="9428@DESKTOP-OH5VSFP.main(1)"/>
            </labels>
        </test-case>
    </test-cases>
    <labels>
        <label name="framework" value="TestNG"/>
        <label name="language" value="JAVA"/>
    </labels>
</ns2:test-suite>
