<?xml version="1.0" encoding="UTF-8" standalone="yes"?>
<ns2:test-suite start="1597939069480" stop="1597939156595" version="1.5.4" xmlns:ns2="urn:model.allure.qatools.yandex.ru">
    <name>All Test Suite : F:/Workspace/FitCrowd/src/test/java/com/fit/loginPage/LoginPageTests.java</name>
    <title>All Test Suite : F:/Workspace/FitCrowd/src/test/java/com/fit/loginPage/LoginPageTests.java</title>
    <test-cases>
        <test-case start="1597939075830" stop="1597939078474" status="passed">
            <name>validGymCode</name>
            <steps>
                <step start="1597939075903" stop="1597939076654" status="passed">
                    <name>checkPage</name>
                    <title>Check Page</title>
                    <attachments>
                        <attachment title="Screenshot" source="77dee73d-cb1e-44a6-951a-32e51b0055c6-attachment.png" type="image/png"/>
                    </attachments>
                    <steps/>
                </step>
                <step start="1597939076655" stop="1597939076806" status="passed">
                    <name>setGymCode[18GYM]</name>
                    <title>Set Gym Code</title>
                    <attachments/>
                    <steps/>
                </step>
                <step start="1597939076807" stop="1597939078469" status="passed">
                    <name>successfulLogin</name>
                    <title>Successful login</title>
                    <attachments/>
                    <steps/>
                </step>
            </steps>
            <attachments/>
            <labels>
                <label name="testSuite" value="All Test Suite"/>
                <label name="testGroup" value="F:/Workspace/FitCrowd/src/test/java/com/fit/loginPage/LoginPageTests.java"/>
                <label name="testClass" value="com.fit.client.verifyGym.VerifyGymTests"/>
                <label name="testMethod" value="validGymCode"/>
                <label name="host" value="DESKTOP-OH5VSFP"/>
                <label name="thread" value="18520@DESKTOP-OH5VSFP.main(1)"/>
            </labels>
        </test-case>
        <test-case start="1597939078889" stop="1597939080142" status="passed">
            <name>validCredentials</name>
            <steps>
                <step start="1597939078892" stop="1597939079323" status="passed">
                    <name>checkPage</name>
                    <title>Check page</title>
                    <attachments>
                        <attachment title="Screenshot" source="5f18e0ad-2dc0-48fa-8ab9-2d29dd34e3d0-attachment.png" type="image/png"/>
                    </attachments>
                    <steps/>
                </step>
                <step start="1597939079324" stop="1597939079466" status="passed">
                    <name>setEmail[denis.yonutz98@gmail.com]</name>
                    <title>Set Email</title>
                    <attachments/>
                    <steps/>
                </step>
                <step start="1597939079467" stop="1597939079563" status="passed">
                    <name>setPassword[abcd4321]</name>
                    <title>Set Password</title>
                    <attachments/>
                    <steps/>
                </step>
                <step start="1597939079564" stop="1597939080142" status="passed">
                    <name>successfulLogin</name>
                    <title>Successful Login</title>
                    <attachments/>
                    <steps/>
                </step>
            </steps>
            <attachments/>
            <labels>
                <label name="testSuite" value="All Test Suite"/>
                <label name="testGroup" value="F:/Workspace/FitCrowd/src/test/java/com/fit/loginPage/LoginPageTests.java"/>
                <label name="testClass" value="com.fit.client.login.LoginPageTests"/>
                <label name="testMethod" value="validCredentials"/>
                <label name="host" value="DESKTOP-OH5VSFP"/>
                <label name="thread" value="18520@DESKTOP-OH5VSFP.main(1)"/>
            </labels>
        </test-case>
        <test-case start="1597939080280" stop="1597939081234" status="passed">
            <name>selectDate</name>
            <steps>
                <step start="1597939080284" stop="1597939081068" status="passed">
                    <name>checkPage</name>
                    <title>Check Page</title>
                    <attachments>
                        <attachment title="Screenshot" source="fa5d7446-b3f5-433d-b858-661197c1abd6-attachment.png" type="image/png"/>
                    </attachments>
                    <steps/>
                </step>
                <step start="1597939081069" stop="1597939081188" status="passed">
                    <name>dayView</name>
                    <title>View Classes/Day</title>
                    <attachments/>
                    <steps/>
                </step>
                <step start="1597939081193" stop="1597939081234" status="passed">
                    <name>selectDate[8, 20]</name>
                    <title>Get calendar date</title>
                    <attachments/>
                    <steps/>
                </step>
            </steps>
            <attachments/>
            <labels>
                <label name="testSuite" value="All Test Suite"/>
                <label name="testGroup" value="F:/Workspace/FitCrowd/src/test/java/com/fit/loginPage/LoginPageTests.java"/>
                <label name="testClass" value="com.fit.client.schedule.SchedulePageTests"/>
                <label name="testMethod" value="selectDate"/>
                <label name="host" value="DESKTOP-OH5VSFP"/>
                <label name="thread" value="18520@DESKTOP-OH5VSFP.main(1)"/>
            </labels>
        </test-case>
        <test-case start="1597939081236" stop="1597939084658" status="passed">
            <name>bookClass</name>
            <steps>
                <step start="1597939081237" stop="1597939081633" status="passed">
                    <name>checkPage</name>
                    <title>Check Page</title>
                    <attachments>
                        <attachment title="Screenshot" source="72c03409-f9c5-4026-b210-5157ddd8089b-attachment.png" type="image/png"/>
                    </attachments>
                    <steps/>
                </step>
                <step start="1597939081633" stop="1597939084658" status="passed">
                    <name>bookClass</name>
                    <title>Select class</title>
                    <attachments/>
                    <steps>
                        <step start="1597939081861" stop="1597939081896" status="passed">
                            <name>checkNoOfParticipants</name>
                            <title>Check no. of participants</title>
                            <attachments/>
                            <steps/>
                        </step>
                        <step start="1597939081898" stop="1597939081937" status="passed">
                            <name>checkReservations</name>
                            <title>Check Reservations</title>
                            <attachments/>
                            <steps/>
                        </step>
                        <step start="1597939082312" stop="1597939082336" status="passed">
                            <name>checkNoOfParticipants</name>
                            <title>Check no. of participants</title>
                            <attachments/>
                            <steps/>
                        </step>
                        <step start="1597939082336" stop="1597939082361" status="passed">
                            <name>checkReservations</name>
                            <title>Check Reservations</title>
                            <attachments/>
                            <steps/>
                        </step>
                        <step start="1597939084057" stop="1597939084081" status="passed">
                            <name>getAlertMessage</name>
                            <title>Get alert message</title>
                            <attachments/>
                            <steps/>
                        </step>
                        <step start="1597939084307" stop="1597939084592" status="passed">
                            <name>getClassDetails</name>
                            <title>Get class details</title>
                            <attachments/>
                            <steps/>
                        </step>
                    </steps>
                </step>
            </steps>
            <attachments/>
            <labels>
                <label name="testSuite" value="All Test Suite"/>
                <label name="testGroup" value="F:/Workspace/FitCrowd/src/test/java/com/fit/loginPage/LoginPageTests.java"/>
                <label name="testClass" value="com.fit.client.schedule.SchedulePageTests"/>
                <label name="testMethod" value="bookClass"/>
                <label name="host" value="DESKTOP-OH5VSFP"/>
                <label name="thread" value="18520@DESKTOP-OH5VSFP.main(1)"/>
            </labels>
        </test-case>
        <test-case start="1597939084659" stop="1597939085551" status="passed">
            <name>attendToOnlineClass</name>
            <steps>
                <step start="1597939084660" stop="1597939085132" status="passed">
                    <name>checkPage</name>
                    <title>Check Page</title>
                    <attachments>
                        <attachment title="Screenshot" source="60247d60-e05c-402f-b7ab-dbd7c9f1609a-attachment.png" type="image/png"/>
                    </attachments>
                    <steps/>
                </step>
                <step start="1597939085133" stop="1597939085550" status="passed">
                    <name>attendToOnlineClass</name>
                    <title>Attend to Online Class</title>
                    <attachments/>
                    <steps/>
                </step>
            </steps>
            <attachments/>
            <labels>
                <label name="testSuite" value="All Test Suite"/>
                <label name="testGroup" value="F:/Workspace/FitCrowd/src/test/java/com/fit/loginPage/LoginPageTests.java"/>
                <label name="testClass" value="com.fit.client.schedule.SchedulePageTests"/>
                <label name="testMethod" value="attendToOnlineClass"/>
                <label name="host" value="DESKTOP-OH5VSFP"/>
                <label name="thread" value="18520@DESKTOP-OH5VSFP.main(1)"/>
            </labels>
        </test-case>
        <test-case start="1597939086670" stop="1597939087650" status="passed">
            <name>checkAttendClass</name>
            <steps>
                <step start="1597939086673" stop="1597939087113" status="passed">
                    <name>checkPage</name>
                    <title>Check Page</title>
                    <attachments>
                        <attachment title="Screenshot" source="7a39ebe1-3687-443f-b6a2-0a7eb663684b-attachment.png" type="image/png"/>
                    </attachments>
                    <steps/>
                </step>
                <step start="1597939087114" stop="1597939087649" status="passed">
                    <name>checkAttendClass</name>
                    <title>Check Attend Class</title>
                    <attachments/>
                    <steps>
                        <step start="1597939087114" stop="1597939087423" status="passed">
                            <name>selectClass</name>
                            <title>Select Class</title>
                            <attachments/>
                            <steps/>
                        </step>
                    </steps>
                </step>
            </steps>
            <attachments/>
            <labels>
                <label name="testSuite" value="All Test Suite"/>
                <label name="testGroup" value="F:/Workspace/FitCrowd/src/test/java/com/fit/loginPage/LoginPageTests.java"/>
                <label name="testClass" value="com.fit.client.appointments.AppointmentsPageTests"/>
                <label name="testMethod" value="checkAttendClass"/>
                <label name="host" value="DESKTOP-OH5VSFP"/>
                <label name="thread" value="18520@DESKTOP-OH5VSFP.main(1)"/>
            </labels>
        </test-case>
        <test-case start="1597939087848" stop="1597939089245" status="passed">
            <name>checkClass</name>
            <steps>
                <step start="1597939087850" stop="1597939088317" status="passed">
                    <name>checkPage</name>
                    <title>Check Page</title>
                    <attachments>
                        <attachment title="Screenshot" source="610d7204-1a9e-4237-bffd-a207f49f9a9a-attachment.png" type="image/png"/>
                    </attachments>
                    <steps/>
                </step>
                <step start="1597939088317" stop="1597939088932" status="passed">
                    <name>viewClass</name>
                    <title>View Class</title>
                    <attachments/>
                    <steps>
                        <step start="1597939088318" stop="1597939088592" status="passed">
                            <name>selectClass</name>
                            <title>Select Class</title>
                            <attachments/>
                            <steps/>
                        </step>
                    </steps>
                </step>
                <step start="1597939088933" stop="1597939088970" status="passed">
                    <name>checkClassName</name>
                    <title>Check Class Name</title>
                    <attachments/>
                    <steps/>
                </step>
                <step start="1597939088970" stop="1597939088994" status="passed">
                    <name>checkClassType</name>
                    <title>Check Class Type</title>
                    <attachments/>
                    <steps/>
                </step>
                <step start="1597939088994" stop="1597939089014" status="passed">
                    <name>checkClassStatus</name>
                    <title>Check Class Status</title>
                    <attachments/>
                    <steps/>
                </step>
                <step start="1597939089014" stop="1597939089043" status="passed">
                    <name>checkClassTrainer</name>
                    <title>Check Class Trainer</title>
                    <attachments/>
                    <steps/>
                </step>
                <step start="1597939089044" stop="1597939089064" status="passed">
                    <name>checkClassDate</name>
                    <title>Check Class Date</title>
                    <attachments/>
                    <steps/>
                </step>
                <step start="1597939089064" stop="1597939089094" status="passed">
                    <name>checkClassStartTime</name>
                    <title>Check Class Start Time</title>
                    <attachments/>
                    <steps/>
                </step>
                <step start="1597939089095" stop="1597939089119" status="passed">
                    <name>checkClassFinishTime</name>
                    <title>Check Class Finish Time</title>
                    <attachments/>
                    <steps/>
                </step>
                <step start="1597939089119" stop="1597939089147" status="passed">
                    <name>checkClassLocation</name>
                    <title>Check Class Location</title>
                    <attachments/>
                    <steps/>
                </step>
                <step start="1597939089148" stop="1597939089245" status="passed">
                    <name>checkClassDescription</name>
                    <title>Check Class Description</title>
                    <attachments/>
                    <steps/>
                </step>
            </steps>
            <attachments/>
            <labels>
                <label name="testSuite" value="All Test Suite"/>
                <label name="testGroup" value="F:/Workspace/FitCrowd/src/test/java/com/fit/loginPage/LoginPageTests.java"/>
                <label name="testClass" value="com.fit.client.appointments.AppointmentsPageTests"/>
                <label name="testMethod" value="checkClass"/>
                <label name="host" value="DESKTOP-OH5VSFP"/>
                <label name="thread" value="18520@DESKTOP-OH5VSFP.main(1)"/>
            </labels>
        </test-case>
        <test-case start="1597939089369" stop="1597939156526" status="broken">
            <name>checkCancel</name>
            <failure>
                <message>NoSuchElementException: no such element: Unable to locate element: {"method":"css selector","selector":".\#root\ \&gt;\ div\ \&gt;\ div\.container\-open\ \&gt;\ div\.dashboard\ \&gt;\ div\ \&gt;\ div\.bills\-table\ \&gt;\ div\ \&gt;\ div\.rt\-table\ \&gt;\ div\.rt\-tbody\ \&gt;\ div\:nth\-child\(2\)\ \&gt;\ div\ \&gt;\ div\:nth\-child\(6\)\ \&gt;\ div\ \&gt;\ button\.button\-action\.danger"}
  (Session info: chrome=84.0.4147.125)
For documentation on this error, please visit: https://www.seleniumhq.org/exceptions/no_such_element.html
Build info: version: '3.141.59', revision: 'e82be7d358', time: '2018-11-14T08:17:03'
System info: host: 'DESKTOP-OH5VSFP', ip: '192.168.0.161', os.name: 'Windows 10', os.arch: 'amd64', os.version: '10.0', java.version: '1.8.0_261'
Driver info: org.openqa.selenium.remote.RemoteWebDriver
Capabilities {acceptInsecureCerts: false, browserName: chrome, browserVersion: 84.0.4147.125, chrome: {chromedriverVersion: 84.0.4147.30 (48b3e868b4cc0..., userDataDir: C:\Users\iurie\AppData\Loca...}, goog:chromeOptions: {debuggerAddress: localhost:61542}, javascriptEnabled: true, networkConnectionEnabled: false, pageLoadStrategy: normal, platform: WINDOWS, platformName: WINDOWS, proxy: Proxy(), setWindowRect: true, strictFileInteractability: false, timeouts: {implicit: 0, pageLoad: 300000, script: 30000}, unhandledPromptBehavior: dismiss and notify, webauthn:virtualAuthenticators: true, webdriver.remote.sessionid: f68b44641472ad3d2b3e4e5671f...}
Session ID: f68b44641472ad3d2b3e4e5671f4eaa5
*** Element info: {Using=class name, value=#root &gt; div &gt; div.container-open &gt; div.dashboard &gt; div &gt; div.bills-table &gt; div &gt; div.rt-table &gt; div.rt-tbody &gt; div:nth-child(2) &gt; div &gt; div:nth-child(6) &gt; div &gt; button.button-action.danger}</message>
                <stack-trace>org.openqa.selenium.NoSuchElementException: no such element: Unable to locate element: {"method":"css selector","selector":".\#root\ \&gt;\ div\ \&gt;\ div\.container\-open\ \&gt;\ div\.dashboard\ \&gt;\ div\ \&gt;\ div\.bills\-table\ \&gt;\ div\ \&gt;\ div\.rt\-table\ \&gt;\ div\.rt\-tbody\ \&gt;\ div\:nth\-child\(2\)\ \&gt;\ div\ \&gt;\ div\:nth\-child\(6\)\ \&gt;\ div\ \&gt;\ button\.button\-action\.danger"}
  (Session info: chrome=84.0.4147.125)
For documentation on this error, please visit: https://www.seleniumhq.org/exceptions/no_such_element.html
Build info: version: '3.141.59', revision: 'e82be7d358', time: '2018-11-14T08:17:03'
System info: host: 'DESKTOP-OH5VSFP', ip: '192.168.0.161', os.name: 'Windows 10', os.arch: 'amd64', os.version: '10.0', java.version: '1.8.0_261'
Driver info: org.openqa.selenium.remote.RemoteWebDriver
Capabilities {acceptInsecureCerts: false, browserName: chrome, browserVersion: 84.0.4147.125, chrome: {chromedriverVersion: 84.0.4147.30 (48b3e868b4cc0..., userDataDir: C:\Users\iurie\AppData\Loca...}, goog:chromeOptions: {debuggerAddress: localhost:61542}, javascriptEnabled: true, networkConnectionEnabled: false, pageLoadStrategy: normal, platform: WINDOWS, platformName: WINDOWS, proxy: Proxy(), setWindowRect: true, strictFileInteractability: false, timeouts: {implicit: 0, pageLoad: 300000, script: 30000}, unhandledPromptBehavior: dismiss and notify, webauthn:virtualAuthenticators: true, webdriver.remote.sessionid: f68b44641472ad3d2b3e4e5671f...}
Session ID: f68b44641472ad3d2b3e4e5671f4eaa5
*** Element info: {Using=class name, value=#root &gt; div &gt; div.container-open &gt; div.dashboard &gt; div &gt; div.bills-table &gt; div &gt; div.rt-table &gt; div.rt-tbody &gt; div:nth-child(2) &gt; div &gt; div:nth-child(6) &gt; div &gt; button.button-action.danger}
	at sun.reflect.NativeConstructorAccessorImpl.newInstance0(Native Method)
	at sun.reflect.NativeConstructorAccessorImpl.newInstance(NativeConstructorAccessorImpl.java:62)
	at sun.reflect.DelegatingConstructorAccessorImpl.newInstance(DelegatingConstructorAccessorImpl.java:45)
	at java.lang.reflect.Constructor.newInstance(Constructor.java:423)
	at org.openqa.selenium.remote.http.W3CHttpResponseCodec.createException(W3CHttpResponseCodec.java:187)
	at org.openqa.selenium.remote.http.W3CHttpResponseCodec.decode(W3CHttpResponseCodec.java:122)
	at org.openqa.selenium.remote.http.W3CHttpResponseCodec.decode(W3CHttpResponseCodec.java:49)
	at org.openqa.selenium.remote.HttpCommandExecutor.execute(HttpCommandExecutor.java:158)
	at org.openqa.selenium.remote.RemoteWebDriver.execute(RemoteWebDriver.java:552)
	at org.openqa.selenium.remote.RemoteWebElement.execute(RemoteWebElement.java:285)
	at org.openqa.selenium.remote.RemoteWebElement.findElement(RemoteWebElement.java:185)
	at org.openqa.selenium.remote.RemoteWebElement.findElementByClassName(RemoteWebElement.java:245)
	at org.openqa.selenium.By$ByClassName.findElement(By.java:389)
	at org.openqa.selenium.remote.RemoteWebElement.findElement(RemoteWebElement.java:181)
	at com.fit.client.appointments.AppointmentsPage.checkCancelClass(AppointmentsPage.java:154)
	at com.fit.client.appointments.AppointmentsPageTests.checkCancel(AppointmentsPageTests.java:54)
	at sun.reflect.NativeMethodAccessorImpl.invoke0(Native Method)
	at sun.reflect.NativeMethodAccessorImpl.invoke(NativeMethodAccessorImpl.java:62)
	at sun.reflect.DelegatingMethodAccessorImpl.invoke(DelegatingMethodAccessorImpl.java:43)
	at java.lang.reflect.Method.invoke(Method.java:498)
	at org.testng.internal.MethodInvocationHelper.invokeMethod(MethodInvocationHelper.java:85)
	at org.testng.internal.Invoker.invokeMethod(Invoker.java:696)
	at org.testng.internal.Invoker.invokeTestMethod(Invoker.java:882)
	at org.testng.internal.Invoker.invokeTestMethods(Invoker.java:1189)
	at org.testng.internal.TestMethodWorker.invokeTestMethods(TestMethodWorker.java:124)
	at org.testng.internal.TestMethodWorker.run(TestMethodWorker.java:108)
	at org.testng.TestRunner.privateRun(TestRunner.java:767)
	at org.testng.TestRunner.run(TestRunner.java:617)
	at org.testng.SuiteRunner.runTest(SuiteRunner.java:348)
	at org.testng.SuiteRunner.runSequentially(SuiteRunner.java:343)
	at org.testng.SuiteRunner.privateRun(SuiteRunner.java:305)
	at org.testng.SuiteRunner.run(SuiteRunner.java:254)
	at org.testng.SuiteRunnerWorker.runSuite(SuiteRunnerWorker.java:52)
	at org.testng.SuiteRunnerWorker.run(SuiteRunnerWorker.java:86)
	at org.testng.TestNG.runSuitesSequentially(TestNG.java:1224)
	at org.testng.TestNG.runSuitesLocally(TestNG.java:1149)
	at org.testng.TestNG.run(TestNG.java:1057)
	at com.intellij.rt.testng.IDEARemoteTestNG.run(IDEARemoteTestNG.java:66)
	at com.intellij.rt.testng.RemoteTestNGStarter.main(RemoteTestNGStarter.java:110)
</stack-trace>
            </failure>
            <steps>
                <step start="1597939089370" stop="1597939089877" status="passed">
                    <name>checkPage</name>
                    <title>Check Page</title>
                    <attachments>
                        <attachment title="Screenshot" source="03b5df59-b9b5-4d24-8aed-80b05816362a-attachment.png" type="image/png"/>
                    </attachments>
                </step>
                <step start="1597939111209" stop="1597939153371" status="broken">
                    <name>checkCancelClass</name>
                    <title>Check Cancel Class</title>
                    <steps>
                        <step start="1597939111215" stop="1597939114616" status="passed">
                            <name>selectClass</name>
                            <title>Select Class</title>
                        </step>
                    </steps>
                </step>
            </steps>
            <attachments/>
            <labels>
                <label name="testSuite" value="All Test Suite"/>
                <label name="testGroup" value="F:/Workspace/FitCrowd/src/test/java/com/fit/loginPage/LoginPageTests.java"/>
                <label name="testClass" value="com.fit.client.appointments.AppointmentsPageTests"/>
                <label name="testMethod" value="checkCancel"/>
                <label name="host" value="DESKTOP-OH5VSFP"/>
                <label name="thread" value="18520@DESKTOP-OH5VSFP.main(1)"/>
            </labels>
        </test-case>
        <test-case start="1597939069480" stop="1597939156591" status="broken">
            <name>All Test Suite : F:/Workspace/FitCrowd/src/test/java/com/fit/loginPage/LoginPageTests.java</name>
            <title>All Test Suite : F:/Workspace/FitCrowd/src/test/java/com/fit/loginPage/LoginPageTests.java</title>
            <failure>
                <message>Test suite was interrupted, some test cases may be lost</message>
            </failure>
        </test-case>
    </test-cases>
    <labels>
        <label name="framework" value="TestNG"/>
        <label name="language" value="JAVA"/>
    </labels>
</ns2:test-suite>
