<?xml version="1.0" encoding="UTF-8" standalone="yes"?>
<ns2:test-suite start="1597074412424" stop="1597074427074" version="1.5.4" xmlns:ns2="urn:model.allure.qatools.yandex.ru">
    <name>All Test Suite : F:/Workspace/FitCrowd/src/test/java/com/fit/loginPage/LoginPageTests.java</name>
    <title>All Test Suite : F:/Workspace/FitCrowd/src/test/java/com/fit/loginPage/LoginPageTests.java</title>
    <test-cases>
        <test-case start="1597074419020" stop="1597074421067" status="passed">
            <name>validCredentials</name>
            <steps>
                <step start="1597074419053" stop="1597074419611" status="passed">
                    <name>checkPage</name>
                    <title>Check page</title>
                    <attachments>
                        <attachment title="Screenshot" source="29f16df7-2d8a-499d-96e9-7625c0a6b9c2-attachment.png" type="image/png"/>
                    </attachments>
                    <steps/>
                </step>
                <step start="1597074419611" stop="1597074420175" status="passed">
                    <name>setEmail[iuriet.denis@gmail.com]</name>
                    <title>Set Email</title>
                    <attachments>
                        <attachment title="Screenshot" source="1c703b33-9340-4957-a5a8-08224a6b32db-attachment.png" type="image/png"/>
                    </attachments>
                    <steps/>
                </step>
                <step start="1597074420175" stop="1597074420623" status="passed">
                    <name>setPassword[abcd1234]</name>
                    <title>Set Password</title>
                    <attachments>
                        <attachment title="Screenshot" source="9f013d30-b859-4b05-b9d1-8846f3f40381-attachment.png" type="image/png"/>
                    </attachments>
                    <steps/>
                </step>
                <step start="1597074420623" stop="1597074421062" status="passed">
                    <name>successfulLogin</name>
                    <title>Check successful login</title>
                    <attachments>
                        <attachment title="Screenshot" source="11a7eb57-9433-4df2-9626-e50f0679675a-attachment.png" type="image/png"/>
                    </attachments>
                    <steps/>
                </step>
            </steps>
            <attachments/>
            <labels>
                <label name="testSuite" value="All Test Suite"/>
                <label name="testGroup" value="F:/Workspace/FitCrowd/src/test/java/com/fit/loginPage/LoginPageTests.java"/>
                <label name="testClass" value="com.fit.loginPage.LoginPageTests"/>
                <label name="testMethod" value="validCredentials"/>
                <label name="host" value="DESKTOP-OH5VSFP"/>
                <label name="thread" value="5668@DESKTOP-OH5VSFP.main(1)"/>
            </labels>
        </test-case>
        <test-case start="1597074421497" stop="1597074422899" status="passed">
            <name>checkClassType</name>
            <steps>
                <step start="1597074421501" stop="1597074422229" status="passed">
                    <name>checkPage</name>
                    <title>Check Page</title>
                    <attachments>
                        <attachment title="Screenshot" source="48a56f88-b1ef-4c15-ae44-d3ff4093773e-attachment.png" type="image/png"/>
                    </attachments>
                    <steps/>
                </step>
                <step start="1597074422244" stop="1597074422389" status="passed">
                    <name>selectClass</name>
                    <title>Select Class</title>
                    <attachments/>
                    <steps/>
                </step>
                <step start="1597074422391" stop="1597074422899" status="passed">
                    <name>checkClassType</name>
                    <title>Check Class Type</title>
                    <attachments>
                        <attachment title="Screenshot" source="008b8bc1-6e1e-4a1f-81d4-e8eeb5f95828-attachment.png" type="image/png"/>
                    </attachments>
                    <steps/>
                </step>
            </steps>
            <attachments/>
            <labels>
                <label name="testSuite" value="All Test Suite"/>
                <label name="testGroup" value="F:/Workspace/FitCrowd/src/test/java/com/fit/loginPage/LoginPageTests.java"/>
                <label name="testClass" value="com.fit.schedulePage.SchedulePageTests"/>
                <label name="testMethod" value="checkClassType"/>
                <label name="host" value="DESKTOP-OH5VSFP"/>
                <label name="thread" value="5668@DESKTOP-OH5VSFP.main(1)"/>
            </labels>
        </test-case>
        <test-case start="1597074422899" stop="1597074423331" status="passed">
            <name>checkClassCloseRegistration</name>
            <steps>
                <step start="1597074422899" stop="1597074423284" status="passed">
                    <name>checkPage</name>
                    <title>Check Page</title>
                    <attachments>
                        <attachment title="Screenshot" source="b6f53e5a-a7cb-4f35-be39-b11e90c55dbf-attachment.png" type="image/png"/>
                    </attachments>
                    <steps/>
                </step>
                <step start="1597074423284" stop="1597074423331" status="passed">
                    <name>checkCloseRegistration</name>
                    <title>Check Close Registration</title>
                    <attachments/>
                    <steps/>
                </step>
            </steps>
            <attachments/>
            <labels>
                <label name="testSuite" value="All Test Suite"/>
                <label name="testGroup" value="F:/Workspace/FitCrowd/src/test/java/com/fit/loginPage/LoginPageTests.java"/>
                <label name="testClass" value="com.fit.schedulePage.SchedulePageTests"/>
                <label name="testMethod" value="checkClassCloseRegistration"/>
                <label name="host" value="DESKTOP-OH5VSFP"/>
                <label name="thread" value="5668@DESKTOP-OH5VSFP.main(1)"/>
            </labels>
        </test-case>
        <test-case start="1597074423347" stop="1597074423817" status="passed">
            <name>checkClassDate</name>
            <steps>
                <step start="1597074423347" stop="1597074423733" status="passed">
                    <name>checkPage</name>
                    <title>Check Page</title>
                    <attachments>
                        <attachment title="Screenshot" source="819bcbe6-a40e-4b10-bc9f-a127903f53a6-attachment.png" type="image/png"/>
                    </attachments>
                    <steps/>
                </step>
                <step start="1597074423733" stop="1597074423817" status="passed">
                    <name>checkClassDate</name>
                    <title>Check Class Date</title>
                    <attachments/>
                    <steps/>
                </step>
            </steps>
            <attachments/>
            <labels>
                <label name="testSuite" value="All Test Suite"/>
                <label name="testGroup" value="F:/Workspace/FitCrowd/src/test/java/com/fit/loginPage/LoginPageTests.java"/>
                <label name="testClass" value="com.fit.schedulePage.SchedulePageTests"/>
                <label name="testMethod" value="checkClassDate"/>
                <label name="host" value="DESKTOP-OH5VSFP"/>
                <label name="thread" value="5668@DESKTOP-OH5VSFP.main(1)"/>
            </labels>
        </test-case>
        <test-case start="1597074423817" stop="1597074424272" status="passed">
            <name>checkClassDescription</name>
            <steps>
                <step start="1597074423817" stop="1597074424225" status="passed">
                    <name>checkPage</name>
                    <title>Check Page</title>
                    <attachments>
                        <attachment title="Screenshot" source="369e63a4-9ded-4afb-9a00-6a204d8e4176-attachment.png" type="image/png"/>
                    </attachments>
                    <steps/>
                </step>
                <step start="1597074424225" stop="1597074424272" status="passed">
                    <name>checkDescription</name>
                    <title>Check Description</title>
                    <attachments/>
                    <steps/>
                </step>
            </steps>
            <attachments/>
            <labels>
                <label name="testSuite" value="All Test Suite"/>
                <label name="testGroup" value="F:/Workspace/FitCrowd/src/test/java/com/fit/loginPage/LoginPageTests.java"/>
                <label name="testClass" value="com.fit.schedulePage.SchedulePageTests"/>
                <label name="testMethod" value="checkClassDescription"/>
                <label name="host" value="DESKTOP-OH5VSFP"/>
                <label name="thread" value="5668@DESKTOP-OH5VSFP.main(1)"/>
            </labels>
        </test-case>
        <test-case start="1597074424272" stop="1597074424744" status="failed">
            <name>checkClassLocation</name>
            <failure>
                <message>AssertionError: expected [DENIS] but found [18 GYM Gheorgheni]</message>
                <stack-trace>java.lang.AssertionError: expected [DENIS] but found [18 GYM Gheorgheni]
	at org.testng.Assert.fail(Assert.java:94)
	at org.testng.Assert.failNotEquals(Assert.java:494)
	at org.testng.Assert.assertEquals(Assert.java:123)
	at org.testng.Assert.assertEquals(Assert.java:176)
	at org.testng.Assert.assertEquals(Assert.java:186)
	at com.fit.schedulePage.SchedulePage.checkClassLocation(SchedulePage.java:79)
	at com.fit.schedulePage.SchedulePageTests.checkClassLocation(SchedulePageTests.java:47)
	at sun.reflect.NativeMethodAccessorImpl.invoke0(Native Method)
	at sun.reflect.NativeMethodAccessorImpl.invoke(NativeMethodAccessorImpl.java:62)
	at sun.reflect.DelegatingMethodAccessorImpl.invoke(DelegatingMethodAccessorImpl.java:43)
	at java.lang.reflect.Method.invoke(Method.java:498)
	at org.testng.internal.MethodInvocationHelper.invokeMethod(MethodInvocationHelper.java:85)
	at org.testng.internal.Invoker.invokeMethod(Invoker.java:696)
	at org.testng.internal.Invoker.invokeTestMethod(Invoker.java:882)
	at org.testng.internal.Invoker.invokeTestMethods(Invoker.java:1189)
	at org.testng.internal.TestMethodWorker.invokeTestMethods(TestMethodWorker.java:124)
	at org.testng.internal.TestMethodWorker.run(TestMethodWorker.java:108)
	at org.testng.TestRunner.privateRun(TestRunner.java:767)
	at org.testng.TestRunner.run(TestRunner.java:617)
	at org.testng.SuiteRunner.runTest(SuiteRunner.java:348)
	at org.testng.SuiteRunner.runSequentially(SuiteRunner.java:343)
	at org.testng.SuiteRunner.privateRun(SuiteRunner.java:305)
	at org.testng.SuiteRunner.run(SuiteRunner.java:254)
	at org.testng.SuiteRunnerWorker.runSuite(SuiteRunnerWorker.java:52)
	at org.testng.SuiteRunnerWorker.run(SuiteRunnerWorker.java:86)
	at org.testng.TestNG.runSuitesSequentially(TestNG.java:1224)
	at org.testng.TestNG.runSuitesLocally(TestNG.java:1149)
	at org.testng.TestNG.run(TestNG.java:1057)
	at com.intellij.rt.testng.IDEARemoteTestNG.run(IDEARemoteTestNG.java:66)
	at com.intellij.rt.testng.RemoteTestNGStarter.main(RemoteTestNGStarter.java:110)
</stack-trace>
            </failure>
            <steps>
                <step start="1597074424272" stop="1597074424681" status="passed">
                    <name>checkPage</name>
                    <title>Check Page</title>
                    <attachments>
                        <attachment title="Screenshot" source="a0d686e5-b32b-4e54-8bff-e097d11e08ef-attachment.png" type="image/png"/>
                    </attachments>
                </step>
                <step start="1597074424688" stop="1597074424729" status="failed">
                    <name>checkClassLocation</name>
                    <title>Check Class Location</title>
                </step>
            </steps>
            <attachments/>
            <labels>
                <label name="testSuite" value="All Test Suite"/>
                <label name="testGroup" value="F:/Workspace/FitCrowd/src/test/java/com/fit/loginPage/LoginPageTests.java"/>
                <label name="testClass" value="com.fit.schedulePage.SchedulePageTests"/>
                <label name="testMethod" value="checkClassLocation"/>
                <label name="host" value="DESKTOP-OH5VSFP"/>
                <label name="thread" value="5668@DESKTOP-OH5VSFP.main(1)"/>
            </labels>
        </test-case>
        <test-case start="1597074424744" stop="1597074425238" status="passed">
            <name>checkClassName</name>
            <steps>
                <step start="1597074424744" stop="1597074425160" status="passed">
                    <name>checkPage</name>
                    <title>Check Page</title>
                    <attachments>
                        <attachment title="Screenshot" source="a5fce4de-29f2-46a3-b92c-e21fd5e9cb14-attachment.png" type="image/png"/>
                    </attachments>
                    <steps/>
                </step>
                <step start="1597074425160" stop="1597074425238" status="passed">
                    <name>checkClassName</name>
                    <title>Check Class Name</title>
                    <attachments/>
                    <steps/>
                </step>
            </steps>
            <attachments/>
            <labels>
                <label name="testSuite" value="All Test Suite"/>
                <label name="testGroup" value="F:/Workspace/FitCrowd/src/test/java/com/fit/loginPage/LoginPageTests.java"/>
                <label name="testClass" value="com.fit.schedulePage.SchedulePageTests"/>
                <label name="testMethod" value="checkClassName"/>
                <label name="host" value="DESKTOP-OH5VSFP"/>
                <label name="thread" value="5668@DESKTOP-OH5VSFP.main(1)"/>
            </labels>
        </test-case>
        <test-case start="1597074425238" stop="1597074425676" status="passed">
            <name>checkClassOpenRegistration</name>
            <steps>
                <step start="1597074425238" stop="1597074425638" status="passed">
                    <name>checkPage</name>
                    <title>Check Page</title>
                    <attachments>
                        <attachment title="Screenshot" source="5710169b-50f1-4fd4-a3d1-7851e1b7aa1d-attachment.png" type="image/png"/>
                    </attachments>
                    <steps/>
                </step>
                <step start="1597074425638" stop="1597074425676" status="passed">
                    <name>checkOpenRegistration</name>
                    <title>Check Open Registraion</title>
                    <attachments/>
                    <steps/>
                </step>
            </steps>
            <attachments/>
            <labels>
                <label name="testSuite" value="All Test Suite"/>
                <label name="testGroup" value="F:/Workspace/FitCrowd/src/test/java/com/fit/loginPage/LoginPageTests.java"/>
                <label name="testClass" value="com.fit.schedulePage.SchedulePageTests"/>
                <label name="testMethod" value="checkClassOpenRegistration"/>
                <label name="host" value="DESKTOP-OH5VSFP"/>
                <label name="thread" value="5668@DESKTOP-OH5VSFP.main(1)"/>
            </labels>
        </test-case>
        <test-case start="1597074425676" stop="1597074426116" status="passed">
            <name>checkClassParticipants</name>
            <steps>
                <step start="1597074425676" stop="1597074426085" status="passed">
                    <name>checkPage</name>
                    <title>Check Page</title>
                    <attachments>
                        <attachment title="Screenshot" source="340c94ee-9a31-42e2-896f-bb894593accf-attachment.png" type="image/png"/>
                    </attachments>
                    <steps/>
                </step>
                <step start="1597074426085" stop="1597074426116" status="passed">
                    <name>checkClassParticipants</name>
                    <title>Check Max No. Of Participants</title>
                    <attachments/>
                    <steps/>
                </step>
            </steps>
            <attachments/>
            <labels>
                <label name="testSuite" value="All Test Suite"/>
                <label name="testGroup" value="F:/Workspace/FitCrowd/src/test/java/com/fit/loginPage/LoginPageTests.java"/>
                <label name="testClass" value="com.fit.schedulePage.SchedulePageTests"/>
                <label name="testMethod" value="checkClassParticipants"/>
                <label name="host" value="DESKTOP-OH5VSFP"/>
                <label name="thread" value="5668@DESKTOP-OH5VSFP.main(1)"/>
            </labels>
        </test-case>
        <test-case start="1597074426116" stop="1597074426636" status="failed">
            <name>checkFinishTime</name>
            <failure>
                <message>AssertionError: expected [18:15] but found [Thu Jan 01 18:15:00 EET 1970]</message>
                <stack-trace>java.lang.AssertionError: expected [18:15] but found [Thu Jan 01 18:15:00 EET 1970]
	at org.testng.Assert.fail(Assert.java:94)
	at org.testng.Assert.failNotEquals(Assert.java:494)
	at org.testng.Assert.assertEquals(Assert.java:123)
	at org.testng.Assert.assertEquals(Assert.java:176)
	at org.testng.Assert.assertEquals(Assert.java:186)
	at com.fit.schedulePage.SchedulePage.checkFinishTime(SchedulePage.java:110)
	at com.fit.schedulePage.SchedulePageTests.checkFinishTime(SchedulePageTests.java:65)
	at sun.reflect.NativeMethodAccessorImpl.invoke0(Native Method)
	at sun.reflect.NativeMethodAccessorImpl.invoke(NativeMethodAccessorImpl.java:62)
	at sun.reflect.DelegatingMethodAccessorImpl.invoke(DelegatingMethodAccessorImpl.java:43)
	at java.lang.reflect.Method.invoke(Method.java:498)
	at org.testng.internal.MethodInvocationHelper.invokeMethod(MethodInvocationHelper.java:85)
	at org.testng.internal.Invoker.invokeMethod(Invoker.java:696)
	at org.testng.internal.Invoker.invokeTestMethod(Invoker.java:882)
	at org.testng.internal.Invoker.invokeTestMethods(Invoker.java:1189)
	at org.testng.internal.TestMethodWorker.invokeTestMethods(TestMethodWorker.java:124)
	at org.testng.internal.TestMethodWorker.run(TestMethodWorker.java:108)
	at org.testng.TestRunner.privateRun(TestRunner.java:767)
	at org.testng.TestRunner.run(TestRunner.java:617)
	at org.testng.SuiteRunner.runTest(SuiteRunner.java:348)
	at org.testng.SuiteRunner.runSequentially(SuiteRunner.java:343)
	at org.testng.SuiteRunner.privateRun(SuiteRunner.java:305)
	at org.testng.SuiteRunner.run(SuiteRunner.java:254)
	at org.testng.SuiteRunnerWorker.runSuite(SuiteRunnerWorker.java:52)
	at org.testng.SuiteRunnerWorker.run(SuiteRunnerWorker.java:86)
	at org.testng.TestNG.runSuitesSequentially(TestNG.java:1224)
	at org.testng.TestNG.runSuitesLocally(TestNG.java:1149)
	at org.testng.TestNG.run(TestNG.java:1057)
	at com.intellij.rt.testng.IDEARemoteTestNG.run(IDEARemoteTestNG.java:66)
	at com.intellij.rt.testng.RemoteTestNGStarter.main(RemoteTestNGStarter.java:110)
</stack-trace>
            </failure>
            <steps>
                <step start="1597074426116" stop="1597074426551" status="passed">
                    <name>checkPage</name>
                    <title>Check Page</title>
                    <attachments>
                        <attachment title="Screenshot" source="663f0aed-6d87-4e89-9374-bd065cda17b8-attachment.png" type="image/png"/>
                    </attachments>
                </step>
                <step start="1597074426551" stop="1597074426636" status="failed">
                    <name>checkFinishTime</name>
                    <title>Check Finish Time</title>
                </step>
            </steps>
            <attachments/>
            <labels>
                <label name="testSuite" value="All Test Suite"/>
                <label name="testGroup" value="F:/Workspace/FitCrowd/src/test/java/com/fit/loginPage/LoginPageTests.java"/>
                <label name="testClass" value="com.fit.schedulePage.SchedulePageTests"/>
                <label name="testMethod" value="checkFinishTime"/>
                <label name="host" value="DESKTOP-OH5VSFP"/>
                <label name="thread" value="5668@DESKTOP-OH5VSFP.main(1)"/>
            </labels>
        </test-case>
        <test-case start="1597074426636" stop="1597074427074" status="passed">
            <name>checkStartTime</name>
            <steps>
                <step start="1597074426636" stop="1597074427043" status="passed">
                    <name>checkPage</name>
                    <title>Check Page</title>
                    <attachments>
                        <attachment title="Screenshot" source="e201d4ef-0a3f-4c10-bff3-5aa7020a1884-attachment.png" type="image/png"/>
                    </attachments>
                    <steps/>
                </step>
                <step start="1597074427043" stop="1597074427074" status="passed">
                    <name>checkStartTime</name>
                    <title>Check Start Time</title>
                    <attachments/>
                    <steps/>
                </step>
            </steps>
            <attachments/>
            <labels>
                <label name="testSuite" value="All Test Suite"/>
                <label name="testGroup" value="F:/Workspace/FitCrowd/src/test/java/com/fit/loginPage/LoginPageTests.java"/>
                <label name="testClass" value="com.fit.schedulePage.SchedulePageTests"/>
                <label name="testMethod" value="checkStartTime"/>
                <label name="host" value="DESKTOP-OH5VSFP"/>
                <label name="thread" value="5668@DESKTOP-OH5VSFP.main(1)"/>
            </labels>
        </test-case>
    </test-cases>
    <labels>
        <label name="framework" value="TestNG"/>
        <label name="language" value="JAVA"/>
    </labels>
</ns2:test-suite>
