<?xml version="1.0" encoding="UTF-8" standalone="yes"?>
<ns2:test-suite start="1597673909946" stop="1597673926636" version="1.5.4" xmlns:ns2="urn:model.allure.qatools.yandex.ru">
    <name>All Test Suite : F:/Workspace/FitCrowd/src/test/java/com/fit/loginPage/LoginPageTests.java</name>
    <title>All Test Suite : F:/Workspace/FitCrowd/src/test/java/com/fit/loginPage/LoginPageTests.java</title>
    <test-cases>
        <test-case start="1597673917912" stop="1597673919772" status="passed">
            <name>validCredentials</name>
            <steps>
                <step start="1597673917941" stop="1597673918445" status="passed">
                    <name>checkPage</name>
                    <title>Check page</title>
                    <attachments>
                        <attachment title="Screenshot" source="3651c42f-06e0-4f1d-9645-944e2e252935-attachment.png" type="image/png"/>
                    </attachments>
                    <steps/>
                </step>
                <step start="1597673918446" stop="1597673918948" status="passed">
                    <name>setEmail[iuriet.denis@gmail.com]</name>
                    <title>Set Email</title>
                    <attachments>
                        <attachment title="Screenshot" source="b9ddbadc-2efc-423e-a06d-d744d81ee0aa-attachment.png" type="image/png"/>
                    </attachments>
                    <steps/>
                </step>
                <step start="1597673918949" stop="1597673919366" status="passed">
                    <name>setPassword[abcd1234]</name>
                    <title>Set Password</title>
                    <attachments>
                        <attachment title="Screenshot" source="2b952024-74ed-413e-94a6-5be661b628c4-attachment.png" type="image/png"/>
                    </attachments>
                    <steps/>
                </step>
                <step start="1597673919367" stop="1597673919768" status="passed">
                    <name>successfulLogin</name>
                    <title>Check successful login</title>
                    <attachments>
                        <attachment title="Screenshot" source="ea9d8afc-64ff-4c45-af03-6c6438bed848-attachment.png" type="image/png"/>
                    </attachments>
                    <steps/>
                </step>
            </steps>
            <attachments/>
            <labels>
                <label name="testSuite" value="All Test Suite"/>
                <label name="testGroup" value="F:/Workspace/FitCrowd/src/test/java/com/fit/loginPage/LoginPageTests.java"/>
                <label name="testClass" value="com.fit.loginPage.LoginPageTests"/>
                <label name="testMethod" value="validCredentials"/>
                <label name="host" value="DESKTOP-OH5VSFP"/>
                <label name="thread" value="20500@DESKTOP-OH5VSFP.main(1)"/>
            </labels>
        </test-case>
        <test-case start="1597673920026" stop="1597673920186" status="broken">
            <name>addImage</name>
            <failure>
                <message>NoSuchElementException: no such element: Unable to locate element: {"method":"css selector","selector":".image\-container"}
  (Session info: headless chrome=84.0.4147.125)
For documentation on this error, please visit: https://www.seleniumhq.org/exceptions/no_such_element.html
Build info: version: '3.141.59', revision: 'e82be7d358', time: '2018-11-14T08:17:03'
System info: host: 'DESKTOP-OH5VSFP', ip: '192.168.0.161', os.name: 'Windows 10', os.arch: 'amd64', os.version: '10.0', java.version: '1.8.0_261'
Driver info: org.openqa.selenium.remote.RemoteWebDriver
Capabilities {acceptInsecureCerts: false, browserName: chrome, browserVersion: 84.0.4147.125, chrome: {chromedriverVersion: 84.0.4147.30 (48b3e868b4cc0..., userDataDir: C:\Users\iurie\AppData\Loca...}, goog:chromeOptions: {debuggerAddress: localhost:49527}, javascriptEnabled: true, networkConnectionEnabled: false, pageLoadStrategy: normal, platform: WINDOWS, platformName: WINDOWS, proxy: Proxy(), setWindowRect: true, strictFileInteractability: false, timeouts: {implicit: 0, pageLoad: 300000, script: 30000}, unhandledPromptBehavior: dismiss and notify, webauthn:virtualAuthenticators: true, webdriver.remote.sessionid: cc4ea4de552d312b918eb470717...}
Session ID: cc4ea4de552d312b918eb4707173430e
*** Element info: {Using=class name, value=image-container}</message>
                <stack-trace>org.openqa.selenium.NoSuchElementException: no such element: Unable to locate element: {"method":"css selector","selector":".image\-container"}
  (Session info: headless chrome=84.0.4147.125)
For documentation on this error, please visit: https://www.seleniumhq.org/exceptions/no_such_element.html
Build info: version: '3.141.59', revision: 'e82be7d358', time: '2018-11-14T08:17:03'
System info: host: 'DESKTOP-OH5VSFP', ip: '192.168.0.161', os.name: 'Windows 10', os.arch: 'amd64', os.version: '10.0', java.version: '1.8.0_261'
Driver info: org.openqa.selenium.remote.RemoteWebDriver
Capabilities {acceptInsecureCerts: false, browserName: chrome, browserVersion: 84.0.4147.125, chrome: {chromedriverVersion: 84.0.4147.30 (48b3e868b4cc0..., userDataDir: C:\Users\iurie\AppData\Loca...}, goog:chromeOptions: {debuggerAddress: localhost:49527}, javascriptEnabled: true, networkConnectionEnabled: false, pageLoadStrategy: normal, platform: WINDOWS, platformName: WINDOWS, proxy: Proxy(), setWindowRect: true, strictFileInteractability: false, timeouts: {implicit: 0, pageLoad: 300000, script: 30000}, unhandledPromptBehavior: dismiss and notify, webauthn:virtualAuthenticators: true, webdriver.remote.sessionid: cc4ea4de552d312b918eb470717...}
Session ID: cc4ea4de552d312b918eb4707173430e
*** Element info: {Using=class name, value=image-container}
	at sun.reflect.NativeConstructorAccessorImpl.newInstance0(Native Method)
	at sun.reflect.NativeConstructorAccessorImpl.newInstance(NativeConstructorAccessorImpl.java:62)
	at sun.reflect.DelegatingConstructorAccessorImpl.newInstance(DelegatingConstructorAccessorImpl.java:45)
	at java.lang.reflect.Constructor.newInstance(Constructor.java:423)
	at org.openqa.selenium.remote.http.W3CHttpResponseCodec.createException(W3CHttpResponseCodec.java:187)
	at org.openqa.selenium.remote.http.W3CHttpResponseCodec.decode(W3CHttpResponseCodec.java:122)
	at org.openqa.selenium.remote.http.W3CHttpResponseCodec.decode(W3CHttpResponseCodec.java:49)
	at org.openqa.selenium.remote.HttpCommandExecutor.execute(HttpCommandExecutor.java:158)
	at org.openqa.selenium.remote.RemoteWebDriver.execute(RemoteWebDriver.java:552)
	at org.openqa.selenium.remote.RemoteWebDriver.findElement(RemoteWebDriver.java:323)
	at org.openqa.selenium.remote.RemoteWebDriver.findElementByClassName(RemoteWebDriver.java:412)
	at org.openqa.selenium.By$ByClassName.findElement(By.java:389)
	at org.openqa.selenium.remote.RemoteWebDriver.findElement(RemoteWebDriver.java:315)
	at com.fit.trainerProfilePage.TrainerProfile.addTrainerImage(TrainerProfile.java:32)
	at com.fit.trainerProfilePage.TrainerProfileTests.addImage(TrainerProfileTests.java:30)
	at sun.reflect.NativeMethodAccessorImpl.invoke0(Native Method)
	at sun.reflect.NativeMethodAccessorImpl.invoke(NativeMethodAccessorImpl.java:62)
	at sun.reflect.DelegatingMethodAccessorImpl.invoke(DelegatingMethodAccessorImpl.java:43)
	at java.lang.reflect.Method.invoke(Method.java:498)
	at org.testng.internal.MethodInvocationHelper.invokeMethod(MethodInvocationHelper.java:85)
	at org.testng.internal.Invoker.invokeMethod(Invoker.java:696)
	at org.testng.internal.Invoker.invokeTestMethod(Invoker.java:882)
	at org.testng.internal.Invoker.invokeTestMethods(Invoker.java:1189)
	at org.testng.internal.TestMethodWorker.invokeTestMethods(TestMethodWorker.java:124)
	at org.testng.internal.TestMethodWorker.run(TestMethodWorker.java:108)
	at org.testng.TestRunner.privateRun(TestRunner.java:767)
	at org.testng.TestRunner.run(TestRunner.java:617)
	at org.testng.SuiteRunner.runTest(SuiteRunner.java:348)
	at org.testng.SuiteRunner.runSequentially(SuiteRunner.java:343)
	at org.testng.SuiteRunner.privateRun(SuiteRunner.java:305)
	at org.testng.SuiteRunner.run(SuiteRunner.java:254)
	at org.testng.SuiteRunnerWorker.runSuite(SuiteRunnerWorker.java:52)
	at org.testng.SuiteRunnerWorker.run(SuiteRunnerWorker.java:86)
	at org.testng.TestNG.runSuitesSequentially(TestNG.java:1224)
	at org.testng.TestNG.runSuitesLocally(TestNG.java:1149)
	at org.testng.TestNG.run(TestNG.java:1057)
	at com.intellij.rt.testng.IDEARemoteTestNG.run(IDEARemoteTestNG.java:66)
	at com.intellij.rt.testng.RemoteTestNGStarter.main(RemoteTestNGStarter.java:110)
</stack-trace>
            </failure>
            <steps>
                <step start="1597673920030" stop="1597673920150" status="broken">
                    <name>addTrainerImage</name>
                    <title>Add Trainer Image</title>
                </step>
            </steps>
            <attachments/>
            <labels>
                <label name="testSuite" value="All Test Suite"/>
                <label name="testGroup" value="F:/Workspace/FitCrowd/src/test/java/com/fit/loginPage/LoginPageTests.java"/>
                <label name="testClass" value="com.fit.trainerProfilePage.TrainerProfileTests"/>
                <label name="testMethod" value="addImage"/>
                <label name="host" value="DESKTOP-OH5VSFP"/>
                <label name="thread" value="20500@DESKTOP-OH5VSFP.main(1)"/>
            </labels>
        </test-case>
        <test-case start="1597673920188" stop="1597673920775" status="passed">
            <name>updateFirstName</name>
            <steps>
                <step start="1597673920190" stop="1597673920596" status="passed">
                    <name>checkPage</name>
                    <title>Check Page</title>
                    <attachments>
                        <attachment title="Screenshot" source="35838d8a-eecc-4a95-b9be-33d052fb1875-attachment.png" type="image/png"/>
                    </attachments>
                    <steps/>
                </step>
                <step start="1597673920597" stop="1597673920775" status="passed">
                    <name>updateFirstName[Denis]</name>
                    <title>Update First Name</title>
                    <attachments/>
                    <steps/>
                </step>
            </steps>
            <attachments/>
            <labels>
                <label name="testSuite" value="All Test Suite"/>
                <label name="testGroup" value="F:/Workspace/FitCrowd/src/test/java/com/fit/loginPage/LoginPageTests.java"/>
                <label name="testClass" value="com.fit.trainerProfilePage.TrainerProfileTests"/>
                <label name="testMethod" value="updateFirstName"/>
                <label name="host" value="DESKTOP-OH5VSFP"/>
                <label name="thread" value="20500@DESKTOP-OH5VSFP.main(1)"/>
            </labels>
        </test-case>
        <test-case start="1597673920777" stop="1597673921308" status="passed">
            <name>updateLastName</name>
            <steps>
                <step start="1597673920778" stop="1597673921143" status="passed">
                    <name>checkPage</name>
                    <title>Check Page</title>
                    <attachments>
                        <attachment title="Screenshot" source="378a45c9-a59c-45fc-bc83-9905b799f7a7-attachment.png" type="image/png"/>
                    </attachments>
                    <steps/>
                </step>
                <step start="1597673921143" stop="1597673921307" status="passed">
                    <name>updateLastName[Iuriet]</name>
                    <title>Update Last Name</title>
                    <attachments/>
                    <steps/>
                </step>
            </steps>
            <attachments/>
            <labels>
                <label name="testSuite" value="All Test Suite"/>
                <label name="testGroup" value="F:/Workspace/FitCrowd/src/test/java/com/fit/loginPage/LoginPageTests.java"/>
                <label name="testClass" value="com.fit.trainerProfilePage.TrainerProfileTests"/>
                <label name="testMethod" value="updateLastName"/>
                <label name="host" value="DESKTOP-OH5VSFP"/>
                <label name="thread" value="20500@DESKTOP-OH5VSFP.main(1)"/>
            </labels>
        </test-case>
        <test-case start="1597673921310" stop="1597673921818" status="passed">
            <name>updatePhoneNo</name>
            <steps>
                <step start="1597673921311" stop="1597673921651" status="passed">
                    <name>checkPage</name>
                    <title>Check Page</title>
                    <attachments>
                        <attachment title="Screenshot" source="6526b899-da1f-4d5a-824b-f16af18ae241-attachment.png" type="image/png"/>
                    </attachments>
                    <steps/>
                </step>
                <step start="1597673921651" stop="1597673921818" status="passed">
                    <name>updatePhoneNo[123456789]</name>
                    <title>Update Phone No.</title>
                    <attachments/>
                    <steps/>
                </step>
            </steps>
            <attachments/>
            <labels>
                <label name="testSuite" value="All Test Suite"/>
                <label name="testGroup" value="F:/Workspace/FitCrowd/src/test/java/com/fit/loginPage/LoginPageTests.java"/>
                <label name="testClass" value="com.fit.trainerProfilePage.TrainerProfileTests"/>
                <label name="testMethod" value="updatePhoneNo"/>
                <label name="host" value="DESKTOP-OH5VSFP"/>
                <label name="thread" value="20500@DESKTOP-OH5VSFP.main(1)"/>
            </labels>
        </test-case>
        <test-case start="1597673921819" stop="1597673922350" status="passed">
            <name>updateCountry</name>
            <steps>
                <step start="1597673921820" stop="1597673922166" status="passed">
                    <name>checkPage</name>
                    <title>Check Page</title>
                    <attachments>
                        <attachment title="Screenshot" source="93e151b8-eb4e-45a4-bbbc-8b7b4f8857bf-attachment.png" type="image/png"/>
                    </attachments>
                    <steps/>
                </step>
                <step start="1597673922166" stop="1597673922350" status="passed">
                    <name>updateCountry[TestCountry]</name>
                    <title>Update Country</title>
                    <attachments/>
                    <steps/>
                </step>
            </steps>
            <attachments/>
            <labels>
                <label name="testSuite" value="All Test Suite"/>
                <label name="testGroup" value="F:/Workspace/FitCrowd/src/test/java/com/fit/loginPage/LoginPageTests.java"/>
                <label name="testClass" value="com.fit.trainerProfilePage.TrainerProfileTests"/>
                <label name="testMethod" value="updateCountry"/>
                <label name="host" value="DESKTOP-OH5VSFP"/>
                <label name="thread" value="20500@DESKTOP-OH5VSFP.main(1)"/>
            </labels>
        </test-case>
        <test-case start="1597673922351" stop="1597673922838" status="passed">
            <name>updateCounty</name>
            <steps>
                <step start="1597673922352" stop="1597673922685" status="passed">
                    <name>checkPage</name>
                    <title>Check Page</title>
                    <attachments>
                        <attachment title="Screenshot" source="a4d79be2-3ea6-4ed9-90b6-a8ead55aa9f2-attachment.png" type="image/png"/>
                    </attachments>
                    <steps/>
                </step>
                <step start="1597673922686" stop="1597673922838" status="passed">
                    <name>updateCounty[TestCounty]</name>
                    <title>Update County</title>
                    <attachments/>
                    <steps/>
                </step>
            </steps>
            <attachments/>
            <labels>
                <label name="testSuite" value="All Test Suite"/>
                <label name="testGroup" value="F:/Workspace/FitCrowd/src/test/java/com/fit/loginPage/LoginPageTests.java"/>
                <label name="testClass" value="com.fit.trainerProfilePage.TrainerProfileTests"/>
                <label name="testMethod" value="updateCounty"/>
                <label name="host" value="DESKTOP-OH5VSFP"/>
                <label name="thread" value="20500@DESKTOP-OH5VSFP.main(1)"/>
            </labels>
        </test-case>
        <test-case start="1597673922839" stop="1597673923337" status="passed">
            <name>updateCity</name>
            <steps>
                <step start="1597673922839" stop="1597673923196" status="passed">
                    <name>checkPage</name>
                    <title>Check Page</title>
                    <attachments>
                        <attachment title="Screenshot" source="8e83370c-d5e4-444e-9976-aee8869068e2-attachment.png" type="image/png"/>
                    </attachments>
                    <steps/>
                </step>
                <step start="1597673923197" stop="1597673923337" status="passed">
                    <name>updateCity[TestCity]</name>
                    <title>Update City</title>
                    <attachments/>
                    <steps/>
                </step>
            </steps>
            <attachments/>
            <labels>
                <label name="testSuite" value="All Test Suite"/>
                <label name="testGroup" value="F:/Workspace/FitCrowd/src/test/java/com/fit/loginPage/LoginPageTests.java"/>
                <label name="testClass" value="com.fit.trainerProfilePage.TrainerProfileTests"/>
                <label name="testMethod" value="updateCity"/>
                <label name="host" value="DESKTOP-OH5VSFP"/>
                <label name="thread" value="20500@DESKTOP-OH5VSFP.main(1)"/>
            </labels>
        </test-case>
        <test-case start="1597673923339" stop="1597673923854" status="passed">
            <name>updateStreetName</name>
            <steps>
                <step start="1597673923340" stop="1597673923684" status="passed">
                    <name>checkPage</name>
                    <title>Check Page</title>
                    <attachments>
                        <attachment title="Screenshot" source="360a32ba-fd3b-4069-a5ab-faee88d91f5f-attachment.png" type="image/png"/>
                    </attachments>
                    <steps/>
                </step>
                <step start="1597673923684" stop="1597673923854" status="passed">
                    <name>updateStreetName[TestStreetName]</name>
                    <title>Update Street Name</title>
                    <attachments/>
                    <steps/>
                </step>
            </steps>
            <attachments/>
            <labels>
                <label name="testSuite" value="All Test Suite"/>
                <label name="testGroup" value="F:/Workspace/FitCrowd/src/test/java/com/fit/loginPage/LoginPageTests.java"/>
                <label name="testClass" value="com.fit.trainerProfilePage.TrainerProfileTests"/>
                <label name="testMethod" value="updateStreetName"/>
                <label name="host" value="DESKTOP-OH5VSFP"/>
                <label name="thread" value="20500@DESKTOP-OH5VSFP.main(1)"/>
            </labels>
        </test-case>
        <test-case start="1597673923855" stop="1597673924314" status="passed">
            <name>updateStreetNo</name>
            <steps>
                <step start="1597673923856" stop="1597673924209" status="passed">
                    <name>checkPage</name>
                    <title>Check Page</title>
                    <attachments>
                        <attachment title="Screenshot" source="3d0f5775-bbc0-4d1d-9014-602be70345a7-attachment.png" type="image/png"/>
                    </attachments>
                    <steps/>
                </step>
                <step start="1597673924210" stop="1597673924314" status="passed">
                    <name>updateStreetNo[1]</name>
                    <title>Update Street No.</title>
                    <attachments/>
                    <steps/>
                </step>
            </steps>
            <attachments/>
            <labels>
                <label name="testSuite" value="All Test Suite"/>
                <label name="testGroup" value="F:/Workspace/FitCrowd/src/test/java/com/fit/loginPage/LoginPageTests.java"/>
                <label name="testClass" value="com.fit.trainerProfilePage.TrainerProfileTests"/>
                <label name="testMethod" value="updateStreetNo"/>
                <label name="host" value="DESKTOP-OH5VSFP"/>
                <label name="thread" value="20500@DESKTOP-OH5VSFP.main(1)"/>
            </labels>
        </test-case>
        <test-case start="1597673924315" stop="1597673924834" status="passed">
            <name>updateDescription</name>
            <steps>
                <step start="1597673924316" stop="1597673924666" status="passed">
                    <name>checkPage</name>
                    <title>Check Page</title>
                    <attachments>
                        <attachment title="Screenshot" source="3b15dbac-bf98-401a-9a50-b4f10009f3ba-attachment.png" type="image/png"/>
                    </attachments>
                    <steps/>
                </step>
                <step start="1597673924667" stop="1597673924834" status="passed">
                    <name>updateDescription[TestDescription]</name>
                    <title>Update Description</title>
                    <attachments/>
                    <steps/>
                </step>
            </steps>
            <attachments/>
            <labels>
                <label name="testSuite" value="All Test Suite"/>
                <label name="testGroup" value="F:/Workspace/FitCrowd/src/test/java/com/fit/loginPage/LoginPageTests.java"/>
                <label name="testClass" value="com.fit.trainerProfilePage.TrainerProfileTests"/>
                <label name="testMethod" value="updateDescription"/>
                <label name="host" value="DESKTOP-OH5VSFP"/>
                <label name="thread" value="20500@DESKTOP-OH5VSFP.main(1)"/>
            </labels>
        </test-case>
        <test-case start="1597673924836" stop="1597673925417" status="passed">
            <name>addAccreditation</name>
            <steps>
                <step start="1597673924837" stop="1597673925181" status="passed">
                    <name>checkPage</name>
                    <title>Check Page</title>
                    <attachments>
                        <attachment title="Screenshot" source="ca0c070e-cc81-472f-b7d6-c36b038f10de-attachment.png" type="image/png"/>
                    </attachments>
                    <steps/>
                </step>
                <step start="1597673925182" stop="1597673925354" status="passed">
                    <name>insertAccreditation[TestAccreditation]</name>
                    <title>Insert Accreditation</title>
                    <attachments/>
                    <steps/>
                </step>
                <step start="1597673925355" stop="1597673925417" status="passed">
                    <name>addAccreditation</name>
                    <title>Add Accreditation</title>
                    <attachments/>
                    <steps/>
                </step>
            </steps>
            <attachments/>
            <labels>
                <label name="testSuite" value="All Test Suite"/>
                <label name="testGroup" value="F:/Workspace/FitCrowd/src/test/java/com/fit/loginPage/LoginPageTests.java"/>
                <label name="testClass" value="com.fit.trainerProfilePage.TrainerProfileTests"/>
                <label name="testMethod" value="addAccreditation"/>
                <label name="host" value="DESKTOP-OH5VSFP"/>
                <label name="thread" value="20500@DESKTOP-OH5VSFP.main(1)"/>
            </labels>
        </test-case>
        <test-case start="1597673925418" stop="1597673925843" status="passed">
            <name>updateTrainerProfile</name>
            <steps>
                <step start="1597673925419" stop="1597673925777" status="passed">
                    <name>checkPage</name>
                    <title>Check Page</title>
                    <attachments>
                        <attachment title="Screenshot" source="53601c9d-f982-42e0-85e7-8a1bb23f23b9-attachment.png" type="image/png"/>
                    </attachments>
                    <steps/>
                </step>
                <step start="1597673925777" stop="1597673925843" status="passed">
                    <name>updateTrainerProfile</name>
                    <title>Update Trainer Profile</title>
                    <attachments/>
                    <steps/>
                </step>
            </steps>
            <attachments/>
            <labels>
                <label name="testSuite" value="All Test Suite"/>
                <label name="testGroup" value="F:/Workspace/FitCrowd/src/test/java/com/fit/loginPage/LoginPageTests.java"/>
                <label name="testClass" value="com.fit.trainerProfilePage.TrainerProfileTests"/>
                <label name="testMethod" value="updateTrainerProfile"/>
                <label name="host" value="DESKTOP-OH5VSFP"/>
                <label name="thread" value="20500@DESKTOP-OH5VSFP.main(1)"/>
            </labels>
        </test-case>
        <test-case start="1597673925844" stop="1597673926633" status="passed">
            <name>changePassword</name>
            <steps>
                <step start="1597673925844" stop="1597673926197" status="passed">
                    <name>checkPage</name>
                    <title>Check Page</title>
                    <attachments>
                        <attachment title="Screenshot" source="5303aa57-fb4a-401f-8f69-269a6e1bf06c-attachment.png" type="image/png"/>
                    </attachments>
                    <steps/>
                </step>
                <step start="1597673926198" stop="1597673926277" status="passed">
                    <name>changePassword</name>
                    <title>Change Password</title>
                    <attachments/>
                    <steps/>
                </step>
                <step start="1597673926278" stop="1597673926378" status="passed">
                    <name>setCurrentPassword[abcd1234]</name>
                    <title>Set current password</title>
                    <attachments/>
                    <steps/>
                </step>
                <step start="1597673926378" stop="1597673926456" status="passed">
                    <name>setNewPassword[abcd1111]</name>
                    <title>Set new password</title>
                    <attachments/>
                    <steps/>
                </step>
                <step start="1597673926456" stop="1597673926574" status="passed">
                    <name>confirmNewPassword[abcd1111]</name>
                    <title>Set confirm new passwod</title>
                    <attachments/>
                    <steps/>
                </step>
                <step start="1597673926574" stop="1597673926633" status="passed">
                    <name>confirmChangePassword</name>
                    <title>Confirm change password</title>
                    <attachments/>
                    <steps/>
                </step>
            </steps>
            <attachments/>
            <labels>
                <label name="testSuite" value="All Test Suite"/>
                <label name="testGroup" value="F:/Workspace/FitCrowd/src/test/java/com/fit/loginPage/LoginPageTests.java"/>
                <label name="testClass" value="com.fit.trainerProfilePage.TrainerProfileTests"/>
                <label name="testMethod" value="changePassword"/>
                <label name="host" value="DESKTOP-OH5VSFP"/>
                <label name="thread" value="20500@DESKTOP-OH5VSFP.main(1)"/>
            </labels>
        </test-case>
    </test-cases>
    <labels>
        <label name="framework" value="TestNG"/>
        <label name="language" value="JAVA"/>
    </labels>
</ns2:test-suite>
