<?xml version="1.0" encoding="UTF-8" standalone="yes"?>
<ns2:test-suite start="1597046695592" stop="1597046729816" version="1.5.4" xmlns:ns2="urn:model.allure.qatools.yandex.ru">
    <name>All Test Suite : F:/Workspace/FitCrowd/src/test/java/com/fit/loginPage/LoginPageTests.java</name>
    <title>All Test Suite : F:/Workspace/FitCrowd/src/test/java/com/fit/loginPage/LoginPageTests.java</title>
    <test-cases>
        <test-case start="1597046702192" stop="1597046704457" status="passed">
            <name>validCredentials</name>
            <steps>
                <step start="1597046702226" stop="1597046702803" status="passed">
                    <name>checkPage</name>
                    <title>Check page</title>
                    <attachments>
                        <attachment title="Screenshot" source="960d3da0-7590-40ec-a8e7-58368779860a-attachment.png" type="image/png"/>
                    </attachments>
                    <steps/>
                </step>
                <step start="1597046702805" stop="1597046703343" status="passed">
                    <name>setEmail[iuriet.denis@gmail.com]</name>
                    <title>Set Email</title>
                    <attachments>
                        <attachment title="Screenshot" source="2ebffa05-322d-4feb-a771-05a8056832fb-attachment.png" type="image/png"/>
                    </attachments>
                    <steps/>
                </step>
                <step start="1597046703345" stop="1597046703938" status="passed">
                    <name>setPassword[abcd1234]</name>
                    <title>Set Password</title>
                    <attachments>
                        <attachment title="Screenshot" source="bca6909b-aa19-488e-84d6-e6bdbbf6c869-attachment.png" type="image/png"/>
                    </attachments>
                    <steps/>
                </step>
                <step start="1597046703939" stop="1597046704455" status="passed">
                    <name>successfulLogin</name>
                    <title>Check successful login</title>
                    <attachments>
                        <attachment title="Screenshot" source="3cdbb58a-e318-4f10-887e-240928f84cdf-attachment.png" type="image/png"/>
                    </attachments>
                    <steps/>
                </step>
            </steps>
            <attachments/>
            <labels>
                <label name="testSuite" value="All Test Suite"/>
                <label name="testGroup" value="F:/Workspace/FitCrowd/src/test/java/com/fit/loginPage/LoginPageTests.java"/>
                <label name="testClass" value="com.fit.loginPage.LoginPageTests"/>
                <label name="testMethod" value="validCredentials"/>
                <label name="host" value="DESKTOP-OH5VSFP"/>
                <label name="thread" value="6576@DESKTOP-OH5VSFP.main(1)"/>
            </labels>
        </test-case>
        <test-case start="1597046704679" stop="1597046729813" status="broken">
            <name>createClass</name>
            <failure>
                <message>NoSuchElementException: no such element: Unable to locate element: {"method":"css selector","selector":"#\30 c6982cf-e614-4625-8a0d-34a60489395a &gt; div &gt; div &gt; div.k-time-part &gt; div.k-time-list-container &gt; div:nth-child(2) &gt; div"}
  (Session info: chrome=84.0.4147.105)
For documentation on this error, please visit: https://www.seleniumhq.org/exceptions/no_such_element.html
Build info: version: '3.141.59', revision: 'e82be7d358', time: '2018-11-14T08:17:03'
System info: host: 'DESKTOP-OH5VSFP', ip: '192.168.0.161', os.name: 'Windows 10', os.arch: 'amd64', os.version: '10.0', java.version: '1.8.0_261'
Driver info: org.openqa.selenium.remote.RemoteWebDriver
Capabilities {acceptInsecureCerts: false, browserName: chrome, browserVersion: 84.0.4147.105, chrome: {chromedriverVersion: 84.0.4147.30 (48b3e868b4cc0..., userDataDir: C:\Users\iurie\AppData\Loca...}, goog:chromeOptions: {debuggerAddress: localhost:53979}, javascriptEnabled: true, networkConnectionEnabled: false, pageLoadStrategy: normal, platform: WINDOWS, platformName: WINDOWS, proxy: Proxy(), setWindowRect: true, strictFileInteractability: false, timeouts: {implicit: 0, pageLoad: 300000, script: 30000}, unhandledPromptBehavior: dismiss and notify, webauthn:virtualAuthenticators: true, webdriver.remote.sessionid: 7b70df0f791ba88dd5e9c78852c...}
Session ID: 7b70df0f791ba88dd5e9c78852cf82b7
*** Element info: {Using=css selector, value=#\30 c6982cf-e614-4625-8a0d-34a60489395a &gt; div &gt; div &gt; div.k-time-part &gt; div.k-time-list-container &gt; div:nth-child(2) &gt; div}</message>
                <stack-trace>org.openqa.selenium.NoSuchElementException: no such element: Unable to locate element: {"method":"css selector","selector":"#\30 c6982cf-e614-4625-8a0d-34a60489395a &gt; div &gt; div &gt; div.k-time-part &gt; div.k-time-list-container &gt; div:nth-child(2) &gt; div"}
  (Session info: chrome=84.0.4147.105)
For documentation on this error, please visit: https://www.seleniumhq.org/exceptions/no_such_element.html
Build info: version: '3.141.59', revision: 'e82be7d358', time: '2018-11-14T08:17:03'
System info: host: 'DESKTOP-OH5VSFP', ip: '192.168.0.161', os.name: 'Windows 10', os.arch: 'amd64', os.version: '10.0', java.version: '1.8.0_261'
Driver info: org.openqa.selenium.remote.RemoteWebDriver
Capabilities {acceptInsecureCerts: false, browserName: chrome, browserVersion: 84.0.4147.105, chrome: {chromedriverVersion: 84.0.4147.30 (48b3e868b4cc0..., userDataDir: C:\Users\iurie\AppData\Loca...}, goog:chromeOptions: {debuggerAddress: localhost:53979}, javascriptEnabled: true, networkConnectionEnabled: false, pageLoadStrategy: normal, platform: WINDOWS, platformName: WINDOWS, proxy: Proxy(), setWindowRect: true, strictFileInteractability: false, timeouts: {implicit: 0, pageLoad: 300000, script: 30000}, unhandledPromptBehavior: dismiss and notify, webauthn:virtualAuthenticators: true, webdriver.remote.sessionid: 7b70df0f791ba88dd5e9c78852c...}
Session ID: 7b70df0f791ba88dd5e9c78852cf82b7
*** Element info: {Using=css selector, value=#\30 c6982cf-e614-4625-8a0d-34a60489395a &gt; div &gt; div &gt; div.k-time-part &gt; div.k-time-list-container &gt; div:nth-child(2) &gt; div}
	at sun.reflect.NativeConstructorAccessorImpl.newInstance0(Native Method)
	at sun.reflect.NativeConstructorAccessorImpl.newInstance(NativeConstructorAccessorImpl.java:62)
	at sun.reflect.DelegatingConstructorAccessorImpl.newInstance(DelegatingConstructorAccessorImpl.java:45)
	at java.lang.reflect.Constructor.newInstance(Constructor.java:423)
	at org.openqa.selenium.remote.http.W3CHttpResponseCodec.createException(W3CHttpResponseCodec.java:187)
	at org.openqa.selenium.remote.http.W3CHttpResponseCodec.decode(W3CHttpResponseCodec.java:122)
	at org.openqa.selenium.remote.http.W3CHttpResponseCodec.decode(W3CHttpResponseCodec.java:49)
	at org.openqa.selenium.remote.HttpCommandExecutor.execute(HttpCommandExecutor.java:158)
	at org.openqa.selenium.remote.RemoteWebDriver.execute(RemoteWebDriver.java:552)
	at org.openqa.selenium.remote.RemoteWebDriver.findElement(RemoteWebDriver.java:323)
	at org.openqa.selenium.remote.RemoteWebDriver.findElementByCssSelector(RemoteWebDriver.java:420)
	at org.openqa.selenium.By$ByCssSelector.findElement(By.java:431)
	at org.openqa.selenium.remote.RemoteWebDriver.findElement(RemoteWebDriver.java:315)
	at com.fit.classesPage.ClassesPage.setClassTime(ClassesPage.java:159)
	at com.fit.classesPage.ClassesPageTests.createClass(ClassesPageTests.java:54)
	at sun.reflect.NativeMethodAccessorImpl.invoke0(Native Method)
	at sun.reflect.NativeMethodAccessorImpl.invoke(NativeMethodAccessorImpl.java:62)
	at sun.reflect.DelegatingMethodAccessorImpl.invoke(DelegatingMethodAccessorImpl.java:43)
	at java.lang.reflect.Method.invoke(Method.java:498)
	at org.testng.internal.MethodInvocationHelper.invokeMethod(MethodInvocationHelper.java:85)
	at org.testng.internal.Invoker.invokeMethod(Invoker.java:696)
	at org.testng.internal.Invoker.invokeTestMethod(Invoker.java:882)
	at org.testng.internal.Invoker.invokeTestMethods(Invoker.java:1189)
	at org.testng.internal.TestMethodWorker.invokeTestMethods(TestMethodWorker.java:124)
	at org.testng.internal.TestMethodWorker.run(TestMethodWorker.java:108)
	at org.testng.TestRunner.privateRun(TestRunner.java:767)
	at org.testng.TestRunner.run(TestRunner.java:617)
	at org.testng.SuiteRunner.runTest(SuiteRunner.java:348)
	at org.testng.SuiteRunner.runSequentially(SuiteRunner.java:343)
	at org.testng.SuiteRunner.privateRun(SuiteRunner.java:305)
	at org.testng.SuiteRunner.run(SuiteRunner.java:254)
	at org.testng.SuiteRunnerWorker.runSuite(SuiteRunnerWorker.java:52)
	at org.testng.SuiteRunnerWorker.run(SuiteRunnerWorker.java:86)
	at org.testng.TestNG.runSuitesSequentially(TestNG.java:1224)
	at org.testng.TestNG.runSuitesLocally(TestNG.java:1149)
	at org.testng.TestNG.run(TestNG.java:1057)
	at com.intellij.rt.testng.IDEARemoteTestNG.run(IDEARemoteTestNG.java:66)
	at com.intellij.rt.testng.RemoteTestNGStarter.main(RemoteTestNGStarter.java:110)
</stack-trace>
            </failure>
            <steps>
                <step start="1597046704682" stop="1597046705418" status="passed">
                    <name>checkPage</name>
                    <title>Check Page</title>
                    <attachments>
                        <attachment title="Screenshot" source="47179d97-0027-41f0-9bff-5ca4d44dcdab-attachment.png" type="image/png"/>
                    </attachments>
                </step>
                <step start="1597046705418" stop="1597046718630" status="passed">
                    <name>addImage</name>
                    <title>Add image to class</title>
                    <attachments>
                        <attachment title="Screenshot" source="d3997935-e854-4f8f-b54b-daa3450c6d76-attachment.png" type="image/png"/>
                    </attachments>
                </step>
                <step start="1597046718646" stop="1597046718825" status="passed">
                    <name>clickOnClassType</name>
                    <title>Click on class type</title>
                </step>
                <step start="1597046718826" stop="1597046719652" status="passed">
                    <name>setClassType[1]</name>
                    <title>Set Class Type</title>
                    <attachments>
                        <attachment title="Screenshot" source="b4a78da3-61c3-4c83-b9d8-572fb7c7e0ca-attachment.png" type="image/png"/>
                    </attachments>
                </step>
                <step start="1597046719660" stop="1597046720476" status="passed">
                    <name>setClassName[Test01]</name>
                    <title>Set Class Name</title>
                    <attachments>
                        <attachment title="Screenshot" source="7376db35-8b41-4f3d-912e-585181c97375-attachment.png" type="image/png"/>
                    </attachments>
                </step>
                <step start="1597046720478" stop="1597046720594" status="passed">
                    <name>clickClassLocation</name>
                    <title>Click Class Location</title>
                </step>
                <step start="1597046720595" stop="1597046720700" status="passed">
                    <name>setClassLocation</name>
                    <title>Set Class Location</title>
                </step>
                <step start="1597046720700" stop="1597046721421" status="passed">
                    <name>setOpenRegistration[8]</name>
                    <title>Set Open Registration</title>
                    <attachments>
                        <attachment title="Screenshot" source="3ca46f5a-ccaf-4413-928c-1464aa910571-attachment.png" type="image/png"/>
                    </attachments>
                </step>
                <step start="1597046721423" stop="1597046722197" status="passed">
                    <name>setCloseRegistration[0]</name>
                    <title>Set Close Registration</title>
                    <attachments>
                        <attachment title="Screenshot" source="c765e2b5-dbe6-4b08-ba80-7c88b307aed3-attachment.png" type="image/png"/>
                    </attachments>
                </step>
                <step start="1597046722199" stop="1597046722945" status="passed">
                    <name>setParticipants[10]</name>
                    <title>Set Participants</title>
                    <attachments>
                        <attachment title="Screenshot" source="10f5f9fd-9e92-409a-ae00-3295a0f8a68c-attachment.png" type="image/png"/>
                    </attachments>
                </step>
                <step start="1597046722946" stop="1597046723623" status="passed">
                    <name>setDuration[60]</name>
                    <title>Set duration</title>
                    <attachments>
                        <attachment title="Screenshot" source="60a53fb4-28bb-4f51-bf29-2bf953eac014-attachment.png" type="image/png"/>
                    </attachments>
                </step>
                <step start="1597046723636" stop="1597046723785" status="passed">
                    <name>clickBeginningDate</name>
                    <title>Click on beginning date</title>
                </step>
                <step start="1597046723786" stop="1597046724544" status="passed">
                    <name>setDayOfClass</name>
                    <title>Set day of class</title>
                    <attachments>
                        <attachment title="Screenshot" source="0e17e0df-1a85-4c18-b933-01503a3e5ad7-attachment.png" type="image/png"/>
                    </attachments>
                </step>
                <step start="1597046724545" stop="1597046724711" status="passed">
                    <name>clickTimeButton</name>
                    <title>Click time button</title>
                </step>
                <step start="1597046724712" stop="1597046729770" status="broken">
                    <name>setClassTime</name>
                    <title>Set class time</title>
                </step>
            </steps>
            <attachments/>
            <labels>
                <label name="testSuite" value="All Test Suite"/>
                <label name="testGroup" value="F:/Workspace/FitCrowd/src/test/java/com/fit/loginPage/LoginPageTests.java"/>
                <label name="testClass" value="com.fit.classesPage.ClassesPageTests"/>
                <label name="testMethod" value="createClass"/>
                <label name="host" value="DESKTOP-OH5VSFP"/>
                <label name="thread" value="6576@DESKTOP-OH5VSFP.main(1)"/>
            </labels>
        </test-case>
    </test-cases>
    <labels>
        <label name="framework" value="TestNG"/>
        <label name="language" value="JAVA"/>
    </labels>
</ns2:test-suite>
