<?xml version="1.0" encoding="UTF-8" standalone="yes"?>
<ns2:test-suite start="1597756563672" stop="1597756573979" version="1.5.4" xmlns:ns2="urn:model.allure.qatools.yandex.ru">
    <name>Default Suite : FitCrowd</name>
    <title>Default Suite : FitCrowd</title>
    <test-cases>
        <test-case start="1597756569971" stop="1597756571543" status="passed">
            <name>invalidGymCode</name>
            <steps>
                <step start="1597756570028" stop="1597756570712" status="passed">
                    <name>checkPage</name>
                    <title>Check Page</title>
                    <attachments>
                        <attachment title="Screenshot" source="32f0c227-706e-4ed3-bd0f-cfe81e97b7c4-attachment.png" type="image/png"/>
                    </attachments>
                    <steps/>
                </step>
                <step start="1597756570713" stop="1597756570899" status="passed">
                    <name>setGymCode[TestGymCode]</name>
                    <title>Set Gym Code</title>
                    <attachments/>
                    <steps/>
                </step>
                <step start="1597756570900" stop="1597756571363" status="passed">
                    <name>failedLogin</name>
                    <title>Failed Login</title>
                    <attachments>
                        <attachment title="Screenshot" source="bc8aebf5-6000-49ca-ab17-9f72cb5f20a6-attachment.png" type="image/png"/>
                    </attachments>
                    <steps/>
                </step>
                <step start="1597756571363" stop="1597756571531" status="passed">
                    <name>getInvalidGymCodeError</name>
                    <title>Get Invalid Gym Code Error</title>
                    <attachments/>
                    <steps/>
                </step>
            </steps>
            <attachments/>
            <labels>
                <label name="testSuite" value="Default Suite"/>
                <label name="testGroup" value="FitCrowd"/>
                <label name="testClass" value="com.fit.client.verifyGym.VerifyGymTests"/>
                <label name="testMethod" value="invalidGymCode"/>
                <label name="host" value="DESKTOP-OH5VSFP"/>
                <label name="thread" value="8052@DESKTOP-OH5VSFP.main(1)"/>
            </labels>
        </test-case>
        <test-case start="1597756571723" stop="1597756572883" status="passed">
            <name>missingGymCode</name>
            <steps>
                <step start="1597756571729" stop="1597756572330" status="passed">
                    <name>checkPage</name>
                    <title>Check Page</title>
                    <attachments>
                        <attachment title="Screenshot" source="e8c8b02b-9846-4192-b51a-793ff945a34f-attachment.png" type="image/png"/>
                    </attachments>
                    <steps/>
                </step>
                <step start="1597756572331" stop="1597756572795" status="passed">
                    <name>failedLogin</name>
                    <title>Failed Login</title>
                    <attachments>
                        <attachment title="Screenshot" source="4bcc2d12-0e6a-46e5-a7dc-8449a819715f-attachment.png" type="image/png"/>
                    </attachments>
                    <steps/>
                </step>
                <step start="1597756572796" stop="1597756572882" status="passed">
                    <name>getMissingGymCodeError</name>
                    <title>Get Missing Gym Code Error</title>
                    <attachments/>
                    <steps/>
                </step>
            </steps>
            <attachments/>
            <labels>
                <label name="testSuite" value="Default Suite"/>
                <label name="testGroup" value="FitCrowd"/>
                <label name="testClass" value="com.fit.client.verifyGym.VerifyGymTests"/>
                <label name="testMethod" value="missingGymCode"/>
                <label name="host" value="DESKTOP-OH5VSFP"/>
                <label name="thread" value="8052@DESKTOP-OH5VSFP.main(1)"/>
            </labels>
        </test-case>
        <test-case start="1597756573111" stop="1597756573874" status="failed">
            <name>validGymCode</name>
            <failure>
                <message>AssertionError: expected [https://client-dev.fitcrowd.net/login] but found [https://client-dev.fitcrowd.net/gymVerify]</message>
                <stack-trace>java.lang.AssertionError: expected [https://client-dev.fitcrowd.net/login] but found [https://client-dev.fitcrowd.net/gymVerify]
	at org.testng.Assert.fail(Assert.java:94)
	at org.testng.Assert.failNotEquals(Assert.java:494)
	at org.testng.Assert.assertEquals(Assert.java:123)
	at org.testng.Assert.assertEquals(Assert.java:176)
	at org.testng.Assert.assertEquals(Assert.java:186)
	at com.fit.client.verifyGym.VerifyGymPage.successfulLogin(VerifyGymPage.java:36)
	at com.fit.client.verifyGym.VerifyGymTests.validGymCode(VerifyGymTests.java:48)
	at sun.reflect.NativeMethodAccessorImpl.invoke0(Native Method)
	at sun.reflect.NativeMethodAccessorImpl.invoke(NativeMethodAccessorImpl.java:62)
	at sun.reflect.DelegatingMethodAccessorImpl.invoke(DelegatingMethodAccessorImpl.java:43)
	at java.lang.reflect.Method.invoke(Method.java:498)
	at org.testng.internal.MethodInvocationHelper.invokeMethod(MethodInvocationHelper.java:85)
	at org.testng.internal.Invoker.invokeMethod(Invoker.java:696)
	at org.testng.internal.Invoker.invokeTestMethod(Invoker.java:882)
	at org.testng.internal.Invoker.invokeTestMethods(Invoker.java:1189)
	at org.testng.internal.TestMethodWorker.invokeTestMethods(TestMethodWorker.java:124)
	at org.testng.internal.TestMethodWorker.run(TestMethodWorker.java:108)
	at org.testng.TestRunner.privateRun(TestRunner.java:767)
	at org.testng.TestRunner.run(TestRunner.java:617)
	at org.testng.SuiteRunner.runTest(SuiteRunner.java:348)
	at org.testng.SuiteRunner.runSequentially(SuiteRunner.java:343)
	at org.testng.SuiteRunner.privateRun(SuiteRunner.java:305)
	at org.testng.SuiteRunner.run(SuiteRunner.java:254)
	at org.testng.SuiteRunnerWorker.runSuite(SuiteRunnerWorker.java:52)
	at org.testng.SuiteRunnerWorker.run(SuiteRunnerWorker.java:86)
	at org.testng.TestNG.runSuitesSequentially(TestNG.java:1224)
	at org.testng.TestNG.runSuitesLocally(TestNG.java:1149)
	at org.testng.TestNG.run(TestNG.java:1057)
	at com.intellij.rt.testng.IDEARemoteTestNG.run(IDEARemoteTestNG.java:66)
	at com.intellij.rt.testng.RemoteTestNGStarter.main(RemoteTestNGStarter.java:110)
</stack-trace>
            </failure>
            <steps>
                <step start="1597756573116" stop="1597756573671" status="passed">
                    <name>checkPage</name>
                    <title>Check Page</title>
                    <attachments>
                        <attachment title="Screenshot" source="66ef5acc-18cc-4d01-ba78-36f06204963c-attachment.png" type="image/png"/>
                    </attachments>
                </step>
                <step start="1597756573672" stop="1597756573757" status="passed">
                    <name>setGymCode[18GYM]</name>
                    <title>Set Gym Code</title>
                </step>
                <step start="1597756573758" stop="1597756573856" status="failed">
                    <name>successfulLogin</name>
                    <title>Successful login</title>
                </step>
            </steps>
            <attachments/>
            <labels>
                <label name="testSuite" value="Default Suite"/>
                <label name="testGroup" value="FitCrowd"/>
                <label name="testClass" value="com.fit.client.verifyGym.VerifyGymTests"/>
                <label name="testMethod" value="validGymCode"/>
                <label name="host" value="DESKTOP-OH5VSFP"/>
                <label name="thread" value="8052@DESKTOP-OH5VSFP.main(1)"/>
            </labels>
        </test-case>
    </test-cases>
    <labels>
        <label name="framework" value="TestNG"/>
        <label name="language" value="JAVA"/>
    </labels>
</ns2:test-suite>
