<?xml version="1.0" encoding="UTF-8" standalone="yes"?>
<ns2:test-suite start="1597913716036" stop="1597913730059" version="1.5.4" xmlns:ns2="urn:model.allure.qatools.yandex.ru">
    <name>All Test Suite : F:/Workspace/FitCrowd/src/test/java/com/fit/loginPage/LoginPageTests.java</name>
    <title>All Test Suite : F:/Workspace/FitCrowd/src/test/java/com/fit/loginPage/LoginPageTests.java</title>
    <test-cases>
        <test-case start="1597913721740" stop="1597913724243" status="passed">
            <name>validGymCode</name>
            <steps>
                <step start="1597913721784" stop="1597913722444" status="passed">
                    <name>checkPage</name>
                    <title>Check Page</title>
                    <attachments>
                        <attachment title="Screenshot" source="47a99524-6bc0-435a-89c5-7ab715fab5db-attachment.png" type="image/png"/>
                    </attachments>
                    <steps/>
                </step>
                <step start="1597913722445" stop="1597913722577" status="passed">
                    <name>setGymCode[18GYM]</name>
                    <title>Set Gym Code</title>
                    <attachments/>
                    <steps/>
                </step>
                <step start="1597913722578" stop="1597913724240" status="passed">
                    <name>successfulLogin</name>
                    <title>Successful login</title>
                    <attachments/>
                    <steps/>
                </step>
            </steps>
            <attachments/>
            <labels>
                <label name="testSuite" value="All Test Suite"/>
                <label name="testGroup" value="F:/Workspace/FitCrowd/src/test/java/com/fit/loginPage/LoginPageTests.java"/>
                <label name="testClass" value="com.fit.client.verifyGym.VerifyGymTests"/>
                <label name="testMethod" value="validGymCode"/>
                <label name="host" value="DESKTOP-OH5VSFP"/>
                <label name="thread" value="3296@DESKTOP-OH5VSFP.main(1)"/>
            </labels>
        </test-case>
        <test-case start="1597913724721" stop="1597913726001" status="passed">
            <name>validCredentials</name>
            <steps>
                <step start="1597913724724" stop="1597913725138" status="passed">
                    <name>checkPage</name>
                    <title>Check page</title>
                    <attachments>
                        <attachment title="Screenshot" source="0c8f48d6-4e9f-4196-b6e9-2c9054be7a12-attachment.png" type="image/png"/>
                    </attachments>
                    <steps/>
                </step>
                <step start="1597913725138" stop="1597913725288" status="passed">
                    <name>setEmail[denis.yonutz98@gmail.com]</name>
                    <title>Set Email</title>
                    <attachments/>
                    <steps/>
                </step>
                <step start="1597913725289" stop="1597913725389" status="passed">
                    <name>setPassword[abcd4321]</name>
                    <title>Set Password</title>
                    <attachments/>
                    <steps/>
                </step>
                <step start="1597913725390" stop="1597913726000" status="passed">
                    <name>successfulLogin</name>
                    <title>Successful Login</title>
                    <attachments/>
                    <steps/>
                </step>
            </steps>
            <attachments/>
            <labels>
                <label name="testSuite" value="All Test Suite"/>
                <label name="testGroup" value="F:/Workspace/FitCrowd/src/test/java/com/fit/loginPage/LoginPageTests.java"/>
                <label name="testClass" value="com.fit.client.login.LoginPageTests"/>
                <label name="testMethod" value="validCredentials"/>
                <label name="host" value="DESKTOP-OH5VSFP"/>
                <label name="thread" value="3296@DESKTOP-OH5VSFP.main(1)"/>
            </labels>
        </test-case>
        <test-case start="1597913726134" stop="1597913730055" status="failed">
            <name>simpleTest</name>
            <failure>
                <message>AssertionError: expected [Congrats! You've succesfully booked a place at TRX class! Check out your appointments.] but found [Congrats! You've succesfully booked a place at Test2 class! Check out your appointments.]</message>
                <stack-trace>java.lang.AssertionError: expected [Congrats! You've succesfully booked a place at TRX class! Check out your appointments.] but found [Congrats! You've succesfully booked a place at Test2 class! Check out your appointments.]
	at org.testng.Assert.fail(Assert.java:94)
	at org.testng.Assert.failNotEquals(Assert.java:494)
	at org.testng.Assert.assertEquals(Assert.java:123)
	at org.testng.Assert.assertEquals(Assert.java:176)
	at org.testng.Assert.assertEquals(Assert.java:186)
	at com.fit.client.schedule.SchedulePage.selectClass(SchedulePage.java:134)
	at com.fit.client.schedule.SchedulePageTests.simpleTest(SchedulePageTests.java:35)
	at sun.reflect.NativeMethodAccessorImpl.invoke0(Native Method)
	at sun.reflect.NativeMethodAccessorImpl.invoke(NativeMethodAccessorImpl.java:62)
	at sun.reflect.DelegatingMethodAccessorImpl.invoke(DelegatingMethodAccessorImpl.java:43)
	at java.lang.reflect.Method.invoke(Method.java:498)
	at org.testng.internal.MethodInvocationHelper.invokeMethod(MethodInvocationHelper.java:85)
	at org.testng.internal.Invoker.invokeMethod(Invoker.java:696)
	at org.testng.internal.Invoker.invokeTestMethod(Invoker.java:882)
	at org.testng.internal.Invoker.invokeTestMethods(Invoker.java:1189)
	at org.testng.internal.TestMethodWorker.invokeTestMethods(TestMethodWorker.java:124)
	at org.testng.internal.TestMethodWorker.run(TestMethodWorker.java:108)
	at org.testng.TestRunner.privateRun(TestRunner.java:767)
	at org.testng.TestRunner.run(TestRunner.java:617)
	at org.testng.SuiteRunner.runTest(SuiteRunner.java:348)
	at org.testng.SuiteRunner.runSequentially(SuiteRunner.java:343)
	at org.testng.SuiteRunner.privateRun(SuiteRunner.java:305)
	at org.testng.SuiteRunner.run(SuiteRunner.java:254)
	at org.testng.SuiteRunnerWorker.runSuite(SuiteRunnerWorker.java:52)
	at org.testng.SuiteRunnerWorker.run(SuiteRunnerWorker.java:86)
	at org.testng.TestNG.runSuitesSequentially(TestNG.java:1224)
	at org.testng.TestNG.runSuitesLocally(TestNG.java:1149)
	at org.testng.TestNG.run(TestNG.java:1057)
	at com.intellij.rt.testng.IDEARemoteTestNG.run(IDEARemoteTestNG.java:66)
	at com.intellij.rt.testng.RemoteTestNGStarter.main(RemoteTestNGStarter.java:110)
</stack-trace>
            </failure>
            <steps>
                <step start="1597913726137" stop="1597913726918" status="passed">
                    <name>checkPage</name>
                    <title>Check Page</title>
                    <attachments>
                        <attachment title="Screenshot" source="71808ff9-1d6d-4886-97da-b082272d8bd5-attachment.png" type="image/png"/>
                    </attachments>
                </step>
                <step start="1597913726918" stop="1597913727032" status="passed">
                    <name>dayView</name>
                    <title>View Classes/Day</title>
                </step>
                <step start="1597913727035" stop="1597913727103" status="passed">
                    <name>getCalendarDate[0]</name>
                    <title>Get calendar date</title>
                </step>
                <step start="1597913727104" stop="1597913730037" status="failed">
                    <name>selectClass</name>
                    <title>Select class</title>
                    <steps>
                        <step start="1597913727362" stop="1597913727407" status="passed">
                            <name>checkNoOfParticipants</name>
                            <title>Check no. of participants</title>
                        </step>
                        <step start="1597913727409" stop="1597913727510" status="passed">
                            <name>checkReservations</name>
                            <title>Check Reservations</title>
                        </step>
                        <step start="1597913727527" stop="1597913727800" status="passed">
                            <name>getClassDetails</name>
                            <title>Get class details</title>
                        </step>
                        <step start="1597913730008" stop="1597913730035" status="passed">
                            <name>getAlertMessage</name>
                            <title>Get alert message</title>
                        </step>
                    </steps>
                </step>
            </steps>
            <attachments/>
            <labels>
                <label name="testSuite" value="All Test Suite"/>
                <label name="testGroup" value="F:/Workspace/FitCrowd/src/test/java/com/fit/loginPage/LoginPageTests.java"/>
                <label name="testClass" value="com.fit.client.schedule.SchedulePageTests"/>
                <label name="testMethod" value="simpleTest"/>
                <label name="host" value="DESKTOP-OH5VSFP"/>
                <label name="thread" value="3296@DESKTOP-OH5VSFP.main(1)"/>
            </labels>
        </test-case>
    </test-cases>
    <labels>
        <label name="framework" value="TestNG"/>
        <label name="language" value="JAVA"/>
    </labels>
</ns2:test-suite>
