<?xml version="1.0" encoding="UTF-8" standalone="yes"?>
<ns2:test-suite start="1596785071323" stop="1596785071555" version="1.5.4" xmlns:ns2="urn:model.allure.qatools.yandex.ru">
    <name>All Test Suite : F:/Workspace/FitCrowd/src/test/java/com/fit/loginPage/LoginPageTests.java</name>
    <title>All Test Suite : F:/Workspace/FitCrowd/src/test/java/com/fit/loginPage/LoginPageTests.java</title>
    <test-cases>
        <test-case start="1596785071436" stop="1596785071547" status="broken">
            <name>addImage</name>
            <failure>
                <message>NullPointerException: null</message>
                <stack-trace>java.lang.NullPointerException
	at com.fit.classesPage.ClassesPageTests.addImage(ClassesPageTests.java:32)
	at sun.reflect.NativeMethodAccessorImpl.invoke0(Native Method)
	at sun.reflect.NativeMethodAccessorImpl.invoke(NativeMethodAccessorImpl.java:62)
	at sun.reflect.DelegatingMethodAccessorImpl.invoke(DelegatingMethodAccessorImpl.java:43)
	at java.lang.reflect.Method.invoke(Method.java:498)
	at org.testng.internal.MethodInvocationHelper.invokeMethod(MethodInvocationHelper.java:85)
	at org.testng.internal.Invoker.invokeMethod(Invoker.java:696)
	at org.testng.internal.Invoker.invokeTestMethod(Invoker.java:882)
	at org.testng.internal.Invoker.invokeTestMethods(Invoker.java:1189)
	at org.testng.internal.TestMethodWorker.invokeTestMethods(TestMethodWorker.java:124)
	at org.testng.internal.TestMethodWorker.run(TestMethodWorker.java:108)
	at org.testng.TestRunner.privateRun(TestRunner.java:767)
	at org.testng.TestRunner.run(TestRunner.java:617)
	at org.testng.SuiteRunner.runTest(SuiteRunner.java:348)
	at org.testng.SuiteRunner.runSequentially(SuiteRunner.java:343)
	at org.testng.SuiteRunner.privateRun(SuiteRunner.java:305)
	at org.testng.SuiteRunner.run(SuiteRunner.java:254)
	at org.testng.SuiteRunnerWorker.runSuite(SuiteRunnerWorker.java:52)
	at org.testng.SuiteRunnerWorker.run(SuiteRunnerWorker.java:86)
	at org.testng.TestNG.runSuitesSequentially(TestNG.java:1224)
	at org.testng.TestNG.runSuitesLocally(TestNG.java:1149)
	at org.testng.TestNG.run(TestNG.java:1057)
	at com.intellij.rt.testng.IDEARemoteTestNG.run(IDEARemoteTestNG.java:66)
	at com.intellij.rt.testng.RemoteTestNGStarter.main(RemoteTestNGStarter.java:110)
</stack-trace>
            </failure>
            <steps/>
            <attachments/>
            <labels>
                <label name="testSuite" value="All Test Suite"/>
                <label name="testGroup" value="F:/Workspace/FitCrowd/src/test/java/com/fit/loginPage/LoginPageTests.java"/>
                <label name="testClass" value="com.fit.classesPage.ClassesPageTests"/>
                <label name="testMethod" value="addImage"/>
                <label name="host" value="DESKTOP-OH5VSFP"/>
                <label name="thread" value="7724@DESKTOP-OH5VSFP.main(1)"/>
            </labels>
        </test-case>
    </test-cases>
    <labels>
        <label name="framework" value="TestNG"/>
        <label name="language" value="JAVA"/>
    </labels>
</ns2:test-suite>
