<?xml version="1.0" encoding="UTF-8" standalone="yes"?>
<ns2:test-suite start="1597047113251" stop="1597047175623" version="1.5.4" xmlns:ns2="urn:model.allure.qatools.yandex.ru">
    <name>All Test Suite : F:/Workspace/FitCrowd/src/test/java/com/fit/loginPage/LoginPageTests.java</name>
    <title>All Test Suite : F:/Workspace/FitCrowd/src/test/java/com/fit/loginPage/LoginPageTests.java</title>
    <test-cases>
        <test-case start="1597047119896" stop="1597047122237" status="passed">
            <name>validCredentials</name>
            <steps>
                <step start="1597047119932" stop="1597047120553" status="passed">
                    <name>checkPage</name>
                    <title>Check page</title>
                    <attachments>
                        <attachment title="Screenshot" source="da7590a6-0af0-4efc-a06e-d441047c6db6-attachment.png" type="image/png"/>
                    </attachments>
                    <steps/>
                </step>
                <step start="1597047120557" stop="1597047121209" status="passed">
                    <name>setEmail[iuriet.denis@gmail.com]</name>
                    <title>Set Email</title>
                    <attachments>
                        <attachment title="Screenshot" source="aa1f6a2d-4947-4fbe-9ec0-af4fc7804fcc-attachment.png" type="image/png"/>
                    </attachments>
                    <steps/>
                </step>
                <step start="1597047121210" stop="1597047121781" status="passed">
                    <name>setPassword[abcd1234]</name>
                    <title>Set Password</title>
                    <attachments>
                        <attachment title="Screenshot" source="4033f7e7-abdf-4b87-81ed-36bf8e289b8d-attachment.png" type="image/png"/>
                    </attachments>
                    <steps/>
                </step>
                <step start="1597047121782" stop="1597047122237" status="passed">
                    <name>successfulLogin</name>
                    <title>Check successful login</title>
                    <attachments>
                        <attachment title="Screenshot" source="bcdb0081-1d96-4525-bc09-07b01bd75e3f-attachment.png" type="image/png"/>
                    </attachments>
                    <steps/>
                </step>
            </steps>
            <attachments/>
            <labels>
                <label name="testSuite" value="All Test Suite"/>
                <label name="testGroup" value="F:/Workspace/FitCrowd/src/test/java/com/fit/loginPage/LoginPageTests.java"/>
                <label name="testClass" value="com.fit.loginPage.LoginPageTests"/>
                <label name="testMethod" value="validCredentials"/>
                <label name="host" value="DESKTOP-OH5VSFP"/>
                <label name="thread" value="6268@DESKTOP-OH5VSFP.main(1)"/>
            </labels>
        </test-case>
        <test-case start="1597047122770" stop="1597047175620" status="broken">
            <name>createClass</name>
            <failure>
                <message>TimeoutException: Expected condition failed: waiting for visibility of element located by By.cssSelector: #\30 c6982cf-e614-4625-8a0d-34a60489395a &gt; div &gt; div &gt; div.k-time-part &gt; div.k-time-list-container &gt; div:nth-child(2) &gt; div (tried for 30 second(s) with 500 milliseconds interval)</message>
                <stack-trace>org.openqa.selenium.TimeoutException: Expected condition failed: waiting for visibility of element located by By.cssSelector: #\30 c6982cf-e614-4625-8a0d-34a60489395a &gt; div &gt; div &gt; div.k-time-part &gt; div.k-time-list-container &gt; div:nth-child(2) &gt; div (tried for 30 second(s) with 500 milliseconds interval)
	at org.openqa.selenium.support.ui.WebDriverWait.timeoutException(WebDriverWait.java:95)
	at org.openqa.selenium.support.ui.FluentWait.until(FluentWait.java:272)
	at com.fit.classesPage.ClassesPage.setClassTime(ClassesPage.java:159)
	at com.fit.classesPage.ClassesPageTests.createClass(ClassesPageTests.java:54)
	at sun.reflect.NativeMethodAccessorImpl.invoke0(Native Method)
	at sun.reflect.NativeMethodAccessorImpl.invoke(NativeMethodAccessorImpl.java:62)
	at sun.reflect.DelegatingMethodAccessorImpl.invoke(DelegatingMethodAccessorImpl.java:43)
	at java.lang.reflect.Method.invoke(Method.java:498)
	at org.testng.internal.MethodInvocationHelper.invokeMethod(MethodInvocationHelper.java:85)
	at org.testng.internal.Invoker.invokeMethod(Invoker.java:696)
	at org.testng.internal.Invoker.invokeTestMethod(Invoker.java:882)
	at org.testng.internal.Invoker.invokeTestMethods(Invoker.java:1189)
	at org.testng.internal.TestMethodWorker.invokeTestMethods(TestMethodWorker.java:124)
	at org.testng.internal.TestMethodWorker.run(TestMethodWorker.java:108)
	at org.testng.TestRunner.privateRun(TestRunner.java:767)
	at org.testng.TestRunner.run(TestRunner.java:617)
	at org.testng.SuiteRunner.runTest(SuiteRunner.java:348)
	at org.testng.SuiteRunner.runSequentially(SuiteRunner.java:343)
	at org.testng.SuiteRunner.privateRun(SuiteRunner.java:305)
	at org.testng.SuiteRunner.run(SuiteRunner.java:254)
	at org.testng.SuiteRunnerWorker.runSuite(SuiteRunnerWorker.java:52)
	at org.testng.SuiteRunnerWorker.run(SuiteRunnerWorker.java:86)
	at org.testng.TestNG.runSuitesSequentially(TestNG.java:1224)
	at org.testng.TestNG.runSuitesLocally(TestNG.java:1149)
	at org.testng.TestNG.run(TestNG.java:1057)
	at com.intellij.rt.testng.IDEARemoteTestNG.run(IDEARemoteTestNG.java:66)
	at com.intellij.rt.testng.RemoteTestNGStarter.main(RemoteTestNGStarter.java:110)
Caused by: org.openqa.selenium.NoSuchElementException: no such element: Unable to locate element: {"method":"css selector","selector":"#\30 c6982cf-e614-4625-8a0d-34a60489395a &gt; div &gt; div &gt; div.k-time-part &gt; div.k-time-list-container &gt; div:nth-child(2) &gt; div"}
  (Session info: chrome=84.0.4147.105)
For documentation on this error, please visit: https://www.seleniumhq.org/exceptions/no_such_element.html
Build info: version: '3.141.59', revision: 'e82be7d358', time: '2018-11-14T08:17:03'
System info: host: 'DESKTOP-OH5VSFP', ip: '192.168.0.161', os.name: 'Windows 10', os.arch: 'amd64', os.version: '10.0', java.version: '1.8.0_261'
Driver info: org.openqa.selenium.remote.RemoteWebDriver
Capabilities {acceptInsecureCerts: false, browserName: chrome, browserVersion: 84.0.4147.105, chrome: {chromedriverVersion: 84.0.4147.30 (48b3e868b4cc0..., userDataDir: C:\Users\iurie\AppData\Loca...}, goog:chromeOptions: {debuggerAddress: localhost:54528}, javascriptEnabled: true, networkConnectionEnabled: false, pageLoadStrategy: normal, platform: WINDOWS, platformName: WINDOWS, proxy: Proxy(), setWindowRect: true, strictFileInteractability: false, timeouts: {implicit: 0, pageLoad: 300000, script: 30000}, unhandledPromptBehavior: dismiss and notify, webauthn:virtualAuthenticators: true, webdriver.remote.sessionid: daebf7909fba0c25bad7e19c6a5...}
Session ID: daebf7909fba0c25bad7e19c6a58a97e
*** Element info: {Using=css selector, value=#\30 c6982cf-e614-4625-8a0d-34a60489395a &gt; div &gt; div &gt; div.k-time-part &gt; div.k-time-list-container &gt; div:nth-child(2) &gt; div}
	at sun.reflect.NativeConstructorAccessorImpl.newInstance0(Native Method)
	at sun.reflect.NativeConstructorAccessorImpl.newInstance(NativeConstructorAccessorImpl.java:62)
	at sun.reflect.DelegatingConstructorAccessorImpl.newInstance(DelegatingConstructorAccessorImpl.java:45)
	at java.lang.reflect.Constructor.newInstance(Constructor.java:423)
	at org.openqa.selenium.remote.http.W3CHttpResponseCodec.createException(W3CHttpResponseCodec.java:187)
	at org.openqa.selenium.remote.http.W3CHttpResponseCodec.decode(W3CHttpResponseCodec.java:122)
	at org.openqa.selenium.remote.http.W3CHttpResponseCodec.decode(W3CHttpResponseCodec.java:49)
	at org.openqa.selenium.remote.HttpCommandExecutor.execute(HttpCommandExecutor.java:158)
	at org.openqa.selenium.remote.RemoteWebDriver.execute(RemoteWebDriver.java:552)
	at org.openqa.selenium.remote.RemoteWebDriver.findElement(RemoteWebDriver.java:323)
	at org.openqa.selenium.remote.RemoteWebDriver.findElementByCssSelector(RemoteWebDriver.java:420)
	at org.openqa.selenium.By$ByCssSelector.findElement(By.java:431)
	at org.openqa.selenium.remote.RemoteWebDriver.findElement(RemoteWebDriver.java:315)
	at org.openqa.selenium.support.ui.ExpectedConditions$7.apply(ExpectedConditions.java:205)
	at org.openqa.selenium.support.ui.ExpectedConditions$7.apply(ExpectedConditions.java:201)
	at org.openqa.selenium.support.ui.FluentWait.until(FluentWait.java:249)
	... 25 more
</stack-trace>
            </failure>
            <steps>
                <step start="1597047122772" stop="1597047123538" status="passed">
                    <name>checkPage</name>
                    <title>Check Page</title>
                    <attachments>
                        <attachment title="Screenshot" source="6adef435-1b45-43a3-93b4-de109e1397d8-attachment.png" type="image/png"/>
                    </attachments>
                </step>
                <step start="1597047123538" stop="1597047136890" status="passed">
                    <name>addImage</name>
                    <title>Add image to class</title>
                    <attachments>
                        <attachment title="Screenshot" source="aea7676f-63c2-4ac8-a079-aaa2432153e0-attachment.png" type="image/png"/>
                    </attachments>
                </step>
                <step start="1597047136908" stop="1597047137053" status="passed">
                    <name>clickOnClassType</name>
                    <title>Click on class type</title>
                </step>
                <step start="1597047137054" stop="1597047137813" status="passed">
                    <name>setClassType[1]</name>
                    <title>Set Class Type</title>
                    <attachments>
                        <attachment title="Screenshot" source="34275b40-6e21-4c7d-8cbf-adcdb06a6208-attachment.png" type="image/png"/>
                    </attachments>
                </step>
                <step start="1597047137816" stop="1597047138607" status="passed">
                    <name>setClassName[Test01]</name>
                    <title>Set Class Name</title>
                    <attachments>
                        <attachment title="Screenshot" source="e86bd079-3e22-43ba-b129-0e07b5a22408-attachment.png" type="image/png"/>
                    </attachments>
                </step>
                <step start="1597047138608" stop="1597047138716" status="passed">
                    <name>clickClassLocation</name>
                    <title>Click Class Location</title>
                </step>
                <step start="1597047138716" stop="1597047138822" status="passed">
                    <name>setClassLocation</name>
                    <title>Set Class Location</title>
                </step>
                <step start="1597047138824" stop="1597047139533" status="passed">
                    <name>setOpenRegistration[8]</name>
                    <title>Set Open Registration</title>
                    <attachments>
                        <attachment title="Screenshot" source="bbe8e252-80cc-4dfb-911e-5ca696358025-attachment.png" type="image/png"/>
                    </attachments>
                </step>
                <step start="1597047139534" stop="1597047140261" status="passed">
                    <name>setCloseRegistration[0]</name>
                    <title>Set Close Registration</title>
                    <attachments>
                        <attachment title="Screenshot" source="9126d596-fcb5-41c6-8d30-ddc8bd26683e-attachment.png" type="image/png"/>
                    </attachments>
                </step>
                <step start="1597047140267" stop="1597047140940" status="passed">
                    <name>setParticipants[10]</name>
                    <title>Set Participants</title>
                    <attachments>
                        <attachment title="Screenshot" source="96ff53f0-2926-4457-b8f1-a603fc7b096e-attachment.png" type="image/png"/>
                    </attachments>
                </step>
                <step start="1597047140943" stop="1597047141632" status="passed">
                    <name>setDuration[60]</name>
                    <title>Set duration</title>
                    <attachments>
                        <attachment title="Screenshot" source="db5acad2-16bf-4a43-874e-8dae77383865-attachment.png" type="image/png"/>
                    </attachments>
                </step>
                <step start="1597047141633" stop="1597047141782" status="passed">
                    <name>clickBeginningDate</name>
                    <title>Click on beginning date</title>
                </step>
                <step start="1597047141782" stop="1597047142547" status="passed">
                    <name>setDayOfClass</name>
                    <title>Set day of class</title>
                    <attachments>
                        <attachment title="Screenshot" source="de33f6c9-ffa7-4bf4-be3f-efbe7056fc94-attachment.png" type="image/png"/>
                    </attachments>
                </step>
                <step start="1597047142547" stop="1597047142706" status="passed">
                    <name>clickTimeButton</name>
                    <title>Click time button</title>
                </step>
                <step start="1597047142707" stop="1597047175579" status="broken">
                    <name>setClassTime</name>
                    <title>Set class time</title>
                </step>
            </steps>
            <attachments/>
            <labels>
                <label name="testSuite" value="All Test Suite"/>
                <label name="testGroup" value="F:/Workspace/FitCrowd/src/test/java/com/fit/loginPage/LoginPageTests.java"/>
                <label name="testClass" value="com.fit.classesPage.ClassesPageTests"/>
                <label name="testMethod" value="createClass"/>
                <label name="host" value="DESKTOP-OH5VSFP"/>
                <label name="thread" value="6268@DESKTOP-OH5VSFP.main(1)"/>
            </labels>
        </test-case>
    </test-cases>
    <labels>
        <label name="framework" value="TestNG"/>
        <label name="language" value="JAVA"/>
    </labels>
</ns2:test-suite>
