<?xml version="1.0" encoding="UTF-8" standalone="yes"?>
<ns2:test-suite start="1597064667490" stop="1597064702572" version="1.5.4" xmlns:ns2="urn:model.allure.qatools.yandex.ru">
    <name>All Test Suite : F:/Workspace/FitCrowd/src/test/java/com/fit/loginPage/LoginPageTests.java</name>
    <title>All Test Suite : F:/Workspace/FitCrowd/src/test/java/com/fit/loginPage/LoginPageTests.java</title>
    <test-cases>
        <test-case start="1597064675102" stop="1597064677281" status="passed">
            <name>validCredentials</name>
            <steps>
                <step start="1597064675139" stop="1597064675795" status="passed">
                    <name>checkPage</name>
                    <title>Check page</title>
                    <attachments>
                        <attachment title="Screenshot" source="447af3d4-35c0-4255-8a81-43350199c9f0-attachment.png" type="image/png"/>
                    </attachments>
                    <steps/>
                </step>
                <step start="1597064675796" stop="1597064676331" status="passed">
                    <name>setEmail[iuriet.denis@gmail.com]</name>
                    <title>Set Email</title>
                    <attachments>
                        <attachment title="Screenshot" source="0b421764-5636-41ea-bf00-68cf45b48829-attachment.png" type="image/png"/>
                    </attachments>
                    <steps/>
                </step>
                <step start="1597064676332" stop="1597064676814" status="passed">
                    <name>setPassword[abcd1234]</name>
                    <title>Set Password</title>
                    <attachments>
                        <attachment title="Screenshot" source="237c609d-35a6-4cd8-8166-091657e11d7c-attachment.png" type="image/png"/>
                    </attachments>
                    <steps/>
                </step>
                <step start="1597064676815" stop="1597064677274" status="passed">
                    <name>successfulLogin</name>
                    <title>Check successful login</title>
                    <attachments>
                        <attachment title="Screenshot" source="b22e437d-6c99-4373-906c-5e2afab9459f-attachment.png" type="image/png"/>
                    </attachments>
                    <steps/>
                </step>
            </steps>
            <attachments/>
            <labels>
                <label name="testSuite" value="All Test Suite"/>
                <label name="testGroup" value="F:/Workspace/FitCrowd/src/test/java/com/fit/loginPage/LoginPageTests.java"/>
                <label name="testClass" value="com.fit.loginPage.LoginPageTests"/>
                <label name="testMethod" value="validCredentials"/>
                <label name="host" value="DESKTOP-OH5VSFP"/>
                <label name="thread" value="16488@DESKTOP-OH5VSFP.main(1)"/>
            </labels>
        </test-case>
        <test-case start="1597064677587" stop="1597064702570" status="broken">
            <name>createClass</name>
            <failure>
                <message>NoSuchElementException: no such element: Unable to locate element: {"method":"css selector","selector":"body &gt; div:nth-child(10) &gt; div &gt; div &gt; div.modal-body &gt; form &gt; div.class-actions-container &gt; button"}
  (Session info: chrome=84.0.4147.105)
For documentation on this error, please visit: https://www.seleniumhq.org/exceptions/no_such_element.html
Build info: version: '3.141.59', revision: 'e82be7d358', time: '2018-11-14T08:17:03'
System info: host: 'DESKTOP-OH5VSFP', ip: '192.168.0.161', os.name: 'Windows 10', os.arch: 'amd64', os.version: '10.0', java.version: '1.8.0_261'
Driver info: org.openqa.selenium.remote.RemoteWebDriver
Capabilities {acceptInsecureCerts: false, browserName: chrome, browserVersion: 84.0.4147.105, chrome: {chromedriverVersion: 84.0.4147.30 (48b3e868b4cc0..., userDataDir: C:\Users\iurie\AppData\Loca...}, goog:chromeOptions: {debuggerAddress: localhost:49916}, javascriptEnabled: true, networkConnectionEnabled: false, pageLoadStrategy: normal, platform: WINDOWS, platformName: WINDOWS, proxy: Proxy(), setWindowRect: true, strictFileInteractability: false, timeouts: {implicit: 0, pageLoad: 300000, script: 30000}, unhandledPromptBehavior: dismiss and notify, webauthn:virtualAuthenticators: true, webdriver.remote.sessionid: 0abf6965300f391e94a35eaa7d1...}
Session ID: 0abf6965300f391e94a35eaa7d18ee21
*** Element info: {Using=css selector, value=body &gt; div:nth-child(10) &gt; div &gt; div &gt; div.modal-body &gt; form &gt; div.class-actions-container &gt; button}</message>
                <stack-trace>org.openqa.selenium.NoSuchElementException: no such element: Unable to locate element: {"method":"css selector","selector":"body &gt; div:nth-child(10) &gt; div &gt; div &gt; div.modal-body &gt; form &gt; div.class-actions-container &gt; button"}
  (Session info: chrome=84.0.4147.105)
For documentation on this error, please visit: https://www.seleniumhq.org/exceptions/no_such_element.html
Build info: version: '3.141.59', revision: 'e82be7d358', time: '2018-11-14T08:17:03'
System info: host: 'DESKTOP-OH5VSFP', ip: '192.168.0.161', os.name: 'Windows 10', os.arch: 'amd64', os.version: '10.0', java.version: '1.8.0_261'
Driver info: org.openqa.selenium.remote.RemoteWebDriver
Capabilities {acceptInsecureCerts: false, browserName: chrome, browserVersion: 84.0.4147.105, chrome: {chromedriverVersion: 84.0.4147.30 (48b3e868b4cc0..., userDataDir: C:\Users\iurie\AppData\Loca...}, goog:chromeOptions: {debuggerAddress: localhost:49916}, javascriptEnabled: true, networkConnectionEnabled: false, pageLoadStrategy: normal, platform: WINDOWS, platformName: WINDOWS, proxy: Proxy(), setWindowRect: true, strictFileInteractability: false, timeouts: {implicit: 0, pageLoad: 300000, script: 30000}, unhandledPromptBehavior: dismiss and notify, webauthn:virtualAuthenticators: true, webdriver.remote.sessionid: 0abf6965300f391e94a35eaa7d1...}
Session ID: 0abf6965300f391e94a35eaa7d18ee21
*** Element info: {Using=css selector, value=body &gt; div:nth-child(10) &gt; div &gt; div &gt; div.modal-body &gt; form &gt; div.class-actions-container &gt; button}
	at sun.reflect.NativeConstructorAccessorImpl.newInstance0(Native Method)
	at sun.reflect.NativeConstructorAccessorImpl.newInstance(NativeConstructorAccessorImpl.java:62)
	at sun.reflect.DelegatingConstructorAccessorImpl.newInstance(DelegatingConstructorAccessorImpl.java:45)
	at java.lang.reflect.Constructor.newInstance(Constructor.java:423)
	at org.openqa.selenium.remote.http.W3CHttpResponseCodec.createException(W3CHttpResponseCodec.java:187)
	at org.openqa.selenium.remote.http.W3CHttpResponseCodec.decode(W3CHttpResponseCodec.java:122)
	at org.openqa.selenium.remote.http.W3CHttpResponseCodec.decode(W3CHttpResponseCodec.java:49)
	at org.openqa.selenium.remote.HttpCommandExecutor.execute(HttpCommandExecutor.java:158)
	at org.openqa.selenium.remote.RemoteWebDriver.execute(RemoteWebDriver.java:552)
	at org.openqa.selenium.remote.RemoteWebDriver.findElement(RemoteWebDriver.java:323)
	at org.openqa.selenium.remote.RemoteWebDriver.findElementByCssSelector(RemoteWebDriver.java:420)
	at org.openqa.selenium.By$ByCssSelector.findElement(By.java:431)
	at org.openqa.selenium.remote.RemoteWebDriver.findElement(RemoteWebDriver.java:315)
	at com.fit.classesPage.ClassesPage.createClass(ClassesPage.java:178)
	at com.fit.classesPage.ClassesPageTests.createClass(ClassesPageTests.java:52)
	at sun.reflect.NativeMethodAccessorImpl.invoke0(Native Method)
	at sun.reflect.NativeMethodAccessorImpl.invoke(NativeMethodAccessorImpl.java:62)
	at sun.reflect.DelegatingMethodAccessorImpl.invoke(DelegatingMethodAccessorImpl.java:43)
	at java.lang.reflect.Method.invoke(Method.java:498)
	at org.testng.internal.MethodInvocationHelper.invokeMethod(MethodInvocationHelper.java:85)
	at org.testng.internal.Invoker.invokeMethod(Invoker.java:696)
	at org.testng.internal.Invoker.invokeTestMethod(Invoker.java:882)
	at org.testng.internal.Invoker.invokeTestMethods(Invoker.java:1189)
	at org.testng.internal.TestMethodWorker.invokeTestMethods(TestMethodWorker.java:124)
	at org.testng.internal.TestMethodWorker.run(TestMethodWorker.java:108)
	at org.testng.TestRunner.privateRun(TestRunner.java:767)
	at org.testng.TestRunner.run(TestRunner.java:617)
	at org.testng.SuiteRunner.runTest(SuiteRunner.java:348)
	at org.testng.SuiteRunner.runSequentially(SuiteRunner.java:343)
	at org.testng.SuiteRunner.privateRun(SuiteRunner.java:305)
	at org.testng.SuiteRunner.run(SuiteRunner.java:254)
	at org.testng.SuiteRunnerWorker.runSuite(SuiteRunnerWorker.java:52)
	at org.testng.SuiteRunnerWorker.run(SuiteRunnerWorker.java:86)
	at org.testng.TestNG.runSuitesSequentially(TestNG.java:1224)
	at org.testng.TestNG.runSuitesLocally(TestNG.java:1149)
	at org.testng.TestNG.run(TestNG.java:1057)
	at com.intellij.rt.testng.IDEARemoteTestNG.run(IDEARemoteTestNG.java:66)
	at com.intellij.rt.testng.RemoteTestNGStarter.main(RemoteTestNGStarter.java:110)
</stack-trace>
            </failure>
            <steps>
                <step start="1597064677588" stop="1597064678350" status="passed">
                    <name>checkPage</name>
                    <title>Check Page</title>
                    <attachments>
                        <attachment title="Screenshot" source="69a31426-73e9-4eaa-94eb-6d4abb1f1597-attachment.png" type="image/png"/>
                    </attachments>
                </step>
                <step start="1597064678351" stop="1597064678352" status="passed">
                    <name>setFile</name>
                </step>
                <step start="1597064678353" stop="1597064691377" status="passed">
                    <name>addImage</name>
                    <title>Add image to class</title>
                    <attachments>
                        <attachment title="Screenshot" source="510b68d4-4bc2-48e1-9eb8-bb77b689a72c-attachment.png" type="image/png"/>
                    </attachments>
                </step>
                <step start="1597064691385" stop="1597064691504" status="passed">
                    <name>clickOnClassType</name>
                    <title>Click on class type</title>
                </step>
                <step start="1597064691505" stop="1597064692125" status="passed">
                    <name>setClassType</name>
                    <title>Set Class Type</title>
                    <attachments>
                        <attachment title="Screenshot" source="4a1edb5a-4bf3-4160-af27-5bfa4395cdef-attachment.png" type="image/png"/>
                    </attachments>
                </step>
                <step start="1597064692126" stop="1597064692830" status="passed">
                    <name>setClassName[Test01]</name>
                    <title>Set Class Name</title>
                    <attachments>
                        <attachment title="Screenshot" source="c6c09784-d4a4-45e0-b91b-8b7820fd274a-attachment.png" type="image/png"/>
                    </attachments>
                </step>
                <step start="1597064692831" stop="1597064692903" status="passed">
                    <name>clickClassLocation</name>
                    <title>Click Class Location</title>
                </step>
                <step start="1597064692906" stop="1597064693047" status="passed">
                    <name>setClassLocation</name>
                    <title>Set Class Location</title>
                </step>
                <step start="1597064693048" stop="1597064693668" status="passed">
                    <name>setOpenRegistration[8]</name>
                    <title>Set Open Registration</title>
                    <attachments>
                        <attachment title="Screenshot" source="050457f6-9a8f-42f3-9cbe-3b9392a399c5-attachment.png" type="image/png"/>
                    </attachments>
                </step>
                <step start="1597064693668" stop="1597064694326" status="passed">
                    <name>setCloseRegistration[0]</name>
                    <title>Set Close Registration</title>
                    <attachments>
                        <attachment title="Screenshot" source="5cc7b2e6-6cd9-4de6-84f0-11c39f81399d-attachment.png" type="image/png"/>
                    </attachments>
                </step>
                <step start="1597064694326" stop="1597064694901" status="passed">
                    <name>setParticipants[10]</name>
                    <title>Set Participants</title>
                    <attachments>
                        <attachment title="Screenshot" source="0264ceaf-afd5-4ee7-ba22-cedd98f584a4-attachment.png" type="image/png"/>
                    </attachments>
                </step>
                <step start="1597064694903" stop="1597064695485" status="passed">
                    <name>setDuration[60]</name>
                    <title>Set duration</title>
                    <attachments>
                        <attachment title="Screenshot" source="6dea2b4e-cb73-4560-a0a2-78ad739bb71b-attachment.png" type="image/png"/>
                    </attachments>
                </step>
                <step start="1597064695486" stop="1597064695572" status="passed">
                    <name>clickBeginningDate</name>
                    <title>Click on beginning date</title>
                </step>
                <step start="1597064695573" stop="1597064696128" status="passed">
                    <name>setDayOfClass</name>
                    <title>Set day of class</title>
                    <attachments>
                        <attachment title="Screenshot" source="12f1131b-c02a-49d3-9600-3a153f5933f3-attachment.png" type="image/png"/>
                    </attachments>
                </step>
                <step start="1597064696128" stop="1597064696738" status="passed">
                    <name>setTime[15]</name>
                    <title>Set class time</title>
                    <attachments>
                        <attachment title="Screenshot" source="b99d846f-b31a-47db-99c2-a4c4f1dde511-attachment.png" type="image/png"/>
                    </attachments>
                </step>
                <step start="1597064696739" stop="1597064697510" status="passed">
                    <name>setDescription[Class Description]</name>
                    <title>Set class description</title>
                    <attachments>
                        <attachment title="Screenshot" source="9a336d14-4565-4572-9b5d-cd2e63c3c59d-attachment.png" type="image/png"/>
                    </attachments>
                </step>
                <step start="1597064697511" stop="1597064697511" status="passed">
                    <name>closeFile</name>
                    <title>Close file</title>
                </step>
                <step start="1597064697511" stop="1597064702548" status="broken">
                    <name>createClass</name>
                    <title>Create class</title>
                </step>
            </steps>
            <attachments/>
            <labels>
                <label name="testSuite" value="All Test Suite"/>
                <label name="testGroup" value="F:/Workspace/FitCrowd/src/test/java/com/fit/loginPage/LoginPageTests.java"/>
                <label name="testClass" value="com.fit.classesPage.ClassesPageTests"/>
                <label name="testMethod" value="createClass"/>
                <label name="host" value="DESKTOP-OH5VSFP"/>
                <label name="thread" value="16488@DESKTOP-OH5VSFP.main(1)"/>
            </labels>
        </test-case>
    </test-cases>
    <labels>
        <label name="framework" value="TestNG"/>
        <label name="language" value="JAVA"/>
    </labels>
</ns2:test-suite>
