<?xml version="1.0" encoding="UTF-8" standalone="yes"?>
<ns2:test-suite start="1597935884600" stop="1597935903366" version="1.5.4" xmlns:ns2="urn:model.allure.qatools.yandex.ru">
    <name>All Test Suite : F:/Workspace/FitCrowd/src/test/java/com/fit/loginPage/LoginPageTests.java</name>
    <title>All Test Suite : F:/Workspace/FitCrowd/src/test/java/com/fit/loginPage/LoginPageTests.java</title>
    <test-cases>
        <test-case start="1597935890305" stop="1597935892780" status="passed">
            <name>validGymCode</name>
            <steps>
                <step start="1597935890387" stop="1597935890996" status="passed">
                    <name>checkPage</name>
                    <title>Check Page</title>
                    <attachments>
                        <attachment title="Screenshot" source="cd3c6a0f-1f6b-4230-9ba1-1166b9662ff3-attachment.png" type="image/png"/>
                    </attachments>
                    <steps/>
                </step>
                <step start="1597935890997" stop="1597935891145" status="passed">
                    <name>setGymCode[18GYM]</name>
                    <title>Set Gym Code</title>
                    <attachments/>
                    <steps/>
                </step>
                <step start="1597935891146" stop="1597935892775" status="passed">
                    <name>successfulLogin</name>
                    <title>Successful login</title>
                    <attachments/>
                    <steps/>
                </step>
            </steps>
            <attachments/>
            <labels>
                <label name="testSuite" value="All Test Suite"/>
                <label name="testGroup" value="F:/Workspace/FitCrowd/src/test/java/com/fit/loginPage/LoginPageTests.java"/>
                <label name="testClass" value="com.fit.client.verifyGym.VerifyGymTests"/>
                <label name="testMethod" value="validGymCode"/>
                <label name="host" value="DESKTOP-OH5VSFP"/>
                <label name="thread" value="5844@DESKTOP-OH5VSFP.main(1)"/>
            </labels>
        </test-case>
        <test-case start="1597935893096" stop="1597935894356" status="passed">
            <name>validCredentials</name>
            <steps>
                <step start="1597935893099" stop="1597935893524" status="passed">
                    <name>checkPage</name>
                    <title>Check page</title>
                    <attachments>
                        <attachment title="Screenshot" source="9fd9ddc7-ba07-441c-bcea-aa16824d971b-attachment.png" type="image/png"/>
                    </attachments>
                    <steps/>
                </step>
                <step start="1597935893525" stop="1597935893675" status="passed">
                    <name>setEmail[denis.yonutz98@gmail.com]</name>
                    <title>Set Email</title>
                    <attachments/>
                    <steps/>
                </step>
                <step start="1597935893676" stop="1597935893772" status="passed">
                    <name>setPassword[abcd4321]</name>
                    <title>Set Password</title>
                    <attachments/>
                    <steps/>
                </step>
                <step start="1597935893773" stop="1597935894356" status="passed">
                    <name>successfulLogin</name>
                    <title>Successful Login</title>
                    <attachments/>
                    <steps/>
                </step>
            </steps>
            <attachments/>
            <labels>
                <label name="testSuite" value="All Test Suite"/>
                <label name="testGroup" value="F:/Workspace/FitCrowd/src/test/java/com/fit/loginPage/LoginPageTests.java"/>
                <label name="testClass" value="com.fit.client.login.LoginPageTests"/>
                <label name="testMethod" value="validCredentials"/>
                <label name="host" value="DESKTOP-OH5VSFP"/>
                <label name="thread" value="5844@DESKTOP-OH5VSFP.main(1)"/>
            </labels>
        </test-case>
        <test-case start="1597935894538" stop="1597935895582" status="passed">
            <name>selectDate</name>
            <steps>
                <step start="1597935894543" stop="1597935895420" status="passed">
                    <name>checkPage</name>
                    <title>Check Page</title>
                    <attachments>
                        <attachment title="Screenshot" source="f1f49813-0ae0-401b-9e2a-41a699528a2a-attachment.png" type="image/png"/>
                    </attachments>
                    <steps/>
                </step>
                <step start="1597935895421" stop="1597935895524" status="passed">
                    <name>dayView</name>
                    <title>View Classes/Day</title>
                    <attachments/>
                    <steps/>
                </step>
                <step start="1597935895528" stop="1597935895582" status="passed">
                    <name>selectDate[8, 20]</name>
                    <title>Get calendar date</title>
                    <attachments/>
                    <steps/>
                </step>
            </steps>
            <attachments/>
            <labels>
                <label name="testSuite" value="All Test Suite"/>
                <label name="testGroup" value="F:/Workspace/FitCrowd/src/test/java/com/fit/loginPage/LoginPageTests.java"/>
                <label name="testClass" value="com.fit.client.schedule.SchedulePageTests"/>
                <label name="testMethod" value="selectDate"/>
                <label name="host" value="DESKTOP-OH5VSFP"/>
                <label name="thread" value="5844@DESKTOP-OH5VSFP.main(1)"/>
            </labels>
        </test-case>
        <test-case start="1597935895584" stop="1597935899449" status="passed">
            <name>bookClass</name>
            <steps>
                <step start="1597935895585" stop="1597935895971" status="passed">
                    <name>checkPage</name>
                    <title>Check Page</title>
                    <attachments>
                        <attachment title="Screenshot" source="3f2e9297-ed83-4c6f-8a43-bdb5a5ebe928-attachment.png" type="image/png"/>
                    </attachments>
                    <steps/>
                </step>
                <step start="1597935895972" stop="1597935899449" status="passed">
                    <name>bookClass</name>
                    <title>Select class</title>
                    <attachments/>
                    <steps>
                        <step start="1597935896225" stop="1597935896260" status="passed">
                            <name>checkNoOfParticipants</name>
                            <title>Check no. of participants</title>
                            <attachments/>
                            <steps/>
                        </step>
                        <step start="1597935896262" stop="1597935896335" status="passed">
                            <name>checkReservations</name>
                            <title>Check Reservations</title>
                            <attachments/>
                            <steps/>
                        </step>
                        <step start="1597935896672" stop="1597935896694" status="passed">
                            <name>checkNoOfParticipants</name>
                            <title>Check no. of participants</title>
                            <attachments/>
                            <steps/>
                        </step>
                        <step start="1597935896694" stop="1597935896718" status="passed">
                            <name>checkReservations</name>
                            <title>Check Reservations</title>
                            <attachments/>
                            <steps/>
                        </step>
                        <step start="1597935898940" stop="1597935898987" status="passed">
                            <name>getAlertMessage</name>
                            <title>Get alert message</title>
                            <attachments/>
                            <steps/>
                        </step>
                        <step start="1597935899086" stop="1597935899376" status="passed">
                            <name>getClassDetails</name>
                            <title>Get class details</title>
                            <attachments/>
                            <steps/>
                        </step>
                    </steps>
                </step>
            </steps>
            <attachments/>
            <labels>
                <label name="testSuite" value="All Test Suite"/>
                <label name="testGroup" value="F:/Workspace/FitCrowd/src/test/java/com/fit/loginPage/LoginPageTests.java"/>
                <label name="testClass" value="com.fit.client.schedule.SchedulePageTests"/>
                <label name="testMethod" value="bookClass"/>
                <label name="host" value="DESKTOP-OH5VSFP"/>
                <label name="thread" value="5844@DESKTOP-OH5VSFP.main(1)"/>
            </labels>
        </test-case>
        <test-case start="1597935899450" stop="1597935900192" status="passed">
            <name>attendToOnlineClass</name>
            <steps>
                <step start="1597935899451" stop="1597935899811" status="passed">
                    <name>checkPage</name>
                    <title>Check Page</title>
                    <attachments>
                        <attachment title="Screenshot" source="92951c1d-f37e-46d2-abd9-06a55902fa40-attachment.png" type="image/png"/>
                    </attachments>
                    <steps/>
                </step>
                <step start="1597935899812" stop="1597935900192" status="passed">
                    <name>attendToOnlineClass</name>
                    <title>Attend to Online Class</title>
                    <attachments/>
                    <steps/>
                </step>
            </steps>
            <attachments/>
            <labels>
                <label name="testSuite" value="All Test Suite"/>
                <label name="testGroup" value="F:/Workspace/FitCrowd/src/test/java/com/fit/loginPage/LoginPageTests.java"/>
                <label name="testClass" value="com.fit.client.schedule.SchedulePageTests"/>
                <label name="testMethod" value="attendToOnlineClass"/>
                <label name="host" value="DESKTOP-OH5VSFP"/>
                <label name="thread" value="5844@DESKTOP-OH5VSFP.main(1)"/>
            </labels>
        </test-case>
        <test-case start="1597935900476" stop="1597935901622" status="passed">
            <name>selectClass</name>
            <steps>
                <step start="1597935900478" stop="1597935900966" status="passed">
                    <name>checkPage</name>
                    <title>Check Page</title>
                    <attachments>
                        <attachment title="Screenshot" source="f180fa0a-d660-47a5-8bcf-32ef1e79e4bd-attachment.png" type="image/png"/>
                    </attachments>
                    <steps/>
                </step>
                <step start="1597935900967" stop="1597935901621" status="passed">
                    <name>selectClass</name>
                    <title>Select Class</title>
                    <attachments/>
                    <steps/>
                </step>
            </steps>
            <attachments/>
            <labels>
                <label name="testSuite" value="All Test Suite"/>
                <label name="testGroup" value="F:/Workspace/FitCrowd/src/test/java/com/fit/loginPage/LoginPageTests.java"/>
                <label name="testClass" value="com.fit.client.appointments.AppointmentsPageTests"/>
                <label name="testMethod" value="selectClass"/>
                <label name="host" value="DESKTOP-OH5VSFP"/>
                <label name="thread" value="5844@DESKTOP-OH5VSFP.main(1)"/>
            </labels>
        </test-case>
        <test-case start="1597935901628" stop="1597935903364" status="broken">
            <name>checkClass</name>
            <failure>
                <message>ElementClickInterceptedException: element click intercepted: Element &lt;button class="button-icon"&gt;...&lt;/button&gt; is not clickable at point (1287, 273). Other element would receive the click: &lt;div class="ReactModal__Overlay ReactModal__Overlay--after-open Overlay"&gt;...&lt;/div&gt;
  (Session info: chrome=84.0.4147.125)
Build info: version: '3.141.59', revision: 'e82be7d358', time: '2018-11-14T08:17:03'
System info: host: 'DESKTOP-OH5VSFP', ip: '192.168.0.161', os.name: 'Windows 10', os.arch: 'amd64', os.version: '10.0', java.version: '1.8.0_261'
Driver info: org.openqa.selenium.remote.RemoteWebDriver
Capabilities {acceptInsecureCerts: false, browserName: chrome, browserVersion: 84.0.4147.125, chrome: {chromedriverVersion: 84.0.4147.30 (48b3e868b4cc0..., userDataDir: C:\Users\iurie\AppData\Loca...}, goog:chromeOptions: {debuggerAddress: localhost:59412}, javascriptEnabled: true, networkConnectionEnabled: false, pageLoadStrategy: normal, platform: WINDOWS, platformName: WINDOWS, proxy: Proxy(), setWindowRect: true, strictFileInteractability: false, timeouts: {implicit: 0, pageLoad: 300000, script: 30000}, unhandledPromptBehavior: dismiss and notify, webauthn:virtualAuthenticators: true, webdriver.remote.sessionid: 285e5dddf2fc38b09bc2e09a51d...}
Session ID: 285e5dddf2fc38b09bc2e09a51db4670</message>
                <stack-trace>org.openqa.selenium.ElementClickInterceptedException: element click intercepted: Element &lt;button class="button-icon"&gt;...&lt;/button&gt; is not clickable at point (1287, 273). Other element would receive the click: &lt;div class="ReactModal__Overlay ReactModal__Overlay--after-open Overlay"&gt;...&lt;/div&gt;
  (Session info: chrome=84.0.4147.125)
Build info: version: '3.141.59', revision: 'e82be7d358', time: '2018-11-14T08:17:03'
System info: host: 'DESKTOP-OH5VSFP', ip: '192.168.0.161', os.name: 'Windows 10', os.arch: 'amd64', os.version: '10.0', java.version: '1.8.0_261'
Driver info: org.openqa.selenium.remote.RemoteWebDriver
Capabilities {acceptInsecureCerts: false, browserName: chrome, browserVersion: 84.0.4147.125, chrome: {chromedriverVersion: 84.0.4147.30 (48b3e868b4cc0..., userDataDir: C:\Users\iurie\AppData\Loca...}, goog:chromeOptions: {debuggerAddress: localhost:59412}, javascriptEnabled: true, networkConnectionEnabled: false, pageLoadStrategy: normal, platform: WINDOWS, platformName: WINDOWS, proxy: Proxy(), setWindowRect: true, strictFileInteractability: false, timeouts: {implicit: 0, pageLoad: 300000, script: 30000}, unhandledPromptBehavior: dismiss and notify, webauthn:virtualAuthenticators: true, webdriver.remote.sessionid: 285e5dddf2fc38b09bc2e09a51d...}
Session ID: 285e5dddf2fc38b09bc2e09a51db4670
	at sun.reflect.NativeConstructorAccessorImpl.newInstance0(Native Method)
	at sun.reflect.NativeConstructorAccessorImpl.newInstance(NativeConstructorAccessorImpl.java:62)
	at sun.reflect.DelegatingConstructorAccessorImpl.newInstance(DelegatingConstructorAccessorImpl.java:45)
	at java.lang.reflect.Constructor.newInstance(Constructor.java:423)
	at org.openqa.selenium.remote.http.W3CHttpResponseCodec.createException(W3CHttpResponseCodec.java:187)
	at org.openqa.selenium.remote.http.W3CHttpResponseCodec.decode(W3CHttpResponseCodec.java:122)
	at org.openqa.selenium.remote.http.W3CHttpResponseCodec.decode(W3CHttpResponseCodec.java:49)
	at org.openqa.selenium.remote.HttpCommandExecutor.execute(HttpCommandExecutor.java:158)
	at org.openqa.selenium.remote.RemoteWebDriver.execute(RemoteWebDriver.java:552)
	at org.openqa.selenium.remote.RemoteWebElement.execute(RemoteWebElement.java:285)
	at org.openqa.selenium.remote.RemoteWebElement.click(RemoteWebElement.java:84)
	at com.fit.client.appointments.AppointmentsPage.checkClassDescription(AppointmentsPage.java:130)
	at com.fit.client.appointments.AppointmentsPageTests.checkClass(AppointmentsPageTests.java:46)
	at sun.reflect.NativeMethodAccessorImpl.invoke0(Native Method)
	at sun.reflect.NativeMethodAccessorImpl.invoke(NativeMethodAccessorImpl.java:62)
	at sun.reflect.DelegatingMethodAccessorImpl.invoke(DelegatingMethodAccessorImpl.java:43)
	at java.lang.reflect.Method.invoke(Method.java:498)
	at org.testng.internal.MethodInvocationHelper.invokeMethod(MethodInvocationHelper.java:85)
	at org.testng.internal.Invoker.invokeMethod(Invoker.java:696)
	at org.testng.internal.Invoker.invokeTestMethod(Invoker.java:882)
	at org.testng.internal.Invoker.invokeTestMethods(Invoker.java:1189)
	at org.testng.internal.TestMethodWorker.invokeTestMethods(TestMethodWorker.java:124)
	at org.testng.internal.TestMethodWorker.run(TestMethodWorker.java:108)
	at org.testng.TestRunner.privateRun(TestRunner.java:767)
	at org.testng.TestRunner.run(TestRunner.java:617)
	at org.testng.SuiteRunner.runTest(SuiteRunner.java:348)
	at org.testng.SuiteRunner.runSequentially(SuiteRunner.java:343)
	at org.testng.SuiteRunner.privateRun(SuiteRunner.java:305)
	at org.testng.SuiteRunner.run(SuiteRunner.java:254)
	at org.testng.SuiteRunnerWorker.runSuite(SuiteRunnerWorker.java:52)
	at org.testng.SuiteRunnerWorker.run(SuiteRunnerWorker.java:86)
	at org.testng.TestNG.runSuitesSequentially(TestNG.java:1224)
	at org.testng.TestNG.runSuitesLocally(TestNG.java:1149)
	at org.testng.TestNG.run(TestNG.java:1057)
	at com.intellij.rt.testng.IDEARemoteTestNG.run(IDEARemoteTestNG.java:66)
	at com.intellij.rt.testng.RemoteTestNGStarter.main(RemoteTestNGStarter.java:110)
</stack-trace>
            </failure>
            <steps>
                <step start="1597935901629" stop="1597935902074" status="passed">
                    <name>checkPage</name>
                    <title>Check Page</title>
                    <attachments>
                        <attachment title="Screenshot" source="806cb3a1-362f-46ae-8d1c-0fe43e410e54-attachment.png" type="image/png"/>
                    </attachments>
                </step>
                <step start="1597935902075" stop="1597935902101" status="passed">
                    <name>checkClassName</name>
                    <title>Check Class Name</title>
                </step>
                <step start="1597935902102" stop="1597935902122" status="passed">
                    <name>checkClassType</name>
                    <title>Check Class Type</title>
                </step>
                <step start="1597935902123" stop="1597935902142" status="passed">
                    <name>checkClassStatus</name>
                    <title>Check Class Status</title>
                </step>
                <step start="1597935902143" stop="1597935902168" status="passed">
                    <name>checkClassTrainer</name>
                    <title>Check Class Trainer</title>
                </step>
                <step start="1597935902169" stop="1597935902192" status="passed">
                    <name>checkClassDate</name>
                    <title>Check Class Date</title>
                </step>
                <step start="1597935902192" stop="1597935902216" status="passed">
                    <name>checkClassStartTime</name>
                    <title>Check Class Start Time</title>
                </step>
                <step start="1597935902217" stop="1597935902241" status="passed">
                    <name>checkClassFinishTime</name>
                    <title>Check Class Finish Time</title>
                </step>
                <step start="1597935902242" stop="1597935902266" status="passed">
                    <name>checkClassLocation</name>
                    <title>Check Class Location</title>
                </step>
                <step start="1597935902267" stop="1597935903351" status="broken">
                    <name>checkClassDescription</name>
                    <title>Check Class Description</title>
                </step>
            </steps>
            <attachments/>
            <labels>
                <label name="testSuite" value="All Test Suite"/>
                <label name="testGroup" value="F:/Workspace/FitCrowd/src/test/java/com/fit/loginPage/LoginPageTests.java"/>
                <label name="testClass" value="com.fit.client.appointments.AppointmentsPageTests"/>
                <label name="testMethod" value="checkClass"/>
                <label name="host" value="DESKTOP-OH5VSFP"/>
                <label name="thread" value="5844@DESKTOP-OH5VSFP.main(1)"/>
            </labels>
        </test-case>
    </test-cases>
    <labels>
        <label name="framework" value="TestNG"/>
        <label name="language" value="JAVA"/>
    </labels>
</ns2:test-suite>
