<?xml version="1.0" encoding="UTF-8" standalone="yes"?>
<ns2:test-suite start="1597216426144" stop="1597216440390" version="1.5.4" xmlns:ns2="urn:model.allure.qatools.yandex.ru">
    <name>All Test Suite : F:/Workspace/FitCrowd/src/test/java/com/fit/loginPage/LoginPageTests.java</name>
    <title>All Test Suite : F:/Workspace/FitCrowd/src/test/java/com/fit/loginPage/LoginPageTests.java</title>
    <test-cases>
        <test-case start="1597216433167" stop="1597216435314" status="passed">
            <name>validCredentials</name>
            <steps>
                <step start="1597216433208" stop="1597216433766" status="passed">
                    <name>checkPage</name>
                    <title>Check page</title>
                    <attachments>
                        <attachment title="Screenshot" source="0ce3799d-04c8-4bee-8e86-40b8ecbdc411-attachment.png" type="image/png"/>
                    </attachments>
                    <steps/>
                </step>
                <step start="1597216433767" stop="1597216434378" status="passed">
                    <name>setEmail[iuriet.denis@gmail.com]</name>
                    <title>Set Email</title>
                    <attachments>
                        <attachment title="Screenshot" source="b84177a4-7037-43b4-bc28-88d7f8fb1dc6-attachment.png" type="image/png"/>
                    </attachments>
                    <steps/>
                </step>
                <step start="1597216434379" stop="1597216434855" status="passed">
                    <name>setPassword[abcd1234]</name>
                    <title>Set Password</title>
                    <attachments>
                        <attachment title="Screenshot" source="74b96184-0914-4727-9a82-c1eec62661f8-attachment.png" type="image/png"/>
                    </attachments>
                    <steps/>
                </step>
                <step start="1597216434855" stop="1597216435311" status="passed">
                    <name>successfulLogin</name>
                    <title>Check successful login</title>
                    <attachments>
                        <attachment title="Screenshot" source="1ed2c8ed-b186-4f73-b38c-624ceb811850-attachment.png" type="image/png"/>
                    </attachments>
                    <steps/>
                </step>
            </steps>
            <attachments/>
            <labels>
                <label name="testSuite" value="All Test Suite"/>
                <label name="testGroup" value="F:/Workspace/FitCrowd/src/test/java/com/fit/loginPage/LoginPageTests.java"/>
                <label name="testClass" value="com.fit.loginPage.LoginPageTests"/>
                <label name="testMethod" value="validCredentials"/>
                <label name="host" value="DESKTOP-OH5VSFP"/>
                <label name="thread" value="5744@DESKTOP-OH5VSFP.main(1)"/>
            </labels>
        </test-case>
        <test-case start="1597216435628" stop="1597216436392" status="passed">
            <name>checkClassType</name>
            <steps>
                <step start="1597216435630" stop="1597216436391" status="passed">
                    <name>checkPage</name>
                    <title>Check Page</title>
                    <attachments>
                        <attachment title="Screenshot" source="315954eb-f1cc-4cc6-a88d-ff01dc7d44c7-attachment.png" type="image/png"/>
                    </attachments>
                    <steps/>
                </step>
            </steps>
            <attachments/>
            <labels>
                <label name="testSuite" value="All Test Suite"/>
                <label name="testGroup" value="F:/Workspace/FitCrowd/src/test/java/com/fit/loginPage/LoginPageTests.java"/>
                <label name="testClass" value="com.fit.schedulePage.SchedulePageTests"/>
                <label name="testMethod" value="checkClassType"/>
                <label name="host" value="DESKTOP-OH5VSFP"/>
                <label name="thread" value="5744@DESKTOP-OH5VSFP.main(1)"/>
            </labels>
        </test-case>
        <test-case start="1597216436393" stop="1597216436843" status="passed">
            <name>clickOnClass</name>
            <steps>
                <step start="1597216436394" stop="1597216436843" status="passed">
                    <name>selectClass</name>
                    <title>Select Class</title>
                    <attachments/>
                    <steps/>
                </step>
            </steps>
            <attachments/>
            <labels>
                <label name="testSuite" value="All Test Suite"/>
                <label name="testGroup" value="F:/Workspace/FitCrowd/src/test/java/com/fit/loginPage/LoginPageTests.java"/>
                <label name="testClass" value="com.fit.schedulePage.SchedulePageTests"/>
                <label name="testMethod" value="clickOnClass"/>
                <label name="host" value="DESKTOP-OH5VSFP"/>
                <label name="thread" value="5744@DESKTOP-OH5VSFP.main(1)"/>
            </labels>
        </test-case>
        <test-case start="1597216436845" stop="1597216437276" status="broken">
            <name>checkClassCloseRegistration</name>
            <failure>
                <message>NoSuchElementException: no such element: Unable to locate element: {"method":"css selector","selector":"body &gt; div:nth-child(7) &gt; div &gt; div &gt; div.modal-body &gt; form &gt; div.row.form-content &gt; div.inputs-side.col-2 &gt; div &gt; div:nth-child(3) &gt; div:nth-child(3) &gt; div &gt; p"}
  (Session info: chrome=84.0.4147.125)
For documentation on this error, please visit: https://www.seleniumhq.org/exceptions/no_such_element.html
Build info: version: '3.141.59', revision: 'e82be7d358', time: '2018-11-14T08:17:03'
System info: host: 'DESKTOP-OH5VSFP', ip: '192.168.0.161', os.name: 'Windows 10', os.arch: 'amd64', os.version: '10.0', java.version: '1.8.0_261'
Driver info: org.openqa.selenium.remote.RemoteWebDriver
Capabilities {acceptInsecureCerts: false, browserName: chrome, browserVersion: 84.0.4147.125, chrome: {chromedriverVersion: 84.0.4147.30 (48b3e868b4cc0..., userDataDir: C:\Users\iurie\AppData\Loca...}, goog:chromeOptions: {debuggerAddress: localhost:62619}, javascriptEnabled: true, networkConnectionEnabled: false, pageLoadStrategy: normal, platform: WINDOWS, platformName: WINDOWS, proxy: Proxy(), setWindowRect: true, strictFileInteractability: false, timeouts: {implicit: 0, pageLoad: 300000, script: 30000}, unhandledPromptBehavior: dismiss and notify, webauthn:virtualAuthenticators: true, webdriver.remote.sessionid: 643c7cd3f881442c7baeafd52ba...}
Session ID: 643c7cd3f881442c7baeafd52bada590
*** Element info: {Using=css selector, value=body &gt; div:nth-child(7) &gt; div &gt; div &gt; div.modal-body &gt; form &gt; div.row.form-content &gt; div.inputs-side.col-2 &gt; div &gt; div:nth-child(3) &gt; div:nth-child(3) &gt; div &gt; p}</message>
                <stack-trace>org.openqa.selenium.NoSuchElementException: no such element: Unable to locate element: {"method":"css selector","selector":"body &gt; div:nth-child(7) &gt; div &gt; div &gt; div.modal-body &gt; form &gt; div.row.form-content &gt; div.inputs-side.col-2 &gt; div &gt; div:nth-child(3) &gt; div:nth-child(3) &gt; div &gt; p"}
  (Session info: chrome=84.0.4147.125)
For documentation on this error, please visit: https://www.seleniumhq.org/exceptions/no_such_element.html
Build info: version: '3.141.59', revision: 'e82be7d358', time: '2018-11-14T08:17:03'
System info: host: 'DESKTOP-OH5VSFP', ip: '192.168.0.161', os.name: 'Windows 10', os.arch: 'amd64', os.version: '10.0', java.version: '1.8.0_261'
Driver info: org.openqa.selenium.remote.RemoteWebDriver
Capabilities {acceptInsecureCerts: false, browserName: chrome, browserVersion: 84.0.4147.125, chrome: {chromedriverVersion: 84.0.4147.30 (48b3e868b4cc0..., userDataDir: C:\Users\iurie\AppData\Loca...}, goog:chromeOptions: {debuggerAddress: localhost:62619}, javascriptEnabled: true, networkConnectionEnabled: false, pageLoadStrategy: normal, platform: WINDOWS, platformName: WINDOWS, proxy: Proxy(), setWindowRect: true, strictFileInteractability: false, timeouts: {implicit: 0, pageLoad: 300000, script: 30000}, unhandledPromptBehavior: dismiss and notify, webauthn:virtualAuthenticators: true, webdriver.remote.sessionid: 643c7cd3f881442c7baeafd52ba...}
Session ID: 643c7cd3f881442c7baeafd52bada590
*** Element info: {Using=css selector, value=body &gt; div:nth-child(7) &gt; div &gt; div &gt; div.modal-body &gt; form &gt; div.row.form-content &gt; div.inputs-side.col-2 &gt; div &gt; div:nth-child(3) &gt; div:nth-child(3) &gt; div &gt; p}
	at sun.reflect.NativeConstructorAccessorImpl.newInstance0(Native Method)
	at sun.reflect.NativeConstructorAccessorImpl.newInstance(NativeConstructorAccessorImpl.java:62)
	at sun.reflect.DelegatingConstructorAccessorImpl.newInstance(DelegatingConstructorAccessorImpl.java:45)
	at java.lang.reflect.Constructor.newInstance(Constructor.java:423)
	at org.openqa.selenium.remote.http.W3CHttpResponseCodec.createException(W3CHttpResponseCodec.java:187)
	at org.openqa.selenium.remote.http.W3CHttpResponseCodec.decode(W3CHttpResponseCodec.java:122)
	at org.openqa.selenium.remote.http.W3CHttpResponseCodec.decode(W3CHttpResponseCodec.java:49)
	at org.openqa.selenium.remote.HttpCommandExecutor.execute(HttpCommandExecutor.java:158)
	at org.openqa.selenium.remote.RemoteWebDriver.execute(RemoteWebDriver.java:552)
	at org.openqa.selenium.remote.RemoteWebDriver.findElement(RemoteWebDriver.java:323)
	at org.openqa.selenium.remote.RemoteWebDriver.findElementByCssSelector(RemoteWebDriver.java:420)
	at org.openqa.selenium.By$ByCssSelector.findElement(By.java:431)
	at org.openqa.selenium.remote.RemoteWebDriver.findElement(RemoteWebDriver.java:315)
	at com.fit.schedulePage.SchedulePage.checkCloseRegistration(SchedulePage.java:144)
	at com.fit.schedulePage.SchedulePageTests.checkClassCloseRegistration(SchedulePageTests.java:88)
	at sun.reflect.NativeMethodAccessorImpl.invoke0(Native Method)
	at sun.reflect.NativeMethodAccessorImpl.invoke(NativeMethodAccessorImpl.java:62)
	at sun.reflect.DelegatingMethodAccessorImpl.invoke(DelegatingMethodAccessorImpl.java:43)
	at java.lang.reflect.Method.invoke(Method.java:498)
	at org.testng.internal.MethodInvocationHelper.invokeMethod(MethodInvocationHelper.java:85)
	at org.testng.internal.Invoker.invokeMethod(Invoker.java:696)
	at org.testng.internal.Invoker.invokeTestMethod(Invoker.java:882)
	at org.testng.internal.Invoker.invokeTestMethods(Invoker.java:1189)
	at org.testng.internal.TestMethodWorker.invokeTestMethods(TestMethodWorker.java:124)
	at org.testng.internal.TestMethodWorker.run(TestMethodWorker.java:108)
	at org.testng.TestRunner.privateRun(TestRunner.java:767)
	at org.testng.TestRunner.run(TestRunner.java:617)
	at org.testng.SuiteRunner.runTest(SuiteRunner.java:348)
	at org.testng.SuiteRunner.runSequentially(SuiteRunner.java:343)
	at org.testng.SuiteRunner.privateRun(SuiteRunner.java:305)
	at org.testng.SuiteRunner.run(SuiteRunner.java:254)
	at org.testng.SuiteRunnerWorker.runSuite(SuiteRunnerWorker.java:52)
	at org.testng.SuiteRunnerWorker.run(SuiteRunnerWorker.java:86)
	at org.testng.TestNG.runSuitesSequentially(TestNG.java:1224)
	at org.testng.TestNG.runSuitesLocally(TestNG.java:1149)
	at org.testng.TestNG.run(TestNG.java:1057)
	at com.intellij.rt.testng.IDEARemoteTestNG.run(IDEARemoteTestNG.java:66)
	at com.intellij.rt.testng.RemoteTestNGStarter.main(RemoteTestNGStarter.java:110)
</stack-trace>
            </failure>
            <steps>
                <step start="1597216436846" stop="1597216437201" status="passed">
                    <name>checkPage</name>
                    <title>Check Page</title>
                    <attachments>
                        <attachment title="Screenshot" source="af1fbc59-98d9-4bcd-9e95-7dc4962d4798-attachment.png" type="image/png"/>
                    </attachments>
                </step>
                <step start="1597216437202" stop="1597216437239" status="broken">
                    <name>checkCloseRegistration</name>
                    <title>Check Close Registration</title>
                </step>
            </steps>
            <attachments/>
            <labels>
                <label name="testSuite" value="All Test Suite"/>
                <label name="testGroup" value="F:/Workspace/FitCrowd/src/test/java/com/fit/loginPage/LoginPageTests.java"/>
                <label name="testClass" value="com.fit.schedulePage.SchedulePageTests"/>
                <label name="testMethod" value="checkClassCloseRegistration"/>
                <label name="host" value="DESKTOP-OH5VSFP"/>
                <label name="thread" value="5744@DESKTOP-OH5VSFP.main(1)"/>
            </labels>
        </test-case>
        <test-case start="1597216437277" stop="1597216437661" status="broken">
            <name>checkClassDate</name>
            <failure>
                <message>NoSuchElementException: no such element: Unable to locate element: {"method":"css selector","selector":"body &gt; div:nth-child(7) &gt; div &gt; div &gt; div.modal-body &gt; form &gt; div.row.form-content &gt; div.inputs-side.col-2 &gt; div &gt; div:nth-child(2) &gt; div:nth-child(2) &gt; div &gt; div:nth-child(1) &gt; input[type=text]"}
  (Session info: chrome=84.0.4147.125)
For documentation on this error, please visit: https://www.seleniumhq.org/exceptions/no_such_element.html
Build info: version: '3.141.59', revision: 'e82be7d358', time: '2018-11-14T08:17:03'
System info: host: 'DESKTOP-OH5VSFP', ip: '192.168.0.161', os.name: 'Windows 10', os.arch: 'amd64', os.version: '10.0', java.version: '1.8.0_261'
Driver info: org.openqa.selenium.remote.RemoteWebDriver
Capabilities {acceptInsecureCerts: false, browserName: chrome, browserVersion: 84.0.4147.125, chrome: {chromedriverVersion: 84.0.4147.30 (48b3e868b4cc0..., userDataDir: C:\Users\iurie\AppData\Loca...}, goog:chromeOptions: {debuggerAddress: localhost:62619}, javascriptEnabled: true, networkConnectionEnabled: false, pageLoadStrategy: normal, platform: WINDOWS, platformName: WINDOWS, proxy: Proxy(), setWindowRect: true, strictFileInteractability: false, timeouts: {implicit: 0, pageLoad: 300000, script: 30000}, unhandledPromptBehavior: dismiss and notify, webauthn:virtualAuthenticators: true, webdriver.remote.sessionid: 643c7cd3f881442c7baeafd52ba...}
Session ID: 643c7cd3f881442c7baeafd52bada590
*** Element info: {Using=css selector, value=body &gt; div:nth-child(7) &gt; div &gt; div &gt; div.modal-body &gt; form &gt; div.row.form-content &gt; div.inputs-side.col-2 &gt; div &gt; div:nth-child(2) &gt; div:nth-child(2) &gt; div &gt; div:nth-child(1) &gt; input[type=text]}</message>
                <stack-trace>org.openqa.selenium.NoSuchElementException: no such element: Unable to locate element: {"method":"css selector","selector":"body &gt; div:nth-child(7) &gt; div &gt; div &gt; div.modal-body &gt; form &gt; div.row.form-content &gt; div.inputs-side.col-2 &gt; div &gt; div:nth-child(2) &gt; div:nth-child(2) &gt; div &gt; div:nth-child(1) &gt; input[type=text]"}
  (Session info: chrome=84.0.4147.125)
For documentation on this error, please visit: https://www.seleniumhq.org/exceptions/no_such_element.html
Build info: version: '3.141.59', revision: 'e82be7d358', time: '2018-11-14T08:17:03'
System info: host: 'DESKTOP-OH5VSFP', ip: '192.168.0.161', os.name: 'Windows 10', os.arch: 'amd64', os.version: '10.0', java.version: '1.8.0_261'
Driver info: org.openqa.selenium.remote.RemoteWebDriver
Capabilities {acceptInsecureCerts: false, browserName: chrome, browserVersion: 84.0.4147.125, chrome: {chromedriverVersion: 84.0.4147.30 (48b3e868b4cc0..., userDataDir: C:\Users\iurie\AppData\Loca...}, goog:chromeOptions: {debuggerAddress: localhost:62619}, javascriptEnabled: true, networkConnectionEnabled: false, pageLoadStrategy: normal, platform: WINDOWS, platformName: WINDOWS, proxy: Proxy(), setWindowRect: true, strictFileInteractability: false, timeouts: {implicit: 0, pageLoad: 300000, script: 30000}, unhandledPromptBehavior: dismiss and notify, webauthn:virtualAuthenticators: true, webdriver.remote.sessionid: 643c7cd3f881442c7baeafd52ba...}
Session ID: 643c7cd3f881442c7baeafd52bada590
*** Element info: {Using=css selector, value=body &gt; div:nth-child(7) &gt; div &gt; div &gt; div.modal-body &gt; form &gt; div.row.form-content &gt; div.inputs-side.col-2 &gt; div &gt; div:nth-child(2) &gt; div:nth-child(2) &gt; div &gt; div:nth-child(1) &gt; input[type=text]}
	at sun.reflect.NativeConstructorAccessorImpl.newInstance0(Native Method)
	at sun.reflect.NativeConstructorAccessorImpl.newInstance(NativeConstructorAccessorImpl.java:62)
	at sun.reflect.DelegatingConstructorAccessorImpl.newInstance(DelegatingConstructorAccessorImpl.java:45)
	at java.lang.reflect.Constructor.newInstance(Constructor.java:423)
	at org.openqa.selenium.remote.http.W3CHttpResponseCodec.createException(W3CHttpResponseCodec.java:187)
	at org.openqa.selenium.remote.http.W3CHttpResponseCodec.decode(W3CHttpResponseCodec.java:122)
	at org.openqa.selenium.remote.http.W3CHttpResponseCodec.decode(W3CHttpResponseCodec.java:49)
	at org.openqa.selenium.remote.HttpCommandExecutor.execute(HttpCommandExecutor.java:158)
	at org.openqa.selenium.remote.RemoteWebDriver.execute(RemoteWebDriver.java:552)
	at org.openqa.selenium.remote.RemoteWebDriver.findElement(RemoteWebDriver.java:323)
	at org.openqa.selenium.remote.RemoteWebDriver.findElementByCssSelector(RemoteWebDriver.java:420)
	at org.openqa.selenium.By$ByCssSelector.findElement(By.java:431)
	at org.openqa.selenium.remote.RemoteWebDriver.findElement(RemoteWebDriver.java:315)
	at com.fit.schedulePage.SchedulePage.checkClassDate(SchedulePage.java:105)
	at com.fit.schedulePage.SchedulePageTests.checkClassDate(SchedulePageTests.java:58)
	at sun.reflect.NativeMethodAccessorImpl.invoke0(Native Method)
	at sun.reflect.NativeMethodAccessorImpl.invoke(NativeMethodAccessorImpl.java:62)
	at sun.reflect.DelegatingMethodAccessorImpl.invoke(DelegatingMethodAccessorImpl.java:43)
	at java.lang.reflect.Method.invoke(Method.java:498)
	at org.testng.internal.MethodInvocationHelper.invokeMethod(MethodInvocationHelper.java:85)
	at org.testng.internal.Invoker.invokeMethod(Invoker.java:696)
	at org.testng.internal.Invoker.invokeTestMethod(Invoker.java:882)
	at org.testng.internal.Invoker.invokeTestMethods(Invoker.java:1189)
	at org.testng.internal.TestMethodWorker.invokeTestMethods(TestMethodWorker.java:124)
	at org.testng.internal.TestMethodWorker.run(TestMethodWorker.java:108)
	at org.testng.TestRunner.privateRun(TestRunner.java:767)
	at org.testng.TestRunner.run(TestRunner.java:617)
	at org.testng.SuiteRunner.runTest(SuiteRunner.java:348)
	at org.testng.SuiteRunner.runSequentially(SuiteRunner.java:343)
	at org.testng.SuiteRunner.privateRun(SuiteRunner.java:305)
	at org.testng.SuiteRunner.run(SuiteRunner.java:254)
	at org.testng.SuiteRunnerWorker.runSuite(SuiteRunnerWorker.java:52)
	at org.testng.SuiteRunnerWorker.run(SuiteRunnerWorker.java:86)
	at org.testng.TestNG.runSuitesSequentially(TestNG.java:1224)
	at org.testng.TestNG.runSuitesLocally(TestNG.java:1149)
	at org.testng.TestNG.run(TestNG.java:1057)
	at com.intellij.rt.testng.IDEARemoteTestNG.run(IDEARemoteTestNG.java:66)
	at com.intellij.rt.testng.RemoteTestNGStarter.main(RemoteTestNGStarter.java:110)
</stack-trace>
            </failure>
            <steps>
                <step start="1597216437278" stop="1597216437637" status="passed">
                    <name>checkPage</name>
                    <title>Check Page</title>
                    <attachments>
                        <attachment title="Screenshot" source="4ccbcdcf-2550-4c4c-ba11-a21b7df2d502-attachment.png" type="image/png"/>
                    </attachments>
                </step>
                <step start="1597216437638" stop="1597216437659" status="broken">
                    <name>checkClassDate</name>
                    <title>Check Class Date</title>
                </step>
            </steps>
            <attachments/>
            <labels>
                <label name="testSuite" value="All Test Suite"/>
                <label name="testGroup" value="F:/Workspace/FitCrowd/src/test/java/com/fit/loginPage/LoginPageTests.java"/>
                <label name="testClass" value="com.fit.schedulePage.SchedulePageTests"/>
                <label name="testMethod" value="checkClassDate"/>
                <label name="host" value="DESKTOP-OH5VSFP"/>
                <label name="thread" value="5744@DESKTOP-OH5VSFP.main(1)"/>
            </labels>
        </test-case>
        <test-case start="1597216437662" stop="1597216438046" status="broken">
            <name>checkClassDescription</name>
            <failure>
                <message>NoSuchElementException: no such element: Unable to locate element: {"method":"css selector","selector":".\.scrollbar"}
  (Session info: chrome=84.0.4147.125)
For documentation on this error, please visit: https://www.seleniumhq.org/exceptions/no_such_element.html
Build info: version: '3.141.59', revision: 'e82be7d358', time: '2018-11-14T08:17:03'
System info: host: 'DESKTOP-OH5VSFP', ip: '192.168.0.161', os.name: 'Windows 10', os.arch: 'amd64', os.version: '10.0', java.version: '1.8.0_261'
Driver info: org.openqa.selenium.remote.RemoteWebDriver
Capabilities {acceptInsecureCerts: false, browserName: chrome, browserVersion: 84.0.4147.125, chrome: {chromedriverVersion: 84.0.4147.30 (48b3e868b4cc0..., userDataDir: C:\Users\iurie\AppData\Loca...}, goog:chromeOptions: {debuggerAddress: localhost:62619}, javascriptEnabled: true, networkConnectionEnabled: false, pageLoadStrategy: normal, platform: WINDOWS, platformName: WINDOWS, proxy: Proxy(), setWindowRect: true, strictFileInteractability: false, timeouts: {implicit: 0, pageLoad: 300000, script: 30000}, unhandledPromptBehavior: dismiss and notify, webauthn:virtualAuthenticators: true, webdriver.remote.sessionid: 643c7cd3f881442c7baeafd52ba...}
Session ID: 643c7cd3f881442c7baeafd52bada590
*** Element info: {Using=class name, value=.scrollbar}</message>
                <stack-trace>org.openqa.selenium.NoSuchElementException: no such element: Unable to locate element: {"method":"css selector","selector":".\.scrollbar"}
  (Session info: chrome=84.0.4147.125)
For documentation on this error, please visit: https://www.seleniumhq.org/exceptions/no_such_element.html
Build info: version: '3.141.59', revision: 'e82be7d358', time: '2018-11-14T08:17:03'
System info: host: 'DESKTOP-OH5VSFP', ip: '192.168.0.161', os.name: 'Windows 10', os.arch: 'amd64', os.version: '10.0', java.version: '1.8.0_261'
Driver info: org.openqa.selenium.remote.RemoteWebDriver
Capabilities {acceptInsecureCerts: false, browserName: chrome, browserVersion: 84.0.4147.125, chrome: {chromedriverVersion: 84.0.4147.30 (48b3e868b4cc0..., userDataDir: C:\Users\iurie\AppData\Loca...}, goog:chromeOptions: {debuggerAddress: localhost:62619}, javascriptEnabled: true, networkConnectionEnabled: false, pageLoadStrategy: normal, platform: WINDOWS, platformName: WINDOWS, proxy: Proxy(), setWindowRect: true, strictFileInteractability: false, timeouts: {implicit: 0, pageLoad: 300000, script: 30000}, unhandledPromptBehavior: dismiss and notify, webauthn:virtualAuthenticators: true, webdriver.remote.sessionid: 643c7cd3f881442c7baeafd52ba...}
Session ID: 643c7cd3f881442c7baeafd52bada590
*** Element info: {Using=class name, value=.scrollbar}
	at sun.reflect.NativeConstructorAccessorImpl.newInstance0(Native Method)
	at sun.reflect.NativeConstructorAccessorImpl.newInstance(NativeConstructorAccessorImpl.java:62)
	at sun.reflect.DelegatingConstructorAccessorImpl.newInstance(DelegatingConstructorAccessorImpl.java:45)
	at java.lang.reflect.Constructor.newInstance(Constructor.java:423)
	at org.openqa.selenium.remote.http.W3CHttpResponseCodec.createException(W3CHttpResponseCodec.java:187)
	at org.openqa.selenium.remote.http.W3CHttpResponseCodec.decode(W3CHttpResponseCodec.java:122)
	at org.openqa.selenium.remote.http.W3CHttpResponseCodec.decode(W3CHttpResponseCodec.java:49)
	at org.openqa.selenium.remote.HttpCommandExecutor.execute(HttpCommandExecutor.java:158)
	at org.openqa.selenium.remote.RemoteWebDriver.execute(RemoteWebDriver.java:552)
	at org.openqa.selenium.remote.RemoteWebDriver.findElement(RemoteWebDriver.java:323)
	at org.openqa.selenium.remote.RemoteWebDriver.findElementByClassName(RemoteWebDriver.java:412)
	at org.openqa.selenium.By$ByClassName.findElement(By.java:389)
	at org.openqa.selenium.remote.RemoteWebDriver.findElement(RemoteWebDriver.java:315)
	at com.fit.schedulePage.SchedulePage.checkDescription(SchedulePage.java:149)
	at com.fit.schedulePage.SchedulePageTests.checkClassDescription(SchedulePageTests.java:94)
	at sun.reflect.NativeMethodAccessorImpl.invoke0(Native Method)
	at sun.reflect.NativeMethodAccessorImpl.invoke(NativeMethodAccessorImpl.java:62)
	at sun.reflect.DelegatingMethodAccessorImpl.invoke(DelegatingMethodAccessorImpl.java:43)
	at java.lang.reflect.Method.invoke(Method.java:498)
	at org.testng.internal.MethodInvocationHelper.invokeMethod(MethodInvocationHelper.java:85)
	at org.testng.internal.Invoker.invokeMethod(Invoker.java:696)
	at org.testng.internal.Invoker.invokeTestMethod(Invoker.java:882)
	at org.testng.internal.Invoker.invokeTestMethods(Invoker.java:1189)
	at org.testng.internal.TestMethodWorker.invokeTestMethods(TestMethodWorker.java:124)
	at org.testng.internal.TestMethodWorker.run(TestMethodWorker.java:108)
	at org.testng.TestRunner.privateRun(TestRunner.java:767)
	at org.testng.TestRunner.run(TestRunner.java:617)
	at org.testng.SuiteRunner.runTest(SuiteRunner.java:348)
	at org.testng.SuiteRunner.runSequentially(SuiteRunner.java:343)
	at org.testng.SuiteRunner.privateRun(SuiteRunner.java:305)
	at org.testng.SuiteRunner.run(SuiteRunner.java:254)
	at org.testng.SuiteRunnerWorker.runSuite(SuiteRunnerWorker.java:52)
	at org.testng.SuiteRunnerWorker.run(SuiteRunnerWorker.java:86)
	at org.testng.TestNG.runSuitesSequentially(TestNG.java:1224)
	at org.testng.TestNG.runSuitesLocally(TestNG.java:1149)
	at org.testng.TestNG.run(TestNG.java:1057)
	at com.intellij.rt.testng.IDEARemoteTestNG.run(IDEARemoteTestNG.java:66)
	at com.intellij.rt.testng.RemoteTestNGStarter.main(RemoteTestNGStarter.java:110)
</stack-trace>
            </failure>
            <steps>
                <step start="1597216437664" stop="1597216438026" status="passed">
                    <name>checkPage</name>
                    <title>Check Page</title>
                    <attachments>
                        <attachment title="Screenshot" source="8d0052fc-60e3-4107-ab4a-0f3c4371188e-attachment.png" type="image/png"/>
                    </attachments>
                </step>
                <step start="1597216438027" stop="1597216438044" status="broken">
                    <name>checkDescription</name>
                    <title>Check Description</title>
                </step>
            </steps>
            <attachments/>
            <labels>
                <label name="testSuite" value="All Test Suite"/>
                <label name="testGroup" value="F:/Workspace/FitCrowd/src/test/java/com/fit/loginPage/LoginPageTests.java"/>
                <label name="testClass" value="com.fit.schedulePage.SchedulePageTests"/>
                <label name="testMethod" value="checkClassDescription"/>
                <label name="host" value="DESKTOP-OH5VSFP"/>
                <label name="thread" value="5744@DESKTOP-OH5VSFP.main(1)"/>
            </labels>
        </test-case>
        <test-case start="1597216438048" stop="1597216438421" status="broken">
            <name>checkClassLocation</name>
            <failure>
                <message>IndexOutOfBoundsException: Index: 2, Size: 0</message>
                <stack-trace>java.lang.IndexOutOfBoundsException: Index: 2, Size: 0
	at java.util.ArrayList.rangeCheck(ArrayList.java:659)
	at java.util.ArrayList.get(ArrayList.java:435)
	at com.fit.schedulePage.SchedulePage.checkClassLocation(SchedulePage.java:98)
	at com.fit.schedulePage.SchedulePageTests.checkClassLocation(SchedulePageTests.java:52)
	at sun.reflect.NativeMethodAccessorImpl.invoke0(Native Method)
	at sun.reflect.NativeMethodAccessorImpl.invoke(NativeMethodAccessorImpl.java:62)
	at sun.reflect.DelegatingMethodAccessorImpl.invoke(DelegatingMethodAccessorImpl.java:43)
	at java.lang.reflect.Method.invoke(Method.java:498)
	at org.testng.internal.MethodInvocationHelper.invokeMethod(MethodInvocationHelper.java:85)
	at org.testng.internal.Invoker.invokeMethod(Invoker.java:696)
	at org.testng.internal.Invoker.invokeTestMethod(Invoker.java:882)
	at org.testng.internal.Invoker.invokeTestMethods(Invoker.java:1189)
	at org.testng.internal.TestMethodWorker.invokeTestMethods(TestMethodWorker.java:124)
	at org.testng.internal.TestMethodWorker.run(TestMethodWorker.java:108)
	at org.testng.TestRunner.privateRun(TestRunner.java:767)
	at org.testng.TestRunner.run(TestRunner.java:617)
	at org.testng.SuiteRunner.runTest(SuiteRunner.java:348)
	at org.testng.SuiteRunner.runSequentially(SuiteRunner.java:343)
	at org.testng.SuiteRunner.privateRun(SuiteRunner.java:305)
	at org.testng.SuiteRunner.run(SuiteRunner.java:254)
	at org.testng.SuiteRunnerWorker.runSuite(SuiteRunnerWorker.java:52)
	at org.testng.SuiteRunnerWorker.run(SuiteRunnerWorker.java:86)
	at org.testng.TestNG.runSuitesSequentially(TestNG.java:1224)
	at org.testng.TestNG.runSuitesLocally(TestNG.java:1149)
	at org.testng.TestNG.run(TestNG.java:1057)
	at com.intellij.rt.testng.IDEARemoteTestNG.run(IDEARemoteTestNG.java:66)
	at com.intellij.rt.testng.RemoteTestNGStarter.main(RemoteTestNGStarter.java:110)
</stack-trace>
            </failure>
            <steps>
                <step start="1597216438049" stop="1597216438402" status="passed">
                    <name>checkPage</name>
                    <title>Check Page</title>
                    <attachments>
                        <attachment title="Screenshot" source="58007aa6-9bcc-43cb-b4c7-5db36c2ec1c2-attachment.png" type="image/png"/>
                    </attachments>
                </step>
                <step start="1597216438403" stop="1597216438419" status="broken">
                    <name>checkClassLocation</name>
                    <title>Check Class Location</title>
                </step>
            </steps>
            <attachments/>
            <labels>
                <label name="testSuite" value="All Test Suite"/>
                <label name="testGroup" value="F:/Workspace/FitCrowd/src/test/java/com/fit/loginPage/LoginPageTests.java"/>
                <label name="testClass" value="com.fit.schedulePage.SchedulePageTests"/>
                <label name="testMethod" value="checkClassLocation"/>
                <label name="host" value="DESKTOP-OH5VSFP"/>
                <label name="thread" value="5744@DESKTOP-OH5VSFP.main(1)"/>
            </labels>
        </test-case>
        <test-case start="1597216438423" stop="1597216438805" status="broken">
            <name>checkClassName</name>
            <failure>
                <message>NoSuchElementException: no such element: Unable to locate element: {"method":"css selector","selector":"input[name=name]"}
  (Session info: chrome=84.0.4147.125)
For documentation on this error, please visit: https://www.seleniumhq.org/exceptions/no_such_element.html
Build info: version: '3.141.59', revision: 'e82be7d358', time: '2018-11-14T08:17:03'
System info: host: 'DESKTOP-OH5VSFP', ip: '192.168.0.161', os.name: 'Windows 10', os.arch: 'amd64', os.version: '10.0', java.version: '1.8.0_261'
Driver info: org.openqa.selenium.remote.RemoteWebDriver
Capabilities {acceptInsecureCerts: false, browserName: chrome, browserVersion: 84.0.4147.125, chrome: {chromedriverVersion: 84.0.4147.30 (48b3e868b4cc0..., userDataDir: C:\Users\iurie\AppData\Loca...}, goog:chromeOptions: {debuggerAddress: localhost:62619}, javascriptEnabled: true, networkConnectionEnabled: false, pageLoadStrategy: normal, platform: WINDOWS, platformName: WINDOWS, proxy: Proxy(), setWindowRect: true, strictFileInteractability: false, timeouts: {implicit: 0, pageLoad: 300000, script: 30000}, unhandledPromptBehavior: dismiss and notify, webauthn:virtualAuthenticators: true, webdriver.remote.sessionid: 643c7cd3f881442c7baeafd52ba...}
Session ID: 643c7cd3f881442c7baeafd52bada590
*** Element info: {Using=css selector, value=input[name=name]}</message>
                <stack-trace>org.openqa.selenium.NoSuchElementException: no such element: Unable to locate element: {"method":"css selector","selector":"input[name=name]"}
  (Session info: chrome=84.0.4147.125)
For documentation on this error, please visit: https://www.seleniumhq.org/exceptions/no_such_element.html
Build info: version: '3.141.59', revision: 'e82be7d358', time: '2018-11-14T08:17:03'
System info: host: 'DESKTOP-OH5VSFP', ip: '192.168.0.161', os.name: 'Windows 10', os.arch: 'amd64', os.version: '10.0', java.version: '1.8.0_261'
Driver info: org.openqa.selenium.remote.RemoteWebDriver
Capabilities {acceptInsecureCerts: false, browserName: chrome, browserVersion: 84.0.4147.125, chrome: {chromedriverVersion: 84.0.4147.30 (48b3e868b4cc0..., userDataDir: C:\Users\iurie\AppData\Loca...}, goog:chromeOptions: {debuggerAddress: localhost:62619}, javascriptEnabled: true, networkConnectionEnabled: false, pageLoadStrategy: normal, platform: WINDOWS, platformName: WINDOWS, proxy: Proxy(), setWindowRect: true, strictFileInteractability: false, timeouts: {implicit: 0, pageLoad: 300000, script: 30000}, unhandledPromptBehavior: dismiss and notify, webauthn:virtualAuthenticators: true, webdriver.remote.sessionid: 643c7cd3f881442c7baeafd52ba...}
Session ID: 643c7cd3f881442c7baeafd52bada590
*** Element info: {Using=css selector, value=input[name=name]}
	at sun.reflect.NativeConstructorAccessorImpl.newInstance0(Native Method)
	at sun.reflect.NativeConstructorAccessorImpl.newInstance(NativeConstructorAccessorImpl.java:62)
	at sun.reflect.DelegatingConstructorAccessorImpl.newInstance(DelegatingConstructorAccessorImpl.java:45)
	at java.lang.reflect.Constructor.newInstance(Constructor.java:423)
	at org.openqa.selenium.remote.http.W3CHttpResponseCodec.createException(W3CHttpResponseCodec.java:187)
	at org.openqa.selenium.remote.http.W3CHttpResponseCodec.decode(W3CHttpResponseCodec.java:122)
	at org.openqa.selenium.remote.http.W3CHttpResponseCodec.decode(W3CHttpResponseCodec.java:49)
	at org.openqa.selenium.remote.HttpCommandExecutor.execute(HttpCommandExecutor.java:158)
	at org.openqa.selenium.remote.RemoteWebDriver.execute(RemoteWebDriver.java:552)
	at org.openqa.selenium.remote.RemoteWebDriver.findElement(RemoteWebDriver.java:323)
	at org.openqa.selenium.remote.RemoteWebDriver.findElementByCssSelector(RemoteWebDriver.java:420)
	at org.openqa.selenium.By$ByCssSelector.findElement(By.java:431)
	at org.openqa.selenium.remote.RemoteWebDriver.findElement(RemoteWebDriver.java:315)
	at com.fit.schedulePage.SchedulePage.checkClassName(SchedulePage.java:91)
	at com.fit.schedulePage.SchedulePageTests.checkClassName(SchedulePageTests.java:46)
	at sun.reflect.NativeMethodAccessorImpl.invoke0(Native Method)
	at sun.reflect.NativeMethodAccessorImpl.invoke(NativeMethodAccessorImpl.java:62)
	at sun.reflect.DelegatingMethodAccessorImpl.invoke(DelegatingMethodAccessorImpl.java:43)
	at java.lang.reflect.Method.invoke(Method.java:498)
	at org.testng.internal.MethodInvocationHelper.invokeMethod(MethodInvocationHelper.java:85)
	at org.testng.internal.Invoker.invokeMethod(Invoker.java:696)
	at org.testng.internal.Invoker.invokeTestMethod(Invoker.java:882)
	at org.testng.internal.Invoker.invokeTestMethods(Invoker.java:1189)
	at org.testng.internal.TestMethodWorker.invokeTestMethods(TestMethodWorker.java:124)
	at org.testng.internal.TestMethodWorker.run(TestMethodWorker.java:108)
	at org.testng.TestRunner.privateRun(TestRunner.java:767)
	at org.testng.TestRunner.run(TestRunner.java:617)
	at org.testng.SuiteRunner.runTest(SuiteRunner.java:348)
	at org.testng.SuiteRunner.runSequentially(SuiteRunner.java:343)
	at org.testng.SuiteRunner.privateRun(SuiteRunner.java:305)
	at org.testng.SuiteRunner.run(SuiteRunner.java:254)
	at org.testng.SuiteRunnerWorker.runSuite(SuiteRunnerWorker.java:52)
	at org.testng.SuiteRunnerWorker.run(SuiteRunnerWorker.java:86)
	at org.testng.TestNG.runSuitesSequentially(TestNG.java:1224)
	at org.testng.TestNG.runSuitesLocally(TestNG.java:1149)
	at org.testng.TestNG.run(TestNG.java:1057)
	at com.intellij.rt.testng.IDEARemoteTestNG.run(IDEARemoteTestNG.java:66)
	at com.intellij.rt.testng.RemoteTestNGStarter.main(RemoteTestNGStarter.java:110)
</stack-trace>
            </failure>
            <steps>
                <step start="1597216438424" stop="1597216438782" status="passed">
                    <name>checkPage</name>
                    <title>Check Page</title>
                    <attachments>
                        <attachment title="Screenshot" source="82524be7-43a0-44a0-94c6-1302aac62c13-attachment.png" type="image/png"/>
                    </attachments>
                </step>
                <step start="1597216438782" stop="1597216438800" status="broken">
                    <name>checkClassName</name>
                    <title>Check Class Name</title>
                </step>
            </steps>
            <attachments/>
            <labels>
                <label name="testSuite" value="All Test Suite"/>
                <label name="testGroup" value="F:/Workspace/FitCrowd/src/test/java/com/fit/loginPage/LoginPageTests.java"/>
                <label name="testClass" value="com.fit.schedulePage.SchedulePageTests"/>
                <label name="testMethod" value="checkClassName"/>
                <label name="host" value="DESKTOP-OH5VSFP"/>
                <label name="thread" value="5744@DESKTOP-OH5VSFP.main(1)"/>
            </labels>
        </test-case>
        <test-case start="1597216438806" stop="1597216439199" status="broken">
            <name>checkClassOpenRegistration</name>
            <failure>
                <message>NoSuchElementException: no such element: Unable to locate element: {"method":"css selector","selector":"body &gt; div:nth-child(7) &gt; div &gt; div &gt; div.modal-body &gt; form &gt; div.row.form-content &gt; div.inputs-side.col-2 &gt; div &gt; div:nth-child(3) &gt; div:nth-child(2) &gt; div &gt; p"}
  (Session info: chrome=84.0.4147.125)
For documentation on this error, please visit: https://www.seleniumhq.org/exceptions/no_such_element.html
Build info: version: '3.141.59', revision: 'e82be7d358', time: '2018-11-14T08:17:03'
System info: host: 'DESKTOP-OH5VSFP', ip: '192.168.0.161', os.name: 'Windows 10', os.arch: 'amd64', os.version: '10.0', java.version: '1.8.0_261'
Driver info: org.openqa.selenium.remote.RemoteWebDriver
Capabilities {acceptInsecureCerts: false, browserName: chrome, browserVersion: 84.0.4147.125, chrome: {chromedriverVersion: 84.0.4147.30 (48b3e868b4cc0..., userDataDir: C:\Users\iurie\AppData\Loca...}, goog:chromeOptions: {debuggerAddress: localhost:62619}, javascriptEnabled: true, networkConnectionEnabled: false, pageLoadStrategy: normal, platform: WINDOWS, platformName: WINDOWS, proxy: Proxy(), setWindowRect: true, strictFileInteractability: false, timeouts: {implicit: 0, pageLoad: 300000, script: 30000}, unhandledPromptBehavior: dismiss and notify, webauthn:virtualAuthenticators: true, webdriver.remote.sessionid: 643c7cd3f881442c7baeafd52ba...}
Session ID: 643c7cd3f881442c7baeafd52bada590
*** Element info: {Using=css selector, value=body &gt; div:nth-child(7) &gt; div &gt; div &gt; div.modal-body &gt; form &gt; div.row.form-content &gt; div.inputs-side.col-2 &gt; div &gt; div:nth-child(3) &gt; div:nth-child(2) &gt; div &gt; p}</message>
                <stack-trace>org.openqa.selenium.NoSuchElementException: no such element: Unable to locate element: {"method":"css selector","selector":"body &gt; div:nth-child(7) &gt; div &gt; div &gt; div.modal-body &gt; form &gt; div.row.form-content &gt; div.inputs-side.col-2 &gt; div &gt; div:nth-child(3) &gt; div:nth-child(2) &gt; div &gt; p"}
  (Session info: chrome=84.0.4147.125)
For documentation on this error, please visit: https://www.seleniumhq.org/exceptions/no_such_element.html
Build info: version: '3.141.59', revision: 'e82be7d358', time: '2018-11-14T08:17:03'
System info: host: 'DESKTOP-OH5VSFP', ip: '192.168.0.161', os.name: 'Windows 10', os.arch: 'amd64', os.version: '10.0', java.version: '1.8.0_261'
Driver info: org.openqa.selenium.remote.RemoteWebDriver
Capabilities {acceptInsecureCerts: false, browserName: chrome, browserVersion: 84.0.4147.125, chrome: {chromedriverVersion: 84.0.4147.30 (48b3e868b4cc0..., userDataDir: C:\Users\iurie\AppData\Loca...}, goog:chromeOptions: {debuggerAddress: localhost:62619}, javascriptEnabled: true, networkConnectionEnabled: false, pageLoadStrategy: normal, platform: WINDOWS, platformName: WINDOWS, proxy: Proxy(), setWindowRect: true, strictFileInteractability: false, timeouts: {implicit: 0, pageLoad: 300000, script: 30000}, unhandledPromptBehavior: dismiss and notify, webauthn:virtualAuthenticators: true, webdriver.remote.sessionid: 643c7cd3f881442c7baeafd52ba...}
Session ID: 643c7cd3f881442c7baeafd52bada590
*** Element info: {Using=css selector, value=body &gt; div:nth-child(7) &gt; div &gt; div &gt; div.modal-body &gt; form &gt; div.row.form-content &gt; div.inputs-side.col-2 &gt; div &gt; div:nth-child(3) &gt; div:nth-child(2) &gt; div &gt; p}
	at sun.reflect.NativeConstructorAccessorImpl.newInstance0(Native Method)
	at sun.reflect.NativeConstructorAccessorImpl.newInstance(NativeConstructorAccessorImpl.java:62)
	at sun.reflect.DelegatingConstructorAccessorImpl.newInstance(DelegatingConstructorAccessorImpl.java:45)
	at java.lang.reflect.Constructor.newInstance(Constructor.java:423)
	at org.openqa.selenium.remote.http.W3CHttpResponseCodec.createException(W3CHttpResponseCodec.java:187)
	at org.openqa.selenium.remote.http.W3CHttpResponseCodec.decode(W3CHttpResponseCodec.java:122)
	at org.openqa.selenium.remote.http.W3CHttpResponseCodec.decode(W3CHttpResponseCodec.java:49)
	at org.openqa.selenium.remote.HttpCommandExecutor.execute(HttpCommandExecutor.java:158)
	at org.openqa.selenium.remote.RemoteWebDriver.execute(RemoteWebDriver.java:552)
	at org.openqa.selenium.remote.RemoteWebDriver.findElement(RemoteWebDriver.java:323)
	at org.openqa.selenium.remote.RemoteWebDriver.findElementByCssSelector(RemoteWebDriver.java:420)
	at org.openqa.selenium.By$ByCssSelector.findElement(By.java:431)
	at org.openqa.selenium.remote.RemoteWebDriver.findElement(RemoteWebDriver.java:315)
	at com.fit.schedulePage.SchedulePage.checkOpenRegistration(SchedulePage.java:139)
	at com.fit.schedulePage.SchedulePageTests.checkClassOpenRegistration(SchedulePageTests.java:82)
	at sun.reflect.NativeMethodAccessorImpl.invoke0(Native Method)
	at sun.reflect.NativeMethodAccessorImpl.invoke(NativeMethodAccessorImpl.java:62)
	at sun.reflect.DelegatingMethodAccessorImpl.invoke(DelegatingMethodAccessorImpl.java:43)
	at java.lang.reflect.Method.invoke(Method.java:498)
	at org.testng.internal.MethodInvocationHelper.invokeMethod(MethodInvocationHelper.java:85)
	at org.testng.internal.Invoker.invokeMethod(Invoker.java:696)
	at org.testng.internal.Invoker.invokeTestMethod(Invoker.java:882)
	at org.testng.internal.Invoker.invokeTestMethods(Invoker.java:1189)
	at org.testng.internal.TestMethodWorker.invokeTestMethods(TestMethodWorker.java:124)
	at org.testng.internal.TestMethodWorker.run(TestMethodWorker.java:108)
	at org.testng.TestRunner.privateRun(TestRunner.java:767)
	at org.testng.TestRunner.run(TestRunner.java:617)
	at org.testng.SuiteRunner.runTest(SuiteRunner.java:348)
	at org.testng.SuiteRunner.runSequentially(SuiteRunner.java:343)
	at org.testng.SuiteRunner.privateRun(SuiteRunner.java:305)
	at org.testng.SuiteRunner.run(SuiteRunner.java:254)
	at org.testng.SuiteRunnerWorker.runSuite(SuiteRunnerWorker.java:52)
	at org.testng.SuiteRunnerWorker.run(SuiteRunnerWorker.java:86)
	at org.testng.TestNG.runSuitesSequentially(TestNG.java:1224)
	at org.testng.TestNG.runSuitesLocally(TestNG.java:1149)
	at org.testng.TestNG.run(TestNG.java:1057)
	at com.intellij.rt.testng.IDEARemoteTestNG.run(IDEARemoteTestNG.java:66)
	at com.intellij.rt.testng.RemoteTestNGStarter.main(RemoteTestNGStarter.java:110)
</stack-trace>
            </failure>
            <steps>
                <step start="1597216438807" stop="1597216439174" status="passed">
                    <name>checkPage</name>
                    <title>Check Page</title>
                    <attachments>
                        <attachment title="Screenshot" source="d67770dc-3639-4a09-b587-23cd6a1c6c93-attachment.png" type="image/png"/>
                    </attachments>
                </step>
                <step start="1597216439175" stop="1597216439194" status="broken">
                    <name>checkOpenRegistration</name>
                    <title>Check Open Registraion</title>
                </step>
            </steps>
            <attachments/>
            <labels>
                <label name="testSuite" value="All Test Suite"/>
                <label name="testGroup" value="F:/Workspace/FitCrowd/src/test/java/com/fit/loginPage/LoginPageTests.java"/>
                <label name="testClass" value="com.fit.schedulePage.SchedulePageTests"/>
                <label name="testMethod" value="checkClassOpenRegistration"/>
                <label name="host" value="DESKTOP-OH5VSFP"/>
                <label name="thread" value="5744@DESKTOP-OH5VSFP.main(1)"/>
            </labels>
        </test-case>
        <test-case start="1597216439201" stop="1597216439584" status="broken">
            <name>checkClassParticipants</name>
            <failure>
                <message>NoSuchElementException: no such element: Unable to locate element: {"method":"css selector","selector":"#number-of-participants &gt; p"}
  (Session info: chrome=84.0.4147.125)
For documentation on this error, please visit: https://www.seleniumhq.org/exceptions/no_such_element.html
Build info: version: '3.141.59', revision: 'e82be7d358', time: '2018-11-14T08:17:03'
System info: host: 'DESKTOP-OH5VSFP', ip: '192.168.0.161', os.name: 'Windows 10', os.arch: 'amd64', os.version: '10.0', java.version: '1.8.0_261'
Driver info: org.openqa.selenium.remote.RemoteWebDriver
Capabilities {acceptInsecureCerts: false, browserName: chrome, browserVersion: 84.0.4147.125, chrome: {chromedriverVersion: 84.0.4147.30 (48b3e868b4cc0..., userDataDir: C:\Users\iurie\AppData\Loca...}, goog:chromeOptions: {debuggerAddress: localhost:62619}, javascriptEnabled: true, networkConnectionEnabled: false, pageLoadStrategy: normal, platform: WINDOWS, platformName: WINDOWS, proxy: Proxy(), setWindowRect: true, strictFileInteractability: false, timeouts: {implicit: 0, pageLoad: 300000, script: 30000}, unhandledPromptBehavior: dismiss and notify, webauthn:virtualAuthenticators: true, webdriver.remote.sessionid: 643c7cd3f881442c7baeafd52ba...}
Session ID: 643c7cd3f881442c7baeafd52bada590
*** Element info: {Using=css selector, value=#number-of-participants &gt; p}</message>
                <stack-trace>org.openqa.selenium.NoSuchElementException: no such element: Unable to locate element: {"method":"css selector","selector":"#number-of-participants &gt; p"}
  (Session info: chrome=84.0.4147.125)
For documentation on this error, please visit: https://www.seleniumhq.org/exceptions/no_such_element.html
Build info: version: '3.141.59', revision: 'e82be7d358', time: '2018-11-14T08:17:03'
System info: host: 'DESKTOP-OH5VSFP', ip: '192.168.0.161', os.name: 'Windows 10', os.arch: 'amd64', os.version: '10.0', java.version: '1.8.0_261'
Driver info: org.openqa.selenium.remote.RemoteWebDriver
Capabilities {acceptInsecureCerts: false, browserName: chrome, browserVersion: 84.0.4147.125, chrome: {chromedriverVersion: 84.0.4147.30 (48b3e868b4cc0..., userDataDir: C:\Users\iurie\AppData\Loca...}, goog:chromeOptions: {debuggerAddress: localhost:62619}, javascriptEnabled: true, networkConnectionEnabled: false, pageLoadStrategy: normal, platform: WINDOWS, platformName: WINDOWS, proxy: Proxy(), setWindowRect: true, strictFileInteractability: false, timeouts: {implicit: 0, pageLoad: 300000, script: 30000}, unhandledPromptBehavior: dismiss and notify, webauthn:virtualAuthenticators: true, webdriver.remote.sessionid: 643c7cd3f881442c7baeafd52ba...}
Session ID: 643c7cd3f881442c7baeafd52bada590
*** Element info: {Using=css selector, value=#number-of-participants &gt; p}
	at sun.reflect.NativeConstructorAccessorImpl.newInstance0(Native Method)
	at sun.reflect.NativeConstructorAccessorImpl.newInstance(NativeConstructorAccessorImpl.java:62)
	at sun.reflect.DelegatingConstructorAccessorImpl.newInstance(DelegatingConstructorAccessorImpl.java:45)
	at java.lang.reflect.Constructor.newInstance(Constructor.java:423)
	at org.openqa.selenium.remote.http.W3CHttpResponseCodec.createException(W3CHttpResponseCodec.java:187)
	at org.openqa.selenium.remote.http.W3CHttpResponseCodec.decode(W3CHttpResponseCodec.java:122)
	at org.openqa.selenium.remote.http.W3CHttpResponseCodec.decode(W3CHttpResponseCodec.java:49)
	at org.openqa.selenium.remote.HttpCommandExecutor.execute(HttpCommandExecutor.java:158)
	at org.openqa.selenium.remote.RemoteWebDriver.execute(RemoteWebDriver.java:552)
	at org.openqa.selenium.remote.RemoteWebDriver.findElement(RemoteWebDriver.java:323)
	at org.openqa.selenium.remote.RemoteWebDriver.findElementByCssSelector(RemoteWebDriver.java:420)
	at org.openqa.selenium.By$ByCssSelector.findElement(By.java:431)
	at org.openqa.selenium.remote.RemoteWebDriver.findElement(RemoteWebDriver.java:315)
	at com.fit.schedulePage.SchedulePage.checkClassParticipants(SchedulePage.java:130)
	at com.fit.schedulePage.SchedulePageTests.checkClassParticipants(SchedulePageTests.java:76)
	at sun.reflect.NativeMethodAccessorImpl.invoke0(Native Method)
	at sun.reflect.NativeMethodAccessorImpl.invoke(NativeMethodAccessorImpl.java:62)
	at sun.reflect.DelegatingMethodAccessorImpl.invoke(DelegatingMethodAccessorImpl.java:43)
	at java.lang.reflect.Method.invoke(Method.java:498)
	at org.testng.internal.MethodInvocationHelper.invokeMethod(MethodInvocationHelper.java:85)
	at org.testng.internal.Invoker.invokeMethod(Invoker.java:696)
	at org.testng.internal.Invoker.invokeTestMethod(Invoker.java:882)
	at org.testng.internal.Invoker.invokeTestMethods(Invoker.java:1189)
	at org.testng.internal.TestMethodWorker.invokeTestMethods(TestMethodWorker.java:124)
	at org.testng.internal.TestMethodWorker.run(TestMethodWorker.java:108)
	at org.testng.TestRunner.privateRun(TestRunner.java:767)
	at org.testng.TestRunner.run(TestRunner.java:617)
	at org.testng.SuiteRunner.runTest(SuiteRunner.java:348)
	at org.testng.SuiteRunner.runSequentially(SuiteRunner.java:343)
	at org.testng.SuiteRunner.privateRun(SuiteRunner.java:305)
	at org.testng.SuiteRunner.run(SuiteRunner.java:254)
	at org.testng.SuiteRunnerWorker.runSuite(SuiteRunnerWorker.java:52)
	at org.testng.SuiteRunnerWorker.run(SuiteRunnerWorker.java:86)
	at org.testng.TestNG.runSuitesSequentially(TestNG.java:1224)
	at org.testng.TestNG.runSuitesLocally(TestNG.java:1149)
	at org.testng.TestNG.run(TestNG.java:1057)
	at com.intellij.rt.testng.IDEARemoteTestNG.run(IDEARemoteTestNG.java:66)
	at com.intellij.rt.testng.RemoteTestNGStarter.main(RemoteTestNGStarter.java:110)
</stack-trace>
            </failure>
            <steps>
                <step start="1597216439203" stop="1597216439562" status="passed">
                    <name>checkPage</name>
                    <title>Check Page</title>
                    <attachments>
                        <attachment title="Screenshot" source="80d227e4-21e0-4d8c-bc3d-7fe570b157c8-attachment.png" type="image/png"/>
                    </attachments>
                </step>
                <step start="1597216439563" stop="1597216439582" status="broken">
                    <name>checkClassParticipants</name>
                    <title>Check Max No. Of Participants</title>
                </step>
            </steps>
            <attachments/>
            <labels>
                <label name="testSuite" value="All Test Suite"/>
                <label name="testGroup" value="F:/Workspace/FitCrowd/src/test/java/com/fit/loginPage/LoginPageTests.java"/>
                <label name="testClass" value="com.fit.schedulePage.SchedulePageTests"/>
                <label name="testMethod" value="checkClassParticipants"/>
                <label name="host" value="DESKTOP-OH5VSFP"/>
                <label name="thread" value="5744@DESKTOP-OH5VSFP.main(1)"/>
            </labels>
        </test-case>
        <test-case start="1597216439585" stop="1597216439988" status="broken">
            <name>checkFinishTime</name>
            <failure>
                <message>NoSuchElementException: no such element: Unable to locate element: {"method":"css selector","selector":"body &gt; div:nth-child(7) &gt; div &gt; div &gt; div.modal-body &gt; form &gt; div.row.form-content &gt; div.inputs-side.col-2 &gt; div &gt; div:nth-child(2) &gt; div:nth-child(3) &gt; div &gt; time:nth-child(1)"}
  (Session info: chrome=84.0.4147.125)
For documentation on this error, please visit: https://www.seleniumhq.org/exceptions/no_such_element.html
Build info: version: '3.141.59', revision: 'e82be7d358', time: '2018-11-14T08:17:03'
System info: host: 'DESKTOP-OH5VSFP', ip: '192.168.0.161', os.name: 'Windows 10', os.arch: 'amd64', os.version: '10.0', java.version: '1.8.0_261'
Driver info: org.openqa.selenium.remote.RemoteWebDriver
Capabilities {acceptInsecureCerts: false, browserName: chrome, browserVersion: 84.0.4147.125, chrome: {chromedriverVersion: 84.0.4147.30 (48b3e868b4cc0..., userDataDir: C:\Users\iurie\AppData\Loca...}, goog:chromeOptions: {debuggerAddress: localhost:62619}, javascriptEnabled: true, networkConnectionEnabled: false, pageLoadStrategy: normal, platform: WINDOWS, platformName: WINDOWS, proxy: Proxy(), setWindowRect: true, strictFileInteractability: false, timeouts: {implicit: 0, pageLoad: 300000, script: 30000}, unhandledPromptBehavior: dismiss and notify, webauthn:virtualAuthenticators: true, webdriver.remote.sessionid: 643c7cd3f881442c7baeafd52ba...}
Session ID: 643c7cd3f881442c7baeafd52bada590
*** Element info: {Using=css selector, value=body &gt; div:nth-child(7) &gt; div &gt; div &gt; div.modal-body &gt; form &gt; div.row.form-content &gt; div.inputs-side.col-2 &gt; div &gt; div:nth-child(2) &gt; div:nth-child(3) &gt; div &gt; time:nth-child(1)}</message>
                <stack-trace>org.openqa.selenium.NoSuchElementException: no such element: Unable to locate element: {"method":"css selector","selector":"body &gt; div:nth-child(7) &gt; div &gt; div &gt; div.modal-body &gt; form &gt; div.row.form-content &gt; div.inputs-side.col-2 &gt; div &gt; div:nth-child(2) &gt; div:nth-child(3) &gt; div &gt; time:nth-child(1)"}
  (Session info: chrome=84.0.4147.125)
For documentation on this error, please visit: https://www.seleniumhq.org/exceptions/no_such_element.html
Build info: version: '3.141.59', revision: 'e82be7d358', time: '2018-11-14T08:17:03'
System info: host: 'DESKTOP-OH5VSFP', ip: '192.168.0.161', os.name: 'Windows 10', os.arch: 'amd64', os.version: '10.0', java.version: '1.8.0_261'
Driver info: org.openqa.selenium.remote.RemoteWebDriver
Capabilities {acceptInsecureCerts: false, browserName: chrome, browserVersion: 84.0.4147.125, chrome: {chromedriverVersion: 84.0.4147.30 (48b3e868b4cc0..., userDataDir: C:\Users\iurie\AppData\Loca...}, goog:chromeOptions: {debuggerAddress: localhost:62619}, javascriptEnabled: true, networkConnectionEnabled: false, pageLoadStrategy: normal, platform: WINDOWS, platformName: WINDOWS, proxy: Proxy(), setWindowRect: true, strictFileInteractability: false, timeouts: {implicit: 0, pageLoad: 300000, script: 30000}, unhandledPromptBehavior: dismiss and notify, webauthn:virtualAuthenticators: true, webdriver.remote.sessionid: 643c7cd3f881442c7baeafd52ba...}
Session ID: 643c7cd3f881442c7baeafd52bada590
*** Element info: {Using=css selector, value=body &gt; div:nth-child(7) &gt; div &gt; div &gt; div.modal-body &gt; form &gt; div.row.form-content &gt; div.inputs-side.col-2 &gt; div &gt; div:nth-child(2) &gt; div:nth-child(3) &gt; div &gt; time:nth-child(1)}
	at sun.reflect.NativeConstructorAccessorImpl.newInstance0(Native Method)
	at sun.reflect.NativeConstructorAccessorImpl.newInstance(NativeConstructorAccessorImpl.java:62)
	at sun.reflect.DelegatingConstructorAccessorImpl.newInstance(DelegatingConstructorAccessorImpl.java:45)
	at java.lang.reflect.Constructor.newInstance(Constructor.java:423)
	at org.openqa.selenium.remote.http.W3CHttpResponseCodec.createException(W3CHttpResponseCodec.java:187)
	at org.openqa.selenium.remote.http.W3CHttpResponseCodec.decode(W3CHttpResponseCodec.java:122)
	at org.openqa.selenium.remote.http.W3CHttpResponseCodec.decode(W3CHttpResponseCodec.java:49)
	at org.openqa.selenium.remote.HttpCommandExecutor.execute(HttpCommandExecutor.java:158)
	at org.openqa.selenium.remote.RemoteWebDriver.execute(RemoteWebDriver.java:552)
	at org.openqa.selenium.remote.RemoteWebDriver.findElement(RemoteWebDriver.java:323)
	at org.openqa.selenium.remote.RemoteWebDriver.findElementByCssSelector(RemoteWebDriver.java:420)
	at org.openqa.selenium.By$ByCssSelector.findElement(By.java:431)
	at org.openqa.selenium.remote.RemoteWebDriver.findElement(RemoteWebDriver.java:315)
	at com.fit.schedulePage.SchedulePage.checkFinishTime(SchedulePage.java:118)
	at com.fit.schedulePage.SchedulePageTests.checkFinishTime(SchedulePageTests.java:70)
	at sun.reflect.NativeMethodAccessorImpl.invoke0(Native Method)
	at sun.reflect.NativeMethodAccessorImpl.invoke(NativeMethodAccessorImpl.java:62)
	at sun.reflect.DelegatingMethodAccessorImpl.invoke(DelegatingMethodAccessorImpl.java:43)
	at java.lang.reflect.Method.invoke(Method.java:498)
	at org.testng.internal.MethodInvocationHelper.invokeMethod(MethodInvocationHelper.java:85)
	at org.testng.internal.Invoker.invokeMethod(Invoker.java:696)
	at org.testng.internal.Invoker.invokeTestMethod(Invoker.java:882)
	at org.testng.internal.Invoker.invokeTestMethods(Invoker.java:1189)
	at org.testng.internal.TestMethodWorker.invokeTestMethods(TestMethodWorker.java:124)
	at org.testng.internal.TestMethodWorker.run(TestMethodWorker.java:108)
	at org.testng.TestRunner.privateRun(TestRunner.java:767)
	at org.testng.TestRunner.run(TestRunner.java:617)
	at org.testng.SuiteRunner.runTest(SuiteRunner.java:348)
	at org.testng.SuiteRunner.runSequentially(SuiteRunner.java:343)
	at org.testng.SuiteRunner.privateRun(SuiteRunner.java:305)
	at org.testng.SuiteRunner.run(SuiteRunner.java:254)
	at org.testng.SuiteRunnerWorker.runSuite(SuiteRunnerWorker.java:52)
	at org.testng.SuiteRunnerWorker.run(SuiteRunnerWorker.java:86)
	at org.testng.TestNG.runSuitesSequentially(TestNG.java:1224)
	at org.testng.TestNG.runSuitesLocally(TestNG.java:1149)
	at org.testng.TestNG.run(TestNG.java:1057)
	at com.intellij.rt.testng.IDEARemoteTestNG.run(IDEARemoteTestNG.java:66)
	at com.intellij.rt.testng.RemoteTestNGStarter.main(RemoteTestNGStarter.java:110)
</stack-trace>
            </failure>
            <steps>
                <step start="1597216439586" stop="1597216439964" status="passed">
                    <name>checkPage</name>
                    <title>Check Page</title>
                    <attachments>
                        <attachment title="Screenshot" source="b17b6d38-65d5-4287-a72b-39bea1f83cf5-attachment.png" type="image/png"/>
                    </attachments>
                </step>
                <step start="1597216439965" stop="1597216439982" status="broken">
                    <name>checkFinishTime</name>
                    <title>Check Finish Time</title>
                </step>
            </steps>
            <attachments/>
            <labels>
                <label name="testSuite" value="All Test Suite"/>
                <label name="testGroup" value="F:/Workspace/FitCrowd/src/test/java/com/fit/loginPage/LoginPageTests.java"/>
                <label name="testClass" value="com.fit.schedulePage.SchedulePageTests"/>
                <label name="testMethod" value="checkFinishTime"/>
                <label name="host" value="DESKTOP-OH5VSFP"/>
                <label name="thread" value="5744@DESKTOP-OH5VSFP.main(1)"/>
            </labels>
        </test-case>
        <test-case start="1597216439991" stop="1597216440386" status="broken">
            <name>checkStartTime</name>
            <failure>
                <message>NoSuchElementException: no such element: Unable to locate element: {"method":"css selector","selector":"body &gt; div:nth-child(7) &gt; div &gt; div &gt; div.modal-body &gt; form &gt; div.row.form-content &gt; div.inputs-side.col-2 &gt; div &gt; div:nth-child(2) &gt; div:nth-child(3) &gt; div &gt; time:nth-child(1)"}
  (Session info: chrome=84.0.4147.125)
For documentation on this error, please visit: https://www.seleniumhq.org/exceptions/no_such_element.html
Build info: version: '3.141.59', revision: 'e82be7d358', time: '2018-11-14T08:17:03'
System info: host: 'DESKTOP-OH5VSFP', ip: '192.168.0.161', os.name: 'Windows 10', os.arch: 'amd64', os.version: '10.0', java.version: '1.8.0_261'
Driver info: org.openqa.selenium.remote.RemoteWebDriver
Capabilities {acceptInsecureCerts: false, browserName: chrome, browserVersion: 84.0.4147.125, chrome: {chromedriverVersion: 84.0.4147.30 (48b3e868b4cc0..., userDataDir: C:\Users\iurie\AppData\Loca...}, goog:chromeOptions: {debuggerAddress: localhost:62619}, javascriptEnabled: true, networkConnectionEnabled: false, pageLoadStrategy: normal, platform: WINDOWS, platformName: WINDOWS, proxy: Proxy(), setWindowRect: true, strictFileInteractability: false, timeouts: {implicit: 0, pageLoad: 300000, script: 30000}, unhandledPromptBehavior: dismiss and notify, webauthn:virtualAuthenticators: true, webdriver.remote.sessionid: 643c7cd3f881442c7baeafd52ba...}
Session ID: 643c7cd3f881442c7baeafd52bada590
*** Element info: {Using=css selector, value=body &gt; div:nth-child(7) &gt; div &gt; div &gt; div.modal-body &gt; form &gt; div.row.form-content &gt; div.inputs-side.col-2 &gt; div &gt; div:nth-child(2) &gt; div:nth-child(3) &gt; div &gt; time:nth-child(1)}</message>
                <stack-trace>org.openqa.selenium.NoSuchElementException: no such element: Unable to locate element: {"method":"css selector","selector":"body &gt; div:nth-child(7) &gt; div &gt; div &gt; div.modal-body &gt; form &gt; div.row.form-content &gt; div.inputs-side.col-2 &gt; div &gt; div:nth-child(2) &gt; div:nth-child(3) &gt; div &gt; time:nth-child(1)"}
  (Session info: chrome=84.0.4147.125)
For documentation on this error, please visit: https://www.seleniumhq.org/exceptions/no_such_element.html
Build info: version: '3.141.59', revision: 'e82be7d358', time: '2018-11-14T08:17:03'
System info: host: 'DESKTOP-OH5VSFP', ip: '192.168.0.161', os.name: 'Windows 10', os.arch: 'amd64', os.version: '10.0', java.version: '1.8.0_261'
Driver info: org.openqa.selenium.remote.RemoteWebDriver
Capabilities {acceptInsecureCerts: false, browserName: chrome, browserVersion: 84.0.4147.125, chrome: {chromedriverVersion: 84.0.4147.30 (48b3e868b4cc0..., userDataDir: C:\Users\iurie\AppData\Loca...}, goog:chromeOptions: {debuggerAddress: localhost:62619}, javascriptEnabled: true, networkConnectionEnabled: false, pageLoadStrategy: normal, platform: WINDOWS, platformName: WINDOWS, proxy: Proxy(), setWindowRect: true, strictFileInteractability: false, timeouts: {implicit: 0, pageLoad: 300000, script: 30000}, unhandledPromptBehavior: dismiss and notify, webauthn:virtualAuthenticators: true, webdriver.remote.sessionid: 643c7cd3f881442c7baeafd52ba...}
Session ID: 643c7cd3f881442c7baeafd52bada590
*** Element info: {Using=css selector, value=body &gt; div:nth-child(7) &gt; div &gt; div &gt; div.modal-body &gt; form &gt; div.row.form-content &gt; div.inputs-side.col-2 &gt; div &gt; div:nth-child(2) &gt; div:nth-child(3) &gt; div &gt; time:nth-child(1)}
	at sun.reflect.NativeConstructorAccessorImpl.newInstance0(Native Method)
	at sun.reflect.NativeConstructorAccessorImpl.newInstance(NativeConstructorAccessorImpl.java:62)
	at sun.reflect.DelegatingConstructorAccessorImpl.newInstance(DelegatingConstructorAccessorImpl.java:45)
	at java.lang.reflect.Constructor.newInstance(Constructor.java:423)
	at org.openqa.selenium.remote.http.W3CHttpResponseCodec.createException(W3CHttpResponseCodec.java:187)
	at org.openqa.selenium.remote.http.W3CHttpResponseCodec.decode(W3CHttpResponseCodec.java:122)
	at org.openqa.selenium.remote.http.W3CHttpResponseCodec.decode(W3CHttpResponseCodec.java:49)
	at org.openqa.selenium.remote.HttpCommandExecutor.execute(HttpCommandExecutor.java:158)
	at org.openqa.selenium.remote.RemoteWebDriver.execute(RemoteWebDriver.java:552)
	at org.openqa.selenium.remote.RemoteWebDriver.findElement(RemoteWebDriver.java:323)
	at org.openqa.selenium.remote.RemoteWebDriver.findElementByCssSelector(RemoteWebDriver.java:420)
	at org.openqa.selenium.By$ByCssSelector.findElement(By.java:431)
	at org.openqa.selenium.remote.RemoteWebDriver.findElement(RemoteWebDriver.java:315)
	at com.fit.schedulePage.SchedulePage.checkStartTime(SchedulePage.java:112)
	at com.fit.schedulePage.SchedulePageTests.checkStartTime(SchedulePageTests.java:64)
	at sun.reflect.NativeMethodAccessorImpl.invoke0(Native Method)
	at sun.reflect.NativeMethodAccessorImpl.invoke(NativeMethodAccessorImpl.java:62)
	at sun.reflect.DelegatingMethodAccessorImpl.invoke(DelegatingMethodAccessorImpl.java:43)
	at java.lang.reflect.Method.invoke(Method.java:498)
	at org.testng.internal.MethodInvocationHelper.invokeMethod(MethodInvocationHelper.java:85)
	at org.testng.internal.Invoker.invokeMethod(Invoker.java:696)
	at org.testng.internal.Invoker.invokeTestMethod(Invoker.java:882)
	at org.testng.internal.Invoker.invokeTestMethods(Invoker.java:1189)
	at org.testng.internal.TestMethodWorker.invokeTestMethods(TestMethodWorker.java:124)
	at org.testng.internal.TestMethodWorker.run(TestMethodWorker.java:108)
	at org.testng.TestRunner.privateRun(TestRunner.java:767)
	at org.testng.TestRunner.run(TestRunner.java:617)
	at org.testng.SuiteRunner.runTest(SuiteRunner.java:348)
	at org.testng.SuiteRunner.runSequentially(SuiteRunner.java:343)
	at org.testng.SuiteRunner.privateRun(SuiteRunner.java:305)
	at org.testng.SuiteRunner.run(SuiteRunner.java:254)
	at org.testng.SuiteRunnerWorker.runSuite(SuiteRunnerWorker.java:52)
	at org.testng.SuiteRunnerWorker.run(SuiteRunnerWorker.java:86)
	at org.testng.TestNG.runSuitesSequentially(TestNG.java:1224)
	at org.testng.TestNG.runSuitesLocally(TestNG.java:1149)
	at org.testng.TestNG.run(TestNG.java:1057)
	at com.intellij.rt.testng.IDEARemoteTestNG.run(IDEARemoteTestNG.java:66)
	at com.intellij.rt.testng.RemoteTestNGStarter.main(RemoteTestNGStarter.java:110)
</stack-trace>
            </failure>
            <steps>
                <step start="1597216439992" stop="1597216440368" status="passed">
                    <name>checkPage</name>
                    <title>Check Page</title>
                    <attachments>
                        <attachment title="Screenshot" source="cc6e2b3f-954d-4f96-bc87-dca61de753c6-attachment.png" type="image/png"/>
                    </attachments>
                </step>
                <step start="1597216440368" stop="1597216440381" status="broken">
                    <name>checkStartTime</name>
                    <title>Check Start Time</title>
                </step>
            </steps>
            <attachments/>
            <labels>
                <label name="testSuite" value="All Test Suite"/>
                <label name="testGroup" value="F:/Workspace/FitCrowd/src/test/java/com/fit/loginPage/LoginPageTests.java"/>
                <label name="testClass" value="com.fit.schedulePage.SchedulePageTests"/>
                <label name="testMethod" value="checkStartTime"/>
                <label name="host" value="DESKTOP-OH5VSFP"/>
                <label name="thread" value="5744@DESKTOP-OH5VSFP.main(1)"/>
            </labels>
        </test-case>
    </test-cases>
    <labels>
        <label name="framework" value="TestNG"/>
        <label name="language" value="JAVA"/>
    </labels>
</ns2:test-suite>
