<?xml version="1.0" encoding="UTF-8" standalone="yes"?>
<ns2:test-suite start="1597147618834" stop="1597147635391" version="1.5.4" xmlns:ns2="urn:model.allure.qatools.yandex.ru">
    <name>All Test Suite : F:/Workspace/FitCrowd/src/test/java/com/fit/loginPage/LoginPageTests.java</name>
    <title>All Test Suite : F:/Workspace/FitCrowd/src/test/java/com/fit/loginPage/LoginPageTests.java</title>
    <test-cases>
        <test-case start="1597147625071" stop="1597147627124" status="passed">
            <name>validCredentials</name>
            <steps>
                <step start="1597147625105" stop="1597147625634" status="passed">
                    <name>checkPage</name>
                    <title>Check page</title>
                    <attachments>
                        <attachment title="Screenshot" source="d4b61642-8c0d-4969-ba9d-e366eb6f2477-attachment.png" type="image/png"/>
                    </attachments>
                    <steps/>
                </step>
                <step start="1597147625635" stop="1597147626168" status="passed">
                    <name>setEmail[iuriet.denis@gmail.com]</name>
                    <title>Set Email</title>
                    <attachments>
                        <attachment title="Screenshot" source="002fc886-3f1f-4199-8473-8269db59091d-attachment.png" type="image/png"/>
                    </attachments>
                    <steps/>
                </step>
                <step start="1597147626169" stop="1597147626628" status="passed">
                    <name>setPassword[abcd1234]</name>
                    <title>Set Password</title>
                    <attachments>
                        <attachment title="Screenshot" source="1ec2eac5-9f0a-49fe-ad39-00ead7a1a513-attachment.png" type="image/png"/>
                    </attachments>
                    <steps/>
                </step>
                <step start="1597147626629" stop="1597147627117" status="passed">
                    <name>successfulLogin</name>
                    <title>Check successful login</title>
                    <attachments>
                        <attachment title="Screenshot" source="b1cb981b-0c87-467f-98ef-c269e635eefc-attachment.png" type="image/png"/>
                    </attachments>
                    <steps/>
                </step>
            </steps>
            <attachments/>
            <labels>
                <label name="testSuite" value="All Test Suite"/>
                <label name="testGroup" value="F:/Workspace/FitCrowd/src/test/java/com/fit/loginPage/LoginPageTests.java"/>
                <label name="testClass" value="com.fit.loginPage.LoginPageTests"/>
                <label name="testMethod" value="validCredentials"/>
                <label name="host" value="DESKTOP-OH5VSFP"/>
                <label name="thread" value="11924@DESKTOP-OH5VSFP.main(1)"/>
            </labels>
        </test-case>
        <test-case start="1597147627463" stop="1597147628693" status="passed">
            <name>checkForgotPassword</name>
            <steps>
                <step start="1597147627464" stop="1597147628154" status="passed">
                    <name>checkPage</name>
                    <title>Check page</title>
                    <attachments>
                        <attachment title="Screenshot" source="aa46bc9e-6de7-4d8d-9958-fc0e3ddec494-attachment.png" type="image/png"/>
                    </attachments>
                    <steps/>
                </step>
                <step start="1597147628155" stop="1597147628693" status="passed">
                    <name>forgotPassword</name>
                    <title>Check forgot password</title>
                    <attachments>
                        <attachment title="Screenshot" source="4a38f360-906b-4d97-96c1-276f38d85339-attachment.png" type="image/png"/>
                    </attachments>
                    <steps/>
                </step>
            </steps>
            <attachments/>
            <labels>
                <label name="testSuite" value="All Test Suite"/>
                <label name="testGroup" value="F:/Workspace/FitCrowd/src/test/java/com/fit/loginPage/LoginPageTests.java"/>
                <label name="testClass" value="com.fit.loginPage.LoginPageTests"/>
                <label name="testMethod" value="checkForgotPassword"/>
                <label name="host" value="DESKTOP-OH5VSFP"/>
                <label name="thread" value="11924@DESKTOP-OH5VSFP.main(1)"/>
            </labels>
        </test-case>
        <test-case start="1597147629193" stop="1597147631057" status="passed">
            <name>invalidCredentials</name>
            <steps>
                <step start="1597147629195" stop="1597147629603" status="passed">
                    <name>checkPage</name>
                    <title>Check page</title>
                    <attachments>
                        <attachment title="Screenshot" source="ebf7ac5b-e055-4a0f-a03d-83dd0787dbcd-attachment.png" type="image/png"/>
                    </attachments>
                    <steps/>
                </step>
                <step start="1597147629604" stop="1597147630060" status="passed">
                    <name>setEmail[abc@gmail.com]</name>
                    <title>Set Email</title>
                    <attachments>
                        <attachment title="Screenshot" source="0e37d48d-6242-4816-8027-46eb0ab1a390-attachment.png" type="image/png"/>
                    </attachments>
                    <steps/>
                </step>
                <step start="1597147630060" stop="1597147630506" status="passed">
                    <name>setPassword[abcd1234]</name>
                    <title>Set Password</title>
                    <attachments>
                        <attachment title="Screenshot" source="02858c0f-cd1c-43c8-8233-e7f2382d0e64-attachment.png" type="image/png"/>
                    </attachments>
                    <steps/>
                </step>
                <step start="1597147630507" stop="1597147630956" status="passed">
                    <name>failedLogin</name>
                    <title>Check failed login</title>
                    <attachments>
                        <attachment title="Screenshot" source="43c7aceb-40d8-4e92-b727-2e643be9ff90-attachment.png" type="image/png"/>
                    </attachments>
                    <steps/>
                </step>
                <step start="1597147631028" stop="1597147631053" status="passed">
                    <name>getLoginErrorMessage</name>
                    <title>Get login error message</title>
                    <attachments/>
                    <steps/>
                </step>
            </steps>
            <attachments/>
            <labels>
                <label name="testSuite" value="All Test Suite"/>
                <label name="testGroup" value="F:/Workspace/FitCrowd/src/test/java/com/fit/loginPage/LoginPageTests.java"/>
                <label name="testClass" value="com.fit.loginPage.LoginPageTests"/>
                <label name="testMethod" value="invalidCredentials"/>
                <label name="host" value="DESKTOP-OH5VSFP"/>
                <label name="thread" value="11924@DESKTOP-OH5VSFP.main(1)"/>
            </labels>
        </test-case>
        <test-case start="1597147631470" stop="1597147632539" status="passed">
            <name>invalidEmail</name>
            <steps>
                <step start="1597147631473" stop="1597147631999" status="passed">
                    <name>checkPage</name>
                    <title>Check page</title>
                    <attachments>
                        <attachment title="Screenshot" source="375d89dc-4ace-4c4e-8079-11005b7cc40c-attachment.png" type="image/png"/>
                    </attachments>
                    <steps/>
                </step>
                <step start="1597147632000" stop="1597147632450" status="passed">
                    <name>setEmail[abc]</name>
                    <title>Set Email</title>
                    <attachments>
                        <attachment title="Screenshot" source="661bdb48-2f03-4979-8884-4b62e45781aa-attachment.png" type="image/png"/>
                    </attachments>
                    <steps/>
                </step>
                <step start="1597147632487" stop="1597147632539" status="passed">
                    <name>getCredentialsErrorMessage</name>
                    <title>Get credentials error message</title>
                    <attachments/>
                    <steps/>
                </step>
            </steps>
            <attachments/>
            <labels>
                <label name="testSuite" value="All Test Suite"/>
                <label name="testGroup" value="F:/Workspace/FitCrowd/src/test/java/com/fit/loginPage/LoginPageTests.java"/>
                <label name="testClass" value="com.fit.loginPage.LoginPageTests"/>
                <label name="testMethod" value="invalidEmail"/>
                <label name="host" value="DESKTOP-OH5VSFP"/>
                <label name="thread" value="11924@DESKTOP-OH5VSFP.main(1)"/>
            </labels>
        </test-case>
        <test-case start="1597147633032" stop="1597147633944" status="passed">
            <name>invalidPassword</name>
            <steps>
                <step start="1597147633036" stop="1597147633440" status="passed">
                    <name>checkPage</name>
                    <title>Check page</title>
                    <attachments>
                        <attachment title="Screenshot" source="8c22ff19-64ed-4dc5-a81e-13b999c17488-attachment.png" type="image/png"/>
                    </attachments>
                    <steps/>
                </step>
                <step start="1597147633440" stop="1597147633875" status="passed">
                    <name>setPassword[123]</name>
                    <title>Set Password</title>
                    <attachments>
                        <attachment title="Screenshot" source="af266e07-06df-48d6-be72-8328ecef3a3f-attachment.png" type="image/png"/>
                    </attachments>
                    <steps/>
                </step>
                <step start="1597147633903" stop="1597147633944" status="passed">
                    <name>getCredentialsErrorMessage</name>
                    <title>Get credentials error message</title>
                    <attachments/>
                    <steps/>
                </step>
            </steps>
            <attachments/>
            <labels>
                <label name="testSuite" value="All Test Suite"/>
                <label name="testGroup" value="F:/Workspace/FitCrowd/src/test/java/com/fit/loginPage/LoginPageTests.java"/>
                <label name="testClass" value="com.fit.loginPage.LoginPageTests"/>
                <label name="testMethod" value="invalidPassword"/>
                <label name="host" value="DESKTOP-OH5VSFP"/>
                <label name="thread" value="11924@DESKTOP-OH5VSFP.main(1)"/>
            </labels>
        </test-case>
        <test-case start="1597147634444" stop="1597147635337" status="passed">
            <name>missingCredentials</name>
            <steps>
                <step start="1597147634448" stop="1597147634832" status="passed">
                    <name>checkPage</name>
                    <title>Check page</title>
                    <attachments>
                        <attachment title="Screenshot" source="6aacfcfe-df48-42e6-b6f1-4e320a152c97-attachment.png" type="image/png"/>
                    </attachments>
                    <steps/>
                </step>
                <step start="1597147634832" stop="1597147635273" status="passed">
                    <name>failedLogin</name>
                    <title>Check failed login</title>
                    <attachments>
                        <attachment title="Screenshot" source="8fe3acaa-815a-4079-8643-55489a61b4a5-attachment.png" type="image/png"/>
                    </attachments>
                    <steps/>
                </step>
                <step start="1597147635301" stop="1597147635337" status="passed">
                    <name>getCredentialsErrorMessage</name>
                    <title>Get credentials error message</title>
                    <attachments/>
                    <steps/>
                </step>
            </steps>
            <attachments/>
            <labels>
                <label name="testSuite" value="All Test Suite"/>
                <label name="testGroup" value="F:/Workspace/FitCrowd/src/test/java/com/fit/loginPage/LoginPageTests.java"/>
                <label name="testClass" value="com.fit.loginPage.LoginPageTests"/>
                <label name="testMethod" value="missingCredentials"/>
                <label name="host" value="DESKTOP-OH5VSFP"/>
                <label name="thread" value="11924@DESKTOP-OH5VSFP.main(1)"/>
            </labels>
        </test-case>
        <test-case start="1597147635342" stop="1597147635347" status="broken">
            <name>driverSetup</name>
            <description>@BeforeClass</description>
            <failure>
                <message>NullPointerException: null</message>
                <stack-trace>java.lang.NullPointerException
	at org.testng.internal.Invoker.invokeConfigurations(Invoker.java:180)
	at org.testng.internal.Invoker.invokeConfigurations(Invoker.java:140)
	at org.testng.internal.TestMethodWorker.invokeBeforeClassMethods(TestMethodWorker.java:170)
	at org.testng.internal.TestMethodWorker.run(TestMethodWorker.java:104)
	at org.testng.TestRunner.privateRun(TestRunner.java:767)
	at org.testng.TestRunner.run(TestRunner.java:617)
	at org.testng.SuiteRunner.runTest(SuiteRunner.java:348)
	at org.testng.SuiteRunner.runSequentially(SuiteRunner.java:343)
	at org.testng.SuiteRunner.privateRun(SuiteRunner.java:305)
	at org.testng.SuiteRunner.run(SuiteRunner.java:254)
	at org.testng.SuiteRunnerWorker.runSuite(SuiteRunnerWorker.java:52)
	at org.testng.SuiteRunnerWorker.run(SuiteRunnerWorker.java:86)
	at org.testng.TestNG.runSuitesSequentially(TestNG.java:1224)
	at org.testng.TestNG.runSuitesLocally(TestNG.java:1149)
	at org.testng.TestNG.run(TestNG.java:1057)
	at com.intellij.rt.testng.IDEARemoteTestNG.run(IDEARemoteTestNG.java:66)
	at com.intellij.rt.testng.RemoteTestNGStarter.main(RemoteTestNGStarter.java:110)
</stack-trace>
            </failure>
            <steps/>
            <attachments/>
            <labels>
                <label name="host" value="DESKTOP-OH5VSFP"/>
                <label name="thread" value="11924@DESKTOP-OH5VSFP.main(1)"/>
            </labels>
        </test-case>
        <test-case start="1597147635356" stop="1597147635356" status="broken">
            <name>setDriver</name>
            <description>@BeforeClass</description>
            <failure>
                <message>NullPointerException: null</message>
                <stack-trace>java.lang.NullPointerException
	at org.testng.internal.Invoker.invokeConfigurations(Invoker.java:180)
	at org.testng.internal.Invoker.invokeConfigurations(Invoker.java:140)
	at org.testng.internal.TestMethodWorker.invokeBeforeClassMethods(TestMethodWorker.java:170)
	at org.testng.internal.TestMethodWorker.run(TestMethodWorker.java:104)
	at org.testng.TestRunner.privateRun(TestRunner.java:767)
	at org.testng.TestRunner.run(TestRunner.java:617)
	at org.testng.SuiteRunner.runTest(SuiteRunner.java:348)
	at org.testng.SuiteRunner.runSequentially(SuiteRunner.java:343)
	at org.testng.SuiteRunner.privateRun(SuiteRunner.java:305)
	at org.testng.SuiteRunner.run(SuiteRunner.java:254)
	at org.testng.SuiteRunnerWorker.runSuite(SuiteRunnerWorker.java:52)
	at org.testng.SuiteRunnerWorker.run(SuiteRunnerWorker.java:86)
	at org.testng.TestNG.runSuitesSequentially(TestNG.java:1224)
	at org.testng.TestNG.runSuitesLocally(TestNG.java:1149)
	at org.testng.TestNG.run(TestNG.java:1057)
	at com.intellij.rt.testng.IDEARemoteTestNG.run(IDEARemoteTestNG.java:66)
	at com.intellij.rt.testng.RemoteTestNGStarter.main(RemoteTestNGStarter.java:110)
</stack-trace>
            </failure>
            <steps/>
            <attachments/>
            <labels>
                <label name="host" value="DESKTOP-OH5VSFP"/>
                <label name="thread" value="11924@DESKTOP-OH5VSFP.main(1)"/>
            </labels>
        </test-case>
        <test-case start="1597147635357" stop="1597147635359" status="broken">
            <name>addAccreditation</name>
            <failure>
                <message>TestNGException: 
Can't invoke public void com.fit.trainerProfilePage.TrainerProfileTests.addAccreditation(): either make it static or add a no-args constructor to your class</message>
                <stack-trace>org.testng.TestNGException: 
Can't invoke public void com.fit.trainerProfilePage.TrainerProfileTests.addAccreditation(): either make it static or add a no-args constructor to your class
	at org.testng.internal.Utils.checkInstanceOrStatic(Utils.java:795)
	at org.testng.internal.MethodInvocationHelper.invokeMethod(MethodInvocationHelper.java:41)
	at org.testng.internal.Invoker.invokeMethod(Invoker.java:696)
	at org.testng.internal.Invoker.invokeTestMethod(Invoker.java:882)
	at org.testng.internal.Invoker.invokeTestMethods(Invoker.java:1189)
	at org.testng.internal.TestMethodWorker.invokeTestMethods(TestMethodWorker.java:124)
	at org.testng.internal.TestMethodWorker.run(TestMethodWorker.java:108)
	at org.testng.TestRunner.privateRun(TestRunner.java:767)
	at org.testng.TestRunner.run(TestRunner.java:617)
	at org.testng.SuiteRunner.runTest(SuiteRunner.java:348)
	at org.testng.SuiteRunner.runSequentially(SuiteRunner.java:343)
	at org.testng.SuiteRunner.privateRun(SuiteRunner.java:305)
	at org.testng.SuiteRunner.run(SuiteRunner.java:254)
	at org.testng.SuiteRunnerWorker.runSuite(SuiteRunnerWorker.java:52)
	at org.testng.SuiteRunnerWorker.run(SuiteRunnerWorker.java:86)
	at org.testng.TestNG.runSuitesSequentially(TestNG.java:1224)
	at org.testng.TestNG.runSuitesLocally(TestNG.java:1149)
	at org.testng.TestNG.run(TestNG.java:1057)
	at com.intellij.rt.testng.IDEARemoteTestNG.run(IDEARemoteTestNG.java:66)
	at com.intellij.rt.testng.RemoteTestNGStarter.main(RemoteTestNGStarter.java:110)
</stack-trace>
            </failure>
            <steps/>
            <attachments/>
            <labels>
                <label name="testSuite" value="All Test Suite"/>
                <label name="testGroup" value="F:/Workspace/FitCrowd/src/test/java/com/fit/loginPage/LoginPageTests.java"/>
                <label name="testClass" value="com.fit.trainerProfilePage.TrainerProfileTests"/>
                <label name="testMethod" value="addAccreditation"/>
                <label name="host" value="DESKTOP-OH5VSFP"/>
                <label name="thread" value="11924@DESKTOP-OH5VSFP.main(1)"/>
            </labels>
        </test-case>
        <test-case start="1597147635360" stop="1597147635362" status="broken">
            <name>updateCity</name>
            <failure>
                <message>TestNGException: 
Can't invoke public void com.fit.trainerProfilePage.TrainerProfileTests.updateCity(): either make it static or add a no-args constructor to your class</message>
                <stack-trace>org.testng.TestNGException: 
Can't invoke public void com.fit.trainerProfilePage.TrainerProfileTests.updateCity(): either make it static or add a no-args constructor to your class
	at org.testng.internal.Utils.checkInstanceOrStatic(Utils.java:795)
	at org.testng.internal.MethodInvocationHelper.invokeMethod(MethodInvocationHelper.java:41)
	at org.testng.internal.Invoker.invokeMethod(Invoker.java:696)
	at org.testng.internal.Invoker.invokeTestMethod(Invoker.java:882)
	at org.testng.internal.Invoker.invokeTestMethods(Invoker.java:1189)
	at org.testng.internal.TestMethodWorker.invokeTestMethods(TestMethodWorker.java:124)
	at org.testng.internal.TestMethodWorker.run(TestMethodWorker.java:108)
	at org.testng.TestRunner.privateRun(TestRunner.java:767)
	at org.testng.TestRunner.run(TestRunner.java:617)
	at org.testng.SuiteRunner.runTest(SuiteRunner.java:348)
	at org.testng.SuiteRunner.runSequentially(SuiteRunner.java:343)
	at org.testng.SuiteRunner.privateRun(SuiteRunner.java:305)
	at org.testng.SuiteRunner.run(SuiteRunner.java:254)
	at org.testng.SuiteRunnerWorker.runSuite(SuiteRunnerWorker.java:52)
	at org.testng.SuiteRunnerWorker.run(SuiteRunnerWorker.java:86)
	at org.testng.TestNG.runSuitesSequentially(TestNG.java:1224)
	at org.testng.TestNG.runSuitesLocally(TestNG.java:1149)
	at org.testng.TestNG.run(TestNG.java:1057)
	at com.intellij.rt.testng.IDEARemoteTestNG.run(IDEARemoteTestNG.java:66)
	at com.intellij.rt.testng.RemoteTestNGStarter.main(RemoteTestNGStarter.java:110)
</stack-trace>
            </failure>
            <steps/>
            <attachments/>
            <labels>
                <label name="testSuite" value="All Test Suite"/>
                <label name="testGroup" value="F:/Workspace/FitCrowd/src/test/java/com/fit/loginPage/LoginPageTests.java"/>
                <label name="testClass" value="com.fit.trainerProfilePage.TrainerProfileTests"/>
                <label name="testMethod" value="updateCity"/>
                <label name="host" value="DESKTOP-OH5VSFP"/>
                <label name="thread" value="11924@DESKTOP-OH5VSFP.main(1)"/>
            </labels>
        </test-case>
        <test-case start="1597147635363" stop="1597147635365" status="broken">
            <name>updateCountry</name>
            <failure>
                <message>TestNGException: 
Can't invoke public void com.fit.trainerProfilePage.TrainerProfileTests.updateCountry(): either make it static or add a no-args constructor to your class</message>
                <stack-trace>org.testng.TestNGException: 
Can't invoke public void com.fit.trainerProfilePage.TrainerProfileTests.updateCountry(): either make it static or add a no-args constructor to your class
	at org.testng.internal.Utils.checkInstanceOrStatic(Utils.java:795)
	at org.testng.internal.MethodInvocationHelper.invokeMethod(MethodInvocationHelper.java:41)
	at org.testng.internal.Invoker.invokeMethod(Invoker.java:696)
	at org.testng.internal.Invoker.invokeTestMethod(Invoker.java:882)
	at org.testng.internal.Invoker.invokeTestMethods(Invoker.java:1189)
	at org.testng.internal.TestMethodWorker.invokeTestMethods(TestMethodWorker.java:124)
	at org.testng.internal.TestMethodWorker.run(TestMethodWorker.java:108)
	at org.testng.TestRunner.privateRun(TestRunner.java:767)
	at org.testng.TestRunner.run(TestRunner.java:617)
	at org.testng.SuiteRunner.runTest(SuiteRunner.java:348)
	at org.testng.SuiteRunner.runSequentially(SuiteRunner.java:343)
	at org.testng.SuiteRunner.privateRun(SuiteRunner.java:305)
	at org.testng.SuiteRunner.run(SuiteRunner.java:254)
	at org.testng.SuiteRunnerWorker.runSuite(SuiteRunnerWorker.java:52)
	at org.testng.SuiteRunnerWorker.run(SuiteRunnerWorker.java:86)
	at org.testng.TestNG.runSuitesSequentially(TestNG.java:1224)
	at org.testng.TestNG.runSuitesLocally(TestNG.java:1149)
	at org.testng.TestNG.run(TestNG.java:1057)
	at com.intellij.rt.testng.IDEARemoteTestNG.run(IDEARemoteTestNG.java:66)
	at com.intellij.rt.testng.RemoteTestNGStarter.main(RemoteTestNGStarter.java:110)
</stack-trace>
            </failure>
            <steps/>
            <attachments/>
            <labels>
                <label name="testSuite" value="All Test Suite"/>
                <label name="testGroup" value="F:/Workspace/FitCrowd/src/test/java/com/fit/loginPage/LoginPageTests.java"/>
                <label name="testClass" value="com.fit.trainerProfilePage.TrainerProfileTests"/>
                <label name="testMethod" value="updateCountry"/>
                <label name="host" value="DESKTOP-OH5VSFP"/>
                <label name="thread" value="11924@DESKTOP-OH5VSFP.main(1)"/>
            </labels>
        </test-case>
        <test-case start="1597147635367" stop="1597147635368" status="broken">
            <name>updateCounty</name>
            <failure>
                <message>TestNGException: 
Can't invoke public void com.fit.trainerProfilePage.TrainerProfileTests.updateCounty(): either make it static or add a no-args constructor to your class</message>
                <stack-trace>org.testng.TestNGException: 
Can't invoke public void com.fit.trainerProfilePage.TrainerProfileTests.updateCounty(): either make it static or add a no-args constructor to your class
	at org.testng.internal.Utils.checkInstanceOrStatic(Utils.java:795)
	at org.testng.internal.MethodInvocationHelper.invokeMethod(MethodInvocationHelper.java:41)
	at org.testng.internal.Invoker.invokeMethod(Invoker.java:696)
	at org.testng.internal.Invoker.invokeTestMethod(Invoker.java:882)
	at org.testng.internal.Invoker.invokeTestMethods(Invoker.java:1189)
	at org.testng.internal.TestMethodWorker.invokeTestMethods(TestMethodWorker.java:124)
	at org.testng.internal.TestMethodWorker.run(TestMethodWorker.java:108)
	at org.testng.TestRunner.privateRun(TestRunner.java:767)
	at org.testng.TestRunner.run(TestRunner.java:617)
	at org.testng.SuiteRunner.runTest(SuiteRunner.java:348)
	at org.testng.SuiteRunner.runSequentially(SuiteRunner.java:343)
	at org.testng.SuiteRunner.privateRun(SuiteRunner.java:305)
	at org.testng.SuiteRunner.run(SuiteRunner.java:254)
	at org.testng.SuiteRunnerWorker.runSuite(SuiteRunnerWorker.java:52)
	at org.testng.SuiteRunnerWorker.run(SuiteRunnerWorker.java:86)
	at org.testng.TestNG.runSuitesSequentially(TestNG.java:1224)
	at org.testng.TestNG.runSuitesLocally(TestNG.java:1149)
	at org.testng.TestNG.run(TestNG.java:1057)
	at com.intellij.rt.testng.IDEARemoteTestNG.run(IDEARemoteTestNG.java:66)
	at com.intellij.rt.testng.RemoteTestNGStarter.main(RemoteTestNGStarter.java:110)
</stack-trace>
            </failure>
            <steps/>
            <attachments/>
            <labels>
                <label name="testSuite" value="All Test Suite"/>
                <label name="testGroup" value="F:/Workspace/FitCrowd/src/test/java/com/fit/loginPage/LoginPageTests.java"/>
                <label name="testClass" value="com.fit.trainerProfilePage.TrainerProfileTests"/>
                <label name="testMethod" value="updateCounty"/>
                <label name="host" value="DESKTOP-OH5VSFP"/>
                <label name="thread" value="11924@DESKTOP-OH5VSFP.main(1)"/>
            </labels>
        </test-case>
        <test-case start="1597147635369" stop="1597147635371" status="broken">
            <name>updateDescription</name>
            <failure>
                <message>TestNGException: 
Can't invoke public void com.fit.trainerProfilePage.TrainerProfileTests.updateDescription(): either make it static or add a no-args constructor to your class</message>
                <stack-trace>org.testng.TestNGException: 
Can't invoke public void com.fit.trainerProfilePage.TrainerProfileTests.updateDescription(): either make it static or add a no-args constructor to your class
	at org.testng.internal.Utils.checkInstanceOrStatic(Utils.java:795)
	at org.testng.internal.MethodInvocationHelper.invokeMethod(MethodInvocationHelper.java:41)
	at org.testng.internal.Invoker.invokeMethod(Invoker.java:696)
	at org.testng.internal.Invoker.invokeTestMethod(Invoker.java:882)
	at org.testng.internal.Invoker.invokeTestMethods(Invoker.java:1189)
	at org.testng.internal.TestMethodWorker.invokeTestMethods(TestMethodWorker.java:124)
	at org.testng.internal.TestMethodWorker.run(TestMethodWorker.java:108)
	at org.testng.TestRunner.privateRun(TestRunner.java:767)
	at org.testng.TestRunner.run(TestRunner.java:617)
	at org.testng.SuiteRunner.runTest(SuiteRunner.java:348)
	at org.testng.SuiteRunner.runSequentially(SuiteRunner.java:343)
	at org.testng.SuiteRunner.privateRun(SuiteRunner.java:305)
	at org.testng.SuiteRunner.run(SuiteRunner.java:254)
	at org.testng.SuiteRunnerWorker.runSuite(SuiteRunnerWorker.java:52)
	at org.testng.SuiteRunnerWorker.run(SuiteRunnerWorker.java:86)
	at org.testng.TestNG.runSuitesSequentially(TestNG.java:1224)
	at org.testng.TestNG.runSuitesLocally(TestNG.java:1149)
	at org.testng.TestNG.run(TestNG.java:1057)
	at com.intellij.rt.testng.IDEARemoteTestNG.run(IDEARemoteTestNG.java:66)
	at com.intellij.rt.testng.RemoteTestNGStarter.main(RemoteTestNGStarter.java:110)
</stack-trace>
            </failure>
            <steps/>
            <attachments/>
            <labels>
                <label name="testSuite" value="All Test Suite"/>
                <label name="testGroup" value="F:/Workspace/FitCrowd/src/test/java/com/fit/loginPage/LoginPageTests.java"/>
                <label name="testClass" value="com.fit.trainerProfilePage.TrainerProfileTests"/>
                <label name="testMethod" value="updateDescription"/>
                <label name="host" value="DESKTOP-OH5VSFP"/>
                <label name="thread" value="11924@DESKTOP-OH5VSFP.main(1)"/>
            </labels>
        </test-case>
        <test-case start="1597147635372" stop="1597147635374" status="broken">
            <name>updateFirstName</name>
            <failure>
                <message>TestNGException: 
Can't invoke public void com.fit.trainerProfilePage.TrainerProfileTests.updateFirstName(): either make it static or add a no-args constructor to your class</message>
                <stack-trace>org.testng.TestNGException: 
Can't invoke public void com.fit.trainerProfilePage.TrainerProfileTests.updateFirstName(): either make it static or add a no-args constructor to your class
	at org.testng.internal.Utils.checkInstanceOrStatic(Utils.java:795)
	at org.testng.internal.MethodInvocationHelper.invokeMethod(MethodInvocationHelper.java:41)
	at org.testng.internal.Invoker.invokeMethod(Invoker.java:696)
	at org.testng.internal.Invoker.invokeTestMethod(Invoker.java:882)
	at org.testng.internal.Invoker.invokeTestMethods(Invoker.java:1189)
	at org.testng.internal.TestMethodWorker.invokeTestMethods(TestMethodWorker.java:124)
	at org.testng.internal.TestMethodWorker.run(TestMethodWorker.java:108)
	at org.testng.TestRunner.privateRun(TestRunner.java:767)
	at org.testng.TestRunner.run(TestRunner.java:617)
	at org.testng.SuiteRunner.runTest(SuiteRunner.java:348)
	at org.testng.SuiteRunner.runSequentially(SuiteRunner.java:343)
	at org.testng.SuiteRunner.privateRun(SuiteRunner.java:305)
	at org.testng.SuiteRunner.run(SuiteRunner.java:254)
	at org.testng.SuiteRunnerWorker.runSuite(SuiteRunnerWorker.java:52)
	at org.testng.SuiteRunnerWorker.run(SuiteRunnerWorker.java:86)
	at org.testng.TestNG.runSuitesSequentially(TestNG.java:1224)
	at org.testng.TestNG.runSuitesLocally(TestNG.java:1149)
	at org.testng.TestNG.run(TestNG.java:1057)
	at com.intellij.rt.testng.IDEARemoteTestNG.run(IDEARemoteTestNG.java:66)
	at com.intellij.rt.testng.RemoteTestNGStarter.main(RemoteTestNGStarter.java:110)
</stack-trace>
            </failure>
            <steps/>
            <attachments/>
            <labels>
                <label name="testSuite" value="All Test Suite"/>
                <label name="testGroup" value="F:/Workspace/FitCrowd/src/test/java/com/fit/loginPage/LoginPageTests.java"/>
                <label name="testClass" value="com.fit.trainerProfilePage.TrainerProfileTests"/>
                <label name="testMethod" value="updateFirstName"/>
                <label name="host" value="DESKTOP-OH5VSFP"/>
                <label name="thread" value="11924@DESKTOP-OH5VSFP.main(1)"/>
            </labels>
        </test-case>
        <test-case start="1597147635376" stop="1597147635377" status="broken">
            <name>updateLastName</name>
            <failure>
                <message>TestNGException: 
Can't invoke public void com.fit.trainerProfilePage.TrainerProfileTests.updateLastName(): either make it static or add a no-args constructor to your class</message>
                <stack-trace>org.testng.TestNGException: 
Can't invoke public void com.fit.trainerProfilePage.TrainerProfileTests.updateLastName(): either make it static or add a no-args constructor to your class
	at org.testng.internal.Utils.checkInstanceOrStatic(Utils.java:795)
	at org.testng.internal.MethodInvocationHelper.invokeMethod(MethodInvocationHelper.java:41)
	at org.testng.internal.Invoker.invokeMethod(Invoker.java:696)
	at org.testng.internal.Invoker.invokeTestMethod(Invoker.java:882)
	at org.testng.internal.Invoker.invokeTestMethods(Invoker.java:1189)
	at org.testng.internal.TestMethodWorker.invokeTestMethods(TestMethodWorker.java:124)
	at org.testng.internal.TestMethodWorker.run(TestMethodWorker.java:108)
	at org.testng.TestRunner.privateRun(TestRunner.java:767)
	at org.testng.TestRunner.run(TestRunner.java:617)
	at org.testng.SuiteRunner.runTest(SuiteRunner.java:348)
	at org.testng.SuiteRunner.runSequentially(SuiteRunner.java:343)
	at org.testng.SuiteRunner.privateRun(SuiteRunner.java:305)
	at org.testng.SuiteRunner.run(SuiteRunner.java:254)
	at org.testng.SuiteRunnerWorker.runSuite(SuiteRunnerWorker.java:52)
	at org.testng.SuiteRunnerWorker.run(SuiteRunnerWorker.java:86)
	at org.testng.TestNG.runSuitesSequentially(TestNG.java:1224)
	at org.testng.TestNG.runSuitesLocally(TestNG.java:1149)
	at org.testng.TestNG.run(TestNG.java:1057)
	at com.intellij.rt.testng.IDEARemoteTestNG.run(IDEARemoteTestNG.java:66)
	at com.intellij.rt.testng.RemoteTestNGStarter.main(RemoteTestNGStarter.java:110)
</stack-trace>
            </failure>
            <steps/>
            <attachments/>
            <labels>
                <label name="testSuite" value="All Test Suite"/>
                <label name="testGroup" value="F:/Workspace/FitCrowd/src/test/java/com/fit/loginPage/LoginPageTests.java"/>
                <label name="testClass" value="com.fit.trainerProfilePage.TrainerProfileTests"/>
                <label name="testMethod" value="updateLastName"/>
                <label name="host" value="DESKTOP-OH5VSFP"/>
                <label name="thread" value="11924@DESKTOP-OH5VSFP.main(1)"/>
            </labels>
        </test-case>
        <test-case start="1597147635379" stop="1597147635380" status="broken">
            <name>updatePhoneNo</name>
            <failure>
                <message>TestNGException: 
Can't invoke public void com.fit.trainerProfilePage.TrainerProfileTests.updatePhoneNo(): either make it static or add a no-args constructor to your class</message>
                <stack-trace>org.testng.TestNGException: 
Can't invoke public void com.fit.trainerProfilePage.TrainerProfileTests.updatePhoneNo(): either make it static or add a no-args constructor to your class
	at org.testng.internal.Utils.checkInstanceOrStatic(Utils.java:795)
	at org.testng.internal.MethodInvocationHelper.invokeMethod(MethodInvocationHelper.java:41)
	at org.testng.internal.Invoker.invokeMethod(Invoker.java:696)
	at org.testng.internal.Invoker.invokeTestMethod(Invoker.java:882)
	at org.testng.internal.Invoker.invokeTestMethods(Invoker.java:1189)
	at org.testng.internal.TestMethodWorker.invokeTestMethods(TestMethodWorker.java:124)
	at org.testng.internal.TestMethodWorker.run(TestMethodWorker.java:108)
	at org.testng.TestRunner.privateRun(TestRunner.java:767)
	at org.testng.TestRunner.run(TestRunner.java:617)
	at org.testng.SuiteRunner.runTest(SuiteRunner.java:348)
	at org.testng.SuiteRunner.runSequentially(SuiteRunner.java:343)
	at org.testng.SuiteRunner.privateRun(SuiteRunner.java:305)
	at org.testng.SuiteRunner.run(SuiteRunner.java:254)
	at org.testng.SuiteRunnerWorker.runSuite(SuiteRunnerWorker.java:52)
	at org.testng.SuiteRunnerWorker.run(SuiteRunnerWorker.java:86)
	at org.testng.TestNG.runSuitesSequentially(TestNG.java:1224)
	at org.testng.TestNG.runSuitesLocally(TestNG.java:1149)
	at org.testng.TestNG.run(TestNG.java:1057)
	at com.intellij.rt.testng.IDEARemoteTestNG.run(IDEARemoteTestNG.java:66)
	at com.intellij.rt.testng.RemoteTestNGStarter.main(RemoteTestNGStarter.java:110)
</stack-trace>
            </failure>
            <steps/>
            <attachments/>
            <labels>
                <label name="testSuite" value="All Test Suite"/>
                <label name="testGroup" value="F:/Workspace/FitCrowd/src/test/java/com/fit/loginPage/LoginPageTests.java"/>
                <label name="testClass" value="com.fit.trainerProfilePage.TrainerProfileTests"/>
                <label name="testMethod" value="updatePhoneNo"/>
                <label name="host" value="DESKTOP-OH5VSFP"/>
                <label name="thread" value="11924@DESKTOP-OH5VSFP.main(1)"/>
            </labels>
        </test-case>
        <test-case start="1597147635381" stop="1597147635383" status="broken">
            <name>updateStreetName</name>
            <failure>
                <message>TestNGException: 
Can't invoke public void com.fit.trainerProfilePage.TrainerProfileTests.updateStreetName(): either make it static or add a no-args constructor to your class</message>
                <stack-trace>org.testng.TestNGException: 
Can't invoke public void com.fit.trainerProfilePage.TrainerProfileTests.updateStreetName(): either make it static or add a no-args constructor to your class
	at org.testng.internal.Utils.checkInstanceOrStatic(Utils.java:795)
	at org.testng.internal.MethodInvocationHelper.invokeMethod(MethodInvocationHelper.java:41)
	at org.testng.internal.Invoker.invokeMethod(Invoker.java:696)
	at org.testng.internal.Invoker.invokeTestMethod(Invoker.java:882)
	at org.testng.internal.Invoker.invokeTestMethods(Invoker.java:1189)
	at org.testng.internal.TestMethodWorker.invokeTestMethods(TestMethodWorker.java:124)
	at org.testng.internal.TestMethodWorker.run(TestMethodWorker.java:108)
	at org.testng.TestRunner.privateRun(TestRunner.java:767)
	at org.testng.TestRunner.run(TestRunner.java:617)
	at org.testng.SuiteRunner.runTest(SuiteRunner.java:348)
	at org.testng.SuiteRunner.runSequentially(SuiteRunner.java:343)
	at org.testng.SuiteRunner.privateRun(SuiteRunner.java:305)
	at org.testng.SuiteRunner.run(SuiteRunner.java:254)
	at org.testng.SuiteRunnerWorker.runSuite(SuiteRunnerWorker.java:52)
	at org.testng.SuiteRunnerWorker.run(SuiteRunnerWorker.java:86)
	at org.testng.TestNG.runSuitesSequentially(TestNG.java:1224)
	at org.testng.TestNG.runSuitesLocally(TestNG.java:1149)
	at org.testng.TestNG.run(TestNG.java:1057)
	at com.intellij.rt.testng.IDEARemoteTestNG.run(IDEARemoteTestNG.java:66)
	at com.intellij.rt.testng.RemoteTestNGStarter.main(RemoteTestNGStarter.java:110)
</stack-trace>
            </failure>
            <steps/>
            <attachments/>
            <labels>
                <label name="testSuite" value="All Test Suite"/>
                <label name="testGroup" value="F:/Workspace/FitCrowd/src/test/java/com/fit/loginPage/LoginPageTests.java"/>
                <label name="testClass" value="com.fit.trainerProfilePage.TrainerProfileTests"/>
                <label name="testMethod" value="updateStreetName"/>
                <label name="host" value="DESKTOP-OH5VSFP"/>
                <label name="thread" value="11924@DESKTOP-OH5VSFP.main(1)"/>
            </labels>
        </test-case>
        <test-case start="1597147635385" stop="1597147635387" status="broken">
            <name>updateStreetNo</name>
            <failure>
                <message>TestNGException: 
Can't invoke public void com.fit.trainerProfilePage.TrainerProfileTests.updateStreetNo(): either make it static or add a no-args constructor to your class</message>
                <stack-trace>org.testng.TestNGException: 
Can't invoke public void com.fit.trainerProfilePage.TrainerProfileTests.updateStreetNo(): either make it static or add a no-args constructor to your class
	at org.testng.internal.Utils.checkInstanceOrStatic(Utils.java:795)
	at org.testng.internal.MethodInvocationHelper.invokeMethod(MethodInvocationHelper.java:41)
	at org.testng.internal.Invoker.invokeMethod(Invoker.java:696)
	at org.testng.internal.Invoker.invokeTestMethod(Invoker.java:882)
	at org.testng.internal.Invoker.invokeTestMethods(Invoker.java:1189)
	at org.testng.internal.TestMethodWorker.invokeTestMethods(TestMethodWorker.java:124)
	at org.testng.internal.TestMethodWorker.run(TestMethodWorker.java:108)
	at org.testng.TestRunner.privateRun(TestRunner.java:767)
	at org.testng.TestRunner.run(TestRunner.java:617)
	at org.testng.SuiteRunner.runTest(SuiteRunner.java:348)
	at org.testng.SuiteRunner.runSequentially(SuiteRunner.java:343)
	at org.testng.SuiteRunner.privateRun(SuiteRunner.java:305)
	at org.testng.SuiteRunner.run(SuiteRunner.java:254)
	at org.testng.SuiteRunnerWorker.runSuite(SuiteRunnerWorker.java:52)
	at org.testng.SuiteRunnerWorker.run(SuiteRunnerWorker.java:86)
	at org.testng.TestNG.runSuitesSequentially(TestNG.java:1224)
	at org.testng.TestNG.runSuitesLocally(TestNG.java:1149)
	at org.testng.TestNG.run(TestNG.java:1057)
	at com.intellij.rt.testng.IDEARemoteTestNG.run(IDEARemoteTestNG.java:66)
	at com.intellij.rt.testng.RemoteTestNGStarter.main(RemoteTestNGStarter.java:110)
</stack-trace>
            </failure>
            <steps/>
            <attachments/>
            <labels>
                <label name="testSuite" value="All Test Suite"/>
                <label name="testGroup" value="F:/Workspace/FitCrowd/src/test/java/com/fit/loginPage/LoginPageTests.java"/>
                <label name="testClass" value="com.fit.trainerProfilePage.TrainerProfileTests"/>
                <label name="testMethod" value="updateStreetNo"/>
                <label name="host" value="DESKTOP-OH5VSFP"/>
                <label name="thread" value="11924@DESKTOP-OH5VSFP.main(1)"/>
            </labels>
        </test-case>
    </test-cases>
    <labels>
        <label name="framework" value="TestNG"/>
        <label name="language" value="JAVA"/>
    </labels>
</ns2:test-suite>
