<?xml version="1.0" encoding="UTF-8" standalone="yes"?>
<ns2:test-suite start="1597938906973" stop="1597938927070" version="1.5.4" xmlns:ns2="urn:model.allure.qatools.yandex.ru">
    <name>All Test Suite : F:/Workspace/FitCrowd/src/test/java/com/fit/loginPage/LoginPageTests.java</name>
    <title>All Test Suite : F:/Workspace/FitCrowd/src/test/java/com/fit/loginPage/LoginPageTests.java</title>
    <test-cases>
        <test-case start="1597938912695" stop="1597938915263" status="passed">
            <name>validGymCode</name>
            <steps>
                <step start="1597938912757" stop="1597938913505" status="passed">
                    <name>checkPage</name>
                    <title>Check Page</title>
                    <attachments>
                        <attachment title="Screenshot" source="ce5ae468-1ecb-40a4-a9a5-12201ff8e31f-attachment.png" type="image/png"/>
                    </attachments>
                    <steps/>
                </step>
                <step start="1597938913506" stop="1597938913634" status="passed">
                    <name>setGymCode[18GYM]</name>
                    <title>Set Gym Code</title>
                    <attachments/>
                    <steps/>
                </step>
                <step start="1597938913635" stop="1597938915260" status="passed">
                    <name>successfulLogin</name>
                    <title>Successful login</title>
                    <attachments/>
                    <steps/>
                </step>
            </steps>
            <attachments/>
            <labels>
                <label name="testSuite" value="All Test Suite"/>
                <label name="testGroup" value="F:/Workspace/FitCrowd/src/test/java/com/fit/loginPage/LoginPageTests.java"/>
                <label name="testClass" value="com.fit.client.verifyGym.VerifyGymTests"/>
                <label name="testMethod" value="validGymCode"/>
                <label name="host" value="DESKTOP-OH5VSFP"/>
                <label name="thread" value="8488@DESKTOP-OH5VSFP.main(1)"/>
            </labels>
        </test-case>
        <test-case start="1597938915615" stop="1597938916878" status="passed">
            <name>validCredentials</name>
            <steps>
                <step start="1597938915618" stop="1597938916053" status="passed">
                    <name>checkPage</name>
                    <title>Check page</title>
                    <attachments>
                        <attachment title="Screenshot" source="5099ecd9-216a-48fe-a1b4-ee206c1e342f-attachment.png" type="image/png"/>
                    </attachments>
                    <steps/>
                </step>
                <step start="1597938916054" stop="1597938916207" status="passed">
                    <name>setEmail[denis.yonutz98@gmail.com]</name>
                    <title>Set Email</title>
                    <attachments/>
                    <steps/>
                </step>
                <step start="1597938916210" stop="1597938916301" status="passed">
                    <name>setPassword[abcd4321]</name>
                    <title>Set Password</title>
                    <attachments/>
                    <steps/>
                </step>
                <step start="1597938916302" stop="1597938916878" status="passed">
                    <name>successfulLogin</name>
                    <title>Successful Login</title>
                    <attachments/>
                    <steps/>
                </step>
            </steps>
            <attachments/>
            <labels>
                <label name="testSuite" value="All Test Suite"/>
                <label name="testGroup" value="F:/Workspace/FitCrowd/src/test/java/com/fit/loginPage/LoginPageTests.java"/>
                <label name="testClass" value="com.fit.client.login.LoginPageTests"/>
                <label name="testMethod" value="validCredentials"/>
                <label name="host" value="DESKTOP-OH5VSFP"/>
                <label name="thread" value="8488@DESKTOP-OH5VSFP.main(1)"/>
            </labels>
        </test-case>
        <test-case start="1597938917123" stop="1597938917897" status="passed">
            <name>selectDate</name>
            <steps>
                <step start="1597938917126" stop="1597938917726" status="passed">
                    <name>checkPage</name>
                    <title>Check Page</title>
                    <attachments>
                        <attachment title="Screenshot" source="fb59a6f6-e723-4687-98b7-df9d00119610-attachment.png" type="image/png"/>
                    </attachments>
                    <steps/>
                </step>
                <step start="1597938917727" stop="1597938917840" status="passed">
                    <name>dayView</name>
                    <title>View Classes/Day</title>
                    <attachments/>
                    <steps/>
                </step>
                <step start="1597938917843" stop="1597938917896" status="passed">
                    <name>selectDate[8, 20]</name>
                    <title>Get calendar date</title>
                    <attachments/>
                    <steps/>
                </step>
            </steps>
            <attachments/>
            <labels>
                <label name="testSuite" value="All Test Suite"/>
                <label name="testGroup" value="F:/Workspace/FitCrowd/src/test/java/com/fit/loginPage/LoginPageTests.java"/>
                <label name="testClass" value="com.fit.client.schedule.SchedulePageTests"/>
                <label name="testMethod" value="selectDate"/>
                <label name="host" value="DESKTOP-OH5VSFP"/>
                <label name="thread" value="8488@DESKTOP-OH5VSFP.main(1)"/>
            </labels>
        </test-case>
        <test-case start="1597938917900" stop="1597938921224" status="passed">
            <name>bookClass</name>
            <steps>
                <step start="1597938917902" stop="1597938918271" status="passed">
                    <name>checkPage</name>
                    <title>Check Page</title>
                    <attachments>
                        <attachment title="Screenshot" source="41368bf2-a20f-4cf0-903c-e7c86bb1c644-attachment.png" type="image/png"/>
                    </attachments>
                    <steps/>
                </step>
                <step start="1597938918272" stop="1597938921224" status="passed">
                    <name>bookClass</name>
                    <title>Select class</title>
                    <attachments/>
                    <steps>
                        <step start="1597938918508" stop="1597938918543" status="passed">
                            <name>checkNoOfParticipants</name>
                            <title>Check no. of participants</title>
                            <attachments/>
                            <steps/>
                        </step>
                        <step start="1597938918544" stop="1597938918578" status="passed">
                            <name>checkReservations</name>
                            <title>Check Reservations</title>
                            <attachments/>
                            <steps/>
                        </step>
                        <step start="1597938918972" stop="1597938918996" status="passed">
                            <name>checkNoOfParticipants</name>
                            <title>Check no. of participants</title>
                            <attachments/>
                            <steps/>
                        </step>
                        <step start="1597938918997" stop="1597938919024" status="passed">
                            <name>checkReservations</name>
                            <title>Check Reservations</title>
                            <attachments/>
                            <steps/>
                        </step>
                        <step start="1597938920719" stop="1597938920749" status="passed">
                            <name>getAlertMessage</name>
                            <title>Get alert message</title>
                            <attachments/>
                            <steps/>
                        </step>
                        <step start="1597938920867" stop="1597938921161" status="passed">
                            <name>getClassDetails</name>
                            <title>Get class details</title>
                            <attachments/>
                            <steps/>
                        </step>
                    </steps>
                </step>
            </steps>
            <attachments/>
            <labels>
                <label name="testSuite" value="All Test Suite"/>
                <label name="testGroup" value="F:/Workspace/FitCrowd/src/test/java/com/fit/loginPage/LoginPageTests.java"/>
                <label name="testClass" value="com.fit.client.schedule.SchedulePageTests"/>
                <label name="testMethod" value="bookClass"/>
                <label name="host" value="DESKTOP-OH5VSFP"/>
                <label name="thread" value="8488@DESKTOP-OH5VSFP.main(1)"/>
            </labels>
        </test-case>
        <test-case start="1597938921226" stop="1597938922097" status="passed">
            <name>attendToOnlineClass</name>
            <steps>
                <step start="1597938921227" stop="1597938921726" status="passed">
                    <name>checkPage</name>
                    <title>Check Page</title>
                    <attachments>
                        <attachment title="Screenshot" source="527456f3-c422-4a71-89c4-b6efa94bf1d7-attachment.png" type="image/png"/>
                    </attachments>
                    <steps/>
                </step>
                <step start="1597938921729" stop="1597938922096" status="passed">
                    <name>attendToOnlineClass</name>
                    <title>Attend to Online Class</title>
                    <attachments/>
                    <steps/>
                </step>
            </steps>
            <attachments/>
            <labels>
                <label name="testSuite" value="All Test Suite"/>
                <label name="testGroup" value="F:/Workspace/FitCrowd/src/test/java/com/fit/loginPage/LoginPageTests.java"/>
                <label name="testClass" value="com.fit.client.schedule.SchedulePageTests"/>
                <label name="testMethod" value="attendToOnlineClass"/>
                <label name="host" value="DESKTOP-OH5VSFP"/>
                <label name="thread" value="8488@DESKTOP-OH5VSFP.main(1)"/>
            </labels>
        </test-case>
        <test-case start="1597938922432" stop="1597938923425" status="passed">
            <name>checkAttendClass</name>
            <steps>
                <step start="1597938922435" stop="1597938922933" status="passed">
                    <name>checkPage</name>
                    <title>Check Page</title>
                    <attachments>
                        <attachment title="Screenshot" source="ec011772-dd45-4a2e-bbef-59b743253147-attachment.png" type="image/png"/>
                    </attachments>
                    <steps/>
                </step>
                <step start="1597938922934" stop="1597938923425" status="passed">
                    <name>checkAttendClass</name>
                    <title>Check Attend Class</title>
                    <attachments/>
                    <steps>
                        <step start="1597938922935" stop="1597938923219" status="passed">
                            <name>selectClass</name>
                            <title>Select Class</title>
                            <attachments/>
                            <steps/>
                        </step>
                    </steps>
                </step>
            </steps>
            <attachments/>
            <labels>
                <label name="testSuite" value="All Test Suite"/>
                <label name="testGroup" value="F:/Workspace/FitCrowd/src/test/java/com/fit/loginPage/LoginPageTests.java"/>
                <label name="testClass" value="com.fit.client.appointments.AppointmentsPageTests"/>
                <label name="testMethod" value="checkAttendClass"/>
                <label name="host" value="DESKTOP-OH5VSFP"/>
                <label name="thread" value="8488@DESKTOP-OH5VSFP.main(1)"/>
            </labels>
        </test-case>
        <test-case start="1597938923798" stop="1597938925156" status="passed">
            <name>checkClass</name>
            <steps>
                <step start="1597938923799" stop="1597938924232" status="passed">
                    <name>checkPage</name>
                    <title>Check Page</title>
                    <attachments>
                        <attachment title="Screenshot" source="b54fd797-1d95-4560-bded-01f44b770b9a-attachment.png" type="image/png"/>
                    </attachments>
                    <steps/>
                </step>
                <step start="1597938924233" stop="1597938924836" status="passed">
                    <name>viewClass</name>
                    <title>View Class</title>
                    <attachments/>
                    <steps>
                        <step start="1597938924233" stop="1597938924493" status="passed">
                            <name>selectClass</name>
                            <title>Select Class</title>
                            <attachments/>
                            <steps/>
                        </step>
                    </steps>
                </step>
                <step start="1597938924837" stop="1597938924864" status="passed">
                    <name>checkClassName</name>
                    <title>Check Class Name</title>
                    <attachments/>
                    <steps/>
                </step>
                <step start="1597938924865" stop="1597938924886" status="passed">
                    <name>checkClassType</name>
                    <title>Check Class Type</title>
                    <attachments/>
                    <steps/>
                </step>
                <step start="1597938924887" stop="1597938924915" status="passed">
                    <name>checkClassStatus</name>
                    <title>Check Class Status</title>
                    <attachments/>
                    <steps/>
                </step>
                <step start="1597938924916" stop="1597938924944" status="passed">
                    <name>checkClassTrainer</name>
                    <title>Check Class Trainer</title>
                    <attachments/>
                    <steps/>
                </step>
                <step start="1597938924945" stop="1597938924969" status="passed">
                    <name>checkClassDate</name>
                    <title>Check Class Date</title>
                    <attachments/>
                    <steps/>
                </step>
                <step start="1597938924969" stop="1597938924995" status="passed">
                    <name>checkClassStartTime</name>
                    <title>Check Class Start Time</title>
                    <attachments/>
                    <steps/>
                </step>
                <step start="1597938924996" stop="1597938925024" status="passed">
                    <name>checkClassFinishTime</name>
                    <title>Check Class Finish Time</title>
                    <attachments/>
                    <steps/>
                </step>
                <step start="1597938925025" stop="1597938925053" status="passed">
                    <name>checkClassLocation</name>
                    <title>Check Class Location</title>
                    <attachments/>
                    <steps/>
                </step>
                <step start="1597938925053" stop="1597938925156" status="passed">
                    <name>checkClassDescription</name>
                    <title>Check Class Description</title>
                    <attachments/>
                    <steps/>
                </step>
            </steps>
            <attachments/>
            <labels>
                <label name="testSuite" value="All Test Suite"/>
                <label name="testGroup" value="F:/Workspace/FitCrowd/src/test/java/com/fit/loginPage/LoginPageTests.java"/>
                <label name="testClass" value="com.fit.client.appointments.AppointmentsPageTests"/>
                <label name="testMethod" value="checkClass"/>
                <label name="host" value="DESKTOP-OH5VSFP"/>
                <label name="thread" value="8488@DESKTOP-OH5VSFP.main(1)"/>
            </labels>
        </test-case>
        <test-case start="1597938925344" stop="1597938926107" status="broken">
            <name>checkCancel</name>
            <failure>
                <message>NoSuchElementException: no such element: Unable to locate element: {"method":"css selector","selector":".\#root\ \&gt;\ div\ \&gt;\ div\.container\-open\ \&gt;\ div\.dashboard\ \&gt;\ div\ \&gt;\ div\.bills\-table\ \&gt;\ div\ \&gt;\ div\.rt\-table\ \&gt;\ div\.rt\-tbody\ \&gt;\ div\:nth\-child\(2\)\ \&gt;\ div\ \&gt;\ div\:nth\-child\(6\)\ \&gt;\ div\ \&gt;\ button\.button\-action\.danger"}
  (Session info: chrome=84.0.4147.125)
For documentation on this error, please visit: https://www.seleniumhq.org/exceptions/no_such_element.html
Build info: version: '3.141.59', revision: 'e82be7d358', time: '2018-11-14T08:17:03'
System info: host: 'DESKTOP-OH5VSFP', ip: '192.168.0.161', os.name: 'Windows 10', os.arch: 'amd64', os.version: '10.0', java.version: '1.8.0_261'
Driver info: org.openqa.selenium.remote.RemoteWebDriver
Capabilities {acceptInsecureCerts: false, browserName: chrome, browserVersion: 84.0.4147.125, chrome: {chromedriverVersion: 84.0.4147.30 (48b3e868b4cc0..., userDataDir: C:\Users\iurie\AppData\Loca...}, goog:chromeOptions: {debuggerAddress: localhost:61330}, javascriptEnabled: true, networkConnectionEnabled: false, pageLoadStrategy: normal, platform: WINDOWS, platformName: WINDOWS, proxy: Proxy(), setWindowRect: true, strictFileInteractability: false, timeouts: {implicit: 0, pageLoad: 300000, script: 30000}, unhandledPromptBehavior: dismiss and notify, webauthn:virtualAuthenticators: true, webdriver.remote.sessionid: f3e695d07bc1f16ade54f0484b6...}
Session ID: f3e695d07bc1f16ade54f0484b6b827f
*** Element info: {Using=class name, value=#root &gt; div &gt; div.container-open &gt; div.dashboard &gt; div &gt; div.bills-table &gt; div &gt; div.rt-table &gt; div.rt-tbody &gt; div:nth-child(2) &gt; div &gt; div:nth-child(6) &gt; div &gt; button.button-action.danger}</message>
                <stack-trace>org.openqa.selenium.NoSuchElementException: no such element: Unable to locate element: {"method":"css selector","selector":".\#root\ \&gt;\ div\ \&gt;\ div\.container\-open\ \&gt;\ div\.dashboard\ \&gt;\ div\ \&gt;\ div\.bills\-table\ \&gt;\ div\ \&gt;\ div\.rt\-table\ \&gt;\ div\.rt\-tbody\ \&gt;\ div\:nth\-child\(2\)\ \&gt;\ div\ \&gt;\ div\:nth\-child\(6\)\ \&gt;\ div\ \&gt;\ button\.button\-action\.danger"}
  (Session info: chrome=84.0.4147.125)
For documentation on this error, please visit: https://www.seleniumhq.org/exceptions/no_such_element.html
Build info: version: '3.141.59', revision: 'e82be7d358', time: '2018-11-14T08:17:03'
System info: host: 'DESKTOP-OH5VSFP', ip: '192.168.0.161', os.name: 'Windows 10', os.arch: 'amd64', os.version: '10.0', java.version: '1.8.0_261'
Driver info: org.openqa.selenium.remote.RemoteWebDriver
Capabilities {acceptInsecureCerts: false, browserName: chrome, browserVersion: 84.0.4147.125, chrome: {chromedriverVersion: 84.0.4147.30 (48b3e868b4cc0..., userDataDir: C:\Users\iurie\AppData\Loca...}, goog:chromeOptions: {debuggerAddress: localhost:61330}, javascriptEnabled: true, networkConnectionEnabled: false, pageLoadStrategy: normal, platform: WINDOWS, platformName: WINDOWS, proxy: Proxy(), setWindowRect: true, strictFileInteractability: false, timeouts: {implicit: 0, pageLoad: 300000, script: 30000}, unhandledPromptBehavior: dismiss and notify, webauthn:virtualAuthenticators: true, webdriver.remote.sessionid: f3e695d07bc1f16ade54f0484b6...}
Session ID: f3e695d07bc1f16ade54f0484b6b827f
*** Element info: {Using=class name, value=#root &gt; div &gt; div.container-open &gt; div.dashboard &gt; div &gt; div.bills-table &gt; div &gt; div.rt-table &gt; div.rt-tbody &gt; div:nth-child(2) &gt; div &gt; div:nth-child(6) &gt; div &gt; button.button-action.danger}
	at sun.reflect.NativeConstructorAccessorImpl.newInstance0(Native Method)
	at sun.reflect.NativeConstructorAccessorImpl.newInstance(NativeConstructorAccessorImpl.java:62)
	at sun.reflect.DelegatingConstructorAccessorImpl.newInstance(DelegatingConstructorAccessorImpl.java:45)
	at java.lang.reflect.Constructor.newInstance(Constructor.java:423)
	at org.openqa.selenium.remote.http.W3CHttpResponseCodec.createException(W3CHttpResponseCodec.java:187)
	at org.openqa.selenium.remote.http.W3CHttpResponseCodec.decode(W3CHttpResponseCodec.java:122)
	at org.openqa.selenium.remote.http.W3CHttpResponseCodec.decode(W3CHttpResponseCodec.java:49)
	at org.openqa.selenium.remote.HttpCommandExecutor.execute(HttpCommandExecutor.java:158)
	at org.openqa.selenium.remote.RemoteWebDriver.execute(RemoteWebDriver.java:552)
	at org.openqa.selenium.remote.RemoteWebElement.execute(RemoteWebElement.java:285)
	at org.openqa.selenium.remote.RemoteWebElement.findElement(RemoteWebElement.java:185)
	at org.openqa.selenium.remote.RemoteWebElement.findElementByClassName(RemoteWebElement.java:245)
	at org.openqa.selenium.By$ByClassName.findElement(By.java:389)
	at org.openqa.selenium.remote.RemoteWebElement.findElement(RemoteWebElement.java:181)
	at com.fit.client.appointments.AppointmentsPage.checkCancelClass(AppointmentsPage.java:154)
	at com.fit.client.appointments.AppointmentsPageTests.checkCancel(AppointmentsPageTests.java:54)
	at sun.reflect.NativeMethodAccessorImpl.invoke0(Native Method)
	at sun.reflect.NativeMethodAccessorImpl.invoke(NativeMethodAccessorImpl.java:62)
	at sun.reflect.DelegatingMethodAccessorImpl.invoke(DelegatingMethodAccessorImpl.java:43)
	at java.lang.reflect.Method.invoke(Method.java:498)
	at org.testng.internal.MethodInvocationHelper.invokeMethod(MethodInvocationHelper.java:85)
	at org.testng.internal.Invoker.invokeMethod(Invoker.java:696)
	at org.testng.internal.Invoker.invokeTestMethod(Invoker.java:882)
	at org.testng.internal.Invoker.invokeTestMethods(Invoker.java:1189)
	at org.testng.internal.TestMethodWorker.invokeTestMethods(TestMethodWorker.java:124)
	at org.testng.internal.TestMethodWorker.run(TestMethodWorker.java:108)
	at org.testng.TestRunner.privateRun(TestRunner.java:767)
	at org.testng.TestRunner.run(TestRunner.java:617)
	at org.testng.SuiteRunner.runTest(SuiteRunner.java:348)
	at org.testng.SuiteRunner.runSequentially(SuiteRunner.java:343)
	at org.testng.SuiteRunner.privateRun(SuiteRunner.java:305)
	at org.testng.SuiteRunner.run(SuiteRunner.java:254)
	at org.testng.SuiteRunnerWorker.runSuite(SuiteRunnerWorker.java:52)
	at org.testng.SuiteRunnerWorker.run(SuiteRunnerWorker.java:86)
	at org.testng.TestNG.runSuitesSequentially(TestNG.java:1224)
	at org.testng.TestNG.runSuitesLocally(TestNG.java:1149)
	at org.testng.TestNG.run(TestNG.java:1057)
	at com.intellij.rt.testng.IDEARemoteTestNG.run(IDEARemoteTestNG.java:66)
	at com.intellij.rt.testng.RemoteTestNGStarter.main(RemoteTestNGStarter.java:110)
</stack-trace>
            </failure>
            <steps>
                <step start="1597938925346" stop="1597938925781" status="passed">
                    <name>checkPage</name>
                    <title>Check Page</title>
                    <attachments>
                        <attachment title="Screenshot" source="e4f2e316-ffe7-404f-93f7-7410be8c1ddd-attachment.png" type="image/png"/>
                    </attachments>
                </step>
                <step start="1597938925781" stop="1597938926082" status="broken">
                    <name>checkCancelClass</name>
                    <title>Check Cancel Class</title>
                    <steps>
                        <step start="1597938925782" stop="1597938926039" status="passed">
                            <name>selectClass</name>
                            <title>Select Class</title>
                        </step>
                    </steps>
                </step>
            </steps>
            <attachments/>
            <labels>
                <label name="testSuite" value="All Test Suite"/>
                <label name="testGroup" value="F:/Workspace/FitCrowd/src/test/java/com/fit/loginPage/LoginPageTests.java"/>
                <label name="testClass" value="com.fit.client.appointments.AppointmentsPageTests"/>
                <label name="testMethod" value="checkCancel"/>
                <label name="host" value="DESKTOP-OH5VSFP"/>
                <label name="thread" value="8488@DESKTOP-OH5VSFP.main(1)"/>
            </labels>
        </test-case>
        <test-case start="1597938926209" stop="1597938927067" status="broken">
            <name>checkBook</name>
            <failure>
                <message>NoSuchElementException: no such element: Unable to locate element: {"method":"css selector","selector":".\#root\ \&gt;\ div\ \&gt;\ div\.container\-open\ \&gt;\ div\.dashboard\ \&gt;\ div\ \&gt;\ div\.bills\-table\ \&gt;\ div\ \&gt;\ div\.rt\-table\ \&gt;\ div\.rt\-tbody\ \&gt;\ div\:nth\-child\(2\)\ \&gt;\ div\ \&gt;\ div\:nth\-child\(6\)\ \&gt;\ div\ \&gt;\ button\.button\-action\.danger"}
  (Session info: chrome=84.0.4147.125)
For documentation on this error, please visit: https://www.seleniumhq.org/exceptions/no_such_element.html
Build info: version: '3.141.59', revision: 'e82be7d358', time: '2018-11-14T08:17:03'
System info: host: 'DESKTOP-OH5VSFP', ip: '192.168.0.161', os.name: 'Windows 10', os.arch: 'amd64', os.version: '10.0', java.version: '1.8.0_261'
Driver info: org.openqa.selenium.remote.RemoteWebDriver
Capabilities {acceptInsecureCerts: false, browserName: chrome, browserVersion: 84.0.4147.125, chrome: {chromedriverVersion: 84.0.4147.30 (48b3e868b4cc0..., userDataDir: C:\Users\iurie\AppData\Loca...}, goog:chromeOptions: {debuggerAddress: localhost:61330}, javascriptEnabled: true, networkConnectionEnabled: false, pageLoadStrategy: normal, platform: WINDOWS, platformName: WINDOWS, proxy: Proxy(), setWindowRect: true, strictFileInteractability: false, timeouts: {implicit: 0, pageLoad: 300000, script: 30000}, unhandledPromptBehavior: dismiss and notify, webauthn:virtualAuthenticators: true, webdriver.remote.sessionid: f3e695d07bc1f16ade54f0484b6...}
Session ID: f3e695d07bc1f16ade54f0484b6b827f
*** Element info: {Using=class name, value=#root &gt; div &gt; div.container-open &gt; div.dashboard &gt; div &gt; div.bills-table &gt; div &gt; div.rt-table &gt; div.rt-tbody &gt; div:nth-child(2) &gt; div &gt; div:nth-child(6) &gt; div &gt; button.button-action.danger}</message>
                <stack-trace>org.openqa.selenium.NoSuchElementException: no such element: Unable to locate element: {"method":"css selector","selector":".\#root\ \&gt;\ div\ \&gt;\ div\.container\-open\ \&gt;\ div\.dashboard\ \&gt;\ div\ \&gt;\ div\.bills\-table\ \&gt;\ div\ \&gt;\ div\.rt\-table\ \&gt;\ div\.rt\-tbody\ \&gt;\ div\:nth\-child\(2\)\ \&gt;\ div\ \&gt;\ div\:nth\-child\(6\)\ \&gt;\ div\ \&gt;\ button\.button\-action\.danger"}
  (Session info: chrome=84.0.4147.125)
For documentation on this error, please visit: https://www.seleniumhq.org/exceptions/no_such_element.html
Build info: version: '3.141.59', revision: 'e82be7d358', time: '2018-11-14T08:17:03'
System info: host: 'DESKTOP-OH5VSFP', ip: '192.168.0.161', os.name: 'Windows 10', os.arch: 'amd64', os.version: '10.0', java.version: '1.8.0_261'
Driver info: org.openqa.selenium.remote.RemoteWebDriver
Capabilities {acceptInsecureCerts: false, browserName: chrome, browserVersion: 84.0.4147.125, chrome: {chromedriverVersion: 84.0.4147.30 (48b3e868b4cc0..., userDataDir: C:\Users\iurie\AppData\Loca...}, goog:chromeOptions: {debuggerAddress: localhost:61330}, javascriptEnabled: true, networkConnectionEnabled: false, pageLoadStrategy: normal, platform: WINDOWS, platformName: WINDOWS, proxy: Proxy(), setWindowRect: true, strictFileInteractability: false, timeouts: {implicit: 0, pageLoad: 300000, script: 30000}, unhandledPromptBehavior: dismiss and notify, webauthn:virtualAuthenticators: true, webdriver.remote.sessionid: f3e695d07bc1f16ade54f0484b6...}
Session ID: f3e695d07bc1f16ade54f0484b6b827f
*** Element info: {Using=class name, value=#root &gt; div &gt; div.container-open &gt; div.dashboard &gt; div &gt; div.bills-table &gt; div &gt; div.rt-table &gt; div.rt-tbody &gt; div:nth-child(2) &gt; div &gt; div:nth-child(6) &gt; div &gt; button.button-action.danger}
	at sun.reflect.NativeConstructorAccessorImpl.newInstance0(Native Method)
	at sun.reflect.NativeConstructorAccessorImpl.newInstance(NativeConstructorAccessorImpl.java:62)
	at sun.reflect.DelegatingConstructorAccessorImpl.newInstance(DelegatingConstructorAccessorImpl.java:45)
	at java.lang.reflect.Constructor.newInstance(Constructor.java:423)
	at org.openqa.selenium.remote.http.W3CHttpResponseCodec.createException(W3CHttpResponseCodec.java:187)
	at org.openqa.selenium.remote.http.W3CHttpResponseCodec.decode(W3CHttpResponseCodec.java:122)
	at org.openqa.selenium.remote.http.W3CHttpResponseCodec.decode(W3CHttpResponseCodec.java:49)
	at org.openqa.selenium.remote.HttpCommandExecutor.execute(HttpCommandExecutor.java:158)
	at org.openqa.selenium.remote.RemoteWebDriver.execute(RemoteWebDriver.java:552)
	at org.openqa.selenium.remote.RemoteWebElement.execute(RemoteWebElement.java:285)
	at org.openqa.selenium.remote.RemoteWebElement.findElement(RemoteWebElement.java:185)
	at org.openqa.selenium.remote.RemoteWebElement.findElementByClassName(RemoteWebElement.java:245)
	at org.openqa.selenium.By$ByClassName.findElement(By.java:389)
	at org.openqa.selenium.remote.RemoteWebElement.findElement(RemoteWebElement.java:181)
	at com.fit.client.appointments.AppointmentsPage.checkBookClass(AppointmentsPage.java:165)
	at com.fit.client.appointments.AppointmentsPageTests.checkBook(AppointmentsPageTests.java:60)
	at sun.reflect.NativeMethodAccessorImpl.invoke0(Native Method)
	at sun.reflect.NativeMethodAccessorImpl.invoke(NativeMethodAccessorImpl.java:62)
	at sun.reflect.DelegatingMethodAccessorImpl.invoke(DelegatingMethodAccessorImpl.java:43)
	at java.lang.reflect.Method.invoke(Method.java:498)
	at org.testng.internal.MethodInvocationHelper.invokeMethod(MethodInvocationHelper.java:85)
	at org.testng.internal.Invoker.invokeMethod(Invoker.java:696)
	at org.testng.internal.Invoker.invokeTestMethod(Invoker.java:882)
	at org.testng.internal.Invoker.invokeTestMethods(Invoker.java:1189)
	at org.testng.internal.TestMethodWorker.invokeTestMethods(TestMethodWorker.java:124)
	at org.testng.internal.TestMethodWorker.run(TestMethodWorker.java:108)
	at org.testng.TestRunner.privateRun(TestRunner.java:767)
	at org.testng.TestRunner.run(TestRunner.java:617)
	at org.testng.SuiteRunner.runTest(SuiteRunner.java:348)
	at org.testng.SuiteRunner.runSequentially(SuiteRunner.java:343)
	at org.testng.SuiteRunner.privateRun(SuiteRunner.java:305)
	at org.testng.SuiteRunner.run(SuiteRunner.java:254)
	at org.testng.SuiteRunnerWorker.runSuite(SuiteRunnerWorker.java:52)
	at org.testng.SuiteRunnerWorker.run(SuiteRunnerWorker.java:86)
	at org.testng.TestNG.runSuitesSequentially(TestNG.java:1224)
	at org.testng.TestNG.runSuitesLocally(TestNG.java:1149)
	at org.testng.TestNG.run(TestNG.java:1057)
	at com.intellij.rt.testng.IDEARemoteTestNG.run(IDEARemoteTestNG.java:66)
	at com.intellij.rt.testng.RemoteTestNGStarter.main(RemoteTestNGStarter.java:110)
</stack-trace>
            </failure>
            <steps>
                <step start="1597938926213" stop="1597938926773" status="passed">
                    <name>checkPage</name>
                    <title>Check Page</title>
                    <attachments>
                        <attachment title="Screenshot" source="e95d4ed3-413d-4c22-8d00-4e469b2ebf2b-attachment.png" type="image/png"/>
                    </attachments>
                </step>
                <step start="1597938926774" stop="1597938927062" status="broken">
                    <name>checkBookClass</name>
                    <title>Check Book Class</title>
                    <steps>
                        <step start="1597938926774" stop="1597938927036" status="passed">
                            <name>selectClass</name>
                            <title>Select Class</title>
                        </step>
                    </steps>
                </step>
            </steps>
            <attachments/>
            <labels>
                <label name="testSuite" value="All Test Suite"/>
                <label name="testGroup" value="F:/Workspace/FitCrowd/src/test/java/com/fit/loginPage/LoginPageTests.java"/>
                <label name="testClass" value="com.fit.client.appointments.AppointmentsPageTests"/>
                <label name="testMethod" value="checkBook"/>
                <label name="host" value="DESKTOP-OH5VSFP"/>
                <label name="thread" value="8488@DESKTOP-OH5VSFP.main(1)"/>
            </labels>
        </test-case>
    </test-cases>
    <labels>
        <label name="framework" value="TestNG"/>
        <label name="language" value="JAVA"/>
    </labels>
</ns2:test-suite>
