<?xml version="1.0" encoding="UTF-8" standalone="yes"?>
<ns2:test-suite start="1597070539086" stop="1597070550820" version="1.5.4" xmlns:ns2="urn:model.allure.qatools.yandex.ru">
    <name>All Test Suite : F:/Workspace/FitCrowd/src/test/java/com/fit/loginPage/LoginPageTests.java</name>
    <title>All Test Suite : F:/Workspace/FitCrowd/src/test/java/com/fit/loginPage/LoginPageTests.java</title>
    <test-cases>
        <test-case start="1597070545204" stop="1597070547334" status="passed">
            <name>validCredentials</name>
            <steps>
                <step start="1597070545234" stop="1597070545806" status="passed">
                    <name>checkPage</name>
                    <title>Check page</title>
                    <attachments>
                        <attachment title="Screenshot" source="1bc16a07-98bd-4f97-9460-9b54ecf458de-attachment.png" type="image/png"/>
                    </attachments>
                    <steps/>
                </step>
                <step start="1597070545807" stop="1597070546368" status="passed">
                    <name>setEmail[iuriet.denis@gmail.com]</name>
                    <title>Set Email</title>
                    <attachments>
                        <attachment title="Screenshot" source="a6f9b0da-0a33-4721-b227-485c31b36b14-attachment.png" type="image/png"/>
                    </attachments>
                    <steps/>
                </step>
                <step start="1597070546369" stop="1597070546837" status="passed">
                    <name>setPassword[abcd1234]</name>
                    <title>Set Password</title>
                    <attachments>
                        <attachment title="Screenshot" source="2082fc52-1032-44a7-b1cf-8d5edd23f61f-attachment.png" type="image/png"/>
                    </attachments>
                    <steps/>
                </step>
                <step start="1597070546838" stop="1597070547327" status="passed">
                    <name>successfulLogin</name>
                    <title>Check successful login</title>
                    <attachments>
                        <attachment title="Screenshot" source="b334dcff-c087-444a-959b-f459e28e1e60-attachment.png" type="image/png"/>
                    </attachments>
                    <steps/>
                </step>
            </steps>
            <attachments/>
            <labels>
                <label name="testSuite" value="All Test Suite"/>
                <label name="testGroup" value="F:/Workspace/FitCrowd/src/test/java/com/fit/loginPage/LoginPageTests.java"/>
                <label name="testClass" value="com.fit.loginPage.LoginPageTests"/>
                <label name="testMethod" value="validCredentials"/>
                <label name="host" value="DESKTOP-OH5VSFP"/>
                <label name="thread" value="7756@DESKTOP-OH5VSFP.main(1)"/>
            </labels>
        </test-case>
        <test-case start="1597070547585" stop="1597070548948" status="passed">
            <name>checkClassType</name>
            <steps>
                <step start="1597070547587" stop="1597070548291" status="passed">
                    <name>checkPage</name>
                    <title>Check Page</title>
                    <attachments>
                        <attachment title="Screenshot" source="58c7b2fc-e7d9-4e93-8472-e956072a0964-attachment.png" type="image/png"/>
                    </attachments>
                    <steps/>
                </step>
                <step start="1597070548291" stop="1597070548427" status="passed">
                    <name>selectClass</name>
                    <title>Select Class</title>
                    <attachments/>
                    <steps/>
                </step>
                <step start="1597070548428" stop="1597070548947" status="passed">
                    <name>checkClassType</name>
                    <title>Check Class Type</title>
                    <attachments>
                        <attachment title="Screenshot" source="1166d6d2-26bb-4797-93ab-6f5f6cf2f487-attachment.png" type="image/png"/>
                    </attachments>
                    <steps/>
                </step>
            </steps>
            <attachments/>
            <labels>
                <label name="testSuite" value="All Test Suite"/>
                <label name="testGroup" value="F:/Workspace/FitCrowd/src/test/java/com/fit/loginPage/LoginPageTests.java"/>
                <label name="testClass" value="com.fit.schedulePage.SchedulePageTests"/>
                <label name="testMethod" value="checkClassType"/>
                <label name="host" value="DESKTOP-OH5VSFP"/>
                <label name="thread" value="7756@DESKTOP-OH5VSFP.main(1)"/>
            </labels>
        </test-case>
        <test-case start="1597070548949" stop="1597070549434" status="passed">
            <name>checkClassDate</name>
            <steps>
                <step start="1597070548951" stop="1597070549367" status="passed">
                    <name>checkPage</name>
                    <title>Check Page</title>
                    <attachments>
                        <attachment title="Screenshot" source="23103abe-938f-492e-b9d0-b5ab2812370c-attachment.png" type="image/png"/>
                    </attachments>
                    <steps/>
                </step>
                <step start="1597070549367" stop="1597070549434" status="passed">
                    <name>checkClassDate</name>
                    <title>Check Class Date</title>
                    <attachments/>
                    <steps/>
                </step>
            </steps>
            <attachments/>
            <labels>
                <label name="testSuite" value="All Test Suite"/>
                <label name="testGroup" value="F:/Workspace/FitCrowd/src/test/java/com/fit/loginPage/LoginPageTests.java"/>
                <label name="testClass" value="com.fit.schedulePage.SchedulePageTests"/>
                <label name="testMethod" value="checkClassDate"/>
                <label name="host" value="DESKTOP-OH5VSFP"/>
                <label name="thread" value="7756@DESKTOP-OH5VSFP.main(1)"/>
            </labels>
        </test-case>
        <test-case start="1597070549435" stop="1597070549932" status="failed">
            <name>checkClassLocation</name>
            <failure>
                <message>AssertionError: expected [DENIS] but found [18 GYM Gheorgheni]</message>
                <stack-trace>java.lang.AssertionError: expected [DENIS] but found [18 GYM Gheorgheni]
	at org.testng.Assert.fail(Assert.java:94)
	at org.testng.Assert.failNotEquals(Assert.java:494)
	at org.testng.Assert.assertEquals(Assert.java:123)
	at org.testng.Assert.assertEquals(Assert.java:176)
	at org.testng.Assert.assertEquals(Assert.java:186)
	at com.fit.schedulePage.SchedulePage.checkClassLocation(SchedulePage.java:73)
	at com.fit.schedulePage.SchedulePageTests.checkClassLocation(SchedulePageTests.java:45)
	at sun.reflect.NativeMethodAccessorImpl.invoke0(Native Method)
	at sun.reflect.NativeMethodAccessorImpl.invoke(NativeMethodAccessorImpl.java:62)
	at sun.reflect.DelegatingMethodAccessorImpl.invoke(DelegatingMethodAccessorImpl.java:43)
	at java.lang.reflect.Method.invoke(Method.java:498)
	at org.testng.internal.MethodInvocationHelper.invokeMethod(MethodInvocationHelper.java:85)
	at org.testng.internal.Invoker.invokeMethod(Invoker.java:696)
	at org.testng.internal.Invoker.invokeTestMethod(Invoker.java:882)
	at org.testng.internal.Invoker.invokeTestMethods(Invoker.java:1189)
	at org.testng.internal.TestMethodWorker.invokeTestMethods(TestMethodWorker.java:124)
	at org.testng.internal.TestMethodWorker.run(TestMethodWorker.java:108)
	at org.testng.TestRunner.privateRun(TestRunner.java:767)
	at org.testng.TestRunner.run(TestRunner.java:617)
	at org.testng.SuiteRunner.runTest(SuiteRunner.java:348)
	at org.testng.SuiteRunner.runSequentially(SuiteRunner.java:343)
	at org.testng.SuiteRunner.privateRun(SuiteRunner.java:305)
	at org.testng.SuiteRunner.run(SuiteRunner.java:254)
	at org.testng.SuiteRunnerWorker.runSuite(SuiteRunnerWorker.java:52)
	at org.testng.SuiteRunnerWorker.run(SuiteRunnerWorker.java:86)
	at org.testng.TestNG.runSuitesSequentially(TestNG.java:1224)
	at org.testng.TestNG.runSuitesLocally(TestNG.java:1149)
	at org.testng.TestNG.run(TestNG.java:1057)
	at com.intellij.rt.testng.IDEARemoteTestNG.run(IDEARemoteTestNG.java:66)
	at com.intellij.rt.testng.RemoteTestNGStarter.main(RemoteTestNGStarter.java:110)
</stack-trace>
            </failure>
            <steps>
                <step start="1597070549436" stop="1597070549854" status="passed">
                    <name>checkPage</name>
                    <title>Check Page</title>
                    <attachments>
                        <attachment title="Screenshot" source="5a2d762d-b1e1-41ea-a3bd-286a5e05f2c9-attachment.png" type="image/png"/>
                    </attachments>
                </step>
                <step start="1597070549855" stop="1597070549914" status="failed">
                    <name>checkClassLocation</name>
                    <title>Check Class Location</title>
                </step>
            </steps>
            <attachments/>
            <labels>
                <label name="testSuite" value="All Test Suite"/>
                <label name="testGroup" value="F:/Workspace/FitCrowd/src/test/java/com/fit/loginPage/LoginPageTests.java"/>
                <label name="testClass" value="com.fit.schedulePage.SchedulePageTests"/>
                <label name="testMethod" value="checkClassLocation"/>
                <label name="host" value="DESKTOP-OH5VSFP"/>
                <label name="thread" value="7756@DESKTOP-OH5VSFP.main(1)"/>
            </labels>
        </test-case>
        <test-case start="1597070549933" stop="1597070550387" status="passed">
            <name>checkClassName</name>
            <steps>
                <step start="1597070549935" stop="1597070550345" status="passed">
                    <name>checkPage</name>
                    <title>Check Page</title>
                    <attachments>
                        <attachment title="Screenshot" source="41354e5c-7c76-46a9-b87c-f1110cdce4c4-attachment.png" type="image/png"/>
                    </attachments>
                    <steps/>
                </step>
                <step start="1597070550346" stop="1597070550387" status="passed">
                    <name>checkClassName</name>
                    <title>Check Class Name</title>
                    <attachments/>
                    <steps/>
                </step>
            </steps>
            <attachments/>
            <labels>
                <label name="testSuite" value="All Test Suite"/>
                <label name="testGroup" value="F:/Workspace/FitCrowd/src/test/java/com/fit/loginPage/LoginPageTests.java"/>
                <label name="testClass" value="com.fit.schedulePage.SchedulePageTests"/>
                <label name="testMethod" value="checkClassName"/>
                <label name="host" value="DESKTOP-OH5VSFP"/>
                <label name="thread" value="7756@DESKTOP-OH5VSFP.main(1)"/>
            </labels>
        </test-case>
        <test-case start="1597070550388" stop="1597070550818" status="failed">
            <name>checkClassParticipants</name>
            <failure>
                <message>AssertionError: expected [10] but found [10]</message>
                <stack-trace>java.lang.AssertionError: expected [10] but found [10]
	at org.testng.Assert.fail(Assert.java:94)
	at org.testng.Assert.failNotEquals(Assert.java:494)
	at org.testng.Assert.assertEquals(Assert.java:123)
	at org.testng.Assert.assertEquals(Assert.java:165)
	at com.fit.schedulePage.SchedulePage.checkClassParticipants(SchedulePage.java:91)
	at com.fit.schedulePage.SchedulePageTests.checkClassParticipants(SchedulePageTests.java:57)
	at sun.reflect.NativeMethodAccessorImpl.invoke0(Native Method)
	at sun.reflect.NativeMethodAccessorImpl.invoke(NativeMethodAccessorImpl.java:62)
	at sun.reflect.DelegatingMethodAccessorImpl.invoke(DelegatingMethodAccessorImpl.java:43)
	at java.lang.reflect.Method.invoke(Method.java:498)
	at org.testng.internal.MethodInvocationHelper.invokeMethod(MethodInvocationHelper.java:85)
	at org.testng.internal.Invoker.invokeMethod(Invoker.java:696)
	at org.testng.internal.Invoker.invokeTestMethod(Invoker.java:882)
	at org.testng.internal.Invoker.invokeTestMethods(Invoker.java:1189)
	at org.testng.internal.TestMethodWorker.invokeTestMethods(TestMethodWorker.java:124)
	at org.testng.internal.TestMethodWorker.run(TestMethodWorker.java:108)
	at org.testng.TestRunner.privateRun(TestRunner.java:767)
	at org.testng.TestRunner.run(TestRunner.java:617)
	at org.testng.SuiteRunner.runTest(SuiteRunner.java:348)
	at org.testng.SuiteRunner.runSequentially(SuiteRunner.java:343)
	at org.testng.SuiteRunner.privateRun(SuiteRunner.java:305)
	at org.testng.SuiteRunner.run(SuiteRunner.java:254)
	at org.testng.SuiteRunnerWorker.runSuite(SuiteRunnerWorker.java:52)
	at org.testng.SuiteRunnerWorker.run(SuiteRunnerWorker.java:86)
	at org.testng.TestNG.runSuitesSequentially(TestNG.java:1224)
	at org.testng.TestNG.runSuitesLocally(TestNG.java:1149)
	at org.testng.TestNG.run(TestNG.java:1057)
	at com.intellij.rt.testng.IDEARemoteTestNG.run(IDEARemoteTestNG.java:66)
	at com.intellij.rt.testng.RemoteTestNGStarter.main(RemoteTestNGStarter.java:110)
</stack-trace>
            </failure>
            <steps>
                <step start="1597070550389" stop="1597070550788" status="passed">
                    <name>checkPage</name>
                    <title>Check Page</title>
                    <attachments>
                        <attachment title="Screenshot" source="53559380-1fd8-41bb-ab94-4b7d54ddd7aa-attachment.png" type="image/png"/>
                    </attachments>
                </step>
                <step start="1597070550789" stop="1597070550817" status="failed">
                    <name>checkClassParticipants</name>
                    <title>Check Max No. Of Participants</title>
                </step>
            </steps>
            <attachments/>
            <labels>
                <label name="testSuite" value="All Test Suite"/>
                <label name="testGroup" value="F:/Workspace/FitCrowd/src/test/java/com/fit/loginPage/LoginPageTests.java"/>
                <label name="testClass" value="com.fit.schedulePage.SchedulePageTests"/>
                <label name="testMethod" value="checkClassParticipants"/>
                <label name="host" value="DESKTOP-OH5VSFP"/>
                <label name="thread" value="7756@DESKTOP-OH5VSFP.main(1)"/>
            </labels>
        </test-case>
    </test-cases>
    <labels>
        <label name="framework" value="TestNG"/>
        <label name="language" value="JAVA"/>
    </labels>
</ns2:test-suite>
