<?xml version="1.0" encoding="UTF-8" standalone="yes"?>
<ns2:test-suite start="1598196870699" stop="1598196891876" version="1.5.4" xmlns:ns2="urn:model.allure.qatools.yandex.ru">
    <name>All Test Suite : F:/Workspace/FitCrowd/src/test/java/com/fit/loginPage/LoginPageTests.java</name>
    <title>All Test Suite : F:/Workspace/FitCrowd/src/test/java/com/fit/loginPage/LoginPageTests.java</title>
    <test-cases>
        <test-case start="1598196878950" stop="1598196882380" status="passed">
            <name>validCredentials</name>
            <steps>
                <step start="1598196878978" stop="1598196879528" status="passed">
                    <name>checkPage</name>
                    <title>Check page</title>
                    <attachments>
                        <attachment title="Screenshot" source="a4a1e719-6118-430d-b172-4a2b8fc049ad-attachment.png" type="image/png"/>
                    </attachments>
                    <steps/>
                </step>
                <step start="1598196879528" stop="1598196880116" status="passed">
                    <name>setEmail[iuriet.denis@gmail.com]</name>
                    <title>Set Email</title>
                    <attachments>
                        <attachment title="Screenshot" source="917c41d7-be8b-4084-bd1c-3d9af79ffff3-attachment.png" type="image/png"/>
                    </attachments>
                    <steps/>
                </step>
                <step start="1598196880116" stop="1598196880584" status="passed">
                    <name>setPassword[abcd1234]</name>
                    <title>Set Password</title>
                    <attachments>
                        <attachment title="Screenshot" source="68b60a38-2313-4b55-bd6b-20609b5cdaec-attachment.png" type="image/png"/>
                    </attachments>
                    <steps/>
                </step>
                <step start="1598196880584" stop="1598196882380" status="passed">
                    <name>successfulLogin</name>
                    <title>Check successful login</title>
                    <attachments>
                        <attachment title="Screenshot" source="4159b396-0597-4725-b013-32e84592e2a9-attachment.png" type="image/png"/>
                    </attachments>
                    <steps/>
                </step>
            </steps>
            <attachments/>
            <labels>
                <label name="testSuite" value="All Test Suite"/>
                <label name="testGroup" value="F:/Workspace/FitCrowd/src/test/java/com/fit/loginPage/LoginPageTests.java"/>
                <label name="testClass" value="com.fit.admin.loginPage.LoginPageTests"/>
                <label name="testMethod" value="validCredentials"/>
                <label name="host" value="DESKTOP-OH5VSFP"/>
                <label name="thread" value="18024@DESKTOP-OH5VSFP.main(1)"/>
            </labels>
        </test-case>
        <test-case start="1598196882587" stop="1598196883392" status="passed">
            <name>addImage</name>
            <steps>
                <step start="1598196882592" stop="1598196883392" status="passed">
                    <name>addTrainerImage</name>
                    <title>Add Trainer Image</title>
                    <attachments>
                        <attachment title="Screenshot" source="30fb645c-5b24-40f5-acc2-1adaf8d6855b-attachment.png" type="image/png"/>
                    </attachments>
                    <steps/>
                </step>
            </steps>
            <attachments/>
            <labels>
                <label name="testSuite" value="All Test Suite"/>
                <label name="testGroup" value="F:/Workspace/FitCrowd/src/test/java/com/fit/loginPage/LoginPageTests.java"/>
                <label name="testClass" value="com.fit.admin.trainerProfilePage.TrainerProfileTests"/>
                <label name="testMethod" value="addImage"/>
                <label name="host" value="DESKTOP-OH5VSFP"/>
                <label name="thread" value="18024@DESKTOP-OH5VSFP.main(1)"/>
            </labels>
        </test-case>
        <test-case start="1598196883407" stop="1598196884287" status="passed">
            <name>updateFirstName</name>
            <steps>
                <step start="1598196883407" stop="1598196884095" status="passed">
                    <name>checkPage</name>
                    <title>Check Page</title>
                    <attachments>
                        <attachment title="Screenshot" source="03ac91eb-06a1-476a-bacf-6ff3403bbdf3-attachment.png" type="image/png"/>
                    </attachments>
                    <steps/>
                </step>
                <step start="1598196884095" stop="1598196884286" status="passed">
                    <name>updateFirstName[Denis]</name>
                    <title>Update First Name</title>
                    <attachments/>
                    <steps/>
                </step>
            </steps>
            <attachments/>
            <labels>
                <label name="testSuite" value="All Test Suite"/>
                <label name="testGroup" value="F:/Workspace/FitCrowd/src/test/java/com/fit/loginPage/LoginPageTests.java"/>
                <label name="testClass" value="com.fit.admin.trainerProfilePage.TrainerProfileTests"/>
                <label name="testMethod" value="updateFirstName"/>
                <label name="host" value="DESKTOP-OH5VSFP"/>
                <label name="thread" value="18024@DESKTOP-OH5VSFP.main(1)"/>
            </labels>
        </test-case>
        <test-case start="1598196884288" stop="1598196884870" status="passed">
            <name>updateLastName</name>
            <steps>
                <step start="1598196884289" stop="1598196884693" status="passed">
                    <name>checkPage</name>
                    <title>Check Page</title>
                    <attachments>
                        <attachment title="Screenshot" source="6cc56c28-3479-4922-ba30-465c3e40f645-attachment.png" type="image/png"/>
                    </attachments>
                    <steps/>
                </step>
                <step start="1598196884693" stop="1598196884869" status="passed">
                    <name>updateLastName[Iuriet]</name>
                    <title>Update Last Name</title>
                    <attachments/>
                    <steps/>
                </step>
            </steps>
            <attachments/>
            <labels>
                <label name="testSuite" value="All Test Suite"/>
                <label name="testGroup" value="F:/Workspace/FitCrowd/src/test/java/com/fit/loginPage/LoginPageTests.java"/>
                <label name="testClass" value="com.fit.admin.trainerProfilePage.TrainerProfileTests"/>
                <label name="testMethod" value="updateLastName"/>
                <label name="host" value="DESKTOP-OH5VSFP"/>
                <label name="thread" value="18024@DESKTOP-OH5VSFP.main(1)"/>
            </labels>
        </test-case>
        <test-case start="1598196884871" stop="1598196885600" status="passed">
            <name>updateEmail</name>
            <steps>
                <step start="1598196884872" stop="1598196885331" status="passed">
                    <name>checkPage</name>
                    <title>Check Page</title>
                    <attachments>
                        <attachment title="Screenshot" source="712a20b9-cce3-4bbb-a2fd-548a6f61efaa-attachment.png" type="image/png"/>
                    </attachments>
                    <steps/>
                </step>
                <step start="1598196885332" stop="1598196885600" status="passed">
                    <name>updateEmail[iuriet.denis@gmail.com]</name>
                    <title>Update Email</title>
                    <attachments/>
                    <steps/>
                </step>
            </steps>
            <attachments/>
            <labels>
                <label name="testSuite" value="All Test Suite"/>
                <label name="testGroup" value="F:/Workspace/FitCrowd/src/test/java/com/fit/loginPage/LoginPageTests.java"/>
                <label name="testClass" value="com.fit.admin.trainerProfilePage.TrainerProfileTests"/>
                <label name="testMethod" value="updateEmail"/>
                <label name="host" value="DESKTOP-OH5VSFP"/>
                <label name="thread" value="18024@DESKTOP-OH5VSFP.main(1)"/>
            </labels>
        </test-case>
        <test-case start="1598196885602" stop="1598196886178" status="passed">
            <name>updatePhoneNo</name>
            <steps>
                <step start="1598196885603" stop="1598196885994" status="passed">
                    <name>checkPage</name>
                    <title>Check Page</title>
                    <attachments>
                        <attachment title="Screenshot" source="5c4bbb81-68cf-4008-89f4-3d7ea37a9ac9-attachment.png" type="image/png"/>
                    </attachments>
                    <steps/>
                </step>
                <step start="1598196885994" stop="1598196886178" status="passed">
                    <name>updatePhoneNo[123456789]</name>
                    <title>Update Phone No.</title>
                    <attachments/>
                    <steps/>
                </step>
            </steps>
            <attachments/>
            <labels>
                <label name="testSuite" value="All Test Suite"/>
                <label name="testGroup" value="F:/Workspace/FitCrowd/src/test/java/com/fit/loginPage/LoginPageTests.java"/>
                <label name="testClass" value="com.fit.admin.trainerProfilePage.TrainerProfileTests"/>
                <label name="testMethod" value="updatePhoneNo"/>
                <label name="host" value="DESKTOP-OH5VSFP"/>
                <label name="thread" value="18024@DESKTOP-OH5VSFP.main(1)"/>
            </labels>
        </test-case>
        <test-case start="1598196886180" stop="1598196886738" status="passed">
            <name>updateCountry</name>
            <steps>
                <step start="1598196886180" stop="1598196886573" status="passed">
                    <name>checkPage</name>
                    <title>Check Page</title>
                    <attachments>
                        <attachment title="Screenshot" source="b8cada4c-a0e5-4f06-abf9-1e9d19407795-attachment.png" type="image/png"/>
                    </attachments>
                    <steps/>
                </step>
                <step start="1598196886574" stop="1598196886738" status="passed">
                    <name>updateCountry[TestCountry]</name>
                    <title>Update Country</title>
                    <attachments/>
                    <steps/>
                </step>
            </steps>
            <attachments/>
            <labels>
                <label name="testSuite" value="All Test Suite"/>
                <label name="testGroup" value="F:/Workspace/FitCrowd/src/test/java/com/fit/loginPage/LoginPageTests.java"/>
                <label name="testClass" value="com.fit.admin.trainerProfilePage.TrainerProfileTests"/>
                <label name="testMethod" value="updateCountry"/>
                <label name="host" value="DESKTOP-OH5VSFP"/>
                <label name="thread" value="18024@DESKTOP-OH5VSFP.main(1)"/>
            </labels>
        </test-case>
        <test-case start="1598196886739" stop="1598196887312" status="passed">
            <name>updateCounty</name>
            <steps>
                <step start="1598196886739" stop="1598196887135" status="passed">
                    <name>checkPage</name>
                    <title>Check Page</title>
                    <attachments>
                        <attachment title="Screenshot" source="f96b93c7-8990-45d3-b3fa-ded6d7635518-attachment.png" type="image/png"/>
                    </attachments>
                    <steps/>
                </step>
                <step start="1598196887135" stop="1598196887312" status="passed">
                    <name>updateCounty[TestCounty]</name>
                    <title>Update County</title>
                    <attachments/>
                    <steps/>
                </step>
            </steps>
            <attachments/>
            <labels>
                <label name="testSuite" value="All Test Suite"/>
                <label name="testGroup" value="F:/Workspace/FitCrowd/src/test/java/com/fit/loginPage/LoginPageTests.java"/>
                <label name="testClass" value="com.fit.admin.trainerProfilePage.TrainerProfileTests"/>
                <label name="testMethod" value="updateCounty"/>
                <label name="host" value="DESKTOP-OH5VSFP"/>
                <label name="thread" value="18024@DESKTOP-OH5VSFP.main(1)"/>
            </labels>
        </test-case>
        <test-case start="1598196887313" stop="1598196887856" status="passed">
            <name>updateCity</name>
            <steps>
                <step start="1598196887314" stop="1598196887696" status="passed">
                    <name>checkPage</name>
                    <title>Check Page</title>
                    <attachments>
                        <attachment title="Screenshot" source="e2d1c2d8-f3b4-4fa4-9cd5-fd7b6ed478de-attachment.png" type="image/png"/>
                    </attachments>
                    <steps/>
                </step>
                <step start="1598196887696" stop="1598196887856" status="passed">
                    <name>updateCity[TestCity]</name>
                    <title>Update City</title>
                    <attachments/>
                    <steps/>
                </step>
            </steps>
            <attachments/>
            <labels>
                <label name="testSuite" value="All Test Suite"/>
                <label name="testGroup" value="F:/Workspace/FitCrowd/src/test/java/com/fit/loginPage/LoginPageTests.java"/>
                <label name="testClass" value="com.fit.admin.trainerProfilePage.TrainerProfileTests"/>
                <label name="testMethod" value="updateCity"/>
                <label name="host" value="DESKTOP-OH5VSFP"/>
                <label name="thread" value="18024@DESKTOP-OH5VSFP.main(1)"/>
            </labels>
        </test-case>
        <test-case start="1598196887857" stop="1598196888439" status="passed">
            <name>updateStreetName</name>
            <steps>
                <step start="1598196887858" stop="1598196888229" status="passed">
                    <name>checkPage</name>
                    <title>Check Page</title>
                    <attachments>
                        <attachment title="Screenshot" source="e9b80428-51af-4593-a53f-ac07ff71ce2d-attachment.png" type="image/png"/>
                    </attachments>
                    <steps/>
                </step>
                <step start="1598196888229" stop="1598196888439" status="passed">
                    <name>updateStreetName[TestStreetName]</name>
                    <title>Update Street Name</title>
                    <attachments/>
                    <steps/>
                </step>
            </steps>
            <attachments/>
            <labels>
                <label name="testSuite" value="All Test Suite"/>
                <label name="testGroup" value="F:/Workspace/FitCrowd/src/test/java/com/fit/loginPage/LoginPageTests.java"/>
                <label name="testClass" value="com.fit.admin.trainerProfilePage.TrainerProfileTests"/>
                <label name="testMethod" value="updateStreetName"/>
                <label name="host" value="DESKTOP-OH5VSFP"/>
                <label name="thread" value="18024@DESKTOP-OH5VSFP.main(1)"/>
            </labels>
        </test-case>
        <test-case start="1598196888440" stop="1598196888934" status="passed">
            <name>updateStreetNo</name>
            <steps>
                <step start="1598196888440" stop="1598196888807" status="passed">
                    <name>checkPage</name>
                    <title>Check Page</title>
                    <attachments>
                        <attachment title="Screenshot" source="d14c0556-1b2b-44ba-b61f-851545195c32-attachment.png" type="image/png"/>
                    </attachments>
                    <steps/>
                </step>
                <step start="1598196888807" stop="1598196888933" status="passed">
                    <name>updateStreetNo[1]</name>
                    <title>Update Street No.</title>
                    <attachments/>
                    <steps/>
                </step>
            </steps>
            <attachments/>
            <labels>
                <label name="testSuite" value="All Test Suite"/>
                <label name="testGroup" value="F:/Workspace/FitCrowd/src/test/java/com/fit/loginPage/LoginPageTests.java"/>
                <label name="testClass" value="com.fit.admin.trainerProfilePage.TrainerProfileTests"/>
                <label name="testMethod" value="updateStreetNo"/>
                <label name="host" value="DESKTOP-OH5VSFP"/>
                <label name="thread" value="18024@DESKTOP-OH5VSFP.main(1)"/>
            </labels>
        </test-case>
        <test-case start="1598196888934" stop="1598196889517" status="passed">
            <name>updateDescription</name>
            <steps>
                <step start="1598196888935" stop="1598196889332" status="passed">
                    <name>checkPage</name>
                    <title>Check Page</title>
                    <attachments>
                        <attachment title="Screenshot" source="57a05baf-60db-46ea-b851-ad7050be4030-attachment.png" type="image/png"/>
                    </attachments>
                    <steps/>
                </step>
                <step start="1598196889332" stop="1598196889517" status="passed">
                    <name>updateDescription[TestDescription]</name>
                    <title>Update Description</title>
                    <attachments/>
                    <steps/>
                </step>
            </steps>
            <attachments/>
            <labels>
                <label name="testSuite" value="All Test Suite"/>
                <label name="testGroup" value="F:/Workspace/FitCrowd/src/test/java/com/fit/loginPage/LoginPageTests.java"/>
                <label name="testClass" value="com.fit.admin.trainerProfilePage.TrainerProfileTests"/>
                <label name="testMethod" value="updateDescription"/>
                <label name="host" value="DESKTOP-OH5VSFP"/>
                <label name="thread" value="18024@DESKTOP-OH5VSFP.main(1)"/>
            </labels>
        </test-case>
        <test-case start="1598196889519" stop="1598196890170" status="passed">
            <name>addAccreditation</name>
            <steps>
                <step start="1598196889519" stop="1598196889891" status="passed">
                    <name>checkPage</name>
                    <title>Check Page</title>
                    <attachments>
                        <attachment title="Screenshot" source="8b9871d9-d1e4-496b-b3d0-cfc1031cf857-attachment.png" type="image/png"/>
                    </attachments>
                    <steps/>
                </step>
                <step start="1598196889891" stop="1598196890098" status="passed">
                    <name>insertAccreditation[TestAccreditation]</name>
                    <title>Insert Accreditation</title>
                    <attachments/>
                    <steps/>
                </step>
                <step start="1598196890098" stop="1598196890169" status="passed">
                    <name>addAccreditation</name>
                    <title>Add Accreditation</title>
                    <attachments/>
                    <steps/>
                </step>
            </steps>
            <attachments/>
            <labels>
                <label name="testSuite" value="All Test Suite"/>
                <label name="testGroup" value="F:/Workspace/FitCrowd/src/test/java/com/fit/loginPage/LoginPageTests.java"/>
                <label name="testClass" value="com.fit.admin.trainerProfilePage.TrainerProfileTests"/>
                <label name="testMethod" value="addAccreditation"/>
                <label name="host" value="DESKTOP-OH5VSFP"/>
                <label name="thread" value="18024@DESKTOP-OH5VSFP.main(1)"/>
            </labels>
        </test-case>
        <test-case start="1598196890171" stop="1598196891258" status="passed">
            <name>updateTrainerProfile</name>
            <steps>
                <step start="1598196890172" stop="1598196890557" status="passed">
                    <name>checkPage</name>
                    <title>Check Page</title>
                    <attachments>
                        <attachment title="Screenshot" source="1653c20b-e88a-43ad-bff0-d985aae196a7-attachment.png" type="image/png"/>
                    </attachments>
                    <steps/>
                </step>
                <step start="1598196890557" stop="1598196890645" status="passed">
                    <name>updateTrainerProfile</name>
                    <title>Update Trainer Profile</title>
                    <attachments/>
                    <steps/>
                </step>
                <step start="1598196890646" stop="1598196891252" status="passed">
                    <name>getAlertMessage</name>
                    <title>Get Alert Message</title>
                    <attachments/>
                    <steps/>
                </step>
            </steps>
            <attachments/>
            <labels>
                <label name="testSuite" value="All Test Suite"/>
                <label name="testGroup" value="F:/Workspace/FitCrowd/src/test/java/com/fit/loginPage/LoginPageTests.java"/>
                <label name="testClass" value="com.fit.admin.trainerProfilePage.TrainerProfileTests"/>
                <label name="testMethod" value="updateTrainerProfile"/>
                <label name="host" value="DESKTOP-OH5VSFP"/>
                <label name="thread" value="18024@DESKTOP-OH5VSFP.main(1)"/>
            </labels>
        </test-case>
        <test-case start="1598196891259" stop="1598196891873" status="broken">
            <name>confirmUpdateProfile</name>
            <failure>
                <message>NoSuchElementException: no such element: Unable to locate element: {"method":"css selector","selector":"input[name=firstName]"}
  (Session info: chrome=84.0.4147.135)
For documentation on this error, please visit: https://www.seleniumhq.org/exceptions/no_such_element.html
Build info: version: '3.141.59', revision: 'e82be7d358', time: '2018-11-14T08:17:03'
System info: host: 'DESKTOP-OH5VSFP', ip: '192.168.0.161', os.name: 'Windows 10', os.arch: 'amd64', os.version: '10.0', java.version: '1.8.0_261'
Driver info: org.openqa.selenium.remote.RemoteWebDriver
Capabilities {acceptInsecureCerts: false, browserName: chrome, browserVersion: 84.0.4147.135, chrome: {chromedriverVersion: 84.0.4147.30 (48b3e868b4cc0..., userDataDir: C:\Users\iurie\AppData\Loca...}, goog:chromeOptions: {debuggerAddress: localhost:51442}, javascriptEnabled: true, networkConnectionEnabled: false, pageLoadStrategy: normal, platform: WINDOWS, platformName: WINDOWS, proxy: Proxy(), setWindowRect: true, strictFileInteractability: false, timeouts: {implicit: 0, pageLoad: 300000, script: 30000}, unhandledPromptBehavior: dismiss and notify, webauthn:virtualAuthenticators: true, webdriver.remote.sessionid: cec3491661f208a1e8f816982ae...}
Session ID: cec3491661f208a1e8f816982ae420cf
*** Element info: {Using=css selector, value=input[name=firstName]}</message>
                <stack-trace>org.openqa.selenium.NoSuchElementException: no such element: Unable to locate element: {"method":"css selector","selector":"input[name=firstName]"}
  (Session info: chrome=84.0.4147.135)
For documentation on this error, please visit: https://www.seleniumhq.org/exceptions/no_such_element.html
Build info: version: '3.141.59', revision: 'e82be7d358', time: '2018-11-14T08:17:03'
System info: host: 'DESKTOP-OH5VSFP', ip: '192.168.0.161', os.name: 'Windows 10', os.arch: 'amd64', os.version: '10.0', java.version: '1.8.0_261'
Driver info: org.openqa.selenium.remote.RemoteWebDriver
Capabilities {acceptInsecureCerts: false, browserName: chrome, browserVersion: 84.0.4147.135, chrome: {chromedriverVersion: 84.0.4147.30 (48b3e868b4cc0..., userDataDir: C:\Users\iurie\AppData\Loca...}, goog:chromeOptions: {debuggerAddress: localhost:51442}, javascriptEnabled: true, networkConnectionEnabled: false, pageLoadStrategy: normal, platform: WINDOWS, platformName: WINDOWS, proxy: Proxy(), setWindowRect: true, strictFileInteractability: false, timeouts: {implicit: 0, pageLoad: 300000, script: 30000}, unhandledPromptBehavior: dismiss and notify, webauthn:virtualAuthenticators: true, webdriver.remote.sessionid: cec3491661f208a1e8f816982ae...}
Session ID: cec3491661f208a1e8f816982ae420cf
*** Element info: {Using=css selector, value=input[name=firstName]}
	at sun.reflect.NativeConstructorAccessorImpl.newInstance0(Native Method)
	at sun.reflect.NativeConstructorAccessorImpl.newInstance(NativeConstructorAccessorImpl.java:62)
	at sun.reflect.DelegatingConstructorAccessorImpl.newInstance(DelegatingConstructorAccessorImpl.java:45)
	at java.lang.reflect.Constructor.newInstance(Constructor.java:423)
	at org.openqa.selenium.remote.http.W3CHttpResponseCodec.createException(W3CHttpResponseCodec.java:187)
	at org.openqa.selenium.remote.http.W3CHttpResponseCodec.decode(W3CHttpResponseCodec.java:122)
	at org.openqa.selenium.remote.http.W3CHttpResponseCodec.decode(W3CHttpResponseCodec.java:49)
	at org.openqa.selenium.remote.HttpCommandExecutor.execute(HttpCommandExecutor.java:158)
	at org.openqa.selenium.remote.RemoteWebDriver.execute(RemoteWebDriver.java:552)
	at org.openqa.selenium.remote.RemoteWebDriver.findElement(RemoteWebDriver.java:323)
	at org.openqa.selenium.remote.RemoteWebDriver.findElementByCssSelector(RemoteWebDriver.java:420)
	at org.openqa.selenium.By$ByCssSelector.findElement(By.java:431)
	at org.openqa.selenium.remote.RemoteWebDriver.findElement(RemoteWebDriver.java:315)
	at com.fit.admin.trainerProfilePage.TrainerProfile.confirmUpdate(TrainerProfile.java:163)
	at com.fit.admin.trainerProfilePage.TrainerProfileTests.confirmUpdateProfile(TrainerProfileTests.java:110)
	at sun.reflect.NativeMethodAccessorImpl.invoke0(Native Method)
	at sun.reflect.NativeMethodAccessorImpl.invoke(NativeMethodAccessorImpl.java:62)
	at sun.reflect.DelegatingMethodAccessorImpl.invoke(DelegatingMethodAccessorImpl.java:43)
	at java.lang.reflect.Method.invoke(Method.java:498)
	at org.testng.internal.MethodInvocationHelper.invokeMethod(MethodInvocationHelper.java:85)
	at org.testng.internal.Invoker.invokeMethod(Invoker.java:696)
	at org.testng.internal.Invoker.invokeTestMethod(Invoker.java:882)
	at org.testng.internal.Invoker.invokeTestMethods(Invoker.java:1189)
	at org.testng.internal.TestMethodWorker.invokeTestMethods(TestMethodWorker.java:124)
	at org.testng.internal.TestMethodWorker.run(TestMethodWorker.java:108)
	at org.testng.TestRunner.privateRun(TestRunner.java:767)
	at org.testng.TestRunner.run(TestRunner.java:617)
	at org.testng.SuiteRunner.runTest(SuiteRunner.java:348)
	at org.testng.SuiteRunner.runSequentially(SuiteRunner.java:343)
	at org.testng.SuiteRunner.privateRun(SuiteRunner.java:305)
	at org.testng.SuiteRunner.run(SuiteRunner.java:254)
	at org.testng.SuiteRunnerWorker.runSuite(SuiteRunnerWorker.java:52)
	at org.testng.SuiteRunnerWorker.run(SuiteRunnerWorker.java:86)
	at org.testng.TestNG.runSuitesSequentially(TestNG.java:1224)
	at org.testng.TestNG.runSuitesLocally(TestNG.java:1149)
	at org.testng.TestNG.run(TestNG.java:1057)
	at com.intellij.rt.testng.IDEARemoteTestNG.run(IDEARemoteTestNG.java:66)
	at com.intellij.rt.testng.RemoteTestNGStarter.main(RemoteTestNGStarter.java:110)
</stack-trace>
            </failure>
            <steps>
                <step start="1598196891259" stop="1598196891658" status="passed">
                    <name>checkPage</name>
                    <title>Check Page</title>
                    <attachments>
                        <attachment title="Screenshot" source="30639265-ff25-4bd3-97fc-6a412b1bca8f-attachment.png" type="image/png"/>
                    </attachments>
                </step>
                <step start="1598196891658" stop="1598196891846" status="broken">
                    <name>confirmUpdate</name>
                </step>
            </steps>
            <attachments/>
            <labels>
                <label name="testSuite" value="All Test Suite"/>
                <label name="testGroup" value="F:/Workspace/FitCrowd/src/test/java/com/fit/loginPage/LoginPageTests.java"/>
                <label name="testClass" value="com.fit.admin.trainerProfilePage.TrainerProfileTests"/>
                <label name="testMethod" value="confirmUpdateProfile"/>
                <label name="host" value="DESKTOP-OH5VSFP"/>
                <label name="thread" value="18024@DESKTOP-OH5VSFP.main(1)"/>
            </labels>
        </test-case>
    </test-cases>
    <labels>
        <label name="framework" value="TestNG"/>
        <label name="language" value="JAVA"/>
    </labels>
</ns2:test-suite>
