<?xml version="1.0" encoding="UTF-8" standalone="yes"?>
<ns2:test-suite start="1597132566062" stop="1597132674846" version="1.5.4" xmlns:ns2="urn:model.allure.qatools.yandex.ru">
    <name>All Test Suite : F:/Workspace/FitCrowd/src/test/java/com/fit/loginPage/LoginPageTests.java</name>
    <title>All Test Suite : F:/Workspace/FitCrowd/src/test/java/com/fit/loginPage/LoginPageTests.java</title>
    <test-cases>
        <test-case start="1597132575305" stop="1597132578130" status="passed">
            <name>validCredentials</name>
            <steps>
                <step start="1597132575352" stop="1597132575957" status="passed">
                    <name>checkPage</name>
                    <title>Check page</title>
                    <attachments>
                        <attachment title="Screenshot" source="a43d48cf-6ecb-4d7e-836b-e78760778068-attachment.png" type="image/png"/>
                    </attachments>
                    <steps/>
                </step>
                <step start="1597132575959" stop="1597132576646" status="passed">
                    <name>setEmail[iuriet.denis@gmail.com]</name>
                    <title>Set Email</title>
                    <attachments>
                        <attachment title="Screenshot" source="d44709ca-ea93-49fa-8f9a-c8929713c930-attachment.png" type="image/png"/>
                    </attachments>
                    <steps/>
                </step>
                <step start="1597132576648" stop="1597132577266" status="passed">
                    <name>setPassword[abcd1234]</name>
                    <title>Set Password</title>
                    <attachments>
                        <attachment title="Screenshot" source="8ed361d8-4eb7-4081-a004-8b6163d8ecd5-attachment.png" type="image/png"/>
                    </attachments>
                    <steps/>
                </step>
                <step start="1597132577268" stop="1597132578120" status="passed">
                    <name>successfulLogin</name>
                    <title>Check successful login</title>
                    <attachments>
                        <attachment title="Screenshot" source="e024971d-56ad-4aec-b23c-c0089fbeb407-attachment.png" type="image/png"/>
                    </attachments>
                    <steps/>
                </step>
            </steps>
            <attachments/>
            <labels>
                <label name="testSuite" value="All Test Suite"/>
                <label name="testGroup" value="F:/Workspace/FitCrowd/src/test/java/com/fit/loginPage/LoginPageTests.java"/>
                <label name="testClass" value="com.fit.loginPage.LoginPageTests"/>
                <label name="testMethod" value="validCredentials"/>
                <label name="host" value="DESKTOP-OH5VSFP"/>
                <label name="thread" value="17712@DESKTOP-OH5VSFP.main(1)"/>
            </labels>
        </test-case>
        <test-case start="1597132579617" stop="1597132674961" status="broken">
            <name>deleteClass</name>
            <failure>
                <message>Test was interrupted</message>
            </failure>
            <steps>
                <step start="1597132578202" stop="1597132578203" status="passed">
                    <name>setFile</name>
                </step>
                <step start="1597132579621" stop="1597132580394" status="passed">
                    <name>checkPage</name>
                    <title>Check Page</title>
                    <attachments>
                        <attachment title="Screenshot" source="363823d6-2c2d-40c2-b8b9-23394b24875c-attachment.png" type="image/png"/>
                    </attachments>
                </step>
                <step start="1597132593354" stop="1597132674960" status="passed">
                    <name>deleteClass[Test01]</name>
                    <title>Delete class</title>
                </step>
            </steps>
            <attachments/>
            <labels>
                <label name="testSuite" value="All Test Suite"/>
                <label name="testGroup" value="F:/Workspace/FitCrowd/src/test/java/com/fit/loginPage/LoginPageTests.java"/>
                <label name="testClass" value="com.fit.classesPage.ClassesPageTests"/>
                <label name="testMethod" value="deleteClass"/>
                <label name="host" value="DESKTOP-OH5VSFP"/>
                <label name="thread" value="17712@DESKTOP-OH5VSFP.main(1)"/>
            </labels>
        </test-case>
        <test-case start="1597132566062" stop="1597132674843" status="broken">
            <name>All Test Suite : F:/Workspace/FitCrowd/src/test/java/com/fit/loginPage/LoginPageTests.java</name>
            <title>All Test Suite : F:/Workspace/FitCrowd/src/test/java/com/fit/loginPage/LoginPageTests.java</title>
            <failure>
                <message>Test suite was interrupted, some test cases may be lost</message>
            </failure>
        </test-case>
    </test-cases>
    <labels>
        <label name="framework" value="TestNG"/>
        <label name="language" value="JAVA"/>
    </labels>
</ns2:test-suite>
