<?xml version="1.0" encoding="UTF-8" standalone="yes"?>
<ns2:test-suite start="1596714587445" stop="1596714632484" version="1.5.4" xmlns:ns2="urn:model.allure.qatools.yandex.ru">
    <name>Default Suite : FitCrowd</name>
    <title>Default Suite : FitCrowd</title>
    <test-cases>
        <test-case start="1596714594031" stop="1596714595993" status="passed">
            <name>invalidCredentials</name>
            <steps>
                <step start="1596714594067" stop="1596714594525" status="passed">
                    <name>checkPage</name>
                    <title>Check page</title>
                    <attachments>
                        <attachment title="Screenshot" source="45d738b0-5bec-44be-b6c3-a24e59852d08-attachment.png" type="image/png"/>
                    </attachments>
                    <steps/>
                </step>
                <step start="1596714594525" stop="1596714595050" status="passed">
                    <name>setEmail[abc@gmail.com]</name>
                    <title>Set Email</title>
                    <attachments>
                        <attachment title="Screenshot" source="a0e16d92-3561-49f1-998b-9406a8d798ab-attachment.png" type="image/png"/>
                    </attachments>
                    <steps/>
                </step>
                <step start="1596714595050" stop="1596714595491" status="passed">
                    <name>setPassword[abcd1234]</name>
                    <title>Set Password</title>
                    <attachments>
                        <attachment title="Screenshot" source="174692be-b36c-41a2-9403-5c4c3166e079-attachment.png" type="image/png"/>
                    </attachments>
                    <steps/>
                </step>
                <step start="1596714595491" stop="1596714595877" status="passed">
                    <name>failedLogin</name>
                    <title>Check failed login</title>
                    <attachments>
                        <attachment title="Screenshot" source="08220df0-75d8-43b0-ae36-59f7c99f32b4-attachment.png" type="image/png"/>
                    </attachments>
                    <steps/>
                </step>
                <step start="1596714595955" stop="1596714595993" status="passed">
                    <name>getLoginErrorMessage</name>
                    <title>Get login error message</title>
                    <attachments/>
                    <steps/>
                </step>
            </steps>
            <attachments/>
            <labels>
                <label name="testSuite" value="Default Suite"/>
                <label name="testGroup" value="FitCrowd"/>
                <label name="testClass" value="com.fit.loginPage.LoginPageTests"/>
                <label name="testMethod" value="invalidCredentials"/>
                <label name="host" value="DESKTOP-OH5VSFP"/>
                <label name="thread" value="5648@DESKTOP-OH5VSFP.main(1)"/>
            </labels>
        </test-case>
        <test-case start="1596714596478" stop="1596714597581" status="passed">
            <name>invalidEmail</name>
            <steps>
                <step start="1596714596483" stop="1596714597042" status="passed">
                    <name>checkPage</name>
                    <title>Check page</title>
                    <attachments>
                        <attachment title="Screenshot" source="f78c6800-ccca-426b-a5ac-968d239d97f6-attachment.png" type="image/png"/>
                    </attachments>
                    <steps/>
                </step>
                <step start="1596714597042" stop="1596714597446" status="passed">
                    <name>setEmail[abc]</name>
                    <title>Set Email</title>
                    <attachments>
                        <attachment title="Screenshot" source="c5e4a5f0-7b3f-4a37-9c84-46eb0353a0dc-attachment.png" type="image/png"/>
                    </attachments>
                    <steps/>
                </step>
                <step start="1596714597518" stop="1596714597581" status="passed">
                    <name>getCredentialsErrorMessage</name>
                    <title>Get credentials error message</title>
                    <attachments/>
                    <steps/>
                </step>
            </steps>
            <attachments/>
            <labels>
                <label name="testSuite" value="Default Suite"/>
                <label name="testGroup" value="FitCrowd"/>
                <label name="testClass" value="com.fit.loginPage.LoginPageTests"/>
                <label name="testMethod" value="invalidEmail"/>
                <label name="host" value="DESKTOP-OH5VSFP"/>
                <label name="thread" value="5648@DESKTOP-OH5VSFP.main(1)"/>
            </labels>
        </test-case>
        <test-case start="1596714597974" stop="1596714598937" status="passed">
            <name>invalidPassword</name>
            <steps>
                <step start="1596714597975" stop="1596714598431" status="passed">
                    <name>checkPage</name>
                    <title>Check page</title>
                    <attachments>
                        <attachment title="Screenshot" source="45d9786f-a6e1-4a4a-8496-b6ff40cb491a-attachment.png" type="image/png"/>
                    </attachments>
                    <steps/>
                </step>
                <step start="1596714598431" stop="1596714598845" status="passed">
                    <name>setPassword[123]</name>
                    <title>Set Password</title>
                    <attachments>
                        <attachment title="Screenshot" source="2c9b08b1-4e26-4ab3-8dfa-9f97ff9657ce-attachment.png" type="image/png"/>
                    </attachments>
                    <steps/>
                </step>
                <step start="1596714598896" stop="1596714598937" status="passed">
                    <name>getCredentialsErrorMessage</name>
                    <title>Get credentials error message</title>
                    <attachments/>
                    <steps/>
                </step>
            </steps>
            <attachments/>
            <labels>
                <label name="testSuite" value="Default Suite"/>
                <label name="testGroup" value="FitCrowd"/>
                <label name="testClass" value="com.fit.loginPage.LoginPageTests"/>
                <label name="testMethod" value="invalidPassword"/>
                <label name="host" value="DESKTOP-OH5VSFP"/>
                <label name="thread" value="5648@DESKTOP-OH5VSFP.main(1)"/>
            </labels>
        </test-case>
        <test-case start="1596714599453" stop="1596714630118" status="broken">
            <name>missingCredentials</name>
            <failure>
                <message>TimeoutException: Expected condition failed: waiting for visibility of element located by By.cssSelector: #error (tried for 30 second(s) with 500 milliseconds interval)
Build info: version: '3.141.59', revision: 'e82be7d358', time: '2018-11-14T08:17:03'
System info: host: 'DESKTOP-OH5VSFP', ip: '192.168.0.161', os.name: 'Windows 10', os.arch: 'amd64', os.version: '10.0', java.version: '1.8.0_261'
Driver info: org.openqa.selenium.remote.RemoteWebDriver
Capabilities {acceptInsecureCerts: false, browserName: chrome, browserVersion: 84.0.4147.105, chrome: {chromedriverVersion: 84.0.4147.30 (48b3e868b4cc0..., userDataDir: C:\Users\iurie\AppData\Loca...}, goog:chromeOptions: {debuggerAddress: localhost:63937}, javascriptEnabled: true, networkConnectionEnabled: false, pageLoadStrategy: normal, platform: WINDOWS, platformName: WINDOWS, proxy: Proxy(), setWindowRect: true, strictFileInteractability: false, timeouts: {implicit: 0, pageLoad: 300000, script: 30000}, unhandledPromptBehavior: dismiss and notify, webauthn:virtualAuthenticators: true, webdriver.remote.sessionid: cdbfb1d6054f9c80ede5ba2754c...}
Session ID: cdbfb1d6054f9c80ede5ba2754c21c56</message>
                <stack-trace>org.openqa.selenium.TimeoutException: Expected condition failed: waiting for visibility of element located by By.cssSelector: #error (tried for 30 second(s) with 500 milliseconds interval)
Build info: version: '3.141.59', revision: 'e82be7d358', time: '2018-11-14T08:17:03'
System info: host: 'DESKTOP-OH5VSFP', ip: '192.168.0.161', os.name: 'Windows 10', os.arch: 'amd64', os.version: '10.0', java.version: '1.8.0_261'
Driver info: org.openqa.selenium.remote.RemoteWebDriver
Capabilities {acceptInsecureCerts: false, browserName: chrome, browserVersion: 84.0.4147.105, chrome: {chromedriverVersion: 84.0.4147.30 (48b3e868b4cc0..., userDataDir: C:\Users\iurie\AppData\Loca...}, goog:chromeOptions: {debuggerAddress: localhost:63937}, javascriptEnabled: true, networkConnectionEnabled: false, pageLoadStrategy: normal, platform: WINDOWS, platformName: WINDOWS, proxy: Proxy(), setWindowRect: true, strictFileInteractability: false, timeouts: {implicit: 0, pageLoad: 300000, script: 30000}, unhandledPromptBehavior: dismiss and notify, webauthn:virtualAuthenticators: true, webdriver.remote.sessionid: cdbfb1d6054f9c80ede5ba2754c...}
Session ID: cdbfb1d6054f9c80ede5ba2754c21c56
	at org.openqa.selenium.support.ui.WebDriverWait.timeoutException(WebDriverWait.java:95)
	at org.openqa.selenium.support.ui.FluentWait.until(FluentWait.java:272)
	at com.fit.loginPage.LoginPageTests.missingCredentials(LoginPageTests.java:39)
	at sun.reflect.NativeMethodAccessorImpl.invoke0(Native Method)
	at sun.reflect.NativeMethodAccessorImpl.invoke(NativeMethodAccessorImpl.java:62)
	at sun.reflect.DelegatingMethodAccessorImpl.invoke(DelegatingMethodAccessorImpl.java:43)
	at java.lang.reflect.Method.invoke(Method.java:498)
	at org.testng.internal.MethodInvocationHelper.invokeMethod(MethodInvocationHelper.java:85)
	at org.testng.internal.Invoker.invokeMethod(Invoker.java:696)
	at org.testng.internal.Invoker.invokeTestMethod(Invoker.java:882)
	at org.testng.internal.Invoker.invokeTestMethods(Invoker.java:1189)
	at org.testng.internal.TestMethodWorker.invokeTestMethods(TestMethodWorker.java:124)
	at org.testng.internal.TestMethodWorker.run(TestMethodWorker.java:108)
	at org.testng.TestRunner.privateRun(TestRunner.java:767)
	at org.testng.TestRunner.run(TestRunner.java:617)
	at org.testng.SuiteRunner.runTest(SuiteRunner.java:348)
	at org.testng.SuiteRunner.runSequentially(SuiteRunner.java:343)
	at org.testng.SuiteRunner.privateRun(SuiteRunner.java:305)
	at org.testng.SuiteRunner.run(SuiteRunner.java:254)
	at org.testng.SuiteRunnerWorker.runSuite(SuiteRunnerWorker.java:52)
	at org.testng.SuiteRunnerWorker.run(SuiteRunnerWorker.java:86)
	at org.testng.TestNG.runSuitesSequentially(TestNG.java:1224)
	at org.testng.TestNG.runSuitesLocally(TestNG.java:1149)
	at org.testng.TestNG.run(TestNG.java:1057)
	at com.intellij.rt.testng.IDEARemoteTestNG.run(IDEARemoteTestNG.java:66)
	at com.intellij.rt.testng.RemoteTestNGStarter.main(RemoteTestNGStarter.java:110)
</stack-trace>
            </failure>
            <steps>
                <step start="1596714599457" stop="1596714599835" status="passed">
                    <name>checkPage</name>
                    <title>Check page</title>
                    <attachments>
                        <attachment title="Screenshot" source="d8e6aabb-2cac-463d-8daa-3d37fa858b5b-attachment.png" type="image/png"/>
                    </attachments>
                </step>
            </steps>
            <attachments/>
            <labels>
                <label name="testSuite" value="Default Suite"/>
                <label name="testGroup" value="FitCrowd"/>
                <label name="testClass" value="com.fit.loginPage.LoginPageTests"/>
                <label name="testMethod" value="missingCredentials"/>
                <label name="host" value="DESKTOP-OH5VSFP"/>
                <label name="thread" value="5648@DESKTOP-OH5VSFP.main(1)"/>
            </labels>
        </test-case>
        <test-case start="1596714630424" stop="1596714632414" status="passed">
            <name>validCredentials</name>
            <steps>
                <step start="1596714630426" stop="1596714631019" status="passed">
                    <name>checkPage</name>
                    <title>Check page</title>
                    <attachments>
                        <attachment title="Screenshot" source="e80b24cc-e740-4b3e-b2fe-5b5b20574fe4-attachment.png" type="image/png"/>
                    </attachments>
                    <steps/>
                </step>
                <step start="1596714631019" stop="1596714631550" status="passed">
                    <name>setEmail[iuriet.denis@gmail.com]</name>
                    <title>Set Email</title>
                    <attachments>
                        <attachment title="Screenshot" source="8829afd6-21a4-4ab4-bcc2-c75681af8f2b-attachment.png" type="image/png"/>
                    </attachments>
                    <steps/>
                </step>
                <step start="1596714631550" stop="1596714631968" status="passed">
                    <name>setPassword[abcd1234]</name>
                    <title>Set Password</title>
                    <attachments>
                        <attachment title="Screenshot" source="ddec9cfb-5b22-4ffa-b14f-0538eaefbc76-attachment.png" type="image/png"/>
                    </attachments>
                    <steps/>
                </step>
                <step start="1596714631968" stop="1596714632413" status="passed">
                    <name>successfulLogin</name>
                    <title>Check successful login</title>
                    <attachments>
                        <attachment title="Screenshot" source="39145fe9-ff7d-491d-884e-303b771cffc1-attachment.png" type="image/png"/>
                    </attachments>
                    <steps/>
                </step>
            </steps>
            <attachments/>
            <labels>
                <label name="testSuite" value="Default Suite"/>
                <label name="testGroup" value="FitCrowd"/>
                <label name="testClass" value="com.fit.loginPage.LoginPageTests"/>
                <label name="testMethod" value="validCredentials"/>
                <label name="host" value="DESKTOP-OH5VSFP"/>
                <label name="thread" value="5648@DESKTOP-OH5VSFP.main(1)"/>
            </labels>
        </test-case>
    </test-cases>
    <labels>
        <label name="framework" value="TestNG"/>
        <label name="language" value="JAVA"/>
    </labels>
</ns2:test-suite>
