<?xml version="1.0" encoding="UTF-8" standalone="yes"?>
<ns2:test-suite start="1597922382606" stop="1597922398540" version="1.5.4" xmlns:ns2="urn:model.allure.qatools.yandex.ru">
    <name>All Test Suite : F:/Workspace/FitCrowd/src/test/java/com/fit/loginPage/LoginPageTests.java</name>
    <title>All Test Suite : F:/Workspace/FitCrowd/src/test/java/com/fit/loginPage/LoginPageTests.java</title>
    <test-cases>
        <test-case start="1597922388785" stop="1597922391370" status="passed">
            <name>validGymCode</name>
            <steps>
                <step start="1597922388857" stop="1597922389580" status="passed">
                    <name>checkPage</name>
                    <title>Check Page</title>
                    <attachments>
                        <attachment title="Screenshot" source="61514114-bea6-4e3d-ab4c-af5492d09360-attachment.png" type="image/png"/>
                    </attachments>
                    <steps/>
                </step>
                <step start="1597922389582" stop="1597922389726" status="passed">
                    <name>setGymCode[18GYM]</name>
                    <title>Set Gym Code</title>
                    <attachments/>
                    <steps/>
                </step>
                <step start="1597922389727" stop="1597922391366" status="passed">
                    <name>successfulLogin</name>
                    <title>Successful login</title>
                    <attachments/>
                    <steps/>
                </step>
            </steps>
            <attachments/>
            <labels>
                <label name="testSuite" value="All Test Suite"/>
                <label name="testGroup" value="F:/Workspace/FitCrowd/src/test/java/com/fit/loginPage/LoginPageTests.java"/>
                <label name="testClass" value="com.fit.client.verifyGym.VerifyGymTests"/>
                <label name="testMethod" value="validGymCode"/>
                <label name="host" value="DESKTOP-OH5VSFP"/>
                <label name="thread" value="16588@DESKTOP-OH5VSFP.main(1)"/>
            </labels>
        </test-case>
        <test-case start="1597922391869" stop="1597922393069" status="passed">
            <name>validCredentials</name>
            <steps>
                <step start="1597922391873" stop="1597922392266" status="passed">
                    <name>checkPage</name>
                    <title>Check page</title>
                    <attachments>
                        <attachment title="Screenshot" source="f80fdae6-19d7-4a9e-ac12-88a795bea57b-attachment.png" type="image/png"/>
                    </attachments>
                    <steps/>
                </step>
                <step start="1597922392267" stop="1597922392412" status="passed">
                    <name>setEmail[denis.yonutz98@gmail.com]</name>
                    <title>Set Email</title>
                    <attachments/>
                    <steps/>
                </step>
                <step start="1597922392412" stop="1597922392500" status="passed">
                    <name>setPassword[abcd4321]</name>
                    <title>Set Password</title>
                    <attachments/>
                    <steps/>
                </step>
                <step start="1597922392501" stop="1597922393069" status="passed">
                    <name>successfulLogin</name>
                    <title>Successful Login</title>
                    <attachments/>
                    <steps/>
                </step>
            </steps>
            <attachments/>
            <labels>
                <label name="testSuite" value="All Test Suite"/>
                <label name="testGroup" value="F:/Workspace/FitCrowd/src/test/java/com/fit/loginPage/LoginPageTests.java"/>
                <label name="testClass" value="com.fit.client.login.LoginPageTests"/>
                <label name="testMethod" value="validCredentials"/>
                <label name="host" value="DESKTOP-OH5VSFP"/>
                <label name="thread" value="16588@DESKTOP-OH5VSFP.main(1)"/>
            </labels>
        </test-case>
        <test-case start="1597922393253" stop="1597922394150" status="passed">
            <name>selectDate</name>
            <steps>
                <step start="1597922393257" stop="1597922393995" status="passed">
                    <name>checkPage</name>
                    <title>Check Page</title>
                    <attachments>
                        <attachment title="Screenshot" source="000db1ed-bad7-4dd0-9dca-f72ffaa127aa-attachment.png" type="image/png"/>
                    </attachments>
                    <steps/>
                </step>
                <step start="1597922393996" stop="1597922394103" status="passed">
                    <name>dayView</name>
                    <title>View Classes/Day</title>
                    <attachments/>
                    <steps/>
                </step>
                <step start="1597922394107" stop="1597922394149" status="passed">
                    <name>selectDate[8, 20]</name>
                    <title>Get calendar date</title>
                    <attachments/>
                    <steps/>
                </step>
            </steps>
            <attachments/>
            <labels>
                <label name="testSuite" value="All Test Suite"/>
                <label name="testGroup" value="F:/Workspace/FitCrowd/src/test/java/com/fit/loginPage/LoginPageTests.java"/>
                <label name="testClass" value="com.fit.client.schedule.SchedulePageTests"/>
                <label name="testMethod" value="selectDate"/>
                <label name="host" value="DESKTOP-OH5VSFP"/>
                <label name="thread" value="16588@DESKTOP-OH5VSFP.main(1)"/>
            </labels>
        </test-case>
        <test-case start="1597922394152" stop="1597922397589" status="passed">
            <name>bookClass</name>
            <steps>
                <step start="1597922394153" stop="1597922394563" status="passed">
                    <name>checkPage</name>
                    <title>Check Page</title>
                    <attachments>
                        <attachment title="Screenshot" source="329dcc18-bbf0-4e3c-99b5-b366cbdf2324-attachment.png" type="image/png"/>
                    </attachments>
                    <steps/>
                </step>
                <step start="1597922394564" stop="1597922397588" status="passed">
                    <name>bookClass</name>
                    <title>Select class</title>
                    <attachments/>
                    <steps>
                        <step start="1597922394854" stop="1597922394954" status="passed">
                            <name>checkNoOfParticipants</name>
                            <title>Check no. of participants</title>
                            <attachments/>
                            <steps/>
                        </step>
                        <step start="1597922394957" stop="1597922394999" status="passed">
                            <name>checkReservations</name>
                            <title>Check Reservations</title>
                            <attachments/>
                            <steps/>
                        </step>
                        <step start="1597922395336" stop="1597922395359" status="passed">
                            <name>checkNoOfParticipants</name>
                            <title>Check no. of participants</title>
                            <attachments/>
                            <steps/>
                        </step>
                        <step start="1597922395360" stop="1597922395380" status="passed">
                            <name>checkReservations</name>
                            <title>Check Reservations</title>
                            <attachments/>
                            <steps/>
                        </step>
                        <step start="1597922397064" stop="1597922397092" status="passed">
                            <name>getAlertMessage</name>
                            <title>Get alert message</title>
                            <attachments/>
                            <steps/>
                        </step>
                        <step start="1597922397258" stop="1597922397521" status="passed">
                            <name>getClassDetails</name>
                            <title>Get class details</title>
                            <attachments/>
                            <steps/>
                        </step>
                    </steps>
                </step>
            </steps>
            <attachments/>
            <labels>
                <label name="testSuite" value="All Test Suite"/>
                <label name="testGroup" value="F:/Workspace/FitCrowd/src/test/java/com/fit/loginPage/LoginPageTests.java"/>
                <label name="testClass" value="com.fit.client.schedule.SchedulePageTests"/>
                <label name="testMethod" value="bookClass"/>
                <label name="host" value="DESKTOP-OH5VSFP"/>
                <label name="thread" value="16588@DESKTOP-OH5VSFP.main(1)"/>
            </labels>
        </test-case>
        <test-case start="1597922397590" stop="1597922398534" status="failed">
            <name>attendToOnlineClass</name>
            <failure>
                <message>AssertionError: expected [https://client-dev.fitcrowd.net/onlineClass/eyJlbWFpbCI6IkRlbmlzLnlvbnV0ejk4QGdtYWlsLmNvbSIsInRva2VuIjoiSFQ3R3Z1NHFsbWUiLCJwYXJlbnRDb21wb25lbnQiOiJmaXRjcm93ZCIsImxhbmd1YWdlIjoiZW4ifQ==] but found [https://client-dev.fitcrowd.net/onlineClass/eyJlbWFpbCI6IkRlbmlzLnlvbnV0ejk4QGdtYWlsLmNvbSIsInRva2VuIjoiSFQ1TjFYVjVFUXIiLCJwYXJlbnRDb21wb25lbnQiOiJmaXRjcm93ZCIsImxhbmd1YWdlIjoiZW4ifQ==]</message>
                <stack-trace>java.lang.AssertionError: expected [https://client-dev.fitcrowd.net/onlineClass/eyJlbWFpbCI6IkRlbmlzLnlvbnV0ejk4QGdtYWlsLmNvbSIsInRva2VuIjoiSFQ3R3Z1NHFsbWUiLCJwYXJlbnRDb21wb25lbnQiOiJmaXRjcm93ZCIsImxhbmd1YWdlIjoiZW4ifQ==] but found [https://client-dev.fitcrowd.net/onlineClass/eyJlbWFpbCI6IkRlbmlzLnlvbnV0ejk4QGdtYWlsLmNvbSIsInRva2VuIjoiSFQ1TjFYVjVFUXIiLCJwYXJlbnRDb21wb25lbnQiOiJmaXRjcm93ZCIsImxhbmd1YWdlIjoiZW4ifQ==]
	at org.testng.Assert.fail(Assert.java:94)
	at org.testng.Assert.failNotEquals(Assert.java:494)
	at org.testng.Assert.assertEquals(Assert.java:123)
	at org.testng.Assert.assertEquals(Assert.java:176)
	at org.testng.Assert.assertEquals(Assert.java:186)
	at com.fit.client.schedule.SchedulePage.attendToOnlineClass(SchedulePage.java:165)
	at com.fit.client.schedule.SchedulePageTests.attendToOnlineClass(SchedulePageTests.java:44)
	at sun.reflect.NativeMethodAccessorImpl.invoke0(Native Method)
	at sun.reflect.NativeMethodAccessorImpl.invoke(NativeMethodAccessorImpl.java:62)
	at sun.reflect.DelegatingMethodAccessorImpl.invoke(DelegatingMethodAccessorImpl.java:43)
	at java.lang.reflect.Method.invoke(Method.java:498)
	at org.testng.internal.MethodInvocationHelper.invokeMethod(MethodInvocationHelper.java:85)
	at org.testng.internal.Invoker.invokeMethod(Invoker.java:696)
	at org.testng.internal.Invoker.invokeTestMethod(Invoker.java:882)
	at org.testng.internal.Invoker.invokeTestMethods(Invoker.java:1189)
	at org.testng.internal.TestMethodWorker.invokeTestMethods(TestMethodWorker.java:124)
	at org.testng.internal.TestMethodWorker.run(TestMethodWorker.java:108)
	at org.testng.TestRunner.privateRun(TestRunner.java:767)
	at org.testng.TestRunner.run(TestRunner.java:617)
	at org.testng.SuiteRunner.runTest(SuiteRunner.java:348)
	at org.testng.SuiteRunner.runSequentially(SuiteRunner.java:343)
	at org.testng.SuiteRunner.privateRun(SuiteRunner.java:305)
	at org.testng.SuiteRunner.run(SuiteRunner.java:254)
	at org.testng.SuiteRunnerWorker.runSuite(SuiteRunnerWorker.java:52)
	at org.testng.SuiteRunnerWorker.run(SuiteRunnerWorker.java:86)
	at org.testng.TestNG.runSuitesSequentially(TestNG.java:1224)
	at org.testng.TestNG.runSuitesLocally(TestNG.java:1149)
	at org.testng.TestNG.run(TestNG.java:1057)
	at com.intellij.rt.testng.IDEARemoteTestNG.run(IDEARemoteTestNG.java:66)
	at com.intellij.rt.testng.RemoteTestNGStarter.main(RemoteTestNGStarter.java:110)
</stack-trace>
            </failure>
            <steps>
                <step start="1597922397590" stop="1597922398073" status="passed">
                    <name>checkPage</name>
                    <title>Check Page</title>
                    <attachments>
                        <attachment title="Screenshot" source="a9bed19a-893d-4926-ad34-e52e4452dc45-attachment.png" type="image/png"/>
                    </attachments>
                </step>
                <step start="1597922398074" stop="1597922398493" status="failed">
                    <name>attendToOnlineClass</name>
                    <title>Attend to Online Class</title>
                </step>
            </steps>
            <attachments/>
            <labels>
                <label name="testSuite" value="All Test Suite"/>
                <label name="testGroup" value="F:/Workspace/FitCrowd/src/test/java/com/fit/loginPage/LoginPageTests.java"/>
                <label name="testClass" value="com.fit.client.schedule.SchedulePageTests"/>
                <label name="testMethod" value="attendToOnlineClass"/>
                <label name="host" value="DESKTOP-OH5VSFP"/>
                <label name="thread" value="16588@DESKTOP-OH5VSFP.main(1)"/>
            </labels>
        </test-case>
    </test-cases>
    <labels>
        <label name="framework" value="TestNG"/>
        <label name="language" value="JAVA"/>
    </labels>
</ns2:test-suite>
