<?xml version="1.0" encoding="UTF-8" standalone="yes"?>
<ns2:test-suite start="1598195179490" stop="1598195200402" version="1.5.4" xmlns:ns2="urn:model.allure.qatools.yandex.ru">
    <name>All Test Suite : F:/Workspace/FitCrowd/src/test/java/com/fit/loginPage/LoginPageTests.java</name>
    <title>All Test Suite : F:/Workspace/FitCrowd/src/test/java/com/fit/loginPage/LoginPageTests.java</title>
    <test-cases>
        <test-case start="1598195187489" stop="1598195190624" status="passed">
            <name>validCredentials</name>
            <steps>
                <step start="1598195187526" stop="1598195188091" status="passed">
                    <name>checkPage</name>
                    <title>Check page</title>
                    <attachments>
                        <attachment title="Screenshot" source="fb7b777a-40b9-4a2b-a2cc-74d3fd437618-attachment.png" type="image/png"/>
                    </attachments>
                    <steps/>
                </step>
                <step start="1598195188091" stop="1598195188693" status="passed">
                    <name>setEmail[iuriet.denis@gmail.com]</name>
                    <title>Set Email</title>
                    <attachments>
                        <attachment title="Screenshot" source="3256d820-ef1b-45bd-9e12-899f7cef9047-attachment.png" type="image/png"/>
                    </attachments>
                    <steps/>
                </step>
                <step start="1598195188693" stop="1598195189171" status="passed">
                    <name>setPassword[abcd1234]</name>
                    <title>Set Password</title>
                    <attachments>
                        <attachment title="Screenshot" source="d21621ce-20ac-452d-b40b-5322cab2f8d4-attachment.png" type="image/png"/>
                    </attachments>
                    <steps/>
                </step>
                <step start="1598195189171" stop="1598195190621" status="passed">
                    <name>successfulLogin</name>
                    <title>Check successful login</title>
                    <attachments>
                        <attachment title="Screenshot" source="7455b6b7-480d-488a-aa47-44b7e284e17a-attachment.png" type="image/png"/>
                    </attachments>
                    <steps/>
                </step>
            </steps>
            <attachments/>
            <labels>
                <label name="testSuite" value="All Test Suite"/>
                <label name="testGroup" value="F:/Workspace/FitCrowd/src/test/java/com/fit/loginPage/LoginPageTests.java"/>
                <label name="testClass" value="com.fit.admin.loginPage.LoginPageTests"/>
                <label name="testMethod" value="validCredentials"/>
                <label name="host" value="DESKTOP-OH5VSFP"/>
                <label name="thread" value="21632@DESKTOP-OH5VSFP.main(1)"/>
            </labels>
        </test-case>
        <test-case start="1598195190824" stop="1598195191693" status="passed">
            <name>addImage</name>
            <steps>
                <step start="1598195190826" stop="1598195191693" status="passed">
                    <name>addTrainerImage</name>
                    <title>Add Trainer Image</title>
                    <attachments>
                        <attachment title="Screenshot" source="b1458eb9-946c-42b5-945d-464170ae3cf4-attachment.png" type="image/png"/>
                    </attachments>
                    <steps/>
                </step>
            </steps>
            <attachments/>
            <labels>
                <label name="testSuite" value="All Test Suite"/>
                <label name="testGroup" value="F:/Workspace/FitCrowd/src/test/java/com/fit/loginPage/LoginPageTests.java"/>
                <label name="testClass" value="com.fit.admin.trainerProfilePage.TrainerProfileTests"/>
                <label name="testMethod" value="addImage"/>
                <label name="host" value="DESKTOP-OH5VSFP"/>
                <label name="thread" value="21632@DESKTOP-OH5VSFP.main(1)"/>
            </labels>
        </test-case>
        <test-case start="1598195191693" stop="1598195192529" status="passed">
            <name>updateFirstName</name>
            <steps>
                <step start="1598195191693" stop="1598195192317" status="passed">
                    <name>checkPage</name>
                    <title>Check Page</title>
                    <attachments>
                        <attachment title="Screenshot" source="3fa462d3-e2c0-4740-ac5d-6f0ac6e2ce33-attachment.png" type="image/png"/>
                    </attachments>
                    <steps/>
                </step>
                <step start="1598195192317" stop="1598195192529" status="passed">
                    <name>updateFirstName[Denis]</name>
                    <title>Update First Name</title>
                    <attachments/>
                    <steps/>
                </step>
            </steps>
            <attachments/>
            <labels>
                <label name="testSuite" value="All Test Suite"/>
                <label name="testGroup" value="F:/Workspace/FitCrowd/src/test/java/com/fit/loginPage/LoginPageTests.java"/>
                <label name="testClass" value="com.fit.admin.trainerProfilePage.TrainerProfileTests"/>
                <label name="testMethod" value="updateFirstName"/>
                <label name="host" value="DESKTOP-OH5VSFP"/>
                <label name="thread" value="21632@DESKTOP-OH5VSFP.main(1)"/>
            </labels>
        </test-case>
        <test-case start="1598195192531" stop="1598195193111" status="passed">
            <name>updateLastName</name>
            <steps>
                <step start="1598195192532" stop="1598195192899" status="passed">
                    <name>checkPage</name>
                    <title>Check Page</title>
                    <attachments>
                        <attachment title="Screenshot" source="29329d8d-05af-41cb-abce-a75febaf4b5b-attachment.png" type="image/png"/>
                    </attachments>
                    <steps/>
                </step>
                <step start="1598195192915" stop="1598195193111" status="passed">
                    <name>updateLastName[Iuriet]</name>
                    <title>Update Last Name</title>
                    <attachments/>
                    <steps/>
                </step>
            </steps>
            <attachments/>
            <labels>
                <label name="testSuite" value="All Test Suite"/>
                <label name="testGroup" value="F:/Workspace/FitCrowd/src/test/java/com/fit/loginPage/LoginPageTests.java"/>
                <label name="testClass" value="com.fit.admin.trainerProfilePage.TrainerProfileTests"/>
                <label name="testMethod" value="updateLastName"/>
                <label name="host" value="DESKTOP-OH5VSFP"/>
                <label name="thread" value="21632@DESKTOP-OH5VSFP.main(1)"/>
            </labels>
        </test-case>
        <test-case start="1598195193112" stop="1598195193832" status="passed">
            <name>updateEmail</name>
            <steps>
                <step start="1598195193113" stop="1598195193547" status="passed">
                    <name>checkPage</name>
                    <title>Check Page</title>
                    <attachments>
                        <attachment title="Screenshot" source="610c0e47-3c7f-46dc-920e-7aaba2f67418-attachment.png" type="image/png"/>
                    </attachments>
                    <steps/>
                </step>
                <step start="1598195193548" stop="1598195193831" status="passed">
                    <name>updateEmail[denis.yonutz98@gmail.com]</name>
                    <title>Update Email</title>
                    <attachments/>
                    <steps/>
                </step>
            </steps>
            <attachments/>
            <labels>
                <label name="testSuite" value="All Test Suite"/>
                <label name="testGroup" value="F:/Workspace/FitCrowd/src/test/java/com/fit/loginPage/LoginPageTests.java"/>
                <label name="testClass" value="com.fit.admin.trainerProfilePage.TrainerProfileTests"/>
                <label name="testMethod" value="updateEmail"/>
                <label name="host" value="DESKTOP-OH5VSFP"/>
                <label name="thread" value="21632@DESKTOP-OH5VSFP.main(1)"/>
            </labels>
        </test-case>
        <test-case start="1598195193833" stop="1598195194385" status="passed">
            <name>updatePhoneNo</name>
            <steps>
                <step start="1598195193834" stop="1598195194212" status="passed">
                    <name>checkPage</name>
                    <title>Check Page</title>
                    <attachments>
                        <attachment title="Screenshot" source="65b88c58-74d2-4260-8cb5-ccb838fea24f-attachment.png" type="image/png"/>
                    </attachments>
                    <steps/>
                </step>
                <step start="1598195194212" stop="1598195194384" status="passed">
                    <name>updatePhoneNo[123456789]</name>
                    <title>Update Phone No.</title>
                    <attachments/>
                    <steps/>
                </step>
            </steps>
            <attachments/>
            <labels>
                <label name="testSuite" value="All Test Suite"/>
                <label name="testGroup" value="F:/Workspace/FitCrowd/src/test/java/com/fit/loginPage/LoginPageTests.java"/>
                <label name="testClass" value="com.fit.admin.trainerProfilePage.TrainerProfileTests"/>
                <label name="testMethod" value="updatePhoneNo"/>
                <label name="host" value="DESKTOP-OH5VSFP"/>
                <label name="thread" value="21632@DESKTOP-OH5VSFP.main(1)"/>
            </labels>
        </test-case>
        <test-case start="1598195194386" stop="1598195194945" status="passed">
            <name>updateCountry</name>
            <steps>
                <step start="1598195194386" stop="1598195194757" status="passed">
                    <name>checkPage</name>
                    <title>Check Page</title>
                    <attachments>
                        <attachment title="Screenshot" source="0ea1c501-3a0b-4695-8bfa-5201407a0999-attachment.png" type="image/png"/>
                    </attachments>
                    <steps/>
                </step>
                <step start="1598195194758" stop="1598195194943" status="passed">
                    <name>updateCountry[TestCountry]</name>
                    <title>Update Country</title>
                    <attachments/>
                    <steps/>
                </step>
            </steps>
            <attachments/>
            <labels>
                <label name="testSuite" value="All Test Suite"/>
                <label name="testGroup" value="F:/Workspace/FitCrowd/src/test/java/com/fit/loginPage/LoginPageTests.java"/>
                <label name="testClass" value="com.fit.admin.trainerProfilePage.TrainerProfileTests"/>
                <label name="testMethod" value="updateCountry"/>
                <label name="host" value="DESKTOP-OH5VSFP"/>
                <label name="thread" value="21632@DESKTOP-OH5VSFP.main(1)"/>
            </labels>
        </test-case>
        <test-case start="1598195194947" stop="1598195195522" status="passed">
            <name>updateCounty</name>
            <steps>
                <step start="1598195194948" stop="1598195195343" status="passed">
                    <name>checkPage</name>
                    <title>Check Page</title>
                    <attachments>
                        <attachment title="Screenshot" source="77a0d2b1-4e03-4e5d-a2ba-ac392fe49a98-attachment.png" type="image/png"/>
                    </attachments>
                    <steps/>
                </step>
                <step start="1598195195343" stop="1598195195522" status="passed">
                    <name>updateCounty[TestCounty]</name>
                    <title>Update County</title>
                    <attachments/>
                    <steps/>
                </step>
            </steps>
            <attachments/>
            <labels>
                <label name="testSuite" value="All Test Suite"/>
                <label name="testGroup" value="F:/Workspace/FitCrowd/src/test/java/com/fit/loginPage/LoginPageTests.java"/>
                <label name="testClass" value="com.fit.admin.trainerProfilePage.TrainerProfileTests"/>
                <label name="testMethod" value="updateCounty"/>
                <label name="host" value="DESKTOP-OH5VSFP"/>
                <label name="thread" value="21632@DESKTOP-OH5VSFP.main(1)"/>
            </labels>
        </test-case>
        <test-case start="1598195195523" stop="1598195196107" status="passed">
            <name>updateCity</name>
            <steps>
                <step start="1598195195523" stop="1598195195902" status="passed">
                    <name>checkPage</name>
                    <title>Check Page</title>
                    <attachments>
                        <attachment title="Screenshot" source="943fb0fd-cb7b-428e-bc3c-136efb5b63b4-attachment.png" type="image/png"/>
                    </attachments>
                    <steps/>
                </step>
                <step start="1598195195902" stop="1598195196107" status="passed">
                    <name>updateCity[TestCity]</name>
                    <title>Update City</title>
                    <attachments/>
                    <steps/>
                </step>
            </steps>
            <attachments/>
            <labels>
                <label name="testSuite" value="All Test Suite"/>
                <label name="testGroup" value="F:/Workspace/FitCrowd/src/test/java/com/fit/loginPage/LoginPageTests.java"/>
                <label name="testClass" value="com.fit.admin.trainerProfilePage.TrainerProfileTests"/>
                <label name="testMethod" value="updateCity"/>
                <label name="host" value="DESKTOP-OH5VSFP"/>
                <label name="thread" value="21632@DESKTOP-OH5VSFP.main(1)"/>
            </labels>
        </test-case>
        <test-case start="1598195196108" stop="1598195196708" status="passed">
            <name>updateStreetName</name>
            <steps>
                <step start="1598195196108" stop="1598195196501" status="passed">
                    <name>checkPage</name>
                    <title>Check Page</title>
                    <attachments>
                        <attachment title="Screenshot" source="b40425b6-453a-49dd-86a5-019c20e44758-attachment.png" type="image/png"/>
                    </attachments>
                    <steps/>
                </step>
                <step start="1598195196501" stop="1598195196708" status="passed">
                    <name>updateStreetName[TestStreetName]</name>
                    <title>Update Street Name</title>
                    <attachments/>
                    <steps/>
                </step>
            </steps>
            <attachments/>
            <labels>
                <label name="testSuite" value="All Test Suite"/>
                <label name="testGroup" value="F:/Workspace/FitCrowd/src/test/java/com/fit/loginPage/LoginPageTests.java"/>
                <label name="testClass" value="com.fit.admin.trainerProfilePage.TrainerProfileTests"/>
                <label name="testMethod" value="updateStreetName"/>
                <label name="host" value="DESKTOP-OH5VSFP"/>
                <label name="thread" value="21632@DESKTOP-OH5VSFP.main(1)"/>
            </labels>
        </test-case>
        <test-case start="1598195196709" stop="1598195197290" status="passed">
            <name>updateStreetNo</name>
            <steps>
                <step start="1598195196710" stop="1598195197140" status="passed">
                    <name>checkPage</name>
                    <title>Check Page</title>
                    <attachments>
                        <attachment title="Screenshot" source="3f2444ff-6096-45b8-b5f1-2afcd89c3b8f-attachment.png" type="image/png"/>
                    </attachments>
                    <steps/>
                </step>
                <step start="1598195197140" stop="1598195197289" status="passed">
                    <name>updateStreetNo[1]</name>
                    <title>Update Street No.</title>
                    <attachments/>
                    <steps/>
                </step>
            </steps>
            <attachments/>
            <labels>
                <label name="testSuite" value="All Test Suite"/>
                <label name="testGroup" value="F:/Workspace/FitCrowd/src/test/java/com/fit/loginPage/LoginPageTests.java"/>
                <label name="testClass" value="com.fit.admin.trainerProfilePage.TrainerProfileTests"/>
                <label name="testMethod" value="updateStreetNo"/>
                <label name="host" value="DESKTOP-OH5VSFP"/>
                <label name="thread" value="21632@DESKTOP-OH5VSFP.main(1)"/>
            </labels>
        </test-case>
        <test-case start="1598195197291" stop="1598195197892" status="passed">
            <name>updateDescription</name>
            <steps>
                <step start="1598195197292" stop="1598195197686" status="passed">
                    <name>checkPage</name>
                    <title>Check Page</title>
                    <attachments>
                        <attachment title="Screenshot" source="22ac179a-9b7c-4f85-ae58-8da8dc5c5a22-attachment.png" type="image/png"/>
                    </attachments>
                    <steps/>
                </step>
                <step start="1598195197686" stop="1598195197891" status="passed">
                    <name>updateDescription[TestDescription]</name>
                    <title>Update Description</title>
                    <attachments/>
                    <steps/>
                </step>
            </steps>
            <attachments/>
            <labels>
                <label name="testSuite" value="All Test Suite"/>
                <label name="testGroup" value="F:/Workspace/FitCrowd/src/test/java/com/fit/loginPage/LoginPageTests.java"/>
                <label name="testClass" value="com.fit.admin.trainerProfilePage.TrainerProfileTests"/>
                <label name="testMethod" value="updateDescription"/>
                <label name="host" value="DESKTOP-OH5VSFP"/>
                <label name="thread" value="21632@DESKTOP-OH5VSFP.main(1)"/>
            </labels>
        </test-case>
        <test-case start="1598195197893" stop="1598195198556" status="passed">
            <name>addAccreditation</name>
            <steps>
                <step start="1598195197893" stop="1598195198279" status="passed">
                    <name>checkPage</name>
                    <title>Check Page</title>
                    <attachments>
                        <attachment title="Screenshot" source="294464ef-066d-4f20-9c28-3932cce59311-attachment.png" type="image/png"/>
                    </attachments>
                    <steps/>
                </step>
                <step start="1598195198279" stop="1598195198485" status="passed">
                    <name>insertAccreditation[TestAccreditation]</name>
                    <title>Insert Accreditation</title>
                    <attachments/>
                    <steps/>
                </step>
                <step start="1598195198485" stop="1598195198556" status="passed">
                    <name>addAccreditation</name>
                    <title>Add Accreditation</title>
                    <attachments/>
                    <steps/>
                </step>
            </steps>
            <attachments/>
            <labels>
                <label name="testSuite" value="All Test Suite"/>
                <label name="testGroup" value="F:/Workspace/FitCrowd/src/test/java/com/fit/loginPage/LoginPageTests.java"/>
                <label name="testClass" value="com.fit.admin.trainerProfilePage.TrainerProfileTests"/>
                <label name="testMethod" value="addAccreditation"/>
                <label name="host" value="DESKTOP-OH5VSFP"/>
                <label name="thread" value="21632@DESKTOP-OH5VSFP.main(1)"/>
            </labels>
        </test-case>
        <test-case start="1598195198558" stop="1598195199799" status="passed">
            <name>updateTrainerProfile</name>
            <steps>
                <step start="1598195198558" stop="1598195199069" status="passed">
                    <name>checkPage</name>
                    <title>Check Page</title>
                    <attachments>
                        <attachment title="Screenshot" source="8f93b309-45a8-4439-b939-ae84e5a5ccc9-attachment.png" type="image/png"/>
                    </attachments>
                    <steps/>
                </step>
                <step start="1598195199069" stop="1598195199188" status="passed">
                    <name>updateTrainerProfile</name>
                    <title>Update Trainer Profile</title>
                    <attachments/>
                    <steps/>
                </step>
                <step start="1598195199188" stop="1598195199795" status="passed">
                    <name>getAlertMessage</name>
                    <title>Get Alert Message</title>
                    <attachments/>
                    <steps/>
                </step>
            </steps>
            <attachments/>
            <labels>
                <label name="testSuite" value="All Test Suite"/>
                <label name="testGroup" value="F:/Workspace/FitCrowd/src/test/java/com/fit/loginPage/LoginPageTests.java"/>
                <label name="testClass" value="com.fit.admin.trainerProfilePage.TrainerProfileTests"/>
                <label name="testMethod" value="updateTrainerProfile"/>
                <label name="host" value="DESKTOP-OH5VSFP"/>
                <label name="thread" value="21632@DESKTOP-OH5VSFP.main(1)"/>
            </labels>
        </test-case>
        <test-case start="1598195199800" stop="1598195200399" status="broken">
            <name>confirmUpdateProfile</name>
            <failure>
                <message>NoSuchElementException: no such element: Unable to locate element: {"method":"css selector","selector":"input[name=firstName]"}
  (Session info: chrome=84.0.4147.135)
For documentation on this error, please visit: https://www.seleniumhq.org/exceptions/no_such_element.html
Build info: version: '3.141.59', revision: 'e82be7d358', time: '2018-11-14T08:17:03'
System info: host: 'DESKTOP-OH5VSFP', ip: '192.168.0.161', os.name: 'Windows 10', os.arch: 'amd64', os.version: '10.0', java.version: '1.8.0_261'
Driver info: org.openqa.selenium.remote.RemoteWebDriver
Capabilities {acceptInsecureCerts: false, browserName: chrome, browserVersion: 84.0.4147.135, chrome: {chromedriverVersion: 84.0.4147.30 (48b3e868b4cc0..., userDataDir: C:\Users\iurie\AppData\Loca...}, goog:chromeOptions: {debuggerAddress: localhost:50732}, javascriptEnabled: true, networkConnectionEnabled: false, pageLoadStrategy: normal, platform: WINDOWS, platformName: WINDOWS, proxy: Proxy(), setWindowRect: true, strictFileInteractability: false, timeouts: {implicit: 0, pageLoad: 300000, script: 30000}, unhandledPromptBehavior: dismiss and notify, webauthn:virtualAuthenticators: true, webdriver.remote.sessionid: 7e12eac7deebd074515f8fb36ed...}
Session ID: 7e12eac7deebd074515f8fb36ed97970
*** Element info: {Using=css selector, value=input[name=firstName]}</message>
                <stack-trace>org.openqa.selenium.NoSuchElementException: no such element: Unable to locate element: {"method":"css selector","selector":"input[name=firstName]"}
  (Session info: chrome=84.0.4147.135)
For documentation on this error, please visit: https://www.seleniumhq.org/exceptions/no_such_element.html
Build info: version: '3.141.59', revision: 'e82be7d358', time: '2018-11-14T08:17:03'
System info: host: 'DESKTOP-OH5VSFP', ip: '192.168.0.161', os.name: 'Windows 10', os.arch: 'amd64', os.version: '10.0', java.version: '1.8.0_261'
Driver info: org.openqa.selenium.remote.RemoteWebDriver
Capabilities {acceptInsecureCerts: false, browserName: chrome, browserVersion: 84.0.4147.135, chrome: {chromedriverVersion: 84.0.4147.30 (48b3e868b4cc0..., userDataDir: C:\Users\iurie\AppData\Loca...}, goog:chromeOptions: {debuggerAddress: localhost:50732}, javascriptEnabled: true, networkConnectionEnabled: false, pageLoadStrategy: normal, platform: WINDOWS, platformName: WINDOWS, proxy: Proxy(), setWindowRect: true, strictFileInteractability: false, timeouts: {implicit: 0, pageLoad: 300000, script: 30000}, unhandledPromptBehavior: dismiss and notify, webauthn:virtualAuthenticators: true, webdriver.remote.sessionid: 7e12eac7deebd074515f8fb36ed...}
Session ID: 7e12eac7deebd074515f8fb36ed97970
*** Element info: {Using=css selector, value=input[name=firstName]}
	at sun.reflect.NativeConstructorAccessorImpl.newInstance0(Native Method)
	at sun.reflect.NativeConstructorAccessorImpl.newInstance(NativeConstructorAccessorImpl.java:62)
	at sun.reflect.DelegatingConstructorAccessorImpl.newInstance(DelegatingConstructorAccessorImpl.java:45)
	at java.lang.reflect.Constructor.newInstance(Constructor.java:423)
	at org.openqa.selenium.remote.http.W3CHttpResponseCodec.createException(W3CHttpResponseCodec.java:187)
	at org.openqa.selenium.remote.http.W3CHttpResponseCodec.decode(W3CHttpResponseCodec.java:122)
	at org.openqa.selenium.remote.http.W3CHttpResponseCodec.decode(W3CHttpResponseCodec.java:49)
	at org.openqa.selenium.remote.HttpCommandExecutor.execute(HttpCommandExecutor.java:158)
	at org.openqa.selenium.remote.RemoteWebDriver.execute(RemoteWebDriver.java:552)
	at org.openqa.selenium.remote.RemoteWebDriver.findElement(RemoteWebDriver.java:323)
	at org.openqa.selenium.remote.RemoteWebDriver.findElementByCssSelector(RemoteWebDriver.java:420)
	at org.openqa.selenium.By$ByCssSelector.findElement(By.java:431)
	at org.openqa.selenium.remote.RemoteWebDriver.findElement(RemoteWebDriver.java:315)
	at com.fit.admin.trainerProfilePage.TrainerProfile.confirmUpdate(TrainerProfile.java:151)
	at com.fit.admin.trainerProfilePage.TrainerProfileTests.confirmUpdateProfile(TrainerProfileTests.java:110)
	at sun.reflect.NativeMethodAccessorImpl.invoke0(Native Method)
	at sun.reflect.NativeMethodAccessorImpl.invoke(NativeMethodAccessorImpl.java:62)
	at sun.reflect.DelegatingMethodAccessorImpl.invoke(DelegatingMethodAccessorImpl.java:43)
	at java.lang.reflect.Method.invoke(Method.java:498)
	at org.testng.internal.MethodInvocationHelper.invokeMethod(MethodInvocationHelper.java:85)
	at org.testng.internal.Invoker.invokeMethod(Invoker.java:696)
	at org.testng.internal.Invoker.invokeTestMethod(Invoker.java:882)
	at org.testng.internal.Invoker.invokeTestMethods(Invoker.java:1189)
	at org.testng.internal.TestMethodWorker.invokeTestMethods(TestMethodWorker.java:124)
	at org.testng.internal.TestMethodWorker.run(TestMethodWorker.java:108)
	at org.testng.TestRunner.privateRun(TestRunner.java:767)
	at org.testng.TestRunner.run(TestRunner.java:617)
	at org.testng.SuiteRunner.runTest(SuiteRunner.java:348)
	at org.testng.SuiteRunner.runSequentially(SuiteRunner.java:343)
	at org.testng.SuiteRunner.privateRun(SuiteRunner.java:305)
	at org.testng.SuiteRunner.run(SuiteRunner.java:254)
	at org.testng.SuiteRunnerWorker.runSuite(SuiteRunnerWorker.java:52)
	at org.testng.SuiteRunnerWorker.run(SuiteRunnerWorker.java:86)
	at org.testng.TestNG.runSuitesSequentially(TestNG.java:1224)
	at org.testng.TestNG.runSuitesLocally(TestNG.java:1149)
	at org.testng.TestNG.run(TestNG.java:1057)
	at com.intellij.rt.testng.IDEARemoteTestNG.run(IDEARemoteTestNG.java:66)
	at com.intellij.rt.testng.RemoteTestNGStarter.main(RemoteTestNGStarter.java:110)
</stack-trace>
            </failure>
            <steps>
                <step start="1598195199801" stop="1598195200190" status="passed">
                    <name>checkPage</name>
                    <title>Check Page</title>
                    <attachments>
                        <attachment title="Screenshot" source="43f9bfa9-f657-4b2e-8568-0249dcc8efbc-attachment.png" type="image/png"/>
                    </attachments>
                </step>
                <step start="1598195200190" stop="1598195200366" status="broken">
                    <name>confirmUpdate</name>
                </step>
            </steps>
            <attachments/>
            <labels>
                <label name="testSuite" value="All Test Suite"/>
                <label name="testGroup" value="F:/Workspace/FitCrowd/src/test/java/com/fit/loginPage/LoginPageTests.java"/>
                <label name="testClass" value="com.fit.admin.trainerProfilePage.TrainerProfileTests"/>
                <label name="testMethod" value="confirmUpdateProfile"/>
                <label name="host" value="DESKTOP-OH5VSFP"/>
                <label name="thread" value="21632@DESKTOP-OH5VSFP.main(1)"/>
            </labels>
        </test-case>
    </test-cases>
    <labels>
        <label name="framework" value="TestNG"/>
        <label name="language" value="JAVA"/>
    </labels>
</ns2:test-suite>
