<?xml version="1.0" encoding="UTF-8" standalone="yes"?>
<ns2:test-suite start="1596717583405" stop="1596717595048" version="1.5.4" xmlns:ns2="urn:model.allure.qatools.yandex.ru">
    <name>Default Suite : FitCrowd</name>
    <title>Default Suite : FitCrowd</title>
    <test-cases>
        <test-case start="1596717590159" stop="1596717591453" status="passed">
            <name>invalidEmail</name>
            <steps>
                <step start="1596717590189" stop="1596717590701" status="passed">
                    <name>checkPage</name>
                    <title>Check Page</title>
                    <attachments>
                        <attachment title="Screenshot" source="12a48776-eff9-449f-bee9-2f9de22ef1a3-attachment.png" type="image/png"/>
                    </attachments>
                    <steps/>
                </step>
                <step start="1596717590701" stop="1596717590892" status="passed">
                    <name>setEmail[123@gmail.com]</name>
                    <title>Set email</title>
                    <attachments/>
                    <steps/>
                </step>
                <step start="1596717590893" stop="1596717591317" status="passed">
                    <name>checkResetButton</name>
                    <title>Check Reset Button</title>
                    <attachments>
                        <attachment title="Screenshot" source="c3ea52f9-bcd8-46c6-a866-c673563831d3-attachment.png" type="image/png"/>
                    </attachments>
                    <steps/>
                </step>
                <step start="1596717591402" stop="1596717591447" status="passed">
                    <name>getAlertMessage</name>
                    <title>Get alert message</title>
                    <attachments/>
                    <steps/>
                </step>
            </steps>
            <attachments/>
            <labels>
                <label name="testSuite" value="Default Suite"/>
                <label name="testGroup" value="FitCrowd"/>
                <label name="testClass" value="com.fit.forgotPasswordPage.ForgotPasswordTests"/>
                <label name="testMethod" value="invalidEmail"/>
                <label name="host" value="DESKTOP-OH5VSFP"/>
                <label name="thread" value="14912@DESKTOP-OH5VSFP.main(1)"/>
            </labels>
        </test-case>
        <test-case start="1596717591752" stop="1596717592600" status="passed">
            <name>missingEmail</name>
            <steps>
                <step start="1596717591756" stop="1596717592104" status="passed">
                    <name>checkPage</name>
                    <title>Check Page</title>
                    <attachments>
                        <attachment title="Screenshot" source="184ae031-136f-463a-a0ea-110759d0106e-attachment.png" type="image/png"/>
                    </attachments>
                    <steps/>
                </step>
                <step start="1596717592104" stop="1596717592507" status="passed">
                    <name>checkResetButton</name>
                    <title>Check Reset Button</title>
                    <attachments>
                        <attachment title="Screenshot" source="ce831b43-acf5-4487-ad92-53c0a2620cf9-attachment.png" type="image/png"/>
                    </attachments>
                    <steps/>
                </step>
                <step start="1596717592566" stop="1596717592600" status="passed">
                    <name>getEmailError</name>
                    <title>Get error message</title>
                    <attachments/>
                    <steps/>
                </step>
            </steps>
            <attachments/>
            <labels>
                <label name="testSuite" value="Default Suite"/>
                <label name="testGroup" value="FitCrowd"/>
                <label name="testClass" value="com.fit.forgotPasswordPage.ForgotPasswordTests"/>
                <label name="testMethod" value="missingEmail"/>
                <label name="host" value="DESKTOP-OH5VSFP"/>
                <label name="thread" value="14912@DESKTOP-OH5VSFP.main(1)"/>
            </labels>
        </test-case>
        <test-case start="1596717592857" stop="1596717593760" status="passed">
            <name>returnToLogin</name>
            <steps>
                <step start="1596717592862" stop="1596717593220" status="passed">
                    <name>checkPage</name>
                    <title>Check Page</title>
                    <attachments>
                        <attachment title="Screenshot" source="782679dc-417d-4753-86cb-4788172ca18b-attachment.png" type="image/png"/>
                    </attachments>
                    <steps/>
                </step>
                <step start="1596717593220" stop="1596717593760" status="passed">
                    <name>returnToLogin</name>
                    <title>Return to login</title>
                    <attachments>
                        <attachment title="Screenshot" source="cbe5de82-fc3d-4583-9e93-e353dbf3fb7c-attachment.png" type="image/png"/>
                    </attachments>
                    <steps/>
                </step>
            </steps>
            <attachments/>
            <labels>
                <label name="testSuite" value="Default Suite"/>
                <label name="testGroup" value="FitCrowd"/>
                <label name="testClass" value="com.fit.forgotPasswordPage.ForgotPasswordTests"/>
                <label name="testMethod" value="returnToLogin"/>
                <label name="host" value="DESKTOP-OH5VSFP"/>
                <label name="thread" value="14912@DESKTOP-OH5VSFP.main(1)"/>
            </labels>
        </test-case>
        <test-case start="1596717593976" stop="1596717594960" status="failed">
            <name>validEmail</name>
            <failure>
                <message>AssertionError: expected [Email sent] but found [Invalid email address]</message>
                <stack-trace>java.lang.AssertionError: expected [Email sent] but found [Invalid email address]
	at org.testng.Assert.fail(Assert.java:94)
	at org.testng.Assert.failNotEquals(Assert.java:494)
	at org.testng.Assert.assertEquals(Assert.java:123)
	at org.testng.Assert.assertEquals(Assert.java:176)
	at org.testng.Assert.assertEquals(Assert.java:186)
	at com.fit.forgotPasswordPage.ForgotPasswordTests.validEmail(ForgotPasswordTests.java:66)
	at sun.reflect.NativeMethodAccessorImpl.invoke0(Native Method)
	at sun.reflect.NativeMethodAccessorImpl.invoke(NativeMethodAccessorImpl.java:62)
	at sun.reflect.DelegatingMethodAccessorImpl.invoke(DelegatingMethodAccessorImpl.java:43)
	at java.lang.reflect.Method.invoke(Method.java:498)
	at org.testng.internal.MethodInvocationHelper.invokeMethod(MethodInvocationHelper.java:85)
	at org.testng.internal.Invoker.invokeMethod(Invoker.java:696)
	at org.testng.internal.Invoker.invokeTestMethod(Invoker.java:882)
	at org.testng.internal.Invoker.invokeTestMethods(Invoker.java:1189)
	at org.testng.internal.TestMethodWorker.invokeTestMethods(TestMethodWorker.java:124)
	at org.testng.internal.TestMethodWorker.run(TestMethodWorker.java:108)
	at org.testng.TestRunner.privateRun(TestRunner.java:767)
	at org.testng.TestRunner.run(TestRunner.java:617)
	at org.testng.SuiteRunner.runTest(SuiteRunner.java:348)
	at org.testng.SuiteRunner.runSequentially(SuiteRunner.java:343)
	at org.testng.SuiteRunner.privateRun(SuiteRunner.java:305)
	at org.testng.SuiteRunner.run(SuiteRunner.java:254)
	at org.testng.SuiteRunnerWorker.runSuite(SuiteRunnerWorker.java:52)
	at org.testng.SuiteRunnerWorker.run(SuiteRunnerWorker.java:86)
	at org.testng.TestNG.runSuitesSequentially(TestNG.java:1224)
	at org.testng.TestNG.runSuitesLocally(TestNG.java:1149)
	at org.testng.TestNG.run(TestNG.java:1057)
	at com.intellij.rt.testng.IDEARemoteTestNG.run(IDEARemoteTestNG.java:66)
	at com.intellij.rt.testng.RemoteTestNGStarter.main(RemoteTestNGStarter.java:110)
</stack-trace>
            </failure>
            <steps>
                <step start="1596717593977" stop="1596717594310" status="passed">
                    <name>checkPage</name>
                    <title>Check Page</title>
                    <attachments>
                        <attachment title="Screenshot" source="d5d4f66e-206e-4f44-b851-e26ec84beb50-attachment.png" type="image/png"/>
                    </attachments>
                </step>
                <step start="1596717594310" stop="1596717594456" status="passed">
                    <name>setEmail[iurie.denis@gmail.com]</name>
                    <title>Set email</title>
                </step>
                <step start="1596717594456" stop="1596717594875" status="passed">
                    <name>checkResetButton</name>
                    <title>Check Reset Button</title>
                    <attachments>
                        <attachment title="Screenshot" source="e6f99b66-a432-4239-a340-aa90480930f8-attachment.png" type="image/png"/>
                    </attachments>
                </step>
                <step start="1596717594921" stop="1596717594947" status="passed">
                    <name>getAlertMessage</name>
                    <title>Get alert message</title>
                </step>
            </steps>
            <attachments/>
            <labels>
                <label name="testSuite" value="Default Suite"/>
                <label name="testGroup" value="FitCrowd"/>
                <label name="testClass" value="com.fit.forgotPasswordPage.ForgotPasswordTests"/>
                <label name="testMethod" value="validEmail"/>
                <label name="host" value="DESKTOP-OH5VSFP"/>
                <label name="thread" value="14912@DESKTOP-OH5VSFP.main(1)"/>
            </labels>
        </test-case>
    </test-cases>
    <labels>
        <label name="framework" value="TestNG"/>
        <label name="language" value="JAVA"/>
    </labels>
</ns2:test-suite>
