<?xml version="1.0" encoding="UTF-8" standalone="yes"?>
<ns2:test-suite start="1596717160913" stop="1596717175838" version="1.5.4" xmlns:ns2="urn:model.allure.qatools.yandex.ru">
    <name>Default Suite : FitCrowd</name>
    <title>Default Suite : FitCrowd</title>
    <test-cases>
        <test-case start="1596717167071" stop="1596717173230" status="broken">
            <name>invalidEmail</name>
            <failure>
                <message>NoAlertPresentException: no such alert
  (Session info: chrome=84.0.4147.105)
Build info: version: '3.141.59', revision: 'e82be7d358', time: '2018-11-14T08:17:03'
System info: host: 'DESKTOP-OH5VSFP', ip: '192.168.0.161', os.name: 'Windows 10', os.arch: 'amd64', os.version: '10.0', java.version: '1.8.0_261'
Driver info: org.openqa.selenium.remote.RemoteWebDriver
Capabilities {acceptInsecureCerts: false, browserName: chrome, browserVersion: 84.0.4147.105, chrome: {chromedriverVersion: 84.0.4147.30 (48b3e868b4cc0..., userDataDir: C:\Users\iurie\AppData\Loca...}, goog:chromeOptions: {debuggerAddress: localhost:64808}, javascriptEnabled: true, networkConnectionEnabled: false, pageLoadStrategy: normal, platform: WINDOWS, platformName: WINDOWS, proxy: Proxy(), setWindowRect: true, strictFileInteractability: false, timeouts: {implicit: 0, pageLoad: 300000, script: 30000}, unhandledPromptBehavior: dismiss and notify, webauthn:virtualAuthenticators: true, webdriver.remote.sessionid: 90386cd847f6bfaf749329f3458...}
Session ID: 90386cd847f6bfaf749329f345890692</message>
                <stack-trace>org.openqa.selenium.NoAlertPresentException: no such alert
  (Session info: chrome=84.0.4147.105)
Build info: version: '3.141.59', revision: 'e82be7d358', time: '2018-11-14T08:17:03'
System info: host: 'DESKTOP-OH5VSFP', ip: '192.168.0.161', os.name: 'Windows 10', os.arch: 'amd64', os.version: '10.0', java.version: '1.8.0_261'
Driver info: org.openqa.selenium.remote.RemoteWebDriver
Capabilities {acceptInsecureCerts: false, browserName: chrome, browserVersion: 84.0.4147.105, chrome: {chromedriverVersion: 84.0.4147.30 (48b3e868b4cc0..., userDataDir: C:\Users\iurie\AppData\Loca...}, goog:chromeOptions: {debuggerAddress: localhost:64808}, javascriptEnabled: true, networkConnectionEnabled: false, pageLoadStrategy: normal, platform: WINDOWS, platformName: WINDOWS, proxy: Proxy(), setWindowRect: true, strictFileInteractability: false, timeouts: {implicit: 0, pageLoad: 300000, script: 30000}, unhandledPromptBehavior: dismiss and notify, webauthn:virtualAuthenticators: true, webdriver.remote.sessionid: 90386cd847f6bfaf749329f3458...}
Session ID: 90386cd847f6bfaf749329f345890692
	at sun.reflect.NativeConstructorAccessorImpl.newInstance0(Native Method)
	at sun.reflect.NativeConstructorAccessorImpl.newInstance(NativeConstructorAccessorImpl.java:62)
	at sun.reflect.DelegatingConstructorAccessorImpl.newInstance(DelegatingConstructorAccessorImpl.java:45)
	at java.lang.reflect.Constructor.newInstance(Constructor.java:423)
	at org.openqa.selenium.remote.http.W3CHttpResponseCodec.createException(W3CHttpResponseCodec.java:187)
	at org.openqa.selenium.remote.http.W3CHttpResponseCodec.decode(W3CHttpResponseCodec.java:122)
	at org.openqa.selenium.remote.http.W3CHttpResponseCodec.decode(W3CHttpResponseCodec.java:49)
	at org.openqa.selenium.remote.HttpCommandExecutor.execute(HttpCommandExecutor.java:158)
	at org.openqa.selenium.remote.RemoteWebDriver.execute(RemoteWebDriver.java:552)
	at org.openqa.selenium.remote.RemoteWebDriver.execute(RemoteWebDriver.java:609)
	at org.openqa.selenium.remote.RemoteWebDriver$RemoteTargetLocator.alert(RemoteWebDriver.java:932)
	at com.fit.forgotPasswordPage.ForgotPasswordPage.getAlertMessage(ForgotPasswordPage.java:56)
	at com.fit.forgotPasswordPage.ForgotPasswordTests.invalidEmail(ForgotPasswordTests.java:53)
	at sun.reflect.NativeMethodAccessorImpl.invoke0(Native Method)
	at sun.reflect.NativeMethodAccessorImpl.invoke(NativeMethodAccessorImpl.java:62)
	at sun.reflect.DelegatingMethodAccessorImpl.invoke(DelegatingMethodAccessorImpl.java:43)
	at java.lang.reflect.Method.invoke(Method.java:498)
	at org.testng.internal.MethodInvocationHelper.invokeMethod(MethodInvocationHelper.java:85)
	at org.testng.internal.Invoker.invokeMethod(Invoker.java:696)
	at org.testng.internal.Invoker.invokeTestMethod(Invoker.java:882)
	at org.testng.internal.Invoker.invokeTestMethods(Invoker.java:1189)
	at org.testng.internal.TestMethodWorker.invokeTestMethods(TestMethodWorker.java:124)
	at org.testng.internal.TestMethodWorker.run(TestMethodWorker.java:108)
	at org.testng.TestRunner.privateRun(TestRunner.java:767)
	at org.testng.TestRunner.run(TestRunner.java:617)
	at org.testng.SuiteRunner.runTest(SuiteRunner.java:348)
	at org.testng.SuiteRunner.runSequentially(SuiteRunner.java:343)
	at org.testng.SuiteRunner.privateRun(SuiteRunner.java:305)
	at org.testng.SuiteRunner.run(SuiteRunner.java:254)
	at org.testng.SuiteRunnerWorker.runSuite(SuiteRunnerWorker.java:52)
	at org.testng.SuiteRunnerWorker.run(SuiteRunnerWorker.java:86)
	at org.testng.TestNG.runSuitesSequentially(TestNG.java:1224)
	at org.testng.TestNG.runSuitesLocally(TestNG.java:1149)
	at org.testng.TestNG.run(TestNG.java:1057)
	at com.intellij.rt.testng.IDEARemoteTestNG.run(IDEARemoteTestNG.java:66)
	at com.intellij.rt.testng.RemoteTestNGStarter.main(RemoteTestNGStarter.java:110)
</stack-trace>
            </failure>
            <steps>
                <step start="1596717167115" stop="1596717167604" status="passed">
                    <name>checkPage</name>
                    <title>Check Page</title>
                    <attachments>
                        <attachment title="Screenshot" source="72bfb38d-3d4a-4377-a79a-de46a5926563-attachment.png" type="image/png"/>
                    </attachments>
                </step>
                <step start="1596717167606" stop="1596717167774" status="passed">
                    <name>setEmail[123@gmail.com]</name>
                    <title>Set email</title>
                </step>
                <step start="1596717167775" stop="1596717168172" status="passed">
                    <name>checkFailedReset</name>
                    <title>Check failed reset</title>
                    <attachments>
                        <attachment title="Screenshot" source="b2ac5181-297d-4791-8b25-861610f822db-attachment.png" type="image/png"/>
                    </attachments>
                </step>
                <step start="1596717173172" stop="1596717173204" status="broken">
                    <name>getAlertMessage</name>
                    <title>Get alert message</title>
                </step>
            </steps>
            <attachments/>
            <labels>
                <label name="testSuite" value="Default Suite"/>
                <label name="testGroup" value="FitCrowd"/>
                <label name="testClass" value="com.fit.forgotPasswordPage.ForgotPasswordTests"/>
                <label name="testMethod" value="invalidEmail"/>
                <label name="host" value="DESKTOP-OH5VSFP"/>
                <label name="thread" value="12636@DESKTOP-OH5VSFP.main(1)"/>
            </labels>
        </test-case>
        <test-case start="1596717173525" stop="1596717174464" status="passed">
            <name>missingEmail</name>
            <steps>
                <step start="1596717173527" stop="1596717173939" status="passed">
                    <name>checkPage</name>
                    <title>Check Page</title>
                    <attachments>
                        <attachment title="Screenshot" source="4d4826db-945d-4f51-b38f-b279b021bdb3-attachment.png" type="image/png"/>
                    </attachments>
                    <steps/>
                </step>
                <step start="1596717173939" stop="1596717174343" status="passed">
                    <name>checkFailedReset</name>
                    <title>Check failed reset</title>
                    <attachments>
                        <attachment title="Screenshot" source="b16670d9-1cc6-4cdd-8832-ded2f80715b3-attachment.png" type="image/png"/>
                    </attachments>
                    <steps/>
                </step>
                <step start="1596717174414" stop="1596717174464" status="passed">
                    <name>getEmailError</name>
                    <title>Get error message</title>
                    <attachments/>
                    <steps/>
                </step>
            </steps>
            <attachments/>
            <labels>
                <label name="testSuite" value="Default Suite"/>
                <label name="testGroup" value="FitCrowd"/>
                <label name="testClass" value="com.fit.forgotPasswordPage.ForgotPasswordTests"/>
                <label name="testMethod" value="missingEmail"/>
                <label name="host" value="DESKTOP-OH5VSFP"/>
                <label name="thread" value="12636@DESKTOP-OH5VSFP.main(1)"/>
            </labels>
        </test-case>
        <test-case start="1596717174729" stop="1596717175753" status="passed">
            <name>returnToLogin</name>
            <steps>
                <step start="1596717174731" stop="1596717175099" status="passed">
                    <name>checkPage</name>
                    <title>Check Page</title>
                    <attachments>
                        <attachment title="Screenshot" source="566d74ab-67b6-42dc-b71e-7b11746c0180-attachment.png" type="image/png"/>
                    </attachments>
                    <steps/>
                </step>
                <step start="1596717175100" stop="1596717175753" status="passed">
                    <name>returnToLogin</name>
                    <title>Return to login</title>
                    <attachments>
                        <attachment title="Screenshot" source="2311318b-6fdd-420e-8505-5ab28b3d5bc8-attachment.png" type="image/png"/>
                    </attachments>
                    <steps/>
                </step>
            </steps>
            <attachments/>
            <labels>
                <label name="testSuite" value="Default Suite"/>
                <label name="testGroup" value="FitCrowd"/>
                <label name="testClass" value="com.fit.forgotPasswordPage.ForgotPasswordTests"/>
                <label name="testMethod" value="returnToLogin"/>
                <label name="host" value="DESKTOP-OH5VSFP"/>
                <label name="thread" value="12636@DESKTOP-OH5VSFP.main(1)"/>
            </labels>
        </test-case>
    </test-cases>
    <labels>
        <label name="framework" value="TestNG"/>
        <label name="language" value="JAVA"/>
    </labels>
</ns2:test-suite>
